{
  "stats": {
    "suites": 15,
    "tests": 399,
    "passes": 399,
    "pending": 0,
    "failures": 0,
    "testsRegistered": 399,
    "passPercent": 100,
    "pendingPercent": 0,
    "other": 0,
    "hasOther": false,
    "skipped": 0,
    "hasSkipped": false,
    "start": "2024-07-04T12:28:25.485Z",
    "end": "2024-07-04T12:37:45.813Z",
    "duration": 560328
  },
  "results": [
    {
      "uuid": "3f837af1-2221-4347-bf60-034d23c438b6",
      "title": "",
      "fullFile": "cypress\\e2e\\checkoutProcess.cy.js",
      "file": "cypress\\e2e\\checkoutProcess.cy.js",
      "beforeHooks": [],
      "afterHooks": [],
      "tests": [],
      "suites": [
        {
          "uuid": "0d21c04b-5b48-42ff-b872-929b80858891",
          "title": "Checkout Process",
          "fullFile": "",
          "file": "",
          "beforeHooks": [],
          "afterHooks": [],
          "tests": [],
          "suites": [
            {
              "uuid": "752eea78-ba58-413d-8765-a19f5a84af12",
              "title": "Viewport: mobile",
              "fullFile": "",
              "file": "",
              "beforeHooks": [],
              "afterHooks": [],
              "tests": [
                {
                  "title": "TC 1 Verify Complete the Checkout Process and Place an Order",
                  "fullTitle": "Checkout Process Viewport: mobile TC 1 Verify Complete the Checkout Process and Place an Order",
                  "timedOut": null,
                  "duration": 2724,
                  "state": "passed",
                  "speed": "fast",
                  "pass": true,
                  "fail": false,
                  "pending": false,
                  "context": null,
                  "code": "(0, _functionsPage.addBackpackAndBikeToCart)(_dataPage.default.remove);\n(0, _functionsPage.goToCart)();\n(0, _functionsPage.goToFirstCheckoutPage)();\n(0, _functionsPage.fillYourInformation)(_dataPage.default.fn, _dataPage.default.ln, _dataPage.default.zc);\n(0, _functionsPage.clickContinueBtnCheckoutPage)();\n(0, _functionsPage.verifyProductDetails)();\n(0, _functionsPage.goToFinishCheckoutPage)();\n(0, _functionsPage.verifyContainsVisibility)(_dataPage.default.msgThankYouForOrder);",
                  "err": {},
                  "uuid": "fa716c2e-84ae-4590-b3ec-b14139fa2420",
                  "parentUUID": "752eea78-ba58-413d-8765-a19f5a84af12",
                  "isHook": false,
                  "skipped": false
                },
                {
                  "title": "TC 2 Verify Price Calculation and Tax",
                  "fullTitle": "Checkout Process Viewport: mobile TC 2 Verify Price Calculation and Tax",
                  "timedOut": null,
                  "duration": 2272,
                  "state": "passed",
                  "speed": "fast",
                  "pass": true,
                  "fail": false,
                  "pending": false,
                  "context": null,
                  "code": "(0, _functionsPage.addBackpackAndBikeToCart)(_dataPage.default.remove);\n(0, _functionsPage.goToCart)();\n(0, _functionsPage.goToFirstCheckoutPage)();\n(0, _functionsPage.fillYourInformation)(_dataPage.default.fn, _dataPage.default.ln, _dataPage.default.zc);\n(0, _functionsPage.clickContinueBtnCheckoutPage)();\n(0, _functionsPage.verifyDetailInformationAboutAddProducts)(_dataPage.default.orderOfProducts[0], _dataPage.default.orderOfProducts[1], _dataPage.default.productsPrice[0], _dataPage.default.productsPrice[1]);\ncy.getBySel(_selectorsPage.default.itemsTotalPrice).should('have.text', `Item total: $${totalItemPrice.toFixed(2)}`);\ncy.getBySel(_selectorsPage.default.tax).should('have.text', `Tax: $${expectedTax.toFixed(2)}`);\ncy.getBySel(_selectorsPage.default.totalPriceWithTax).should('have.text', `Total: $${totalPrice.toFixed(2)}`);\n(0, _functionsPage.goToFinishCheckoutPage)();",
                  "err": {},
                  "uuid": "27425e3f-875f-4bed-93eb-b7bcbe9c2633",
                  "parentUUID": "752eea78-ba58-413d-8765-a19f5a84af12",
                  "isHook": false,
                  "skipped": false
                },
                {
                  "title": "TC 3 Checkout with incomplete Information",
                  "fullTitle": "Checkout Process Viewport: mobile TC 3 Checkout with incomplete Information",
                  "timedOut": null,
                  "duration": 1537,
                  "state": "passed",
                  "speed": "fast",
                  "pass": true,
                  "fail": false,
                  "pending": false,
                  "context": null,
                  "code": "(0, _functionsPage.addBackpackToCart)(_dataPage.default.remove);\n(0, _functionsPage.goToCart)();\n(0, _functionsPage.goToFirstCheckoutPage)();\n(0, _functionsPage.fillYourInformationAndCheckError)(fn, ln, zc, err);",
                  "err": {},
                  "uuid": "0ae60384-0613-42ed-ba18-1f75ca831d7e",
                  "parentUUID": "752eea78-ba58-413d-8765-a19f5a84af12",
                  "isHook": false,
                  "skipped": false
                },
                {
                  "title": "TC 4 Checkout with incomplete Information",
                  "fullTitle": "Checkout Process Viewport: mobile TC 4 Checkout with incomplete Information",
                  "timedOut": null,
                  "duration": 1472,
                  "state": "passed",
                  "speed": "fast",
                  "pass": true,
                  "fail": false,
                  "pending": false,
                  "context": null,
                  "code": "(0, _functionsPage.addBackpackToCart)(_dataPage.default.remove);\n(0, _functionsPage.goToCart)();\n(0, _functionsPage.goToFirstCheckoutPage)();\n(0, _functionsPage.fillYourInformationAndCheckError)(fn, ln, zc, err);",
                  "err": {},
                  "uuid": "1af0a81c-4733-4d50-8e49-77284f26c935",
                  "parentUUID": "752eea78-ba58-413d-8765-a19f5a84af12",
                  "isHook": false,
                  "skipped": false
                },
                {
                  "title": "TC 5 Checkout with incomplete Information",
                  "fullTitle": "Checkout Process Viewport: mobile TC 5 Checkout with incomplete Information",
                  "timedOut": null,
                  "duration": 1603,
                  "state": "passed",
                  "speed": "fast",
                  "pass": true,
                  "fail": false,
                  "pending": false,
                  "context": null,
                  "code": "(0, _functionsPage.addBackpackToCart)(_dataPage.default.remove);\n(0, _functionsPage.goToCart)();\n(0, _functionsPage.goToFirstCheckoutPage)();\n(0, _functionsPage.fillYourInformationAndCheckError)(fn, ln, zc, err);",
                  "err": {},
                  "uuid": "c276559c-f5d3-47be-8d1b-d6ff75da9b3f",
                  "parentUUID": "752eea78-ba58-413d-8765-a19f5a84af12",
                  "isHook": false,
                  "skipped": false
                },
                {
                  "title": "TC 6 Checkout with incomplete Information",
                  "fullTitle": "Checkout Process Viewport: mobile TC 6 Checkout with incomplete Information",
                  "timedOut": null,
                  "duration": 1348,
                  "state": "passed",
                  "speed": "fast",
                  "pass": true,
                  "fail": false,
                  "pending": false,
                  "context": null,
                  "code": "(0, _functionsPage.addBackpackToCart)(_dataPage.default.remove);\n(0, _functionsPage.goToCart)();\n(0, _functionsPage.goToFirstCheckoutPage)();\n(0, _functionsPage.fillYourInformationAndCheckError)(fn, ln, zc, err);",
                  "err": {},
                  "uuid": "ca287a1e-0bd6-414c-b170-f61cd31a03b5",
                  "parentUUID": "752eea78-ba58-413d-8765-a19f5a84af12",
                  "isHook": false,
                  "skipped": false
                },
                {
                  "title": "TC 7 Checkout with incomplete Information",
                  "fullTitle": "Checkout Process Viewport: mobile TC 7 Checkout with incomplete Information",
                  "timedOut": null,
                  "duration": 1357,
                  "state": "passed",
                  "speed": "fast",
                  "pass": true,
                  "fail": false,
                  "pending": false,
                  "context": null,
                  "code": "(0, _functionsPage.addBackpackToCart)(_dataPage.default.remove);\n(0, _functionsPage.goToCart)();\n(0, _functionsPage.goToFirstCheckoutPage)();\n(0, _functionsPage.fillYourInformationAndCheckError)(fn, ln, zc, err);",
                  "err": {},
                  "uuid": "1dd97e7f-3a2e-4a44-9f19-2aae8ca8cb4d",
                  "parentUUID": "752eea78-ba58-413d-8765-a19f5a84af12",
                  "isHook": false,
                  "skipped": false
                },
                {
                  "title": "TC 8 Checkout with incomplete Information",
                  "fullTitle": "Checkout Process Viewport: mobile TC 8 Checkout with incomplete Information",
                  "timedOut": null,
                  "duration": 1309,
                  "state": "passed",
                  "speed": "fast",
                  "pass": true,
                  "fail": false,
                  "pending": false,
                  "context": null,
                  "code": "(0, _functionsPage.addBackpackToCart)(_dataPage.default.remove);\n(0, _functionsPage.goToCart)();\n(0, _functionsPage.goToFirstCheckoutPage)();\n(0, _functionsPage.fillYourInformationAndCheckError)(fn, ln, zc, err);",
                  "err": {},
                  "uuid": "35eca6aa-20d9-4529-978c-b3ec2f432d0e",
                  "parentUUID": "752eea78-ba58-413d-8765-a19f5a84af12",
                  "isHook": false,
                  "skipped": false
                },
                {
                  "title": "TC 9 Checkout with incomplete Information",
                  "fullTitle": "Checkout Process Viewport: mobile TC 9 Checkout with incomplete Information",
                  "timedOut": null,
                  "duration": 1094,
                  "state": "passed",
                  "speed": "fast",
                  "pass": true,
                  "fail": false,
                  "pending": false,
                  "context": null,
                  "code": "(0, _functionsPage.addBackpackToCart)(_dataPage.default.remove);\n(0, _functionsPage.goToCart)();\n(0, _functionsPage.goToFirstCheckoutPage)();\n(0, _functionsPage.fillYourInformationAndCheckError)(fn, ln, zc, err);",
                  "err": {},
                  "uuid": "17670bd4-5fdb-4445-9859-013eb1d7c3f1",
                  "parentUUID": "752eea78-ba58-413d-8765-a19f5a84af12",
                  "isHook": false,
                  "skipped": false
                },
                {
                  "title": "TC 10 Cancel Checkout from the Checkout: Your Information Page",
                  "fullTitle": "Checkout Process Viewport: mobile TC 10 Cancel Checkout from the Checkout: Your Information Page",
                  "timedOut": null,
                  "duration": 1105,
                  "state": "passed",
                  "speed": "fast",
                  "pass": true,
                  "fail": false,
                  "pending": false,
                  "context": null,
                  "code": "(0, _functionsPage.addBackpackToCart)(_dataPage.default.remove);\n(0, _functionsPage.goToCart)();\n(0, _functionsPage.goToFirstCheckoutPage)();\n(0, _functionsPage.clickCancelCheckoutBtn)();\ncy.url().should('include', '/cart.html');",
                  "err": {},
                  "uuid": "03780b20-a09c-4e7f-8ffa-1f30f5add50c",
                  "parentUUID": "752eea78-ba58-413d-8765-a19f5a84af12",
                  "isHook": false,
                  "skipped": false
                },
                {
                  "title": "TC 11 Cancel Checkout from the Checkout: Overview Page",
                  "fullTitle": "Checkout Process Viewport: mobile TC 11 Cancel Checkout from the Checkout: Overview Page",
                  "timedOut": null,
                  "duration": 1811,
                  "state": "passed",
                  "speed": "fast",
                  "pass": true,
                  "fail": false,
                  "pending": false,
                  "context": null,
                  "code": "(0, _functionsPage.addBackpackToCart)(_dataPage.default.remove);\n(0, _functionsPage.goToCart)();\n(0, _functionsPage.goToFirstCheckoutPage)();\n(0, _functionsPage.fillYourInformation)(_dataPage.default.fn, _dataPage.default.ln, _dataPage.default.zc);\n(0, _functionsPage.clickContinueBtnCheckoutPage)();\n(0, _functionsPage.clickCancelCheckoutBtn)();\ncy.url().should('include', '/inventory.html');",
                  "err": {},
                  "uuid": "9e66673a-cab3-48de-8151-907fbc4036de",
                  "parentUUID": "752eea78-ba58-413d-8765-a19f5a84af12",
                  "isHook": false,
                  "skipped": false
                },
                {
                  "title": "TC 12 Go Back Home After Order",
                  "fullTitle": "Checkout Process Viewport: mobile TC 12 Go Back Home After Order",
                  "timedOut": null,
                  "duration": 1890,
                  "state": "passed",
                  "speed": "fast",
                  "pass": true,
                  "fail": false,
                  "pending": false,
                  "context": null,
                  "code": "(0, _functionsPage.addBackpackToCart)(_dataPage.default.remove);\n(0, _functionsPage.goToCart)();\n(0, _functionsPage.goToFirstCheckoutPage)();\n(0, _functionsPage.fillYourInformation)(_dataPage.default.fn, _dataPage.default.ln, _dataPage.default.zc);\n(0, _functionsPage.clickContinueBtnCheckoutPage)();\n(0, _functionsPage.goToFinishCheckoutPage)();\n(0, _functionsPage.goBackToHomePage)();",
                  "err": {},
                  "uuid": "9789e5bb-9eaf-4f15-bab7-0ee208bf4227",
                  "parentUUID": "752eea78-ba58-413d-8765-a19f5a84af12",
                  "isHook": false,
                  "skipped": false
                }
              ],
              "suites": [],
              "passes": [
                "fa716c2e-84ae-4590-b3ec-b14139fa2420",
                "27425e3f-875f-4bed-93eb-b7bcbe9c2633",
                "0ae60384-0613-42ed-ba18-1f75ca831d7e",
                "1af0a81c-4733-4d50-8e49-77284f26c935",
                "c276559c-f5d3-47be-8d1b-d6ff75da9b3f",
                "ca287a1e-0bd6-414c-b170-f61cd31a03b5",
                "1dd97e7f-3a2e-4a44-9f19-2aae8ca8cb4d",
                "35eca6aa-20d9-4529-978c-b3ec2f432d0e",
                "17670bd4-5fdb-4445-9859-013eb1d7c3f1",
                "03780b20-a09c-4e7f-8ffa-1f30f5add50c",
                "9e66673a-cab3-48de-8151-907fbc4036de",
                "9789e5bb-9eaf-4f15-bab7-0ee208bf4227"
              ],
              "failures": [],
              "pending": [],
              "skipped": [],
              "duration": 19522,
              "root": false,
              "rootEmpty": false,
              "_timeout": 2000
            },
            {
              "uuid": "3583e84d-ad1b-4b1c-ae35-a1714970e44b",
              "title": "Viewport: tablet",
              "fullFile": "",
              "file": "",
              "beforeHooks": [],
              "afterHooks": [],
              "tests": [
                {
                  "title": "TC 1 Verify Complete the Checkout Process and Place an Order",
                  "fullTitle": "Checkout Process Viewport: tablet TC 1 Verify Complete the Checkout Process and Place an Order",
                  "timedOut": null,
                  "duration": 1902,
                  "state": "passed",
                  "speed": "fast",
                  "pass": true,
                  "fail": false,
                  "pending": false,
                  "context": null,
                  "code": "(0, _functionsPage.addBackpackAndBikeToCart)(_dataPage.default.remove);\n(0, _functionsPage.goToCart)();\n(0, _functionsPage.goToFirstCheckoutPage)();\n(0, _functionsPage.fillYourInformation)(_dataPage.default.fn, _dataPage.default.ln, _dataPage.default.zc);\n(0, _functionsPage.clickContinueBtnCheckoutPage)();\n(0, _functionsPage.verifyProductDetails)();\n(0, _functionsPage.goToFinishCheckoutPage)();\n(0, _functionsPage.verifyContainsVisibility)(_dataPage.default.msgThankYouForOrder);",
                  "err": {},
                  "uuid": "b7251cf1-1650-4028-bfdd-ef371d88ff5f",
                  "parentUUID": "3583e84d-ad1b-4b1c-ae35-a1714970e44b",
                  "isHook": false,
                  "skipped": false
                },
                {
                  "title": "TC 2 Verify Price Calculation and Tax",
                  "fullTitle": "Checkout Process Viewport: tablet TC 2 Verify Price Calculation and Tax",
                  "timedOut": null,
                  "duration": 1923,
                  "state": "passed",
                  "speed": "fast",
                  "pass": true,
                  "fail": false,
                  "pending": false,
                  "context": null,
                  "code": "(0, _functionsPage.addBackpackAndBikeToCart)(_dataPage.default.remove);\n(0, _functionsPage.goToCart)();\n(0, _functionsPage.goToFirstCheckoutPage)();\n(0, _functionsPage.fillYourInformation)(_dataPage.default.fn, _dataPage.default.ln, _dataPage.default.zc);\n(0, _functionsPage.clickContinueBtnCheckoutPage)();\n(0, _functionsPage.verifyDetailInformationAboutAddProducts)(_dataPage.default.orderOfProducts[0], _dataPage.default.orderOfProducts[1], _dataPage.default.productsPrice[0], _dataPage.default.productsPrice[1]);\ncy.getBySel(_selectorsPage.default.itemsTotalPrice).should('have.text', `Item total: $${totalItemPrice.toFixed(2)}`);\ncy.getBySel(_selectorsPage.default.tax).should('have.text', `Tax: $${expectedTax.toFixed(2)}`);\ncy.getBySel(_selectorsPage.default.totalPriceWithTax).should('have.text', `Total: $${totalPrice.toFixed(2)}`);\n(0, _functionsPage.goToFinishCheckoutPage)();",
                  "err": {},
                  "uuid": "8e1bb75d-ce27-40ef-a2b9-9329b99ec591",
                  "parentUUID": "3583e84d-ad1b-4b1c-ae35-a1714970e44b",
                  "isHook": false,
                  "skipped": false
                },
                {
                  "title": "TC 3 Checkout with incomplete Information",
                  "fullTitle": "Checkout Process Viewport: tablet TC 3 Checkout with incomplete Information",
                  "timedOut": null,
                  "duration": 1557,
                  "state": "passed",
                  "speed": "fast",
                  "pass": true,
                  "fail": false,
                  "pending": false,
                  "context": null,
                  "code": "(0, _functionsPage.addBackpackToCart)(_dataPage.default.remove);\n(0, _functionsPage.goToCart)();\n(0, _functionsPage.goToFirstCheckoutPage)();\n(0, _functionsPage.fillYourInformationAndCheckError)(fn, ln, zc, err);",
                  "err": {},
                  "uuid": "da3eb882-9226-43d2-8b94-146dbc0c7585",
                  "parentUUID": "3583e84d-ad1b-4b1c-ae35-a1714970e44b",
                  "isHook": false,
                  "skipped": false
                },
                {
                  "title": "TC 4 Checkout with incomplete Information",
                  "fullTitle": "Checkout Process Viewport: tablet TC 4 Checkout with incomplete Information",
                  "timedOut": null,
                  "duration": 1522,
                  "state": "passed",
                  "speed": "fast",
                  "pass": true,
                  "fail": false,
                  "pending": false,
                  "context": null,
                  "code": "(0, _functionsPage.addBackpackToCart)(_dataPage.default.remove);\n(0, _functionsPage.goToCart)();\n(0, _functionsPage.goToFirstCheckoutPage)();\n(0, _functionsPage.fillYourInformationAndCheckError)(fn, ln, zc, err);",
                  "err": {},
                  "uuid": "4e081430-af3c-4b55-b9bf-62c58d6af2a4",
                  "parentUUID": "3583e84d-ad1b-4b1c-ae35-a1714970e44b",
                  "isHook": false,
                  "skipped": false
                },
                {
                  "title": "TC 5 Checkout with incomplete Information",
                  "fullTitle": "Checkout Process Viewport: tablet TC 5 Checkout with incomplete Information",
                  "timedOut": null,
                  "duration": 1559,
                  "state": "passed",
                  "speed": "fast",
                  "pass": true,
                  "fail": false,
                  "pending": false,
                  "context": null,
                  "code": "(0, _functionsPage.addBackpackToCart)(_dataPage.default.remove);\n(0, _functionsPage.goToCart)();\n(0, _functionsPage.goToFirstCheckoutPage)();\n(0, _functionsPage.fillYourInformationAndCheckError)(fn, ln, zc, err);",
                  "err": {},
                  "uuid": "0afd7783-5905-47e6-a6ec-56297e2566ed",
                  "parentUUID": "3583e84d-ad1b-4b1c-ae35-a1714970e44b",
                  "isHook": false,
                  "skipped": false
                },
                {
                  "title": "TC 6 Checkout with incomplete Information",
                  "fullTitle": "Checkout Process Viewport: tablet TC 6 Checkout with incomplete Information",
                  "timedOut": null,
                  "duration": 1295,
                  "state": "passed",
                  "speed": "fast",
                  "pass": true,
                  "fail": false,
                  "pending": false,
                  "context": null,
                  "code": "(0, _functionsPage.addBackpackToCart)(_dataPage.default.remove);\n(0, _functionsPage.goToCart)();\n(0, _functionsPage.goToFirstCheckoutPage)();\n(0, _functionsPage.fillYourInformationAndCheckError)(fn, ln, zc, err);",
                  "err": {},
                  "uuid": "3c75e297-b53e-4d18-a225-08fb016f9428",
                  "parentUUID": "3583e84d-ad1b-4b1c-ae35-a1714970e44b",
                  "isHook": false,
                  "skipped": false
                },
                {
                  "title": "TC 7 Checkout with incomplete Information",
                  "fullTitle": "Checkout Process Viewport: tablet TC 7 Checkout with incomplete Information",
                  "timedOut": null,
                  "duration": 1307,
                  "state": "passed",
                  "speed": "fast",
                  "pass": true,
                  "fail": false,
                  "pending": false,
                  "context": null,
                  "code": "(0, _functionsPage.addBackpackToCart)(_dataPage.default.remove);\n(0, _functionsPage.goToCart)();\n(0, _functionsPage.goToFirstCheckoutPage)();\n(0, _functionsPage.fillYourInformationAndCheckError)(fn, ln, zc, err);",
                  "err": {},
                  "uuid": "f308e86c-15e1-4708-a615-00e8530b8cb8",
                  "parentUUID": "3583e84d-ad1b-4b1c-ae35-a1714970e44b",
                  "isHook": false,
                  "skipped": false
                },
                {
                  "title": "TC 8 Checkout with incomplete Information",
                  "fullTitle": "Checkout Process Viewport: tablet TC 8 Checkout with incomplete Information",
                  "timedOut": null,
                  "duration": 1293,
                  "state": "passed",
                  "speed": "fast",
                  "pass": true,
                  "fail": false,
                  "pending": false,
                  "context": null,
                  "code": "(0, _functionsPage.addBackpackToCart)(_dataPage.default.remove);\n(0, _functionsPage.goToCart)();\n(0, _functionsPage.goToFirstCheckoutPage)();\n(0, _functionsPage.fillYourInformationAndCheckError)(fn, ln, zc, err);",
                  "err": {},
                  "uuid": "edc13dc0-2a09-4b1f-9799-8d4a0361b8ad",
                  "parentUUID": "3583e84d-ad1b-4b1c-ae35-a1714970e44b",
                  "isHook": false,
                  "skipped": false
                },
                {
                  "title": "TC 9 Checkout with incomplete Information",
                  "fullTitle": "Checkout Process Viewport: tablet TC 9 Checkout with incomplete Information",
                  "timedOut": null,
                  "duration": 1107,
                  "state": "passed",
                  "speed": "fast",
                  "pass": true,
                  "fail": false,
                  "pending": false,
                  "context": null,
                  "code": "(0, _functionsPage.addBackpackToCart)(_dataPage.default.remove);\n(0, _functionsPage.goToCart)();\n(0, _functionsPage.goToFirstCheckoutPage)();\n(0, _functionsPage.fillYourInformationAndCheckError)(fn, ln, zc, err);",
                  "err": {},
                  "uuid": "e22e0187-9935-4411-be8d-77a41b3c7086",
                  "parentUUID": "3583e84d-ad1b-4b1c-ae35-a1714970e44b",
                  "isHook": false,
                  "skipped": false
                },
                {
                  "title": "TC 10 Cancel Checkout from the Checkout: Your Information Page",
                  "fullTitle": "Checkout Process Viewport: tablet TC 10 Cancel Checkout from the Checkout: Your Information Page",
                  "timedOut": null,
                  "duration": 1110,
                  "state": "passed",
                  "speed": "fast",
                  "pass": true,
                  "fail": false,
                  "pending": false,
                  "context": null,
                  "code": "(0, _functionsPage.addBackpackToCart)(_dataPage.default.remove);\n(0, _functionsPage.goToCart)();\n(0, _functionsPage.goToFirstCheckoutPage)();\n(0, _functionsPage.clickCancelCheckoutBtn)();\ncy.url().should('include', '/cart.html');",
                  "err": {},
                  "uuid": "019df034-61a9-4921-a7f5-0e5fff9a16d8",
                  "parentUUID": "3583e84d-ad1b-4b1c-ae35-a1714970e44b",
                  "isHook": false,
                  "skipped": false
                },
                {
                  "title": "TC 11 Cancel Checkout from the Checkout: Overview Page",
                  "fullTitle": "Checkout Process Viewport: tablet TC 11 Cancel Checkout from the Checkout: Overview Page",
                  "timedOut": null,
                  "duration": 1815,
                  "state": "passed",
                  "speed": "fast",
                  "pass": true,
                  "fail": false,
                  "pending": false,
                  "context": null,
                  "code": "(0, _functionsPage.addBackpackToCart)(_dataPage.default.remove);\n(0, _functionsPage.goToCart)();\n(0, _functionsPage.goToFirstCheckoutPage)();\n(0, _functionsPage.fillYourInformation)(_dataPage.default.fn, _dataPage.default.ln, _dataPage.default.zc);\n(0, _functionsPage.clickContinueBtnCheckoutPage)();\n(0, _functionsPage.clickCancelCheckoutBtn)();\ncy.url().should('include', '/inventory.html');",
                  "err": {},
                  "uuid": "a638ba14-935c-4d41-85b4-6e4aff313c4c",
                  "parentUUID": "3583e84d-ad1b-4b1c-ae35-a1714970e44b",
                  "isHook": false,
                  "skipped": false
                },
                {
                  "title": "TC 12 Go Back Home After Order",
                  "fullTitle": "Checkout Process Viewport: tablet TC 12 Go Back Home After Order",
                  "timedOut": null,
                  "duration": 2042,
                  "state": "passed",
                  "speed": "fast",
                  "pass": true,
                  "fail": false,
                  "pending": false,
                  "context": null,
                  "code": "(0, _functionsPage.addBackpackToCart)(_dataPage.default.remove);\n(0, _functionsPage.goToCart)();\n(0, _functionsPage.goToFirstCheckoutPage)();\n(0, _functionsPage.fillYourInformation)(_dataPage.default.fn, _dataPage.default.ln, _dataPage.default.zc);\n(0, _functionsPage.clickContinueBtnCheckoutPage)();\n(0, _functionsPage.goToFinishCheckoutPage)();\n(0, _functionsPage.goBackToHomePage)();",
                  "err": {},
                  "uuid": "e67ed664-54d4-418a-88d1-b55e5d059bfa",
                  "parentUUID": "3583e84d-ad1b-4b1c-ae35-a1714970e44b",
                  "isHook": false,
                  "skipped": false
                }
              ],
              "suites": [],
              "passes": [
                "b7251cf1-1650-4028-bfdd-ef371d88ff5f",
                "8e1bb75d-ce27-40ef-a2b9-9329b99ec591",
                "da3eb882-9226-43d2-8b94-146dbc0c7585",
                "4e081430-af3c-4b55-b9bf-62c58d6af2a4",
                "0afd7783-5905-47e6-a6ec-56297e2566ed",
                "3c75e297-b53e-4d18-a225-08fb016f9428",
                "f308e86c-15e1-4708-a615-00e8530b8cb8",
                "edc13dc0-2a09-4b1f-9799-8d4a0361b8ad",
                "e22e0187-9935-4411-be8d-77a41b3c7086",
                "019df034-61a9-4921-a7f5-0e5fff9a16d8",
                "a638ba14-935c-4d41-85b4-6e4aff313c4c",
                "e67ed664-54d4-418a-88d1-b55e5d059bfa"
              ],
              "failures": [],
              "pending": [],
              "skipped": [],
              "duration": 18432,
              "root": false,
              "rootEmpty": false,
              "_timeout": 2000
            },
            {
              "uuid": "1457fe69-6c0c-4645-b2fa-96631077ee97",
              "title": "Viewport: desktop",
              "fullFile": "",
              "file": "",
              "beforeHooks": [],
              "afterHooks": [],
              "tests": [
                {
                  "title": "TC 1 Verify Complete the Checkout Process and Place an Order",
                  "fullTitle": "Checkout Process Viewport: desktop TC 1 Verify Complete the Checkout Process and Place an Order",
                  "timedOut": null,
                  "duration": 1885,
                  "state": "passed",
                  "speed": "fast",
                  "pass": true,
                  "fail": false,
                  "pending": false,
                  "context": null,
                  "code": "(0, _functionsPage.addBackpackAndBikeToCart)(_dataPage.default.remove);\n(0, _functionsPage.goToCart)();\n(0, _functionsPage.goToFirstCheckoutPage)();\n(0, _functionsPage.fillYourInformation)(_dataPage.default.fn, _dataPage.default.ln, _dataPage.default.zc);\n(0, _functionsPage.clickContinueBtnCheckoutPage)();\n(0, _functionsPage.verifyProductDetails)();\n(0, _functionsPage.goToFinishCheckoutPage)();\n(0, _functionsPage.verifyContainsVisibility)(_dataPage.default.msgThankYouForOrder);",
                  "err": {},
                  "uuid": "4bfbac5d-6728-4890-b634-4a0e77bc196a",
                  "parentUUID": "1457fe69-6c0c-4645-b2fa-96631077ee97",
                  "isHook": false,
                  "skipped": false
                },
                {
                  "title": "TC 2 Verify Price Calculation and Tax",
                  "fullTitle": "Checkout Process Viewport: desktop TC 2 Verify Price Calculation and Tax",
                  "timedOut": null,
                  "duration": 1924,
                  "state": "passed",
                  "speed": "fast",
                  "pass": true,
                  "fail": false,
                  "pending": false,
                  "context": null,
                  "code": "(0, _functionsPage.addBackpackAndBikeToCart)(_dataPage.default.remove);\n(0, _functionsPage.goToCart)();\n(0, _functionsPage.goToFirstCheckoutPage)();\n(0, _functionsPage.fillYourInformation)(_dataPage.default.fn, _dataPage.default.ln, _dataPage.default.zc);\n(0, _functionsPage.clickContinueBtnCheckoutPage)();\n(0, _functionsPage.verifyDetailInformationAboutAddProducts)(_dataPage.default.orderOfProducts[0], _dataPage.default.orderOfProducts[1], _dataPage.default.productsPrice[0], _dataPage.default.productsPrice[1]);\ncy.getBySel(_selectorsPage.default.itemsTotalPrice).should('have.text', `Item total: $${totalItemPrice.toFixed(2)}`);\ncy.getBySel(_selectorsPage.default.tax).should('have.text', `Tax: $${expectedTax.toFixed(2)}`);\ncy.getBySel(_selectorsPage.default.totalPriceWithTax).should('have.text', `Total: $${totalPrice.toFixed(2)}`);\n(0, _functionsPage.goToFinishCheckoutPage)();",
                  "err": {},
                  "uuid": "793fe75c-8402-4cc1-b61d-1be98d09901c",
                  "parentUUID": "1457fe69-6c0c-4645-b2fa-96631077ee97",
                  "isHook": false,
                  "skipped": false
                },
                {
                  "title": "TC 3 Checkout with incomplete Information",
                  "fullTitle": "Checkout Process Viewport: desktop TC 3 Checkout with incomplete Information",
                  "timedOut": null,
                  "duration": 1527,
                  "state": "passed",
                  "speed": "fast",
                  "pass": true,
                  "fail": false,
                  "pending": false,
                  "context": null,
                  "code": "(0, _functionsPage.addBackpackToCart)(_dataPage.default.remove);\n(0, _functionsPage.goToCart)();\n(0, _functionsPage.goToFirstCheckoutPage)();\n(0, _functionsPage.fillYourInformationAndCheckError)(fn, ln, zc, err);",
                  "err": {},
                  "uuid": "c29c1e5e-a285-4cdf-a181-c8e8be0ff1bb",
                  "parentUUID": "1457fe69-6c0c-4645-b2fa-96631077ee97",
                  "isHook": false,
                  "skipped": false
                },
                {
                  "title": "TC 4 Checkout with incomplete Information",
                  "fullTitle": "Checkout Process Viewport: desktop TC 4 Checkout with incomplete Information",
                  "timedOut": null,
                  "duration": 1475,
                  "state": "passed",
                  "speed": "fast",
                  "pass": true,
                  "fail": false,
                  "pending": false,
                  "context": null,
                  "code": "(0, _functionsPage.addBackpackToCart)(_dataPage.default.remove);\n(0, _functionsPage.goToCart)();\n(0, _functionsPage.goToFirstCheckoutPage)();\n(0, _functionsPage.fillYourInformationAndCheckError)(fn, ln, zc, err);",
                  "err": {},
                  "uuid": "771e6776-88a2-454a-b0a1-6a56886e55b9",
                  "parentUUID": "1457fe69-6c0c-4645-b2fa-96631077ee97",
                  "isHook": false,
                  "skipped": false
                },
                {
                  "title": "TC 5 Checkout with incomplete Information",
                  "fullTitle": "Checkout Process Viewport: desktop TC 5 Checkout with incomplete Information",
                  "timedOut": null,
                  "duration": 1523,
                  "state": "passed",
                  "speed": "fast",
                  "pass": true,
                  "fail": false,
                  "pending": false,
                  "context": null,
                  "code": "(0, _functionsPage.addBackpackToCart)(_dataPage.default.remove);\n(0, _functionsPage.goToCart)();\n(0, _functionsPage.goToFirstCheckoutPage)();\n(0, _functionsPage.fillYourInformationAndCheckError)(fn, ln, zc, err);",
                  "err": {},
                  "uuid": "903abaf4-37f3-4c40-97ea-5637ed27b81f",
                  "parentUUID": "1457fe69-6c0c-4645-b2fa-96631077ee97",
                  "isHook": false,
                  "skipped": false
                },
                {
                  "title": "TC 6 Checkout with incomplete Information",
                  "fullTitle": "Checkout Process Viewport: desktop TC 6 Checkout with incomplete Information",
                  "timedOut": null,
                  "duration": 1295,
                  "state": "passed",
                  "speed": "fast",
                  "pass": true,
                  "fail": false,
                  "pending": false,
                  "context": null,
                  "code": "(0, _functionsPage.addBackpackToCart)(_dataPage.default.remove);\n(0, _functionsPage.goToCart)();\n(0, _functionsPage.goToFirstCheckoutPage)();\n(0, _functionsPage.fillYourInformationAndCheckError)(fn, ln, zc, err);",
                  "err": {},
                  "uuid": "bcf07b23-5937-4b8b-8b53-6ce351a343fe",
                  "parentUUID": "1457fe69-6c0c-4645-b2fa-96631077ee97",
                  "isHook": false,
                  "skipped": false
                },
                {
                  "title": "TC 7 Checkout with incomplete Information",
                  "fullTitle": "Checkout Process Viewport: desktop TC 7 Checkout with incomplete Information",
                  "timedOut": null,
                  "duration": 1342,
                  "state": "passed",
                  "speed": "fast",
                  "pass": true,
                  "fail": false,
                  "pending": false,
                  "context": null,
                  "code": "(0, _functionsPage.addBackpackToCart)(_dataPage.default.remove);\n(0, _functionsPage.goToCart)();\n(0, _functionsPage.goToFirstCheckoutPage)();\n(0, _functionsPage.fillYourInformationAndCheckError)(fn, ln, zc, err);",
                  "err": {},
                  "uuid": "ecb2ba1c-d50e-4e04-acd4-a9480eea9fe0",
                  "parentUUID": "1457fe69-6c0c-4645-b2fa-96631077ee97",
                  "isHook": false,
                  "skipped": false
                },
                {
                  "title": "TC 8 Checkout with incomplete Information",
                  "fullTitle": "Checkout Process Viewport: desktop TC 8 Checkout with incomplete Information",
                  "timedOut": null,
                  "duration": 1291,
                  "state": "passed",
                  "speed": "fast",
                  "pass": true,
                  "fail": false,
                  "pending": false,
                  "context": null,
                  "code": "(0, _functionsPage.addBackpackToCart)(_dataPage.default.remove);\n(0, _functionsPage.goToCart)();\n(0, _functionsPage.goToFirstCheckoutPage)();\n(0, _functionsPage.fillYourInformationAndCheckError)(fn, ln, zc, err);",
                  "err": {},
                  "uuid": "e2cdb1f4-cdae-46f7-996c-1e982690ea96",
                  "parentUUID": "1457fe69-6c0c-4645-b2fa-96631077ee97",
                  "isHook": false,
                  "skipped": false
                },
                {
                  "title": "TC 9 Checkout with incomplete Information",
                  "fullTitle": "Checkout Process Viewport: desktop TC 9 Checkout with incomplete Information",
                  "timedOut": null,
                  "duration": 1106,
                  "state": "passed",
                  "speed": "fast",
                  "pass": true,
                  "fail": false,
                  "pending": false,
                  "context": null,
                  "code": "(0, _functionsPage.addBackpackToCart)(_dataPage.default.remove);\n(0, _functionsPage.goToCart)();\n(0, _functionsPage.goToFirstCheckoutPage)();\n(0, _functionsPage.fillYourInformationAndCheckError)(fn, ln, zc, err);",
                  "err": {},
                  "uuid": "59dde5e5-02d2-4bda-9101-ae7a51094aaf",
                  "parentUUID": "1457fe69-6c0c-4645-b2fa-96631077ee97",
                  "isHook": false,
                  "skipped": false
                },
                {
                  "title": "TC 10 Cancel Checkout from the Checkout: Your Information Page",
                  "fullTitle": "Checkout Process Viewport: desktop TC 10 Cancel Checkout from the Checkout: Your Information Page",
                  "timedOut": null,
                  "duration": 1130,
                  "state": "passed",
                  "speed": "fast",
                  "pass": true,
                  "fail": false,
                  "pending": false,
                  "context": null,
                  "code": "(0, _functionsPage.addBackpackToCart)(_dataPage.default.remove);\n(0, _functionsPage.goToCart)();\n(0, _functionsPage.goToFirstCheckoutPage)();\n(0, _functionsPage.clickCancelCheckoutBtn)();\ncy.url().should('include', '/cart.html');",
                  "err": {},
                  "uuid": "668c73fa-2872-4561-a4cc-ec1941290fac",
                  "parentUUID": "1457fe69-6c0c-4645-b2fa-96631077ee97",
                  "isHook": false,
                  "skipped": false
                },
                {
                  "title": "TC 11 Cancel Checkout from the Checkout: Overview Page",
                  "fullTitle": "Checkout Process Viewport: desktop TC 11 Cancel Checkout from the Checkout: Overview Page",
                  "timedOut": null,
                  "duration": 1803,
                  "state": "passed",
                  "speed": "fast",
                  "pass": true,
                  "fail": false,
                  "pending": false,
                  "context": null,
                  "code": "(0, _functionsPage.addBackpackToCart)(_dataPage.default.remove);\n(0, _functionsPage.goToCart)();\n(0, _functionsPage.goToFirstCheckoutPage)();\n(0, _functionsPage.fillYourInformation)(_dataPage.default.fn, _dataPage.default.ln, _dataPage.default.zc);\n(0, _functionsPage.clickContinueBtnCheckoutPage)();\n(0, _functionsPage.clickCancelCheckoutBtn)();\ncy.url().should('include', '/inventory.html');",
                  "err": {},
                  "uuid": "ea448763-2fb3-4ba3-aad5-77db8c777a80",
                  "parentUUID": "1457fe69-6c0c-4645-b2fa-96631077ee97",
                  "isHook": false,
                  "skipped": false
                },
                {
                  "title": "TC 12 Go Back Home After Order",
                  "fullTitle": "Checkout Process Viewport: desktop TC 12 Go Back Home After Order",
                  "timedOut": null,
                  "duration": 1875,
                  "state": "passed",
                  "speed": "fast",
                  "pass": true,
                  "fail": false,
                  "pending": false,
                  "context": null,
                  "code": "(0, _functionsPage.addBackpackToCart)(_dataPage.default.remove);\n(0, _functionsPage.goToCart)();\n(0, _functionsPage.goToFirstCheckoutPage)();\n(0, _functionsPage.fillYourInformation)(_dataPage.default.fn, _dataPage.default.ln, _dataPage.default.zc);\n(0, _functionsPage.clickContinueBtnCheckoutPage)();\n(0, _functionsPage.goToFinishCheckoutPage)();\n(0, _functionsPage.goBackToHomePage)();",
                  "err": {},
                  "uuid": "d2f2e0f3-60ee-4c68-92c8-daf17fedd4bb",
                  "parentUUID": "1457fe69-6c0c-4645-b2fa-96631077ee97",
                  "isHook": false,
                  "skipped": false
                }
              ],
              "suites": [],
              "passes": [
                "4bfbac5d-6728-4890-b634-4a0e77bc196a",
                "793fe75c-8402-4cc1-b61d-1be98d09901c",
                "c29c1e5e-a285-4cdf-a181-c8e8be0ff1bb",
                "771e6776-88a2-454a-b0a1-6a56886e55b9",
                "903abaf4-37f3-4c40-97ea-5637ed27b81f",
                "bcf07b23-5937-4b8b-8b53-6ce351a343fe",
                "ecb2ba1c-d50e-4e04-acd4-a9480eea9fe0",
                "e2cdb1f4-cdae-46f7-996c-1e982690ea96",
                "59dde5e5-02d2-4bda-9101-ae7a51094aaf",
                "668c73fa-2872-4561-a4cc-ec1941290fac",
                "ea448763-2fb3-4ba3-aad5-77db8c777a80",
                "d2f2e0f3-60ee-4c68-92c8-daf17fedd4bb"
              ],
              "failures": [],
              "pending": [],
              "skipped": [],
              "duration": 18176,
              "root": false,
              "rootEmpty": false,
              "_timeout": 2000
            }
          ],
          "passes": [],
          "failures": [],
          "pending": [],
          "skipped": [],
          "duration": 0,
          "root": false,
          "rootEmpty": false,
          "_timeout": 2000
        }
      ],
      "passes": [],
      "failures": [],
      "pending": [],
      "skipped": [],
      "duration": 0,
      "root": true,
      "rootEmpty": true,
      "_timeout": 2000
    },
    {
      "uuid": "9704a877-148f-45d8-aa1d-d3c12823aafc",
      "title": "",
      "fullFile": "cypress\\e2e\\productBrowsingAndSelection.cy.js",
      "file": "cypress\\e2e\\productBrowsingAndSelection.cy.js",
      "beforeHooks": [],
      "afterHooks": [],
      "tests": [],
      "suites": [
        {
          "uuid": "ba4b697f-84a1-44a1-9875-d2c5c73a5f02",
          "title": "Product Browsing and Selection",
          "fullFile": "",
          "file": "",
          "beforeHooks": [],
          "afterHooks": [],
          "tests": [],
          "suites": [
            {
              "uuid": "c70cf277-7825-4d9f-9a19-c6aca378b30a",
              "title": "Viewport: mobile",
              "fullFile": "",
              "file": "",
              "beforeHooks": [],
              "afterHooks": [],
              "tests": [
                {
                  "title": "TC 1 Verify the Number of Products Listed and Compare with the Expected Count",
                  "fullTitle": "Product Browsing and Selection Viewport: mobile TC 1 Verify the Number of Products Listed and Compare with the Expected Count",
                  "timedOut": null,
                  "duration": 1797,
                  "state": "passed",
                  "speed": "fast",
                  "pass": true,
                  "fail": false,
                  "pending": false,
                  "context": null,
                  "code": "(0, _functionsPage.verifyProductDetails)();",
                  "err": {},
                  "uuid": "63bad2c6-89d2-4d50-8047-3e921ce2d000",
                  "parentUUID": "c70cf277-7825-4d9f-9a19-c6aca378b30a",
                  "isHook": false,
                  "skipped": false
                },
                {
                  "title": "TC 2 Verify Product List",
                  "fullTitle": "Product Browsing and Selection Viewport: mobile TC 2 Verify Product List",
                  "timedOut": null,
                  "duration": 966,
                  "state": "passed",
                  "speed": "fast",
                  "pass": true,
                  "fail": false,
                  "pending": false,
                  "context": null,
                  "code": "(0, _functionsPage.verifyProductsInfBrowsingPage)();",
                  "err": {},
                  "uuid": "cf79cfdf-44ce-461c-b524-7d0506b678dc",
                  "parentUUID": "c70cf277-7825-4d9f-9a19-c6aca378b30a",
                  "isHook": false,
                  "skipped": false
                },
                {
                  "title": "TC 3 Ensure the Products are Correctly Categorized",
                  "fullTitle": "Product Browsing and Selection Viewport: mobile TC 3 Ensure the Products are Correctly Categorized",
                  "timedOut": null,
                  "duration": 1001,
                  "state": "passed",
                  "speed": "fast",
                  "pass": true,
                  "fail": false,
                  "pending": false,
                  "context": null,
                  "code": "(0, _functionsPage.verifyProductsOrder)(_dataPage.default.orderOfProducts);",
                  "err": {},
                  "uuid": "d9921132-e3f1-4462-b066-4316a50c0ebf",
                  "parentUUID": "c70cf277-7825-4d9f-9a19-c6aca378b30a",
                  "isHook": false,
                  "skipped": false
                },
                {
                  "title": "TC 4 Validate Sorting Functionality",
                  "fullTitle": "Product Browsing and Selection Viewport: mobile TC 4 Validate Sorting Functionality",
                  "timedOut": null,
                  "duration": 914,
                  "state": "passed",
                  "speed": "fast",
                  "pass": true,
                  "fail": false,
                  "pending": false,
                  "context": null,
                  "code": "(0, _functionsPage.verifySortingOrder)(i);",
                  "err": {},
                  "uuid": "30babfb9-eac1-4cc2-9c66-079de8f59385",
                  "parentUUID": "c70cf277-7825-4d9f-9a19-c6aca378b30a",
                  "isHook": false,
                  "skipped": false
                },
                {
                  "title": "TC 5 Validate Sorting Functionality",
                  "fullTitle": "Product Browsing and Selection Viewport: mobile TC 5 Validate Sorting Functionality",
                  "timedOut": null,
                  "duration": 909,
                  "state": "passed",
                  "speed": "fast",
                  "pass": true,
                  "fail": false,
                  "pending": false,
                  "context": null,
                  "code": "(0, _functionsPage.verifySortingOrder)(i);",
                  "err": {},
                  "uuid": "2818748c-bf32-4768-aef0-d960cc7f8f5e",
                  "parentUUID": "c70cf277-7825-4d9f-9a19-c6aca378b30a",
                  "isHook": false,
                  "skipped": false
                },
                {
                  "title": "TC 6 Validate Sorting Functionality",
                  "fullTitle": "Product Browsing and Selection Viewport: mobile TC 6 Validate Sorting Functionality",
                  "timedOut": null,
                  "duration": 1143,
                  "state": "passed",
                  "speed": "fast",
                  "pass": true,
                  "fail": false,
                  "pending": false,
                  "context": null,
                  "code": "(0, _functionsPage.verifySortingOrder)(i);",
                  "err": {},
                  "uuid": "b9b4d0b9-3a61-4afc-b68a-ec83c89b90fc",
                  "parentUUID": "c70cf277-7825-4d9f-9a19-c6aca378b30a",
                  "isHook": false,
                  "skipped": false
                },
                {
                  "title": "TC 7 Validate Sorting Functionality",
                  "fullTitle": "Product Browsing and Selection Viewport: mobile TC 7 Validate Sorting Functionality",
                  "timedOut": null,
                  "duration": 921,
                  "state": "passed",
                  "speed": "fast",
                  "pass": true,
                  "fail": false,
                  "pending": false,
                  "context": null,
                  "code": "(0, _functionsPage.verifySortingOrder)(i);",
                  "err": {},
                  "uuid": "0979bcd4-3693-435f-acbb-b86c56b88526",
                  "parentUUID": "c70cf277-7825-4d9f-9a19-c6aca378b30a",
                  "isHook": false,
                  "skipped": false
                },
                {
                  "title": "TC 8 Check Product Details",
                  "fullTitle": "Product Browsing and Selection Viewport: mobile TC 8 Check Product Details",
                  "timedOut": null,
                  "duration": 1046,
                  "state": "passed",
                  "speed": "fast",
                  "pass": true,
                  "fail": false,
                  "pending": false,
                  "context": null,
                  "code": "(0, _functionsPage.goToProductDetailsPage)(0);\n(0, _functionsPage.verifyProductDetails)();\n(0, _functionsPage.verifyProductsListLength)(1);\n(0, _functionsPage.addProductToCartAndVerify)(_dataPage.default.remove, _dataPage.default.cartPageUrl);",
                  "err": {},
                  "uuid": "4bb00358-93d3-4a4d-ad58-393581681ce4",
                  "parentUUID": "c70cf277-7825-4d9f-9a19-c6aca378b30a",
                  "isHook": false,
                  "skipped": false
                },
                {
                  "title": "TC 9 Test Navigation",
                  "fullTitle": "Product Browsing and Selection Viewport: mobile TC 9 Test Navigation",
                  "timedOut": null,
                  "duration": 1253,
                  "state": "passed",
                  "speed": "fast",
                  "pass": true,
                  "fail": false,
                  "pending": false,
                  "context": null,
                  "code": "(0, _functionsPage.clickMenuBtn)();\n(0, _functionsPage.clickAllItemsSidebar)();\n(0, _functionsPage.verifyProductDetails)();\n(0, _functionsPage.verifyProductsListLength)(6);",
                  "err": {},
                  "uuid": "dbeb0e9c-43a9-44b1-bfba-f91854d07014",
                  "parentUUID": "c70cf277-7825-4d9f-9a19-c6aca378b30a",
                  "isHook": false,
                  "skipped": false
                }
              ],
              "suites": [],
              "passes": [
                "63bad2c6-89d2-4d50-8047-3e921ce2d000",
                "cf79cfdf-44ce-461c-b524-7d0506b678dc",
                "d9921132-e3f1-4462-b066-4316a50c0ebf",
                "30babfb9-eac1-4cc2-9c66-079de8f59385",
                "2818748c-bf32-4768-aef0-d960cc7f8f5e",
                "b9b4d0b9-3a61-4afc-b68a-ec83c89b90fc",
                "0979bcd4-3693-435f-acbb-b86c56b88526",
                "4bb00358-93d3-4a4d-ad58-393581681ce4",
                "dbeb0e9c-43a9-44b1-bfba-f91854d07014"
              ],
              "failures": [],
              "pending": [],
              "skipped": [],
              "duration": 9950,
              "root": false,
              "rootEmpty": false,
              "_timeout": 2000
            },
            {
              "uuid": "32e9d337-9c0d-40c5-b8eb-924aea0b8b88",
              "title": "Viewport: tablet",
              "fullFile": "",
              "file": "",
              "beforeHooks": [],
              "afterHooks": [],
              "tests": [
                {
                  "title": "TC 1 Verify the Number of Products Listed and Compare with the Expected Count",
                  "fullTitle": "Product Browsing and Selection Viewport: tablet TC 1 Verify the Number of Products Listed and Compare with the Expected Count",
                  "timedOut": null,
                  "duration": 769,
                  "state": "passed",
                  "speed": "fast",
                  "pass": true,
                  "fail": false,
                  "pending": false,
                  "context": null,
                  "code": "(0, _functionsPage.verifyProductDetails)();",
                  "err": {},
                  "uuid": "70dc0f7d-888a-4416-aa01-3b5220ab3cb0",
                  "parentUUID": "32e9d337-9c0d-40c5-b8eb-924aea0b8b88",
                  "isHook": false,
                  "skipped": false
                },
                {
                  "title": "TC 2 Verify Product List",
                  "fullTitle": "Product Browsing and Selection Viewport: tablet TC 2 Verify Product List",
                  "timedOut": null,
                  "duration": 817,
                  "state": "passed",
                  "speed": "fast",
                  "pass": true,
                  "fail": false,
                  "pending": false,
                  "context": null,
                  "code": "(0, _functionsPage.verifyProductsInfBrowsingPage)();",
                  "err": {},
                  "uuid": "63474505-446c-4cb2-a194-ba07f8029de5",
                  "parentUUID": "32e9d337-9c0d-40c5-b8eb-924aea0b8b88",
                  "isHook": false,
                  "skipped": false
                },
                {
                  "title": "TC 3 Ensure the Products are Correctly Categorized",
                  "fullTitle": "Product Browsing and Selection Viewport: tablet TC 3 Ensure the Products are Correctly Categorized",
                  "timedOut": null,
                  "duration": 816,
                  "state": "passed",
                  "speed": "fast",
                  "pass": true,
                  "fail": false,
                  "pending": false,
                  "context": null,
                  "code": "(0, _functionsPage.verifyProductsOrder)(_dataPage.default.orderOfProducts);",
                  "err": {},
                  "uuid": "cf9ee94f-3243-4405-a4a2-9369fa2e0cb0",
                  "parentUUID": "32e9d337-9c0d-40c5-b8eb-924aea0b8b88",
                  "isHook": false,
                  "skipped": false
                },
                {
                  "title": "TC 4 Validate Sorting Functionality",
                  "fullTitle": "Product Browsing and Selection Viewport: tablet TC 4 Validate Sorting Functionality",
                  "timedOut": null,
                  "duration": 902,
                  "state": "passed",
                  "speed": "fast",
                  "pass": true,
                  "fail": false,
                  "pending": false,
                  "context": null,
                  "code": "(0, _functionsPage.verifySortingOrder)(i);",
                  "err": {},
                  "uuid": "392acf69-078d-454a-986a-fda4b3f11068",
                  "parentUUID": "32e9d337-9c0d-40c5-b8eb-924aea0b8b88",
                  "isHook": false,
                  "skipped": false
                },
                {
                  "title": "TC 5 Validate Sorting Functionality",
                  "fullTitle": "Product Browsing and Selection Viewport: tablet TC 5 Validate Sorting Functionality",
                  "timedOut": null,
                  "duration": 925,
                  "state": "passed",
                  "speed": "fast",
                  "pass": true,
                  "fail": false,
                  "pending": false,
                  "context": null,
                  "code": "(0, _functionsPage.verifySortingOrder)(i);",
                  "err": {},
                  "uuid": "969351e4-9f73-472c-83aa-c2fcf2c3a29f",
                  "parentUUID": "32e9d337-9c0d-40c5-b8eb-924aea0b8b88",
                  "isHook": false,
                  "skipped": false
                },
                {
                  "title": "TC 6 Validate Sorting Functionality",
                  "fullTitle": "Product Browsing and Selection Viewport: tablet TC 6 Validate Sorting Functionality",
                  "timedOut": null,
                  "duration": 940,
                  "state": "passed",
                  "speed": "fast",
                  "pass": true,
                  "fail": false,
                  "pending": false,
                  "context": null,
                  "code": "(0, _functionsPage.verifySortingOrder)(i);",
                  "err": {},
                  "uuid": "328a901f-aa28-44d0-9a5e-34fcd9f70c83",
                  "parentUUID": "32e9d337-9c0d-40c5-b8eb-924aea0b8b88",
                  "isHook": false,
                  "skipped": false
                },
                {
                  "title": "TC 7 Validate Sorting Functionality",
                  "fullTitle": "Product Browsing and Selection Viewport: tablet TC 7 Validate Sorting Functionality",
                  "timedOut": null,
                  "duration": 911,
                  "state": "passed",
                  "speed": "fast",
                  "pass": true,
                  "fail": false,
                  "pending": false,
                  "context": null,
                  "code": "(0, _functionsPage.verifySortingOrder)(i);",
                  "err": {},
                  "uuid": "959cc4c7-4389-46a5-a032-91c8c8b674e1",
                  "parentUUID": "32e9d337-9c0d-40c5-b8eb-924aea0b8b88",
                  "isHook": false,
                  "skipped": false
                },
                {
                  "title": "TC 8 Check Product Details",
                  "fullTitle": "Product Browsing and Selection Viewport: tablet TC 8 Check Product Details",
                  "timedOut": null,
                  "duration": 1038,
                  "state": "passed",
                  "speed": "fast",
                  "pass": true,
                  "fail": false,
                  "pending": false,
                  "context": null,
                  "code": "(0, _functionsPage.goToProductDetailsPage)(0);\n(0, _functionsPage.verifyProductDetails)();\n(0, _functionsPage.verifyProductsListLength)(1);\n(0, _functionsPage.addProductToCartAndVerify)(_dataPage.default.remove, _dataPage.default.cartPageUrl);",
                  "err": {},
                  "uuid": "c7d20206-4fa3-4e5b-a0e8-17dc50da1c2d",
                  "parentUUID": "32e9d337-9c0d-40c5-b8eb-924aea0b8b88",
                  "isHook": false,
                  "skipped": false
                },
                {
                  "title": "TC 9 Test Navigation",
                  "fullTitle": "Product Browsing and Selection Viewport: tablet TC 9 Test Navigation",
                  "timedOut": null,
                  "duration": 1322,
                  "state": "passed",
                  "speed": "fast",
                  "pass": true,
                  "fail": false,
                  "pending": false,
                  "context": null,
                  "code": "(0, _functionsPage.clickMenuBtn)();\n(0, _functionsPage.clickAllItemsSidebar)();\n(0, _functionsPage.verifyProductDetails)();\n(0, _functionsPage.verifyProductsListLength)(6);",
                  "err": {},
                  "uuid": "fd73ea07-ae1e-480c-8456-67675128e4d3",
                  "parentUUID": "32e9d337-9c0d-40c5-b8eb-924aea0b8b88",
                  "isHook": false,
                  "skipped": false
                }
              ],
              "suites": [],
              "passes": [
                "70dc0f7d-888a-4416-aa01-3b5220ab3cb0",
                "63474505-446c-4cb2-a194-ba07f8029de5",
                "cf9ee94f-3243-4405-a4a2-9369fa2e0cb0",
                "392acf69-078d-454a-986a-fda4b3f11068",
                "969351e4-9f73-472c-83aa-c2fcf2c3a29f",
                "328a901f-aa28-44d0-9a5e-34fcd9f70c83",
                "959cc4c7-4389-46a5-a032-91c8c8b674e1",
                "c7d20206-4fa3-4e5b-a0e8-17dc50da1c2d",
                "fd73ea07-ae1e-480c-8456-67675128e4d3"
              ],
              "failures": [],
              "pending": [],
              "skipped": [],
              "duration": 8440,
              "root": false,
              "rootEmpty": false,
              "_timeout": 2000
            },
            {
              "uuid": "d0e33c22-67c1-4f42-8fbd-0296d13fcbe3",
              "title": "Viewport: desktop",
              "fullFile": "",
              "file": "",
              "beforeHooks": [],
              "afterHooks": [],
              "tests": [
                {
                  "title": "TC 1 Verify the Number of Products Listed and Compare with the Expected Count",
                  "fullTitle": "Product Browsing and Selection Viewport: desktop TC 1 Verify the Number of Products Listed and Compare with the Expected Count",
                  "timedOut": null,
                  "duration": 786,
                  "state": "passed",
                  "speed": "fast",
                  "pass": true,
                  "fail": false,
                  "pending": false,
                  "context": null,
                  "code": "(0, _functionsPage.verifyProductDetails)();",
                  "err": {},
                  "uuid": "d13333ce-438e-4350-b6c6-af6db8d84f4b",
                  "parentUUID": "d0e33c22-67c1-4f42-8fbd-0296d13fcbe3",
                  "isHook": false,
                  "skipped": false
                },
                {
                  "title": "TC 2 Verify Product List",
                  "fullTitle": "Product Browsing and Selection Viewport: desktop TC 2 Verify Product List",
                  "timedOut": null,
                  "duration": 846,
                  "state": "passed",
                  "speed": "fast",
                  "pass": true,
                  "fail": false,
                  "pending": false,
                  "context": null,
                  "code": "(0, _functionsPage.verifyProductsInfBrowsingPage)();",
                  "err": {},
                  "uuid": "7f473436-4446-4077-9b2c-9606d6712448",
                  "parentUUID": "d0e33c22-67c1-4f42-8fbd-0296d13fcbe3",
                  "isHook": false,
                  "skipped": false
                },
                {
                  "title": "TC 3 Ensure the Products are Correctly Categorized",
                  "fullTitle": "Product Browsing and Selection Viewport: desktop TC 3 Ensure the Products are Correctly Categorized",
                  "timedOut": null,
                  "duration": 781,
                  "state": "passed",
                  "speed": "fast",
                  "pass": true,
                  "fail": false,
                  "pending": false,
                  "context": null,
                  "code": "(0, _functionsPage.verifyProductsOrder)(_dataPage.default.orderOfProducts);",
                  "err": {},
                  "uuid": "b5a0dd2d-179a-4785-9990-f555a1879366",
                  "parentUUID": "d0e33c22-67c1-4f42-8fbd-0296d13fcbe3",
                  "isHook": false,
                  "skipped": false
                },
                {
                  "title": "TC 4 Validate Sorting Functionality",
                  "fullTitle": "Product Browsing and Selection Viewport: desktop TC 4 Validate Sorting Functionality",
                  "timedOut": null,
                  "duration": 917,
                  "state": "passed",
                  "speed": "fast",
                  "pass": true,
                  "fail": false,
                  "pending": false,
                  "context": null,
                  "code": "(0, _functionsPage.verifySortingOrder)(i);",
                  "err": {},
                  "uuid": "d9db1b4f-f915-4d01-bef2-9286371f7a66",
                  "parentUUID": "d0e33c22-67c1-4f42-8fbd-0296d13fcbe3",
                  "isHook": false,
                  "skipped": false
                },
                {
                  "title": "TC 5 Validate Sorting Functionality",
                  "fullTitle": "Product Browsing and Selection Viewport: desktop TC 5 Validate Sorting Functionality",
                  "timedOut": null,
                  "duration": 912,
                  "state": "passed",
                  "speed": "fast",
                  "pass": true,
                  "fail": false,
                  "pending": false,
                  "context": null,
                  "code": "(0, _functionsPage.verifySortingOrder)(i);",
                  "err": {},
                  "uuid": "9d786561-b4cf-40f2-98d8-b0d9ccd98501",
                  "parentUUID": "d0e33c22-67c1-4f42-8fbd-0296d13fcbe3",
                  "isHook": false,
                  "skipped": false
                },
                {
                  "title": "TC 6 Validate Sorting Functionality",
                  "fullTitle": "Product Browsing and Selection Viewport: desktop TC 6 Validate Sorting Functionality",
                  "timedOut": null,
                  "duration": 938,
                  "state": "passed",
                  "speed": "fast",
                  "pass": true,
                  "fail": false,
                  "pending": false,
                  "context": null,
                  "code": "(0, _functionsPage.verifySortingOrder)(i);",
                  "err": {},
                  "uuid": "e38b633d-ae7b-4c48-84b8-678d6f281bb1",
                  "parentUUID": "d0e33c22-67c1-4f42-8fbd-0296d13fcbe3",
                  "isHook": false,
                  "skipped": false
                },
                {
                  "title": "TC 7 Validate Sorting Functionality",
                  "fullTitle": "Product Browsing and Selection Viewport: desktop TC 7 Validate Sorting Functionality",
                  "timedOut": null,
                  "duration": 913,
                  "state": "passed",
                  "speed": "fast",
                  "pass": true,
                  "fail": false,
                  "pending": false,
                  "context": null,
                  "code": "(0, _functionsPage.verifySortingOrder)(i);",
                  "err": {},
                  "uuid": "ac4484d6-4b54-4d60-8f2a-0a27ea252602",
                  "parentUUID": "d0e33c22-67c1-4f42-8fbd-0296d13fcbe3",
                  "isHook": false,
                  "skipped": false
                },
                {
                  "title": "TC 8 Check Product Details",
                  "fullTitle": "Product Browsing and Selection Viewport: desktop TC 8 Check Product Details",
                  "timedOut": null,
                  "duration": 1014,
                  "state": "passed",
                  "speed": "fast",
                  "pass": true,
                  "fail": false,
                  "pending": false,
                  "context": null,
                  "code": "(0, _functionsPage.goToProductDetailsPage)(0);\n(0, _functionsPage.verifyProductDetails)();\n(0, _functionsPage.verifyProductsListLength)(1);\n(0, _functionsPage.addProductToCartAndVerify)(_dataPage.default.remove, _dataPage.default.cartPageUrl);",
                  "err": {},
                  "uuid": "43c48c20-55b8-492a-a3db-4adf41aaeca3",
                  "parentUUID": "d0e33c22-67c1-4f42-8fbd-0296d13fcbe3",
                  "isHook": false,
                  "skipped": false
                },
                {
                  "title": "TC 9 Test Navigation",
                  "fullTitle": "Product Browsing and Selection Viewport: desktop TC 9 Test Navigation",
                  "timedOut": null,
                  "duration": 1224,
                  "state": "passed",
                  "speed": "fast",
                  "pass": true,
                  "fail": false,
                  "pending": false,
                  "context": null,
                  "code": "(0, _functionsPage.clickMenuBtn)();\n(0, _functionsPage.clickAllItemsSidebar)();\n(0, _functionsPage.verifyProductDetails)();\n(0, _functionsPage.verifyProductsListLength)(6);",
                  "err": {},
                  "uuid": "23cc2973-10c3-40f7-99a6-23edad954ddf",
                  "parentUUID": "d0e33c22-67c1-4f42-8fbd-0296d13fcbe3",
                  "isHook": false,
                  "skipped": false
                }
              ],
              "suites": [],
              "passes": [
                "d13333ce-438e-4350-b6c6-af6db8d84f4b",
                "7f473436-4446-4077-9b2c-9606d6712448",
                "b5a0dd2d-179a-4785-9990-f555a1879366",
                "d9db1b4f-f915-4d01-bef2-9286371f7a66",
                "9d786561-b4cf-40f2-98d8-b0d9ccd98501",
                "e38b633d-ae7b-4c48-84b8-678d6f281bb1",
                "ac4484d6-4b54-4d60-8f2a-0a27ea252602",
                "43c48c20-55b8-492a-a3db-4adf41aaeca3",
                "23cc2973-10c3-40f7-99a6-23edad954ddf"
              ],
              "failures": [],
              "pending": [],
              "skipped": [],
              "duration": 8331,
              "root": false,
              "rootEmpty": false,
              "_timeout": 2000
            }
          ],
          "passes": [],
          "failures": [],
          "pending": [],
          "skipped": [],
          "duration": 0,
          "root": false,
          "rootEmpty": false,
          "_timeout": 2000
        }
      ],
      "passes": [],
      "failures": [],
      "pending": [],
      "skipped": [],
      "duration": 0,
      "root": true,
      "rootEmpty": true,
      "_timeout": 2000
    },
    {
      "uuid": "4b6e9aa4-b38c-41b7-bf23-5d1d4b39d1fd",
      "title": "",
      "fullFile": "cypress\\e2e\\security.cy.js",
      "file": "cypress\\e2e\\security.cy.js",
      "beforeHooks": [],
      "afterHooks": [],
      "tests": [],
      "suites": [
        {
          "uuid": "c3c4a926-9bb6-4222-a058-723390b5d892",
          "title": "Security",
          "fullFile": "",
          "file": "",
          "beforeHooks": [],
          "afterHooks": [],
          "tests": [
            {
              "title": "TC 1 Verify Password Masking",
              "fullTitle": "Security TC 1 Verify Password Masking",
              "timedOut": null,
              "duration": 815,
              "state": "passed",
              "speed": "fast",
              "pass": true,
              "fail": false,
              "pending": false,
              "context": null,
              "code": "cy.visitSauceDemo();\n(0, _functionsPage.typePassword)(_dataPage.default.validPwd);\n(0, _functionsPage.verifyPwdMasking)();",
              "err": {},
              "uuid": "fb8c3195-5297-41be-b27b-04f9837b3b8f",
              "parentUUID": "c3c4a926-9bb6-4222-a058-723390b5d892",
              "isHook": false,
              "skipped": false
            },
            {
              "title": "TC 2 Verify Absence SQL Injection in Login",
              "fullTitle": "Security TC 2 Verify Absence SQL Injection in Login",
              "timedOut": null,
              "duration": 877,
              "state": "passed",
              "speed": "fast",
              "pass": true,
              "fail": false,
              "pending": false,
              "context": null,
              "code": "cy.visitSauceDemo();\n(0, _functionsPage.login)('\\' OR 1=1 --', _dataPage.default.validPwd);\n(0, _functionsPage.verifyContainsVisibility)(_selectorsPage.default.errorMsg);\n(0, _functionsPage.verifyErrorMsg)(_dataPage.default.msgWrongLoginData);",
              "err": {},
              "uuid": "2311552b-b40f-4a40-aa0e-114ab0facb4b",
              "parentUUID": "c3c4a926-9bb6-4222-a058-723390b5d892",
              "isHook": false,
              "skipped": false
            },
            {
              "title": "TC 3 Verify Prevention of XSS Injection in Login ",
              "fullTitle": "Security TC 3 Verify Prevention of XSS Injection in Login ",
              "timedOut": null,
              "duration": 1225,
              "state": "passed",
              "speed": "fast",
              "pass": true,
              "fail": false,
              "pending": false,
              "context": null,
              "code": "cy.visitSauceDemo();\n(0, _functionsPage.login)('<script>alert(\"XSS\")</script>', _dataPage.default.validPwd);\ncy.on('window:alert', txt => {\n  expect(txt).not.to.equal('XSS');\n});\ncy.contains('XSS').should('not.exist');\n(0, _functionsPage.verifyContainsVisibility)(_selectorsPage.default.errorMsg);",
              "err": {},
              "uuid": "40ff01d0-6565-4c5c-9119-61c85d05f225",
              "parentUUID": "c3c4a926-9bb6-4222-a058-723390b5d892",
              "isHook": false,
              "skipped": false
            },
            {
              "title": "TC 4 Verify HTTPS in Login url",
              "fullTitle": "Security TC 4 Verify HTTPS in Login url",
              "timedOut": null,
              "duration": 102,
              "state": "passed",
              "speed": "fast",
              "pass": true,
              "fail": false,
              "pending": false,
              "context": null,
              "code": "cy.visitSauceDemo();\ncy.location('protocol').should('eq', 'https:');",
              "err": {},
              "uuid": "0f43835a-54b1-4399-bf54-c7099d21ffc7",
              "parentUUID": "c3c4a926-9bb6-4222-a058-723390b5d892",
              "isHook": false,
              "skipped": false
            },
            {
              "title": "TC 5 Verify HTTPS for URL https://www.saucedemo.com/inventory.html",
              "fullTitle": "Security TC 5 Verify HTTPS for URL https://www.saucedemo.com/inventory.html",
              "timedOut": null,
              "duration": 234,
              "state": "passed",
              "speed": "fast",
              "pass": true,
              "fail": false,
              "pending": false,
              "context": null,
              "code": "cy.visit(eachUrl, {\n  failOnStatusCode: false\n});\ncy.location('protocol').should('eq', 'https:');",
              "err": {},
              "uuid": "82dd4bfd-7e56-4bf8-b722-b8a3beb5c3ad",
              "parentUUID": "c3c4a926-9bb6-4222-a058-723390b5d892",
              "isHook": false,
              "skipped": false
            },
            {
              "title": "TC 6 Verify HTTPS for URL https://www.saucedemo.com/inventory-item.html?id=4",
              "fullTitle": "Security TC 6 Verify HTTPS for URL https://www.saucedemo.com/inventory-item.html?id=4",
              "timedOut": null,
              "duration": 219,
              "state": "passed",
              "speed": "fast",
              "pass": true,
              "fail": false,
              "pending": false,
              "context": null,
              "code": "cy.visit(eachUrl, {\n  failOnStatusCode: false\n});\ncy.location('protocol').should('eq', 'https:');",
              "err": {},
              "uuid": "c6160bbf-a4df-40c9-8056-d3331333ea46",
              "parentUUID": "c3c4a926-9bb6-4222-a058-723390b5d892",
              "isHook": false,
              "skipped": false
            },
            {
              "title": "TC 7 Verify HTTPS for URL https://www.saucedemo.com/cart.html",
              "fullTitle": "Security TC 7 Verify HTTPS for URL https://www.saucedemo.com/cart.html",
              "timedOut": null,
              "duration": 231,
              "state": "passed",
              "speed": "fast",
              "pass": true,
              "fail": false,
              "pending": false,
              "context": null,
              "code": "cy.visit(eachUrl, {\n  failOnStatusCode: false\n});\ncy.location('protocol').should('eq', 'https:');",
              "err": {},
              "uuid": "1b30182a-f093-4616-b87b-e764a8539dfd",
              "parentUUID": "c3c4a926-9bb6-4222-a058-723390b5d892",
              "isHook": false,
              "skipped": false
            },
            {
              "title": "TC 8 Verify HTTPS for URL https://www.saucedemo.com/checkout-step-one.html",
              "fullTitle": "Security TC 8 Verify HTTPS for URL https://www.saucedemo.com/checkout-step-one.html",
              "timedOut": null,
              "duration": 233,
              "state": "passed",
              "speed": "fast",
              "pass": true,
              "fail": false,
              "pending": false,
              "context": null,
              "code": "cy.visit(eachUrl, {\n  failOnStatusCode: false\n});\ncy.location('protocol').should('eq', 'https:');",
              "err": {},
              "uuid": "c04c9d8b-02d7-4a6f-bff9-02047eb32291",
              "parentUUID": "c3c4a926-9bb6-4222-a058-723390b5d892",
              "isHook": false,
              "skipped": false
            },
            {
              "title": "TC 9 Verify HTTPS for URL https://www.saucedemo.com/checkout-step-two.html",
              "fullTitle": "Security TC 9 Verify HTTPS for URL https://www.saucedemo.com/checkout-step-two.html",
              "timedOut": null,
              "duration": 225,
              "state": "passed",
              "speed": "fast",
              "pass": true,
              "fail": false,
              "pending": false,
              "context": null,
              "code": "cy.visit(eachUrl, {\n  failOnStatusCode: false\n});\ncy.location('protocol').should('eq', 'https:');",
              "err": {},
              "uuid": "50bf07a2-49fc-421c-8391-b914fb7e9801",
              "parentUUID": "c3c4a926-9bb6-4222-a058-723390b5d892",
              "isHook": false,
[...]
                  "pass": true,
                  "fail": false,
                  "pending": false,
                  "context": null,
                  "code": "(0, _functionsPage.addBackpackAndBikeToCart)(_dataPage.default.remove);\n(0, _functionsPage.goToCart)();\n(0, _functionsPage.removeBackpackFromCart)();\n(0, _functionsPage.verifyProductsListLength)(1);\n(0, _functionsPage.removeBikeFromCart)();\n(0, _functionsPage.verifyEmptyCartList)();",
                  "err": {},
                  "uuid": "55aedd84-eef3-49cb-89de-fb365dde5888",
                  "parentUUID": "488e1de9-a098-42d9-aca1-ec9f25a7aaf6",
                  "isHook": false,
                  "skipped": false
                },
                {
                  "title": "TC 4 Verify Cart Count Badge",
                  "fullTitle": "Shopping Cart Functionality Viewport: mobile TC 4 Verify Cart Count Badge",
                  "timedOut": null,
                  "duration": 1444,
                  "state": "passed",
                  "speed": "fast",
                  "pass": true,
                  "fail": false,
                  "pending": false,
                  "context": null,
                  "code": "(0, _functionsPage.addBackpackToCart)(_dataPage.default.remove);\n(0, _functionsPage.goToCart)();\n(0, _functionsPage.verifyBadgeQuantity)(1);\n(0, _functionsPage.clickMenuBtn)();\n(0, _functionsPage.clickAllItemsSidebar)();\n(0, _functionsPage.addBikeToCart)(_dataPage.default.remove);\n(0, _functionsPage.goToCart)();\n(0, _functionsPage.verifyBadgeQuantity)(2);\n(0, _functionsPage.removeBackpackFromCart)();\n(0, _functionsPage.verifyBadgeQuantity)(1);\n(0, _functionsPage.removeBikeFromCart)();\n(0, _functionsPage.verifyEmptyCartBadge)();",
                  "err": {},
                  "uuid": "310f0e6d-282b-4b13-ace0-4e8f53897a95",
                  "parentUUID": "488e1de9-a098-42d9-aca1-ec9f25a7aaf6",
                  "isHook": false,
                  "skipped": false
                },
                {
                  "title": "TC 5 Verify Checkout Process",
                  "fullTitle": "Shopping Cart Functionality Viewport: mobile TC 5 Verify Checkout Process",
                  "timedOut": null,
                  "duration": 1003,
                  "state": "passed",
                  "speed": "fast",
                  "pass": true,
                  "fail": false,
                  "pending": false,
                  "context": null,
                  "code": "(0, _functionsPage.addBackpackToCart)(_dataPage.default.remove);\n(0, _functionsPage.goToCart)();\n(0, _functionsPage.goToFirstCheckoutPage)();\n(0, _functionsPage.verifyContainsVisibility)(_dataPage.default.titleYourInformation);",
                  "err": {},
                  "uuid": "54325087-751b-47e6-bb41-8ec9fc00af20",
                  "parentUUID": "488e1de9-a098-42d9-aca1-ec9f25a7aaf6",
                  "isHook": false,
                  "skipped": false
                },
                {
                  "title": "TC 6 Verify Returning to the List of Products from Cart",
                  "fullTitle": "Shopping Cart Functionality Viewport: mobile TC 6 Verify Returning to the List of Products from Cart",
                  "timedOut": null,
                  "duration": 965,
                  "state": "passed",
                  "speed": "fast",
                  "pass": true,
                  "fail": false,
                  "pending": false,
                  "context": null,
                  "code": "(0, _functionsPage.goToCart)();\n(0, _functionsPage.goBackToContinueShopping)();",
                  "err": {},
                  "uuid": "e9feecf5-10dd-4af6-9057-c442a485fd52",
                  "parentUUID": "488e1de9-a098-42d9-aca1-ec9f25a7aaf6",
                  "isHook": false,
                  "skipped": false
                }
              ],
              "suites": [],
              "passes": [
                "926f1077-8857-40f3-a4cc-71d595a3a08a",
                "f1ccadc8-01d8-4220-bd59-11d98d1cd672",
                "55aedd84-eef3-49cb-89de-fb365dde5888",
                "310f0e6d-282b-4b13-ace0-4e8f53897a95",
                "54325087-751b-47e6-bb41-8ec9fc00af20",
                "e9feecf5-10dd-4af6-9057-c442a485fd52"
              ],
              "failures": [],
              "pending": [],
              "skipped": [],
              "duration": 9206,
              "root": false,
              "rootEmpty": false,
              "_timeout": 2000
            },
            {
              "uuid": "4a3aa3b6-226d-45ce-b657-9bd865bc61c0",
              "title": "Viewport: tablet",
              "fullFile": "",
              "file": "",
              "beforeHooks": [],
              "afterHooks": [],
              "tests": [
                {
                  "title": "TC 1 Verify Adding Products to Cart",
                  "fullTitle": "Shopping Cart Functionality Viewport: tablet TC 1 Verify Adding Products to Cart",
                  "timedOut": null,
                  "duration": 1123,
                  "state": "passed",
                  "speed": "fast",
                  "pass": true,
                  "fail": false,
                  "pending": false,
                  "context": null,
                  "code": "(0, _functionsPage.addBackpackAndBikeToCart)(_dataPage.default.remove);\n(0, _functionsPage.goToCart)();\n(0, _functionsPage.verifyProductDetails)();\n(0, _functionsPage.verifyDetailInformationAboutAddProducts)(_dataPage.default.orderOfProducts[0], _dataPage.default.orderOfProducts[1], _dataPage.default.productsPrice[0], _dataPage.default.productsPrice[1]);",
                  "err": {},
                  "uuid": "ad612c43-9057-4092-ae3a-70b28b8c2312",
                  "parentUUID": "4a3aa3b6-226d-45ce-b657-9bd865bc61c0",
                  "isHook": false,
                  "skipped": false
                },
                {
                  "title": "TC 2 Verify Product Details in Cart",
                  "fullTitle": "Shopping Cart Functionality Viewport: tablet TC 2 Verify Product Details in Cart",
                  "timedOut": null,
                  "duration": 1026,
                  "state": "passed",
                  "speed": "fast",
                  "pass": true,
                  "fail": false,
                  "pending": false,
                  "context": null,
                  "code": "(0, _functionsPage.addBackpackAndBikeToCart)(_dataPage.default.remove);\n(0, _functionsPage.goToCart)();\n(0, _functionsPage.verifyProductsListLength)(2);\n(0, _functionsPage.verifyProductQuantityInCart)(1);",
                  "err": {},
                  "uuid": "dc03dcde-6c20-4c29-a455-e3ab35aea161",
                  "parentUUID": "4a3aa3b6-226d-45ce-b657-9bd865bc61c0",
                  "isHook": false,
                  "skipped": false
                },
                {
                  "title": "TC 3. Verify Removing Products from Cart",
                  "fullTitle": "Shopping Cart Functionality Viewport: tablet TC 3. Verify Removing Products from Cart",
                  "timedOut": null,
                  "duration": 1259,
                  "state": "passed",
                  "speed": "fast",
                  "pass": true,
                  "fail": false,
                  "pending": false,
                  "context": null,
                  "code": "(0, _functionsPage.addBackpackAndBikeToCart)(_dataPage.default.remove);\n(0, _functionsPage.goToCart)();\n(0, _functionsPage.removeBackpackFromCart)();\n(0, _functionsPage.verifyProductsListLength)(1);\n(0, _functionsPage.removeBikeFromCart)();\n(0, _functionsPage.verifyEmptyCartList)();",
                  "err": {},
                  "uuid": "bc54dbe1-39e3-4da0-801b-e1617c8ad0e2",
                  "parentUUID": "4a3aa3b6-226d-45ce-b657-9bd865bc61c0",
                  "isHook": false,
                  "skipped": false
                },
                {
                  "title": "TC 4 Verify Cart Count Badge",
                  "fullTitle": "Shopping Cart Functionality Viewport: tablet TC 4 Verify Cart Count Badge",
                  "timedOut": null,
                  "duration": 1439,
                  "state": "passed",
                  "speed": "fast",
                  "pass": true,
                  "fail": false,
                  "pending": false,
                  "context": null,
                  "code": "(0, _functionsPage.addBackpackToCart)(_dataPage.default.remove);\n(0, _functionsPage.goToCart)();\n(0, _functionsPage.verifyBadgeQuantity)(1);\n(0, _functionsPage.clickMenuBtn)();\n(0, _functionsPage.clickAllItemsSidebar)();\n(0, _functionsPage.addBikeToCart)(_dataPage.default.remove);\n(0, _functionsPage.goToCart)();\n(0, _functionsPage.verifyBadgeQuantity)(2);\n(0, _functionsPage.removeBackpackFromCart)();\n(0, _functionsPage.verifyBadgeQuantity)(1);\n(0, _functionsPage.removeBikeFromCart)();\n(0, _functionsPage.verifyEmptyCartBadge)();",
                  "err": {},
                  "uuid": "9eafe342-eef0-4390-8a84-f391257d5b18",
                  "parentUUID": "4a3aa3b6-226d-45ce-b657-9bd865bc61c0",
                  "isHook": false,
                  "skipped": false
                },
                {
                  "title": "TC 5 Verify Checkout Process",
                  "fullTitle": "Shopping Cart Functionality Viewport: tablet TC 5 Verify Checkout Process",
                  "timedOut": null,
                  "duration": 1026,
                  "state": "passed",
                  "speed": "fast",
                  "pass": true,
                  "fail": false,
                  "pending": false,
                  "context": null,
                  "code": "(0, _functionsPage.addBackpackToCart)(_dataPage.default.remove);\n(0, _functionsPage.goToCart)();\n(0, _functionsPage.goToFirstCheckoutPage)();\n(0, _functionsPage.verifyContainsVisibility)(_dataPage.default.titleYourInformation);",
                  "err": {},
                  "uuid": "ed51df5a-ade0-4f2b-9004-bcfcec76a00a",
                  "parentUUID": "4a3aa3b6-226d-45ce-b657-9bd865bc61c0",
                  "isHook": false,
                  "skipped": false
                },
                {
                  "title": "TC 6 Verify Returning to the List of Products from Cart",
                  "fullTitle": "Shopping Cart Functionality Viewport: tablet TC 6 Verify Returning to the List of Products from Cart",
                  "timedOut": null,
                  "duration": 1102,
                  "state": "passed",
                  "speed": "fast",
                  "pass": true,
                  "fail": false,
                  "pending": false,
                  "context": null,
                  "code": "(0, _functionsPage.goToCart)();\n(0, _functionsPage.goBackToContinueShopping)();",
                  "err": {},
                  "uuid": "a34ee163-c454-4360-86fe-a4a5ba87db43",
                  "parentUUID": "4a3aa3b6-226d-45ce-b657-9bd865bc61c0",
                  "isHook": false,
                  "skipped": false
                }
              ],
              "suites": [],
              "passes": [
                "ad612c43-9057-4092-ae3a-70b28b8c2312",
                "dc03dcde-6c20-4c29-a455-e3ab35aea161",
                "bc54dbe1-39e3-4da0-801b-e1617c8ad0e2",
                "9eafe342-eef0-4390-8a84-f391257d5b18",
                "ed51df5a-ade0-4f2b-9004-bcfcec76a00a",
                "a34ee163-c454-4360-86fe-a4a5ba87db43"
              ],
              "failures": [],
              "pending": [],
              "skipped": [],
              "duration": 6975,
              "root": false,
              "rootEmpty": false,
              "_timeout": 2000
            },
            {
              "uuid": "3877c428-d40c-4bd7-b41b-c5733fe2d194",
              "title": "Viewport: desktop",
              "fullFile": "",
              "file": "",
              "beforeHooks": [],
              "afterHooks": [],
              "tests": [
                {
                  "title": "TC 1 Verify Adding Products to Cart",
                  "fullTitle": "Shopping Cart Functionality Viewport: desktop TC 1 Verify Adding Products to Cart",
                  "timedOut": null,
                  "duration": 1079,
                  "state": "passed",
                  "speed": "fast",
                  "pass": true,
                  "fail": false,
                  "pending": false,
                  "context": null,
                  "code": "(0, _functionsPage.addBackpackAndBikeToCart)(_dataPage.default.remove);\n(0, _functionsPage.goToCart)();\n(0, _functionsPage.verifyProductDetails)();\n(0, _functionsPage.verifyDetailInformationAboutAddProducts)(_dataPage.default.orderOfProducts[0], _dataPage.default.orderOfProducts[1], _dataPage.default.productsPrice[0], _dataPage.default.productsPrice[1]);",
                  "err": {},
                  "uuid": "da5b3a0d-4eec-4e3c-a346-7434849ff75c",
                  "parentUUID": "3877c428-d40c-4bd7-b41b-c5733fe2d194",
                  "isHook": false,
                  "skipped": false
                },
                {
                  "title": "TC 2 Verify Product Details in Cart",
                  "fullTitle": "Shopping Cart Functionality Viewport: desktop TC 2 Verify Product Details in Cart",
                  "timedOut": null,
                  "duration": 1012,
                  "state": "passed",
                  "speed": "fast",
                  "pass": true,
                  "fail": false,
                  "pending": false,
                  "context": null,
                  "code": "(0, _functionsPage.addBackpackAndBikeToCart)(_dataPage.default.remove);\n(0, _functionsPage.goToCart)();\n(0, _functionsPage.verifyProductsListLength)(2);\n(0, _functionsPage.verifyProductQuantityInCart)(1);",
                  "err": {},
                  "uuid": "2235bdd8-7bb7-4901-acbe-52df82abf0ac",
                  "parentUUID": "3877c428-d40c-4bd7-b41b-c5733fe2d194",
                  "isHook": false,
                  "skipped": false
                },
                {
                  "title": "TC 3. Verify Removing Products from Cart",
                  "fullTitle": "Shopping Cart Functionality Viewport: desktop TC 3. Verify Removing Products from Cart",
                  "timedOut": null,
                  "duration": 1186,
                  "state": "passed",
                  "speed": "fast",
                  "pass": true,
                  "fail": false,
                  "pending": false,
                  "context": null,
                  "code": "(0, _functionsPage.addBackpackAndBikeToCart)(_dataPage.default.remove);\n(0, _functionsPage.goToCart)();\n(0, _functionsPage.removeBackpackFromCart)();\n(0, _functionsPage.verifyProductsListLength)(1);\n(0, _functionsPage.removeBikeFromCart)();\n(0, _functionsPage.verifyEmptyCartList)();",
                  "err": {},
                  "uuid": "ca1e7232-bed3-48a9-a13a-cb776abc64c7",
                  "parentUUID": "3877c428-d40c-4bd7-b41b-c5733fe2d194",
                  "isHook": false,
                  "skipped": false
                },
                {
                  "title": "TC 4 Verify Cart Count Badge",
                  "fullTitle": "Shopping Cart Functionality Viewport: desktop TC 4 Verify Cart Count Badge",
                  "timedOut": null,
                  "duration": 1408,
                  "state": "passed",
                  "speed": "fast",
                  "pass": true,
                  "fail": false,
                  "pending": false,
                  "context": null,
                  "code": "(0, _functionsPage.addBackpackToCart)(_dataPage.default.remove);\n(0, _functionsPage.goToCart)();\n(0, _functionsPage.verifyBadgeQuantity)(1);\n(0, _functionsPage.clickMenuBtn)();\n(0, _functionsPage.clickAllItemsSidebar)();\n(0, _functionsPage.addBikeToCart)(_dataPage.default.remove);\n(0, _functionsPage.goToCart)();\n(0, _functionsPage.verifyBadgeQuantity)(2);\n(0, _functionsPage.removeBackpackFromCart)();\n(0, _functionsPage.verifyBadgeQuantity)(1);\n(0, _functionsPage.removeBikeFromCart)();\n(0, _functionsPage.verifyEmptyCartBadge)();",
                  "err": {},
                  "uuid": "89ae08ee-162b-4565-9500-99333fadf959",
                  "parentUUID": "3877c428-d40c-4bd7-b41b-c5733fe2d194",
                  "isHook": false,
                  "skipped": false
                },
                {
                  "title": "TC 5 Verify Checkout Process",
                  "fullTitle": "Shopping Cart Functionality Viewport: desktop TC 5 Verify Checkout Process",
                  "timedOut": null,
                  "duration": 1028,
                  "state": "passed",
                  "speed": "fast",
                  "pass": true,
                  "fail": false,
                  "pending": false,
                  "context": null,
                  "code": "(0, _functionsPage.addBackpackToCart)(_dataPage.default.remove);\n(0, _functionsPage.goToCart)();\n(0, _functionsPage.goToFirstCheckoutPage)();\n(0, _functionsPage.verifyContainsVisibility)(_dataPage.default.titleYourInformation);",
                  "err": {},
                  "uuid": "9a3c2078-eccc-4577-b012-3c0ba10059b5",
                  "parentUUID": "3877c428-d40c-4bd7-b41b-c5733fe2d194",
                  "isHook": false,
                  "skipped": false
                },
                {
                  "title": "TC 6 Verify Returning to the List of Products from Cart",
                  "fullTitle": "Shopping Cart Functionality Viewport: desktop TC 6 Verify Returning to the List of Products from Cart",
                  "timedOut": null,
                  "duration": 939,
                  "state": "passed",
                  "speed": "fast",
                  "pass": true,
                  "fail": false,
                  "pending": false,
                  "context": null,
                  "code": "(0, _functionsPage.goToCart)();\n(0, _functionsPage.goBackToContinueShopping)();",
                  "err": {},
                  "uuid": "b03c44ca-d0ed-4785-b11d-ac8cd879098d",
                  "parentUUID": "3877c428-d40c-4bd7-b41b-c5733fe2d194",
                  "isHook": false,
                  "skipped": false
                }
              ],
              "suites": [],
              "passes": [
                "da5b3a0d-4eec-4e3c-a346-7434849ff75c",
                "2235bdd8-7bb7-4901-acbe-52df82abf0ac",
                "ca1e7232-bed3-48a9-a13a-cb776abc64c7",
                "89ae08ee-162b-4565-9500-99333fadf959",
                "9a3c2078-eccc-4577-b012-3c0ba10059b5",
                "b03c44ca-d0ed-4785-b11d-ac8cd879098d"
              ],
              "failures": [],
              "pending": [],
              "skipped": [],
              "duration": 6652,
              "root": false,
              "rootEmpty": false,
              "_timeout": 2000
            }
          ],
          "passes": [],
          "failures": [],
          "pending": [],
          "skipped": [],
          "duration": 0,
          "root": false,
          "rootEmpty": false,
          "_timeout": 2000
        }
      ],
      "passes": [],
      "failures": [],
      "pending": [],
      "skipped": [],
      "duration": 0,
      "root": true,
      "rootEmpty": true,
      "_timeout": 2000
    }
  ],
  "meta": {
    "mocha": {
      "version": "7.0.1"
    },
    "mochawesome": {
      "options": {
        "quiet": false,
        "reportFilename": "mochawesome",
        "saveHtml": false,
        "saveJson": true,
        "consoleReporter": "spec",
        "useInlineDiffs": false,
        "code": true
      },
      "version": "7.1.3"
    },
    "marge": {
      "options": {
        "id": "default",
        "reportDir": "cypress/results/mochawesome",
        "overwrite": false,
        "html": false,
        "json": true
      },
      "version": "6.2.0"
    }
  }
}