{
  "stats": {
    "suites": 1,
    "tests": 22,
    "passes": 22,
    "pending": 0,
    "failures": 0,
    "start": "2024-07-04T12:37:06.719Z",
    "end": "2024-07-04T12:37:15.596Z",
    "duration": 8877,
    "testsRegistered": 22,
    "passPercent": 100,
    "pendingPercent": 0,
    "other": 0,
    "hasOther": false,
    "skipped": 0,
    "hasSkipped": false
  },
  "results": [
    {
      "uuid": "163f07be-1387-463b-84dd-ccd0d34031bc",
      "title": "",
      "fullFile": "cypress\\e2e\\security.cy.js",
      "file": "cypress\\e2e\\security.cy.js",
      "beforeHooks": [],
      "afterHooks": [],
      "tests": [],
      "suites": [
        {
          "uuid": "d6c173b6-4030-42fb-8e22-14c84b5ba688",
          "title": "Security",
          "fullFile": "",
          "file": "",
          "beforeHooks": [],
          "afterHooks": [],
          "tests": [
            {
              "title": "TC 1 Verify Password Masking",
              "fullTitle": "Security TC 1 Verify Password Masking",
              "timedOut": null,
              "duration": 1380,
              "state": "passed",
              "speed": "fast",
              "pass": true,
              "fail": false,
              "pending": false,
              "context": null,
              "code": "cy.visitSauceDemo();\n(0, _functionsPage.typePassword)(_dataPage.default.validPwd);\n(0, _functionsPage.verifyPwdMasking)();",
              "err": {},
              "uuid": "b4338761-c915-486c-b2e7-0abc0535c9c0",
              "parentUUID": "d6c173b6-4030-42fb-8e22-14c84b5ba688",
              "isHook": false,
              "skipped": false
            },
            {
              "title": "TC 2 Verify Absence SQL Injection in Login",
              "fullTitle": "Security TC 2 Verify Absence SQL Injection in Login",
              "timedOut": null,
              "duration": 914,
              "state": "passed",
              "speed": "fast",
              "pass": true,
              "fail": false,
              "pending": false,
              "context": null,
              "code": "cy.visitSauceDemo();\n(0, _functionsPage.login)('\\' OR 1=1 --', _dataPage.default.validPwd);\n(0, _functionsPage.verifyContainsVisibility)(_selectorsPage.default.errorMsg);\n(0, _functionsPage.verifyErrorMsg)(_dataPage.default.msgWrongLoginData);",
              "err": {},
              "uuid": "6af8127f-5c5a-4499-ac4b-58c28e4f3c6e",
              "parentUUID": "d6c173b6-4030-42fb-8e22-14c84b5ba688",
              "isHook": false,
              "skipped": false
            },
            {
              "title": "TC 3 Verify Prevention of XSS Injection in Login ",
              "fullTitle": "Security TC 3 Verify Prevention of XSS Injection in Login ",
              "timedOut": null,
              "duration": 1158,
              "state": "passed",
              "speed": "fast",
              "pass": true,
              "fail": false,
              "pending": false,
              "context": null,
              "code": "cy.visitSauceDemo();\n(0, _functionsPage.login)('<script>alert(\"XSS\")</script>', _dataPage.default.validPwd);\ncy.on('window:alert', txt => {\n  expect(txt).not.to.equal('XSS');\n});\ncy.contains('XSS').should('not.exist');\n(0, _functionsPage.verifyContainsVisibility)(_selectorsPage.default.errorMsg);",
              "err": {},
              "uuid": "3f2f0ae4-1c4e-47d0-96dd-08e0d173778c",
              "parentUUID": "d6c173b6-4030-42fb-8e22-14c84b5ba688",
              "isHook": false,
              "skipped": false
            },
            {
              "title": "TC 4 Verify HTTPS in Login url",
              "fullTitle": "Security TC 4 Verify HTTPS in Login url",
              "timedOut": null,
              "duration": 158,
              "state": "passed",
              "speed": "fast",
              "pass": true,
              "fail": false,
              "pending": false,
              "context": null,
              "code": "cy.visitSauceDemo();\ncy.location('protocol').should('eq', 'https:');",
              "err": {},
              "uuid": "917331a1-6e59-49eb-91ec-b52545ab72f4",
              "parentUUID": "d6c173b6-4030-42fb-8e22-14c84b5ba688",
              "isHook": false,
              "skipped": false
            },
            {
              "title": "TC 5 Verify HTTPS for URL https://www.saucedemo.com/inventory.html",
              "fullTitle": "Security TC 5 Verify HTTPS for URL https://www.saucedemo.com/inventory.html",
              "timedOut": null,
              "duration": 250,
              "state": "passed",
              "speed": "fast",
              "pass": true,
              "fail": false,
              "pending": false,
              "context": null,
              "code": "cy.visit(eachUrl, {\n  failOnStatusCode: false\n});\ncy.location('protocol').should('eq', 'https:');",
              "err": {},
              "uuid": "b2c78643-51af-444a-85e3-87d893cd5a0d",
              "parentUUID": "d6c173b6-4030-42fb-8e22-14c84b5ba688",
              "isHook": false,
              "skipped": false
            },
            {
              "title": "TC 6 Verify HTTPS for URL https://www.saucedemo.com/inventory-item.html?id=4",
              "fullTitle": "Security TC 6 Verify HTTPS for URL https://www.saucedemo.com/inventory-item.html?id=4",
              "timedOut": null,
              "duration": 112,
              "state": "passed",
              "speed": "fast",
              "pass": true,
              "fail": false,
              "pending": false,
              "context": null,
              "code": "cy.visit(eachUrl, {\n  failOnStatusCode: false\n});\ncy.location('protocol').should('eq', 'https:');",
              "err": {},
              "uuid": "ed923fff-6eeb-4be5-8004-bb4e62469270",
              "parentUUID": "d6c173b6-4030-42fb-8e22-14c84b5ba688",
              "isHook": false,
              "skipped": false
            },
            {
              "title": "TC 7 Verify HTTPS for URL https://www.saucedemo.com/cart.html",
              "fullTitle": "Security TC 7 Verify HTTPS for URL https://www.saucedemo.com/cart.html",
              "timedOut": null,
              "duration": 116,
              "state": "passed",
              "speed": "fast",
              "pass": true,
              "fail": false,
              "pending": false,
              "context": null,
              "code": "cy.visit(eachUrl, {\n  failOnStatusCode: false\n});\ncy.location('protocol').should('eq', 'https:');",
              "err": {},
              "uuid": "5263ba65-70e6-4f7e-bf97-890eab5bc270",
              "parentUUID": "d6c173b6-4030-42fb-8e22-14c84b5ba688",
              "isHook": false,
              "skipped": false
            },
            {
              "title": "TC 8 Verify HTTPS for URL https://www.saucedemo.com/checkout-step-one.html",
              "fullTitle": "Security TC 8 Verify HTTPS for URL https://www.saucedemo.com/checkout-step-one.html",
              "timedOut": null,
              "duration": 119,
              "state": "passed",
              "speed": "fast",
              "pass": true,
              "fail": false,
              "pending": false,
              "context": null,
              "code": "cy.visit(eachUrl, {\n  failOnStatusCode: false\n});\ncy.location('protocol').should('eq', 'https:');",
              "err": {},
              "uuid": "0becfc1a-c9c1-468f-bf65-97084bd310a7",
              "parentUUID": "d6c173b6-4030-42fb-8e22-14c84b5ba688",
              "isHook": false,
              "skipped": false
            },
            {
              "title": "TC 9 Verify HTTPS for URL https://www.saucedemo.com/checkout-step-two.html",
              "fullTitle": "Security TC 9 Verify HTTPS for URL https://www.saucedemo.com/checkout-step-two.html",
              "timedOut": null,
              "duration": 122,
              "state": "passed",
              "speed": "fast",
              "pass": true,
              "fail": false,
              "pending": false,
              "context": null,
              "code": "cy.visit(eachUrl, {\n  failOnStatusCode: false\n});\ncy.location('protocol').should('eq', 'https:');",
              "err": {},
              "uuid": "fae77f4c-a54f-4e75-af31-d0b131a87188",
              "parentUUID": "d6c173b6-4030-42fb-8e22-14c84b5ba688",
              "isHook": false,
              "skipped": false
            },
            {
              "title": "TC 10 Verify HTTPS for URL https://www.saucedemo.com/checkout-complete.html",
              "fullTitle": "Security TC 10 Verify HTTPS for URL https://www.saucedemo.com/checkout-complete.html",
              "timedOut": null,
              "duration": 113,
              "state": "passed",
              "speed": "fast",
              "pass": true,
              "fail": false,
              "pending": false,
              "context": null,
              "code": "cy.visit(eachUrl, {\n  failOnStatusCode: false\n});\ncy.location('protocol').should('eq', 'https:');",
              "err": {},
              "uuid": "7f446ee0-162d-437d-957f-b8d8d80c13b1",
              "parentUUID": "d6c173b6-4030-42fb-8e22-14c84b5ba688",
              "isHook": false,
              "skipped": false
            },
            {
              "title": "TC 11 All Critical Pages Display an Access Denied Message when Bypassing Login for the URL https://www.saucedemo.com/inventory.html",
              "fullTitle": "Security TC 11 All Critical Pages Display an Access Denied Message when Bypassing Login for the URL https://www.saucedemo.com/inventory.html",
              "timedOut": null,
              "duration": 140,
              "state": "passed",
              "speed": "fast",
              "pass": true,
              "fail": false,
              "pending": false,
              "context": null,
              "code": "cy.visit(eachUrl, {\n  failOnStatusCode: false\n});\n(0, _functionsPage.verifyContainsVisibility)(_selectorsPage.default.errorMsg);",
              "err": {},
              "uuid": "cb9b9a3e-2d81-42b8-91ba-d75008d74215",
              "parentUUID": "d6c173b6-4030-42fb-8e22-14c84b5ba688",
              "isHook": false,
              "skipped": false
            },
            {
              "title": "TC 12 All Critical Pages Display an Access Denied Message when Bypassing Login for the URL https://www.saucedemo.com/inventory-item.html?id=4",
              "fullTitle": "Security TC 12 All Critical Pages Display an Access Denied Message when Bypassing Login for the URL https://www.saucedemo.com/inventory-item.html?id=4",
              "timedOut": null,
              "duration": 138,
              "state": "passed",
              "speed": "fast",
              "pass": true,
              "fail": false,
              "pending": false,
              "context": null,
              "code": "cy.visit(eachUrl, {\n  failOnStatusCode: false\n});\n(0, _functionsPage.verifyContainsVisibility)(_selectorsPage.default.errorMsg);",
              "err": {},
              "uuid": "80d9119f-1512-42c0-b6db-3b9941d47478",
              "parentUUID": "d6c173b6-4030-42fb-8e22-14c84b5ba688",
              "isHook": false,
              "skipped": false
            },
            {
              "title": "TC 13 All Critical Pages Display an Access Denied Message when Bypassing Login for the URL https://www.saucedemo.com/cart.html",
              "fullTitle": "Security TC 13 All Critical Pages Display an Access Denied Message when Bypassing Login for the URL https://www.saucedemo.com/cart.html",
              "timedOut": null,
              "duration": 139,
              "state": "passed",
              "speed": "fast",
              "pass": true,
              "fail": false,
              "pending": false,
              "context": null,
              "code": "cy.visit(eachUrl, {\n  failOnStatusCode: false\n});\n(0, _functionsPage.verifyContainsVisibility)(_selectorsPage.default.errorMsg);",
              "err": {},
              "uuid": "5472bbf7-b49d-45ae-a635-a08fbfd258fc",
              "parentUUID": "d6c173b6-4030-42fb-8e22-14c84b5ba688",
              "isHook": false,
              "skipped": false
            },
            {
              "title": "TC 14 All Critical Pages Display an Access Denied Message when Bypassing Login for the URL https://www.saucedemo.com/checkout-step-one.html",
              "fullTitle": "Security TC 14 All Critical Pages Display an Access Denied Message when Bypassing Login for the URL https://www.saucedemo.com/checkout-step-one.html",
              "timedOut": null,
              "duration": 122,
              "state": "passed",
              "speed": "fast",
              "pass": true,
              "fail": false,
              "pending": false,
              "context": null,
              "code": "cy.visit(eachUrl, {\n  failOnStatusCode: false\n});\n(0, _functionsPage.verifyContainsVisibility)(_selectorsPage.default.errorMsg);",
              "err": {},
              "uuid": "444f7300-d87f-43f5-9059-4362c27070d9",
              "parentUUID": "d6c173b6-4030-42fb-8e22-14c84b5ba688",
              "isHook": false,
              "skipped": false
            },
            {
              "title": "TC 15 All Critical Pages Display an Access Denied Message when Bypassing Login for the URL https://www.saucedemo.com/checkout-step-two.html",
              "fullTitle": "Security TC 15 All Critical Pages Display an Access Denied Message when Bypassing Login for the URL https://www.saucedemo.com/checkout-step-two.html",
              "timedOut": null,
              "duration": 141,
              "state": "passed",
              "speed": "fast",
              "pass": true,
              "fail": false,
              "pending": false,
              "context": null,
              "code": "cy.visit(eachUrl, {\n  failOnStatusCode: false\n});\n(0, _functionsPage.verifyContainsVisibility)(_selectorsPage.default.errorMsg);",
              "err": {},
              "uuid": "a6a2a399-266e-47ae-8c93-d0ec8ee5ab9a",
              "parentUUID": "d6c173b6-4030-42fb-8e22-14c84b5ba688",
              "isHook": false,
              "skipped": false
            },
            {
              "title": "TC 16 All Critical Pages Display an Access Denied Message when Bypassing Login for the URL https://www.saucedemo.com/checkout-complete.html",
              "fullTitle": "Security TC 16 All Critical Pages Display an Access Denied Message when Bypassing Login for the URL https://www.saucedemo.com/checkout-complete.html",
              "timedOut": null,
              "duration": 150,
              "state": "passed",
              "speed": "fast",
              "pass": true,
              "fail": false,
              "pending": false,
              "context": null,
              "code": "cy.visit(eachUrl, {\n  failOnStatusCode: false\n});\n(0, _functionsPage.verifyContainsVisibility)(_selectorsPage.default.errorMsg);",
              "err": {},
              "uuid": "76811a29-9999-45fb-ae09-57f95877b6f4",
              "parentUUID": "d6c173b6-4030-42fb-8e22-14c84b5ba688",
              "isHook": false,
              "skipped": false
            },
            {
              "title": "TC 17 Check for a 404 Error for Invalid URL https://www.saucedemo.com/inventory.html",
              "fullTitle": "Security TC 17 Check for a 404 Error for Invalid URL https://www.saucedemo.com/inventory.html",
              "timedOut": null,
              "duration": 79,
              "state": "passed",
              "speed": "fast",
              "pass": true,
              "fail": false,
              "pending": false,
              "context": null,
              "code": "cy.request({\n  url: eachUrl,\n  failOnStatusCode: false\n}).then(response => {\n  expect(response.status).to.eq(404);\n});",
              "err": {},
              "uuid": "7c5e3064-544b-412e-b3ee-f1124bfcbf72",
              "parentUUID": "d6c173b6-4030-42fb-8e22-14c84b5ba688",
              "isHook": false,
              "skipped": false
            },
            {
              "title": "TC 18 Check for a 404 Error for Invalid URL https://www.saucedemo.com/inventory-item.html?id=4",
              "fullTitle": "Security TC 18 Check for a 404 Error for Invalid URL https://www.saucedemo.com/inventory-item.html?id=4",
              "timedOut": null,
              "duration": 80,
              "state": "passed",
              "speed": "fast",
              "pass": true,
              "fail": false,
              "pending": false,
              "context": null,
              "code": "cy.request({\n  url: eachUrl,\n  failOnStatusCode: false\n}).then(response => {\n  expect(response.status).to.eq(404);\n});",
              "err": {},
              "uuid": "ce50de7b-103e-46c2-9d9b-a1b4c75be06f",
              "parentUUID": "d6c173b6-4030-42fb-8e22-14c84b5ba688",
              "isHook": false,
              "skipped": false
            },
            {
              "title": "TC 19 Check for a 404 Error for Invalid URL https://www.saucedemo.com/cart.html",
              "fullTitle": "Security TC 19 Check for a 404 Error for Invalid URL https://www.saucedemo.com/cart.html",
              "timedOut": null,
              "duration": 64,
              "state": "passed",
              "speed": "fast",
              "pass": true,
              "fail": false,
              "pending": false,
              "context": null,
              "code": "cy.request({\n  url: eachUrl,\n  failOnStatusCode: false\n}).then(response => {\n  expect(response.status).to.eq(404);\n});",
              "err": {},
              "uuid": "6fde5586-c4b9-41a5-b903-2090f526627c",
              "parentUUID": "d6c173b6-4030-42fb-8e22-14c84b5ba688",
              "isHook": false,
              "skipped": false
            },
            {
              "title": "TC 20 Check for a 404 Error for Invalid URL https://www.saucedemo.com/checkout-step-one.html",
              "fullTitle": "Security TC 20 Check for a 404 Error for Invalid URL https://www.saucedemo.com/checkout-step-one.html",
              "timedOut": null,
              "duration": 72,
              "state": "passed",
              "speed": "fast",
              "pass": true,
              "fail": false,
              "pending": false,
              "context": null,
              "code": "cy.request({\n  url: eachUrl,\n  failOnStatusCode: false\n}).then(response => {\n  expect(response.status).to.eq(404);\n});",
              "err": {},
              "uuid": "849d475b-82e0-4709-9bec-dcc8e45be9ec",
              "parentUUID": "d6c173b6-4030-42fb-8e22-14c84b5ba688",
              "isHook": false,
              "skipped": false
            },
            {
              "title": "TC 21 Check for a 404 Error for Invalid URL https://www.saucedemo.com/checkout-step-two.html",
              "fullTitle": "Security TC 21 Check for a 404 Error for Invalid URL https://www.saucedemo.com/checkout-step-two.html",
              "timedOut": null,
              "duration": 73,
              "state": "passed",
              "speed": "fast",
              "pass": true,
              "fail": false,
              "pending": false,
              "context": null,
              "code": "cy.request({\n  url: eachUrl,\n  failOnStatusCode: false\n}).then(response => {\n  expect(response.status).to.eq(404);\n});",
              "err": {},
              "uuid": "90841faa-c723-45ca-a051-c3222fe2e761",
              "parentUUID": "d6c173b6-4030-42fb-8e22-14c84b5ba688",
              "isHook": false,
              "skipped": false
            },
            {
              "title": "TC 22 Check for a 404 Error for Invalid URL https://www.saucedemo.com/checkout-complete.html",
              "fullTitle": "Security TC 22 Check for a 404 Error for Invalid URL https://www.saucedemo.com/checkout-complete.html",
              "timedOut": null,
              "duration": 66,
              "state": "passed",
              "speed": "fast",
              "pass": true,
              "fail": false,
              "pending": false,
              "context": null,
              "code": "cy.request({\n  url: eachUrl,\n  failOnStatusCode: false\n}).then(response => {\n  expect(response.status).to.eq(404);\n});",
              "err": {},
              "uuid": "076e14b0-9824-49ad-9504-5cb20364dbd8",
              "parentUUID": "d6c173b6-4030-42fb-8e22-14c84b5ba688",
              "isHook": false,
              "skipped": false
            }
          ],
          "suites": [],
          "passes": [
            "b4338761-c915-486c-b2e7-0abc0535c9c0",
            "6af8127f-5c5a-4499-ac4b-58c28e4f3c6e",
            "3f2f0ae4-1c4e-47d0-96dd-08e0d173778c",
            "917331a1-6e59-49eb-91ec-b52545ab72f4",
            "b2c78643-51af-444a-85e3-87d893cd5a0d",
            "ed923fff-6eeb-4be5-8004-bb4e62469270",
            "5263ba65-70e6-4f7e-bf97-890eab5bc270",
            "0becfc1a-c9c1-468f-bf65-97084bd310a7",
            "fae77f4c-a54f-4e75-af31-d0b131a87188",
            "7f446ee0-162d-437d-957f-b8d8d80c13b1",
            "cb9b9a3e-2d81-42b8-91ba-d75008d74215",
            "80d9119f-1512-42c0-b6db-3b9941d47478",
            "5472bbf7-b49d-45ae-a635-a08fbfd258fc",
            "444f7300-d87f-43f5-9059-4362c27070d9",
            "a6a2a399-266e-47ae-8c93-d0ec8ee5ab9a",
            "76811a29-9999-45fb-ae09-57f95877b6f4",
            "7c5e3064-544b-412e-b3ee-f1124bfcbf72",
            "ce50de7b-103e-46c2-9d9b-a1b4c75be06f",
            "6fde5586-c4b9-41a5-b903-2090f526627c",
            "849d475b-82e0-4709-9bec-dcc8e45be9ec",
            "90841faa-c723-45ca-a051-c3222fe2e761",
            "076e14b0-9824-49ad-9504-5cb20364dbd8"
          ],
          "failures": [],
          "pending": [],
          "skipped": [],
          "duration": 5706,
          "root": false,
          "rootEmpty": false,
          "_timeout": 2000
        }
      ],
      "passes": [],
      "failures": [],
      "pending": [],
      "skipped": [],
      "duration": 0,
      "root": true,
      "rootEmpty": true,
      "_timeout": 2000
    }
  ],
  "meta": {
    "mocha": {
      "version": "7.0.1"
    },
    "mochawesome": {
      "options": {
        "quiet": false,
        "reportFilename": "mochawesome",
        "saveHtml": false,
        "saveJson": true,
        "consoleReporter": "spec",
        "useInlineDiffs": false,
        "code": true
      },
      "version": "7.1.3"
    },
    "marge": {
      "options": {
        "id": "default",
        "reportDir": "cypress/results/mochawesome",
        "overwrite": false,
        "html": false,
        "json": true
      },
      "version": "6.2.0"
    }
  }
}