{
  "stats": {
    "suites": 4,
    "tests": 18,
    "passes": 18,
    "pending": 0,
    "failures": 0,
    "start": "2024-07-04T12:31:33.280Z",
    "end": "2024-07-04T12:32:00.325Z",
    "duration": 27045,
    "testsRegistered": 18,
    "passPercent": 100,
    "pendingPercent": 0,
    "other": 0,
    "hasOther": false,
    "skipped": 0,
    "hasSkipped": false
  },
  "results": [
    {
      "uuid": "7c50e8eb-93ef-45a0-bcaa-658ffece5b03",
      "title": "",
      "fullFile": "cypress\\e2e\\cartFunctionality.cy.js",
      "file": "cypress\\e2e\\cartFunctionality.cy.js",
      "beforeHooks": [],
      "afterHooks": [],
      "tests": [],
      "suites": [
        {
          "uuid": "2338bd9a-f881-48bf-be70-dc9fbb73c740",
          "title": "Shopping Cart Functionality",
          "fullFile": "",
          "file": "",
          "beforeHooks": [],
          "afterHooks": [],
          "tests": [],
          "suites": [
            {
              "uuid": "6150b708-06b3-48e6-8301-37882d8e3aef",
              "title": "Viewport: mobile",
              "fullFile": "",
              "file": "",
              "beforeHooks": [],
              "afterHooks": [],
              "tests": [
                {
                  "title": "TC 1 Verify Adding Products to Cart",
                  "fullTitle": "Shopping Cart Functionality Viewport: mobile TC 1 Verify Adding Products to Cart",
                  "timedOut": null,
                  "duration": 2927,
                  "state": "passed",
                  "speed": "fast",
                  "pass": true,
                  "fail": false,
                  "pending": false,
                  "context": null,
                  "code": "(0, _functionsPage.addBackpackAndBikeToCart)(_dataPage.default.remove);\n(0, _functionsPage.goToCart)();\n(0, _functionsPage.verifyProductDetails)();\n(0, _functionsPage.verifyDetailInformationAboutAddProducts)(_dataPage.default.orderOfProducts[0], _dataPage.default.orderOfProducts[1], _dataPage.default.productsPrice[0], _dataPage.default.productsPrice[1]);",
                  "err": {},
                  "uuid": "1a54e246-9774-4f43-a8d3-0844be8bffeb",
                  "parentUUID": "6150b708-06b3-48e6-8301-37882d8e3aef",
                  "isHook": false,
                  "skipped": false
                },
                {
                  "title": "TC 2 Verify Product Details in Cart",
                  "fullTitle": "Shopping Cart Functionality Viewport: mobile TC 2 Verify Product Details in Cart",
                  "timedOut": null,
                  "duration": 1232,
                  "state": "passed",
                  "speed": "fast",
                  "pass": true,
                  "fail": false,
                  "pending": false,
                  "context": null,
                  "code": "(0, _functionsPage.addBackpackAndBikeToCart)(_dataPage.default.remove);\n(0, _functionsPage.goToCart)();\n(0, _functionsPage.verifyProductsListLength)(2);\n(0, _functionsPage.verifyProductQuantityInCart)(1);",
                  "err": {},
                  "uuid": "74a2eb9a-8446-4164-b551-73e3344dd647",
                  "parentUUID": "6150b708-06b3-48e6-8301-37882d8e3aef",
                  "isHook": false,
                  "skipped": false
                },
                {
                  "title": "TC 3. Verify Removing Products from Cart",
                  "fullTitle": "Shopping Cart Functionality Viewport: mobile TC 3. Verify Removing Products from Cart",
                  "timedOut": null,
                  "duration": 1431,
                  "state": "passed",
                  "speed": "fast",
                  "pass": true,
                  "fail": false,
                  "pending": false,
                  "context": null,
                  "code": "(0, _functionsPage.addBackpackAndBikeToCart)(_dataPage.default.remove);\n(0, _functionsPage.goToCart)();\n(0, _functionsPage.removeBackpackFromCart)();\n(0, _functionsPage.verifyProductsListLength)(1);\n(0, _functionsPage.removeBikeFromCart)();\n(0, _functionsPage.verifyEmptyCartList)();",
                  "err": {},
                  "uuid": "991537b7-8c6c-489a-bfad-b21b0fd361e4",
                  "parentUUID": "6150b708-06b3-48e6-8301-37882d8e3aef",
                  "isHook": false,
                  "skipped": false
                },
                {
                  "title": "TC 4 Verify Cart Count Badge",
                  "fullTitle": "Shopping Cart Functionality Viewport: mobile TC 4 Verify Cart Count Badge",
                  "timedOut": null,
                  "duration": 1427,
                  "state": "passed",
                  "speed": "fast",
                  "pass": true,
                  "fail": false,
                  "pending": false,
                  "context": null,
                  "code": "(0, _functionsPage.addBackpackToCart)(_dataPage.default.remove);\n(0, _functionsPage.goToCart)();\n(0, _functionsPage.verifyBadgeQuantity)(1);\n(0, _functionsPage.clickMenuBtn)();\n(0, _functionsPage.clickAllItemsSidebar)();\n(0, _functionsPage.addBikeToCart)(_dataPage.default.remove);\n(0, _functionsPage.goToCart)();\n(0, _functionsPage.verifyBadgeQuantity)(2);\n(0, _functionsPage.removeBackpackFromCart)();\n(0, _functionsPage.verifyBadgeQuantity)(1);\n(0, _functionsPage.removeBikeFromCart)();\n(0, _functionsPage.verifyEmptyCartBadge)();",
                  "err": {},
                  "uuid": "22f859eb-6b0a-417a-b866-af225b6a5915",
                  "parentUUID": "6150b708-06b3-48e6-8301-37882d8e3aef",
                  "isHook": false,
                  "skipped": false
                },
                {
                  "title": "TC 5 Verify Checkout Process",
                  "fullTitle": "Shopping Cart Functionality Viewport: mobile TC 5 Verify Checkout Process",
                  "timedOut": null,
                  "duration": 1013,
                  "state": "passed",
                  "speed": "fast",
                  "pass": true,
                  "fail": false,
                  "pending": false,
                  "context": null,
                  "code": "(0, _functionsPage.addBackpackToCart)(_dataPage.default.remove);\n(0, _functionsPage.goToCart)();\n(0, _functionsPage.goToFirstCheckoutPage)();\n(0, _functionsPage.verifyContainsVisibility)(_dataPage.default.titleYourInformation);",
                  "err": {},
                  "uuid": "863c61f3-af74-416e-bb6e-0b01941f56a7",
                  "parentUUID": "6150b708-06b3-48e6-8301-37882d8e3aef",
                  "isHook": false,
                  "skipped": false
                },
                {
                  "title": "TC 6 Verify Returning to the List of Products from Cart",
                  "fullTitle": "Shopping Cart Functionality Viewport: mobile TC 6 Verify Returning to the List of Products from Cart",
                  "timedOut": null,
                  "duration": 954,
                  "state": "passed",
                  "speed": "fast",
                  "pass": true,
                  "fail": false,
                  "pending": false,
                  "context": null,
                  "code": "(0, _functionsPage.goToCart)();\n(0, _functionsPage.goBackToContinueShopping)();",
                  "err": {},
                  "uuid": "297e3331-d4ee-4850-8480-eca5eb82c122",
                  "parentUUID": "6150b708-06b3-48e6-8301-37882d8e3aef",
                  "isHook": false,
                  "skipped": false
                }
              ],
              "suites": [],
              "passes": [
                "1a54e246-9774-4f43-a8d3-0844be8bffeb",
                "74a2eb9a-8446-4164-b551-73e3344dd647",
                "991537b7-8c6c-489a-bfad-b21b0fd361e4",
                "22f859eb-6b0a-417a-b866-af225b6a5915",
                "863c61f3-af74-416e-bb6e-0b01941f56a7",
                "297e3331-d4ee-4850-8480-eca5eb82c122"
              ],
              "failures": [],
              "pending": [],
              "skipped": [],
              "duration": 8984,
              "root": false,
              "rootEmpty": false,
              "_timeout": 2000
            },
            {
              "uuid": "7897e806-ad26-43e3-9d13-cefe1e9f0db7",
              "title": "Viewport: tablet",
              "fullFile": "",
              "file": "",
              "beforeHooks": [],
              "afterHooks": [],
              "tests": [
                {
                  "title": "TC 1 Verify Adding Products to Cart",
                  "fullTitle": "Shopping Cart Functionality Viewport: tablet TC 1 Verify Adding Products to Cart",
                  "timedOut": null,
                  "duration": 1074,
                  "state": "passed",
                  "speed": "fast",
                  "pass": true,
                  "fail": false,
                  "pending": false,
                  "context": null,
                  "code": "(0, _functionsPage.addBackpackAndBikeToCart)(_dataPage.default.remove);\n(0, _functionsPage.goToCart)();\n(0, _functionsPage.verifyProductDetails)();\n(0, _functionsPage.verifyDetailInformationAboutAddProducts)(_dataPage.default.orderOfProducts[0], _dataPage.default.orderOfProducts[1], _dataPage.default.productsPrice[0], _dataPage.default.productsPrice[1]);",
                  "err": {},
                  "uuid": "a185a1ee-c8f9-42a0-9036-20cf0a616c82",
                  "parentUUID": "7897e806-ad26-43e3-9d13-cefe1e9f0db7",
                  "isHook": false,
                  "skipped": false
                },
                {
                  "title": "TC 2 Verify Product Details in Cart",
                  "fullTitle": "Shopping Cart Functionality Viewport: tablet TC 2 Verify Product Details in Cart",
                  "timedOut": null,
                  "duration": 1073,
                  "state": "passed",
                  "speed": "fast",
                  "pass": true,
                  "fail": false,
                  "pending": false,
                  "context": null,
                  "code": "(0, _functionsPage.addBackpackAndBikeToCart)(_dataPage.default.remove);\n(0, _functionsPage.goToCart)();\n(0, _functionsPage.verifyProductsListLength)(2);\n(0, _functionsPage.verifyProductQuantityInCart)(1);",
                  "err": {},
                  "uuid": "ddd1cbab-c67a-4472-b992-669dfd4699cc",
                  "parentUUID": "7897e806-ad26-43e3-9d13-cefe1e9f0db7",
                  "isHook": false,
                  "skipped": false
                },
                {
                  "title": "TC 3. Verify Removing Products from Cart",
                  "fullTitle": "Shopping Cart Functionality Viewport: tablet TC 3. Verify Removing Products from Cart",
                  "timedOut": null,
                  "duration": 1204,
                  "state": "passed",
                  "speed": "fast",
                  "pass": true,
                  "fail": false,
                  "pending": false,
                  "context": null,
                  "code": "(0, _functionsPage.addBackpackAndBikeToCart)(_dataPage.default.remove);\n(0, _functionsPage.goToCart)();\n(0, _functionsPage.removeBackpackFromCart)();\n(0, _functionsPage.verifyProductsListLength)(1);\n(0, _functionsPage.removeBikeFromCart)();\n(0, _functionsPage.verifyEmptyCartList)();",
                  "err": {},
                  "uuid": "51efe2d2-da6a-4414-bcd7-d85b289822b0",
                  "parentUUID": "7897e806-ad26-43e3-9d13-cefe1e9f0db7",
                  "isHook": false,
                  "skipped": false
                },
                {
                  "title": "TC 4 Verify Cart Count Badge",
                  "fullTitle": "Shopping Cart Functionality Viewport: tablet TC 4 Verify Cart Count Badge",
                  "timedOut": null,
                  "duration": 1440,
                  "state": "passed",
                  "speed": "fast",
                  "pass": true,
                  "fail": false,
                  "pending": false,
                  "context": null,
                  "code": "(0, _functionsPage.addBackpackToCart)(_dataPage.default.remove);\n(0, _functionsPage.goToCart)();\n(0, _functionsPage.verifyBadgeQuantity)(1);\n(0, _functionsPage.clickMenuBtn)();\n(0, _functionsPage.clickAllItemsSidebar)();\n(0, _functionsPage.addBikeToCart)(_dataPage.default.remove);\n(0, _functionsPage.goToCart)();\n(0, _functionsPage.verifyBadgeQuantity)(2);\n(0, _functionsPage.removeBackpackFromCart)();\n(0, _functionsPage.verifyBadgeQuantity)(1);\n(0, _functionsPage.removeBikeFromCart)();\n(0, _functionsPage.verifyEmptyCartBadge)();",
                  "err": {},
                  "uuid": "119a9d3d-20a3-4d9d-84db-4086512efe32",
                  "parentUUID": "7897e806-ad26-43e3-9d13-cefe1e9f0db7",
                  "isHook": false,
                  "skipped": false
                },
                {
                  "title": "TC 5 Verify Checkout Process",
                  "fullTitle": "Shopping Cart Functionality Viewport: tablet TC 5 Verify Checkout Process",
                  "timedOut": null,
                  "duration": 1047,
                  "state": "passed",
                  "speed": "fast",
                  "pass": true,
                  "fail": false,
                  "pending": false,
                  "context": null,
                  "code": "(0, _functionsPage.addBackpackToCart)(_dataPage.default.remove);\n(0, _functionsPage.goToCart)();\n(0, _functionsPage.goToFirstCheckoutPage)();\n(0, _functionsPage.verifyContainsVisibility)(_dataPage.default.titleYourInformation);",
                  "err": {},
                  "uuid": "7f7ccb65-e4ea-4d20-a22f-9fa6f9aeaedf",
                  "parentUUID": "7897e806-ad26-43e3-9d13-cefe1e9f0db7",
                  "isHook": false,
                  "skipped": false
                },
                {
                  "title": "TC 6 Verify Returning to the List of Products from Cart",
                  "fullTitle": "Shopping Cart Functionality Viewport: tablet TC 6 Verify Returning to the List of Products from Cart",
                  "timedOut": null,
                  "duration": 923,
                  "state": "passed",
                  "speed": "fast",
                  "pass": true,
                  "fail": false,
                  "pending": false,
                  "context": null,
                  "code": "(0, _functionsPage.goToCart)();\n(0, _functionsPage.goBackToContinueShopping)();",
                  "err": {},
                  "uuid": "31aa7a25-4e6e-4f86-9bd5-4c9511f30200",
                  "parentUUID": "7897e806-ad26-43e3-9d13-cefe1e9f0db7",
                  "isHook": false,
                  "skipped": false
                }
              ],
              "suites": [],
              "passes": [
                "a185a1ee-c8f9-42a0-9036-20cf0a616c82",
                "ddd1cbab-c67a-4472-b992-669dfd4699cc",
                "51efe2d2-da6a-4414-bcd7-d85b289822b0",
                "119a9d3d-20a3-4d9d-84db-4086512efe32",
                "7f7ccb65-e4ea-4d20-a22f-9fa6f9aeaedf",
                "31aa7a25-4e6e-4f86-9bd5-4c9511f30200"
              ],
              "failures": [],
              "pending": [],
              "skipped": [],
              "duration": 6761,
              "root": false,
              "rootEmpty": false,
              "_timeout": 2000
            },
            {
              "uuid": "823555dd-2bcc-43ef-be34-ec8a7f5ad2a7",
              "title": "Viewport: desktop",
              "fullFile": "",
              "file": "",
              "beforeHooks": [],
              "afterHooks": [],
              "tests": [
                {
                  "title": "TC 1 Verify Adding Products to Cart",
                  "fullTitle": "Shopping Cart Functionality Viewport: desktop TC 1 Verify Adding Products to Cart",
                  "timedOut": null,
                  "duration": 1030,
                  "state": "passed",
                  "speed": "fast",
                  "pass": true,
                  "fail": false,
                  "pending": false,
                  "context": null,
                  "code": "(0, _functionsPage.addBackpackAndBikeToCart)(_dataPage.default.remove);\n(0, _functionsPage.goToCart)();\n(0, _functionsPage.verifyProductDetails)();\n(0, _functionsPage.verifyDetailInformationAboutAddProducts)(_dataPage.default.orderOfProducts[0], _dataPage.default.orderOfProducts[1], _dataPage.default.productsPrice[0], _dataPage.default.productsPrice[1]);",
                  "err": {},
                  "uuid": "9aaaebc3-fcef-4f10-81b5-2b76aba8d6c8",
                  "parentUUID": "823555dd-2bcc-43ef-be34-ec8a7f5ad2a7",
                  "isHook": false,
                  "skipped": false
                },
                {
                  "title": "TC 2 Verify Product Details in Cart",
                  "fullTitle": "Shopping Cart Functionality Viewport: desktop TC 2 Verify Product Details in Cart",
                  "timedOut": null,
                  "duration": 1014,
                  "state": "passed",
                  "speed": "fast",
                  "pass": true,
                  "fail": false,
                  "pending": false,
                  "context": null,
                  "code": "(0, _functionsPage.addBackpackAndBikeToCart)(_dataPage.default.remove);\n(0, _functionsPage.goToCart)();\n(0, _functionsPage.verifyProductsListLength)(2);\n(0, _functionsPage.verifyProductQuantityInCart)(1);",
                  "err": {},
                  "uuid": "9db059e3-5249-439d-9fbc-900bf31c1f44",
                  "parentUUID": "823555dd-2bcc-43ef-be34-ec8a7f5ad2a7",
                  "isHook": false,
                  "skipped": false
                },
                {
                  "title": "TC 3. Verify Removing Products from Cart",
                  "fullTitle": "Shopping Cart Functionality Viewport: desktop TC 3. Verify Removing Products from Cart",
                  "timedOut": null,
                  "duration": 1217,
                  "state": "passed",
                  "speed": "fast",
                  "pass": true,
                  "fail": false,
                  "pending": false,
                  "context": null,
                  "code": "(0, _functionsPage.addBackpackAndBikeToCart)(_dataPage.default.remove);\n(0, _functionsPage.goToCart)();\n(0, _functionsPage.removeBackpackFromCart)();\n(0, _functionsPage.verifyProductsListLength)(1);\n(0, _functionsPage.removeBikeFromCart)();\n(0, _functionsPage.verifyEmptyCartList)();",
                  "err": {},
                  "uuid": "8ecc2e64-1689-4c20-b8db-67785ea53f4a",
                  "parentUUID": "823555dd-2bcc-43ef-be34-ec8a7f5ad2a7",
                  "isHook": false,
                  "skipped": false
                },
                {
                  "title": "TC 4 Verify Cart Count Badge",
                  "fullTitle": "Shopping Cart Functionality Viewport: desktop TC 4 Verify Cart Count Badge",
                  "timedOut": null,
                  "duration": 1479,
                  "state": "passed",
                  "speed": "fast",
                  "pass": true,
                  "fail": false,
                  "pending": false,
                  "context": null,
                  "code": "(0, _functionsPage.addBackpackToCart)(_dataPage.default.remove);\n(0, _functionsPage.goToCart)();\n(0, _functionsPage.verifyBadgeQuantity)(1);\n(0, _functionsPage.clickMenuBtn)();\n(0, _functionsPage.clickAllItemsSidebar)();\n(0, _functionsPage.addBikeToCart)(_dataPage.default.remove);\n(0, _functionsPage.goToCart)();\n(0, _functionsPage.verifyBadgeQuantity)(2);\n(0, _functionsPage.removeBackpackFromCart)();\n(0, _functionsPage.verifyBadgeQuantity)(1);\n(0, _functionsPage.removeBikeFromCart)();\n(0, _functionsPage.verifyEmptyCartBadge)();",
                  "err": {},
                  "uuid": "a46ba49c-6ea5-41f5-9efe-c966b8d5cb85",
                  "parentUUID": "823555dd-2bcc-43ef-be34-ec8a7f5ad2a7",
                  "isHook": false,
                  "skipped": false
                },
                {
                  "title": "TC 5 Verify Checkout Process",
                  "fullTitle": "Shopping Cart Functionality Viewport: desktop TC 5 Verify Checkout Process",
                  "timedOut": null,
                  "duration": 1080,
                  "state": "passed",
                  "speed": "fast",
                  "pass": true,
                  "fail": false,
                  "pending": false,
                  "context": null,
                  "code": "(0, _functionsPage.addBackpackToCart)(_dataPage.default.remove);\n(0, _functionsPage.goToCart)();\n(0, _functionsPage.goToFirstCheckoutPage)();\n(0, _functionsPage.verifyContainsVisibility)(_dataPage.default.titleYourInformation);",
                  "err": {},
                  "uuid": "da3cd13a-23df-473a-ad57-39db4c7bce91",
                  "parentUUID": "823555dd-2bcc-43ef-be34-ec8a7f5ad2a7",
                  "isHook": false,
                  "skipped": false
                },
                {
                  "title": "TC 6 Verify Returning to the List of Products from Cart",
                  "fullTitle": "Shopping Cart Functionality Viewport: desktop TC 6 Verify Returning to the List of Products from Cart",
                  "timedOut": null,
                  "duration": 1047,
                  "state": "passed",
                  "speed": "fast",
                  "pass": true,
                  "fail": false,
                  "pending": false,
                  "context": null,
                  "code": "(0, _functionsPage.goToCart)();\n(0, _functionsPage.goBackToContinueShopping)();",
                  "err": {},
                  "uuid": "9cccf25f-e79e-4a3b-81ab-e20bc3c810cb",
                  "parentUUID": "823555dd-2bcc-43ef-be34-ec8a7f5ad2a7",
                  "isHook": false,
                  "skipped": false
                }
              ],
              "suites": [],
              "passes": [
                "9aaaebc3-fcef-4f10-81b5-2b76aba8d6c8",
                "9db059e3-5249-439d-9fbc-900bf31c1f44",
                "8ecc2e64-1689-4c20-b8db-67785ea53f4a",
                "a46ba49c-6ea5-41f5-9efe-c966b8d5cb85",
                "da3cd13a-23df-473a-ad57-39db4c7bce91",
                "9cccf25f-e79e-4a3b-81ab-e20bc3c810cb"
              ],
              "failures": [],
              "pending": [],
              "skipped": [],
              "duration": 6867,
              "root": false,
              "rootEmpty": false,
              "_timeout": 2000
            }
          ],
          "passes": [],
          "failures": [],
          "pending": [],
          "skipped": [],
          "duration": 0,
          "root": false,
          "rootEmpty": false,
          "_timeout": 2000
        }
      ],
      "passes": [],
      "failures": [],
      "pending": [],
      "skipped": [],
      "duration": 0,
      "root": true,
      "rootEmpty": true,
      "_timeout": 2000
    }
  ],
  "meta": {
    "mocha": {
      "version": "7.0.1"
    },
    "mochawesome": {
      "options": {
        "quiet": false,
        "reportFilename": "mochawesome",
        "saveHtml": false,
        "saveJson": true,
        "consoleReporter": "spec",
        "useInlineDiffs": false,
        "code": true
      },
      "version": "7.1.3"
    },
    "marge": {
      "options": {
        "id": "default",
        "reportDir": "cypress/results/mochawesome",
        "overwrite": false,
        "html": false,
        "json": true
      },
      "version": "6.2.0"
    }
  }
}