{
  "stats": {
    "suites": 4,
    "tests": 18,
    "passes": 18,
    "pending": 0,
    "failures": 0,
    "start": "2024-07-04T12:34:44.747Z",
    "end": "2024-07-04T12:35:12.252Z",
    "duration": 27505,
    "testsRegistered": 18,
    "passPercent": 100,
    "pendingPercent": 0,
    "other": 0,
    "hasOther": false,
    "skipped": 0,
    "hasSkipped": false
  },
  "results": [
    {
      "uuid": "8839547d-2c31-414b-ab28-d04b5fa77644",
      "title": "",
      "fullFile": "cypress\\e2e\\cartFunctionality.cy.js",
      "file": "cypress\\e2e\\cartFunctionality.cy.js",
      "beforeHooks": [],
      "afterHooks": [],
      "tests": [],
      "suites": [
        {
          "uuid": "d1bbfd4a-77f3-41ea-916c-ca9be211ad39",
          "title": "Shopping Cart Functionality",
          "fullFile": "",
          "file": "",
          "beforeHooks": [],
          "afterHooks": [],
          "tests": [],
          "suites": [
            {
              "uuid": "b2c91d9f-a916-4c7c-9f88-56946613daea",
              "title": "Viewport: mobile",
              "fullFile": "",
              "file": "",
              "beforeHooks": [],
              "afterHooks": [],
              "tests": [
                {
                  "title": "TC 1 Verify Adding Products to Cart",
                  "fullTitle": "Shopping Cart Functionality Viewport: mobile TC 1 Verify Adding Products to Cart",
                  "timedOut": null,
                  "duration": 3065,
                  "state": "passed",
                  "speed": "fast",
                  "pass": true,
                  "fail": false,
                  "pending": false,
                  "context": null,
                  "code": "(0, _functionsPage.addBackpackAndBikeToCart)(_dataPage.default.remove);\n(0, _functionsPage.goToCart)();\n(0, _functionsPage.verifyProductDetails)();\n(0, _functionsPage.verifyDetailInformationAboutAddProducts)(_dataPage.default.orderOfProducts[0], _dataPage.default.orderOfProducts[1], _dataPage.default.productsPrice[0], _dataPage.default.productsPrice[1]);",
                  "err": {},
                  "uuid": "7b577ffd-957c-4193-b145-cd6c32058bae",
                  "parentUUID": "b2c91d9f-a916-4c7c-9f88-56946613daea",
                  "isHook": false,
                  "skipped": false
                },
                {
                  "title": "TC 2 Verify Product Details in Cart",
                  "fullTitle": "Shopping Cart Functionality Viewport: mobile TC 2 Verify Product Details in Cart",
                  "timedOut": null,
                  "duration": 1617,
                  "state": "passed",
                  "speed": "fast",
                  "pass": true,
                  "fail": false,
                  "pending": false,
                  "context": null,
                  "code": "(0, _functionsPage.addBackpackAndBikeToCart)(_dataPage.default.remove);\n(0, _functionsPage.goToCart)();\n(0, _functionsPage.verifyProductsListLength)(2);\n(0, _functionsPage.verifyProductQuantityInCart)(1);",
                  "err": {},
                  "uuid": "0e1c9849-bea0-44a1-a487-c49ce8d483c0",
                  "parentUUID": "b2c91d9f-a916-4c7c-9f88-56946613daea",
                  "isHook": false,
                  "skipped": false
                },
                {
                  "title": "TC 3. Verify Removing Products from Cart",
                  "fullTitle": "Shopping Cart Functionality Viewport: mobile TC 3. Verify Removing Products from Cart",
                  "timedOut": null,
                  "duration": 1542,
                  "state": "passed",
                  "speed": "fast",
                  "pass": true,
                  "fail": false,
                  "pending": false,
                  "context": null,
                  "code": "(0, _functionsPage.addBackpackAndBikeToCart)(_dataPage.default.remove);\n(0, _functionsPage.goToCart)();\n(0, _functionsPage.removeBackpackFromCart)();\n(0, _functionsPage.verifyProductsListLength)(1);\n(0, _functionsPage.removeBikeFromCart)();\n(0, _functionsPage.verifyEmptyCartList)();",
                  "err": {},
                  "uuid": "751114bd-a1c2-4e27-9872-ecd93bf4042f",
                  "parentUUID": "b2c91d9f-a916-4c7c-9f88-56946613daea",
                  "isHook": false,
                  "skipped": false
                },
                {
                  "title": "TC 4 Verify Cart Count Badge",
                  "fullTitle": "Shopping Cart Functionality Viewport: mobile TC 4 Verify Cart Count Badge",
                  "timedOut": null,
                  "duration": 1452,
                  "state": "passed",
                  "speed": "fast",
                  "pass": true,
                  "fail": false,
                  "pending": false,
                  "context": null,
                  "code": "(0, _functionsPage.addBackpackToCart)(_dataPage.default.remove);\n(0, _functionsPage.goToCart)();\n(0, _functionsPage.verifyBadgeQuantity)(1);\n(0, _functionsPage.clickMenuBtn)();\n(0, _functionsPage.clickAllItemsSidebar)();\n(0, _functionsPage.addBikeToCart)(_dataPage.default.remove);\n(0, _functionsPage.goToCart)();\n(0, _functionsPage.verifyBadgeQuantity)(2);\n(0, _functionsPage.removeBackpackFromCart)();\n(0, _functionsPage.verifyBadgeQuantity)(1);\n(0, _functionsPage.removeBikeFromCart)();\n(0, _functionsPage.verifyEmptyCartBadge)();",
                  "err": {},
                  "uuid": "fa69bf41-1938-4960-9b93-1f5625e77c12",
                  "parentUUID": "b2c91d9f-a916-4c7c-9f88-56946613daea",
                  "isHook": false,
                  "skipped": false
                },
                {
                  "title": "TC 5 Verify Checkout Process",
                  "fullTitle": "Shopping Cart Functionality Viewport: mobile TC 5 Verify Checkout Process",
                  "timedOut": null,
                  "duration": 1046,
                  "state": "passed",
                  "speed": "fast",
                  "pass": true,
                  "fail": false,
                  "pending": false,
                  "context": null,
                  "code": "(0, _functionsPage.addBackpackToCart)(_dataPage.default.remove);\n(0, _functionsPage.goToCart)();\n(0, _functionsPage.goToFirstCheckoutPage)();\n(0, _functionsPage.verifyContainsVisibility)(_dataPage.default.titleYourInformation);",
                  "err": {},
                  "uuid": "260851c3-33ed-4004-9816-03018b6b6c93",
                  "parentUUID": "b2c91d9f-a916-4c7c-9f88-56946613daea",
                  "isHook": false,
                  "skipped": false
                },
                {
                  "title": "TC 6 Verify Returning to the List of Products from Cart",
                  "fullTitle": "Shopping Cart Functionality Viewport: mobile TC 6 Verify Returning to the List of Products from Cart",
                  "timedOut": null,
                  "duration": 967,
                  "state": "passed",
                  "speed": "fast",
                  "pass": true,
                  "fail": false,
                  "pending": false,
                  "context": null,
                  "code": "(0, _functionsPage.goToCart)();\n(0, _functionsPage.goBackToContinueShopping)();",
                  "err": {},
                  "uuid": "a86f950a-8614-4e70-b9c0-0c2e485bc654",
                  "parentUUID": "b2c91d9f-a916-4c7c-9f88-56946613daea",
                  "isHook": false,
                  "skipped": false
                }
              ],
              "suites": [],
              "passes": [
                "7b577ffd-957c-4193-b145-cd6c32058bae",
                "0e1c9849-bea0-44a1-a487-c49ce8d483c0",
                "751114bd-a1c2-4e27-9872-ecd93bf4042f",
                "fa69bf41-1938-4960-9b93-1f5625e77c12",
                "260851c3-33ed-4004-9816-03018b6b6c93",
                "a86f950a-8614-4e70-b9c0-0c2e485bc654"
              ],
              "failures": [],
              "pending": [],
              "skipped": [],
              "duration": 9689,
              "root": false,
              "rootEmpty": false,
              "_timeout": 2000
            },
            {
              "uuid": "cba01aba-e08a-4584-9c98-a052f602b4e1",
              "title": "Viewport: tablet",
              "fullFile": "",
              "file": "",
              "beforeHooks": [],
              "afterHooks": [],
              "tests": [
                {
                  "title": "TC 1 Verify Adding Products to Cart",
                  "fullTitle": "Shopping Cart Functionality Viewport: tablet TC 1 Verify Adding Products to Cart",
                  "timedOut": null,
                  "duration": 1039,
                  "state": "passed",
                  "speed": "fast",
                  "pass": true,
                  "fail": false,
                  "pending": false,
                  "context": null,
                  "code": "(0, _functionsPage.addBackpackAndBikeToCart)(_dataPage.default.remove);\n(0, _functionsPage.goToCart)();\n(0, _functionsPage.verifyProductDetails)();\n(0, _functionsPage.verifyDetailInformationAboutAddProducts)(_dataPage.default.orderOfProducts[0], _dataPage.default.orderOfProducts[1], _dataPage.default.productsPrice[0], _dataPage.default.productsPrice[1]);",
                  "err": {},
                  "uuid": "263934ac-4dfc-4d61-b6c8-57f11e668b23",
                  "parentUUID": "cba01aba-e08a-4584-9c98-a052f602b4e1",
                  "isHook": false,
                  "skipped": false
                },
                {
                  "title": "TC 2 Verify Product Details in Cart",
                  "fullTitle": "Shopping Cart Functionality Viewport: tablet TC 2 Verify Product Details in Cart",
                  "timedOut": null,
                  "duration": 1043,
                  "state": "passed",
                  "speed": "fast",
                  "pass": true,
                  "fail": false,
                  "pending": false,
                  "context": null,
                  "code": "(0, _functionsPage.addBackpackAndBikeToCart)(_dataPage.default.remove);\n(0, _functionsPage.goToCart)();\n(0, _functionsPage.verifyProductsListLength)(2);\n(0, _functionsPage.verifyProductQuantityInCart)(1);",
                  "err": {},
                  "uuid": "e05bae50-e210-4780-999e-16430342a350",
                  "parentUUID": "cba01aba-e08a-4584-9c98-a052f602b4e1",
                  "isHook": false,
                  "skipped": false
                },
                {
                  "title": "TC 3. Verify Removing Products from Cart",
                  "fullTitle": "Shopping Cart Functionality Viewport: tablet TC 3. Verify Removing Products from Cart",
                  "timedOut": null,
                  "duration": 1194,
                  "state": "passed",
                  "speed": "fast",
                  "pass": true,
                  "fail": false,
                  "pending": false,
                  "context": null,
                  "code": "(0, _functionsPage.addBackpackAndBikeToCart)(_dataPage.default.remove);\n(0, _functionsPage.goToCart)();\n(0, _functionsPage.removeBackpackFromCart)();\n(0, _functionsPage.verifyProductsListLength)(1);\n(0, _functionsPage.removeBikeFromCart)();\n(0, _functionsPage.verifyEmptyCartList)();",
                  "err": {},
                  "uuid": "d0ad3e23-8ec0-4af2-b6d1-52708c462be7",
                  "parentUUID": "cba01aba-e08a-4584-9c98-a052f602b4e1",
                  "isHook": false,
                  "skipped": false
                },
                {
                  "title": "TC 4 Verify Cart Count Badge",
                  "fullTitle": "Shopping Cart Functionality Viewport: tablet TC 4 Verify Cart Count Badge",
                  "timedOut": null,
                  "duration": 1491,
                  "state": "passed",
                  "speed": "fast",
                  "pass": true,
                  "fail": false,
                  "pending": false,
                  "context": null,
                  "code": "(0, _functionsPage.addBackpackToCart)(_dataPage.default.remove);\n(0, _functionsPage.goToCart)();\n(0, _functionsPage.verifyBadgeQuantity)(1);\n(0, _functionsPage.clickMenuBtn)();\n(0, _functionsPage.clickAllItemsSidebar)();\n(0, _functionsPage.addBikeToCart)(_dataPage.default.remove);\n(0, _functionsPage.goToCart)();\n(0, _functionsPage.verifyBadgeQuantity)(2);\n(0, _functionsPage.removeBackpackFromCart)();\n(0, _functionsPage.verifyBadgeQuantity)(1);\n(0, _functionsPage.removeBikeFromCart)();\n(0, _functionsPage.verifyEmptyCartBadge)();",
                  "err": {},
                  "uuid": "1c468974-2c99-4420-a362-1a11f3eaefad",
                  "parentUUID": "cba01aba-e08a-4584-9c98-a052f602b4e1",
                  "isHook": false,
                  "skipped": false
                },
                {
                  "title": "TC 5 Verify Checkout Process",
                  "fullTitle": "Shopping Cart Functionality Viewport: tablet TC 5 Verify Checkout Process",
                  "timedOut": null,
                  "duration": 1031,
                  "state": "passed",
                  "speed": "fast",
                  "pass": true,
                  "fail": false,
                  "pending": false,
                  "context": null,
                  "code": "(0, _functionsPage.addBackpackToCart)(_dataPage.default.remove);\n(0, _functionsPage.goToCart)();\n(0, _functionsPage.goToFirstCheckoutPage)();\n(0, _functionsPage.verifyContainsVisibility)(_dataPage.default.titleYourInformation);",
                  "err": {},
                  "uuid": "6a67fd42-2411-4813-ac8f-ae8a4d95c491",
                  "parentUUID": "cba01aba-e08a-4584-9c98-a052f602b4e1",
                  "isHook": false,
                  "skipped": false
                },
                {
                  "title": "TC 6 Verify Returning to the List of Products from Cart",
                  "fullTitle": "Shopping Cart Functionality Viewport: tablet TC 6 Verify Returning to the List of Products from Cart",
                  "timedOut": null,
                  "duration": 971,
                  "state": "passed",
                  "speed": "fast",
                  "pass": true,
                  "fail": false,
                  "pending": false,
                  "context": null,
                  "code": "(0, _functionsPage.goToCart)();\n(0, _functionsPage.goBackToContinueShopping)();",
                  "err": {},
                  "uuid": "e9aaad92-3bc8-4bf1-b93a-fb444a5295f0",
                  "parentUUID": "cba01aba-e08a-4584-9c98-a052f602b4e1",
                  "isHook": false,
                  "skipped": false
                }
              ],
              "suites": [],
              "passes": [
                "263934ac-4dfc-4d61-b6c8-57f11e668b23",
                "e05bae50-e210-4780-999e-16430342a350",
                "d0ad3e23-8ec0-4af2-b6d1-52708c462be7",
                "1c468974-2c99-4420-a362-1a11f3eaefad",
                "6a67fd42-2411-4813-ac8f-ae8a4d95c491",
                "e9aaad92-3bc8-4bf1-b93a-fb444a5295f0"
              ],
              "failures": [],
              "pending": [],
              "skipped": [],
              "duration": 6769,
              "root": false,
              "rootEmpty": false,
              "_timeout": 2000
            },
            {
              "uuid": "721520cb-b9c6-41eb-b7e4-a62be2e2ced3",
              "title": "Viewport: desktop",
              "fullFile": "",
              "file": "",
              "beforeHooks": [],
              "afterHooks": [],
              "tests": [
                {
                  "title": "TC 1 Verify Adding Products to Cart",
                  "fullTitle": "Shopping Cart Functionality Viewport: desktop TC 1 Verify Adding Products to Cart",
                  "timedOut": null,
                  "duration": 1047,
                  "state": "passed",
                  "speed": "fast",
                  "pass": true,
                  "fail": false,
                  "pending": false,
                  "context": null,
                  "code": "(0, _functionsPage.addBackpackAndBikeToCart)(_dataPage.default.remove);\n(0, _functionsPage.goToCart)();\n(0, _functionsPage.verifyProductDetails)();\n(0, _functionsPage.verifyDetailInformationAboutAddProducts)(_dataPage.default.orderOfProducts[0], _dataPage.default.orderOfProducts[1], _dataPage.default.productsPrice[0], _dataPage.default.productsPrice[1]);",
                  "err": {},
                  "uuid": "3c035d6b-6f46-48d0-a117-048ab86141bc",
                  "parentUUID": "721520cb-b9c6-41eb-b7e4-a62be2e2ced3",
                  "isHook": false,
                  "skipped": false
                },
                {
                  "title": "TC 2 Verify Product Details in Cart",
                  "fullTitle": "Shopping Cart Functionality Viewport: desktop TC 2 Verify Product Details in Cart",
                  "timedOut": null,
                  "duration": 1075,
                  "state": "passed",
                  "speed": "fast",
                  "pass": true,
                  "fail": false,
                  "pending": false,
                  "context": null,
                  "code": "(0, _functionsPage.addBackpackAndBikeToCart)(_dataPage.default.remove);\n(0, _functionsPage.goToCart)();\n(0, _functionsPage.verifyProductsListLength)(2);\n(0, _functionsPage.verifyProductQuantityInCart)(1);",
                  "err": {},
                  "uuid": "bf109248-f1de-4790-88bc-30770dece99a",
                  "parentUUID": "721520cb-b9c6-41eb-b7e4-a62be2e2ced3",
                  "isHook": false,
                  "skipped": false
                },
                {
                  "title": "TC 3. Verify Removing Products from Cart",
                  "fullTitle": "Shopping Cart Functionality Viewport: desktop TC 3. Verify Removing Products from Cart",
                  "timedOut": null,
                  "duration": 1212,
                  "state": "passed",
                  "speed": "fast",
                  "pass": true,
                  "fail": false,
                  "pending": false,
                  "context": null,
                  "code": "(0, _functionsPage.addBackpackAndBikeToCart)(_dataPage.default.remove);\n(0, _functionsPage.goToCart)();\n(0, _functionsPage.removeBackpackFromCart)();\n(0, _functionsPage.verifyProductsListLength)(1);\n(0, _functionsPage.removeBikeFromCart)();\n(0, _functionsPage.verifyEmptyCartList)();",
                  "err": {},
                  "uuid": "03833f31-c9ed-408d-9f62-ea8dbbe6827d",
                  "parentUUID": "721520cb-b9c6-41eb-b7e4-a62be2e2ced3",
                  "isHook": false,
                  "skipped": false
                },
                {
                  "title": "TC 4 Verify Cart Count Badge",
                  "fullTitle": "Shopping Cart Functionality Viewport: desktop TC 4 Verify Cart Count Badge",
                  "timedOut": null,
                  "duration": 1770,
                  "state": "passed",
                  "speed": "fast",
                  "pass": true,
                  "fail": false,
                  "pending": false,
                  "context": null,
                  "code": "(0, _functionsPage.addBackpackToCart)(_dataPage.default.remove);\n(0, _functionsPage.goToCart)();\n(0, _functionsPage.verifyBadgeQuantity)(1);\n(0, _functionsPage.clickMenuBtn)();\n(0, _functionsPage.clickAllItemsSidebar)();\n(0, _functionsPage.addBikeToCart)(_dataPage.default.remove);\n(0, _functionsPage.goToCart)();\n(0, _functionsPage.verifyBadgeQuantity)(2);\n(0, _functionsPage.removeBackpackFromCart)();\n(0, _functionsPage.verifyBadgeQuantity)(1);\n(0, _functionsPage.removeBikeFromCart)();\n(0, _functionsPage.verifyEmptyCartBadge)();",
                  "err": {},
                  "uuid": "5d7071cb-140e-49a6-af05-c6f356f6c3ac",
                  "parentUUID": "721520cb-b9c6-41eb-b7e4-a62be2e2ced3",
                  "isHook": false,
                  "skipped": false
                },
                {
                  "title": "TC 5 Verify Checkout Process",
                  "fullTitle": "Shopping Cart Functionality Viewport: desktop TC 5 Verify Checkout Process",
                  "timedOut": null,
                  "duration": 1064,
                  "state": "passed",
                  "speed": "fast",
                  "pass": true,
                  "fail": false,
                  "pending": false,
                  "context": null,
                  "code": "(0, _functionsPage.addBackpackToCart)(_dataPage.default.remove);\n(0, _functionsPage.goToCart)();\n(0, _functionsPage.goToFirstCheckoutPage)();\n(0, _functionsPage.verifyContainsVisibility)(_dataPage.default.titleYourInformation);",
                  "err": {},
                  "uuid": "352029f7-c350-4170-a856-10f1d0649e65",
                  "parentUUID": "721520cb-b9c6-41eb-b7e4-a62be2e2ced3",
                  "isHook": false,
                  "skipped": false
                },
                {
                  "title": "TC 6 Verify Returning to the List of Products from Cart",
                  "fullTitle": "Shopping Cart Functionality Viewport: desktop TC 6 Verify Returning to the List of Products from Cart",
                  "timedOut": null,
                  "duration": 968,
                  "state": "passed",
                  "speed": "fast",
                  "pass": true,
                  "fail": false,
                  "pending": false,
                  "context": null,
                  "code": "(0, _functionsPage.goToCart)();\n(0, _functionsPage.goBackToContinueShopping)();",
                  "err": {},
                  "uuid": "ce592301-4525-4249-9c61-362a87b0df37",
                  "parentUUID": "721520cb-b9c6-41eb-b7e4-a62be2e2ced3",
                  "isHook": false,
                  "skipped": false
                }
              ],
              "suites": [],
              "passes": [
                "3c035d6b-6f46-48d0-a117-048ab86141bc",
                "bf109248-f1de-4790-88bc-30770dece99a",
                "03833f31-c9ed-408d-9f62-ea8dbbe6827d",
                "5d7071cb-140e-49a6-af05-c6f356f6c3ac",
                "352029f7-c350-4170-a856-10f1d0649e65",
                "ce592301-4525-4249-9c61-362a87b0df37"
              ],
              "failures": [],
              "pending": [],
              "skipped": [],
              "duration": 7136,
              "root": false,
              "rootEmpty": false,
              "_timeout": 2000
            }
          ],
          "passes": [],
          "failures": [],
          "pending": [],
          "skipped": [],
          "duration": 0,
          "root": false,
          "rootEmpty": false,
          "_timeout": 2000
        }
      ],
      "passes": [],
      "failures": [],
      "pending": [],
      "skipped": [],
      "duration": 0,
      "root": true,
      "rootEmpty": true,
      "_timeout": 2000
    }
  ],
  "meta": {
    "mocha": {
      "version": "7.0.1"
    },
    "mochawesome": {
      "options": {
        "quiet": false,
        "reportFilename": "mochawesome",
        "saveHtml": false,
        "saveJson": true,
        "consoleReporter": "spec",
        "useInlineDiffs": false,
        "code": true
      },
      "version": "7.1.3"
    },
    "marge": {
      "options": {
        "id": "default",
        "reportDir": "cypress/results/mochawesome",
        "overwrite": false,
        "html": false,
        "json": true
      },
      "version": "6.2.0"
    }
  }
}