{
  "stats": {
    "suites": 4,
    "tests": 36,
    "passes": 36,
    "pending": 0,
    "failures": 0,
    "start": "2024-07-04T12:28:58.078Z",
    "end": "2024-07-04T12:29:58.075Z",
    "duration": 59997,
    "testsRegistered": 36,
    "passPercent": 100,
    "pendingPercent": 0,
    "other": 0,
    "hasOther": false,
    "skipped": 0,
    "hasSkipped": false
  },
  "results": [
    {
      "uuid": "3f837af1-2221-4347-bf60-034d23c438b6",
      "title": "",
      "fullFile": "cypress\\e2e\\checkoutProcess.cy.js",
      "file": "cypress\\e2e\\checkoutProcess.cy.js",
      "beforeHooks": [],
      "afterHooks": [],
      "tests": [],
      "suites": [
        {
          "uuid": "0d21c04b-5b48-42ff-b872-929b80858891",
          "title": "Checkout Process",
          "fullFile": "",
          "file": "",
          "beforeHooks": [],
          "afterHooks": [],
          "tests": [],
          "suites": [
            {
              "uuid": "752eea78-ba58-413d-8765-a19f5a84af12",
              "title": "Viewport: mobile",
              "fullFile": "",
              "file": "",
              "beforeHooks": [],
              "afterHooks": [],
              "tests": [
                {
                  "title": "TC 1 Verify Complete the Checkout Process and Place an Order",
                  "fullTitle": "Checkout Process Viewport: mobile TC 1 Verify Complete the Checkout Process and Place an Order",
                  "timedOut": null,
                  "duration": 2724,
                  "state": "passed",
                  "speed": "fast",
                  "pass": true,
                  "fail": false,
                  "pending": false,
                  "context": null,
                  "code": "(0, _functionsPage.addBackpackAndBikeToCart)(_dataPage.default.remove);\n(0, _functionsPage.goToCart)();\n(0, _functionsPage.goToFirstCheckoutPage)();\n(0, _functionsPage.fillYourInformation)(_dataPage.default.fn, _dataPage.default.ln, _dataPage.default.zc);\n(0, _functionsPage.clickContinueBtnCheckoutPage)();\n(0, _functionsPage.verifyProductDetails)();\n(0, _functionsPage.goToFinishCheckoutPage)();\n(0, _functionsPage.verifyContainsVisibility)(_dataPage.default.msgThankYouForOrder);",
                  "err": {},
                  "uuid": "fa716c2e-84ae-4590-b3ec-b14139fa2420",
                  "parentUUID": "752eea78-ba58-413d-8765-a19f5a84af12",
                  "isHook": false,
                  "skipped": false
                },
                {
                  "title": "TC 2 Verify Price Calculation and Tax",
                  "fullTitle": "Checkout Process Viewport: mobile TC 2 Verify Price Calculation and Tax",
                  "timedOut": null,
                  "duration": 2272,
                  "state": "passed",
                  "speed": "fast",
                  "pass": true,
                  "fail": false,
                  "pending": false,
                  "context": null,
                  "code": "(0, _functionsPage.addBackpackAndBikeToCart)(_dataPage.default.remove);\n(0, _functionsPage.goToCart)();\n(0, _functionsPage.goToFirstCheckoutPage)();\n(0, _functionsPage.fillYourInformation)(_dataPage.default.fn, _dataPage.default.ln, _dataPage.default.zc);\n(0, _functionsPage.clickContinueBtnCheckoutPage)();\n(0, _functionsPage.verifyDetailInformationAboutAddProducts)(_dataPage.default.orderOfProducts[0], _dataPage.default.orderOfProducts[1], _dataPage.default.productsPrice[0], _dataPage.default.productsPrice[1]);\ncy.getBySel(_selectorsPage.default.itemsTotalPrice).should('have.text', `Item total: $${totalItemPrice.toFixed(2)}`);\ncy.getBySel(_selectorsPage.default.tax).should('have.text', `Tax: $${expectedTax.toFixed(2)}`);\ncy.getBySel(_selectorsPage.default.totalPriceWithTax).should('have.text', `Total: $${totalPrice.toFixed(2)}`);\n(0, _functionsPage.goToFinishCheckoutPage)();",
                  "err": {},
                  "uuid": "27425e3f-875f-4bed-93eb-b7bcbe9c2633",
                  "parentUUID": "752eea78-ba58-413d-8765-a19f5a84af12",
                  "isHook": false,
                  "skipped": false
                },
                {
                  "title": "TC 3 Checkout with incomplete Information",
                  "fullTitle": "Checkout Process Viewport: mobile TC 3 Checkout with incomplete Information",
                  "timedOut": null,
                  "duration": 1537,
                  "state": "passed",
                  "speed": "fast",
                  "pass": true,
                  "fail": false,
                  "pending": false,
                  "context": null,
                  "code": "(0, _functionsPage.addBackpackToCart)(_dataPage.default.remove);\n(0, _functionsPage.goToCart)();\n(0, _functionsPage.goToFirstCheckoutPage)();\n(0, _functionsPage.fillYourInformationAndCheckError)(fn, ln, zc, err);",
                  "err": {},
                  "uuid": "0ae60384-0613-42ed-ba18-1f75ca831d7e",
                  "parentUUID": "752eea78-ba58-413d-8765-a19f5a84af12",
                  "isHook": false,
                  "skipped": false
                },
                {
                  "title": "TC 4 Checkout with incomplete Information",
                  "fullTitle": "Checkout Process Viewport: mobile TC 4 Checkout with incomplete Information",
                  "timedOut": null,
                  "duration": 1472,
                  "state": "passed",
                  "speed": "fast",
                  "pass": true,
                  "fail": false,
                  "pending": false,
                  "context": null,
                  "code": "(0, _functionsPage.addBackpackToCart)(_dataPage.default.remove);\n(0, _functionsPage.goToCart)();\n(0, _functionsPage.goToFirstCheckoutPage)();\n(0, _functionsPage.fillYourInformationAndCheckError)(fn, ln, zc, err);",
                  "err": {},
                  "uuid": "1af0a81c-4733-4d50-8e49-77284f26c935",
                  "parentUUID": "752eea78-ba58-413d-8765-a19f5a84af12",
                  "isHook": false,
                  "skipped": false
                },
                {
                  "title": "TC 5 Checkout with incomplete Information",
                  "fullTitle": "Checkout Process Viewport: mobile TC 5 Checkout with incomplete Information",
                  "timedOut": null,
                  "duration": 1603,
                  "state": "passed",
                  "speed": "fast",
                  "pass": true,
                  "fail": false,
                  "pending": false,
                  "context": null,
                  "code": "(0, _functionsPage.addBackpackToCart)(_dataPage.default.remove);\n(0, _functionsPage.goToCart)();\n(0, _functionsPage.goToFirstCheckoutPage)();\n(0, _functionsPage.fillYourInformationAndCheckError)(fn, ln, zc, err);",
                  "err": {},
                  "uuid": "c276559c-f5d3-47be-8d1b-d6ff75da9b3f",
                  "parentUUID": "752eea78-ba58-413d-8765-a19f5a84af12",
                  "isHook": false,
                  "skipped": false
                },
                {
                  "title": "TC 6 Checkout with incomplete Information",
                  "fullTitle": "Checkout Process Viewport: mobile TC 6 Checkout with incomplete Information",
                  "timedOut": null,
                  "duration": 1348,
                  "state": "passed",
                  "speed": "fast",
                  "pass": true,
                  "fail": false,
                  "pending": false,
                  "context": null,
                  "code": "(0, _functionsPage.addBackpackToCart)(_dataPage.default.remove);\n(0, _functionsPage.goToCart)();\n(0, _functionsPage.goToFirstCheckoutPage)();\n(0, _functionsPage.fillYourInformationAndCheckError)(fn, ln, zc, err);",
                  "err": {},
                  "uuid": "ca287a1e-0bd6-414c-b170-f61cd31a03b5",
                  "parentUUID": "752eea78-ba58-413d-8765-a19f5a84af12",
                  "isHook": false,
                  "skipped": false
                },
                {
                  "title": "TC 7 Checkout with incomplete Information",
                  "fullTitle": "Checkout Process Viewport: mobile TC 7 Checkout with incomplete Information",
                  "timedOut": null,
                  "duration": 1357,
                  "state": "passed",
                  "speed": "fast",
                  "pass": true,
                  "fail": false,
                  "pending": false,
                  "context": null,
                  "code": "(0, _functionsPage.addBackpackToCart)(_dataPage.default.remove);\n(0, _functionsPage.goToCart)();\n(0, _functionsPage.goToFirstCheckoutPage)();\n(0, _functionsPage.fillYourInformationAndCheckError)(fn, ln, zc, err);",
                  "err": {},
                  "uuid": "1dd97e7f-3a2e-4a44-9f19-2aae8ca8cb4d",
                  "parentUUID": "752eea78-ba58-413d-8765-a19f5a84af12",
                  "isHook": false,
                  "skipped": false
                },
                {
                  "title": "TC 8 Checkout with incomplete Information",
                  "fullTitle": "Checkout Process Viewport: mobile TC 8 Checkout with incomplete Information",
                  "timedOut": null,
                  "duration": 1309,
                  "state": "passed",
                  "speed": "fast",
                  "pass": true,
                  "fail": false,
                  "pending": false,
                  "context": null,
                  "code": "(0, _functionsPage.addBackpackToCart)(_dataPage.default.remove);\n(0, _functionsPage.goToCart)();\n(0, _functionsPage.goToFirstCheckoutPage)();\n(0, _functionsPage.fillYourInformationAndCheckError)(fn, ln, zc, err);",
                  "err": {},
                  "uuid": "35eca6aa-20d9-4529-978c-b3ec2f432d0e",
                  "parentUUID": "752eea78-ba58-413d-8765-a19f5a84af12",
                  "isHook": false,
                  "skipped": false
                },
                {
                  "title": "TC 9 Checkout with incomplete Information",
                  "fullTitle": "Checkout Process Viewport: mobile TC 9 Checkout with incomplete Information",
                  "timedOut": null,
                  "duration": 1094,
                  "state": "passed",
                  "speed": "fast",
                  "pass": true,
                  "fail": false,
                  "pending": false,
                  "context": null,
                  "code": "(0, _functionsPage.addBackpackToCart)(_dataPage.default.remove);\n(0, _functionsPage.goToCart)();\n(0, _functionsPage.goToFirstCheckoutPage)();\n(0, _functionsPage.fillYourInformationAndCheckError)(fn, ln, zc, err);",
                  "err": {},
                  "uuid": "17670bd4-5fdb-4445-9859-013eb1d7c3f1",
                  "parentUUID": "752eea78-ba58-413d-8765-a19f5a84af12",
                  "isHook": false,
                  "skipped": false
                },
                {
                  "title": "TC 10 Cancel Checkout from the Checkout: Your Information Page",
                  "fullTitle": "Checkout Process Viewport: mobile TC 10 Cancel Checkout from the Checkout: Your Information Page",
                  "timedOut": null,
                  "duration": 1105,
                  "state": "passed",
                  "speed": "fast",
                  "pass": true,
                  "fail": false,
                  "pending": false,
                  "context": null,
                  "code": "(0, _functionsPage.addBackpackToCart)(_dataPage.default.remove);\n(0, _functionsPage.goToCart)();\n(0, _functionsPage.goToFirstCheckoutPage)();\n(0, _functionsPage.clickCancelCheckoutBtn)();\ncy.url().should('include', '/cart.html');",
                  "err": {},
                  "uuid": "03780b20-a09c-4e7f-8ffa-1f30f5add50c",
                  "parentUUID": "752eea78-ba58-413d-8765-a19f5a84af12",
                  "isHook": false,
                  "skipped": false
                },
                {
                  "title": "TC 11 Cancel Checkout from the Checkout: Overview Page",
                  "fullTitle": "Checkout Process Viewport: mobile TC 11 Cancel Checkout from the Checkout: Overview Page",
                  "timedOut": null,
                  "duration": 1811,
                  "state": "passed",
                  "speed": "fast",
                  "pass": true,
                  "fail": false,
                  "pending": false,
                  "context": null,
                  "code": "(0, _functionsPage.addBackpackToCart)(_dataPage.default.remove);\n(0, _functionsPage.goToCart)();\n(0, _functionsPage.goToFirstCheckoutPage)();\n(0, _functionsPage.fillYourInformation)(_dataPage.default.fn, _dataPage.default.ln, _dataPage.default.zc);\n(0, _functionsPage.clickContinueBtnCheckoutPage)();\n(0, _functionsPage.clickCancelCheckoutBtn)();\ncy.url().should('include', '/inventory.html');",
                  "err": {},
                  "uuid": "9e66673a-cab3-48de-8151-907fbc4036de",
                  "parentUUID": "752eea78-ba58-413d-8765-a19f5a84af12",
                  "isHook": false,
                  "skipped": false
                },
                {
                  "title": "TC 12 Go Back Home After Order",
                  "fullTitle": "Checkout Process Viewport: mobile TC 12 Go Back Home After Order",
                  "timedOut": null,
                  "duration": 1890,
                  "state": "passed",
                  "speed": "fast",
                  "pass": true,
                  "fail": false,
                  "pending": false,
                  "context": null,
                  "code": "(0, _functionsPage.addBackpackToCart)(_dataPage.default.remove);\n(0, _functionsPage.goToCart)();\n(0, _functionsPage.goToFirstCheckoutPage)();\n(0, _functionsPage.fillYourInformation)(_dataPage.default.fn, _dataPage.default.ln, _dataPage.default.zc);\n(0, _functionsPage.clickContinueBtnCheckoutPage)();\n(0, _functionsPage.goToFinishCheckoutPage)();\n(0, _functionsPage.goBackToHomePage)();",
                  "err": {},
                  "uuid": "9789e5bb-9eaf-4f15-bab7-0ee208bf4227",
                  "parentUUID": "752eea78-ba58-413d-8765-a19f5a84af12",
                  "isHook": false,
                  "skipped": false
                }
              ],
              "suites": [],
              "passes": [
                "fa716c2e-84ae-4590-b3ec-b14139fa2420",
                "27425e3f-875f-4bed-93eb-b7bcbe9c2633",
                "0ae60384-0613-42ed-ba18-1f75ca831d7e",
                "1af0a81c-4733-4d50-8e49-77284f26c935",
                "c276559c-f5d3-47be-8d1b-d6ff75da9b3f",
                "ca287a1e-0bd6-414c-b170-f61cd31a03b5",
                "1dd97e7f-3a2e-4a44-9f19-2aae8ca8cb4d",
                "35eca6aa-20d9-4529-978c-b3ec2f432d0e",
                "17670bd4-5fdb-4445-9859-013eb1d7c3f1",
                "03780b20-a09c-4e7f-8ffa-1f30f5add50c",
                "9e66673a-cab3-48de-8151-907fbc4036de",
                "9789e5bb-9eaf-4f15-bab7-0ee208bf4227"
              ],
              "failures": [],
              "pending": [],
              "skipped": [],
              "duration": 19522,
              "root": false,
              "rootEmpty": false,
              "_timeout": 2000
            },
            {
              "uuid": "3583e84d-ad1b-4b1c-ae35-a1714970e44b",
              "title": "Viewport: tablet",
              "fullFile": "",
              "file": "",
              "beforeHooks": [],
              "afterHooks": [],
              "tests": [
                {
                  "title": "TC 1 Verify Complete the Checkout Process and Place an Order",
                  "fullTitle": "Checkout Process Viewport: tablet TC 1 Verify Complete the Checkout Process and Place an Order",
                  "timedOut": null,
                  "duration": 1902,
                  "state": "passed",
                  "speed": "fast",
                  "pass": true,
                  "fail": false,
                  "pending": false,
                  "context": null,
                  "code": "(0, _functionsPage.addBackpackAndBikeToCart)(_dataPage.default.remove);\n(0, _functionsPage.goToCart)();\n(0, _functionsPage.goToFirstCheckoutPage)();\n(0, _functionsPage.fillYourInformation)(_dataPage.default.fn, _dataPage.default.ln, _dataPage.default.zc);\n(0, _functionsPage.clickContinueBtnCheckoutPage)();\n(0, _functionsPage.verifyProductDetails)();\n(0, _functionsPage.goToFinishCheckoutPage)();\n(0, _functionsPage.verifyContainsVisibility)(_dataPage.default.msgThankYouForOrder);",
                  "err": {},
                  "uuid": "b7251cf1-1650-4028-bfdd-ef371d88ff5f",
                  "parentUUID": "3583e84d-ad1b-4b1c-ae35-a1714970e44b",
                  "isHook": false,
                  "skipped": false
                },
                {
                  "title": "TC 2 Verify Price Calculation and Tax",
                  "fullTitle": "Checkout Process Viewport: tablet TC 2 Verify Price Calculation and Tax",
                  "timedOut": null,
                  "duration": 1923,
                  "state": "passed",
                  "speed": "fast",
                  "pass": true,
                  "fail": false,
                  "pending": false,
                  "context": null,
                  "code": "(0, _functionsPage.addBackpackAndBikeToCart)(_dataPage.default.remove);\n(0, _functionsPage.goToCart)();\n(0, _functionsPage.goToFirstCheckoutPage)();\n(0, _functionsPage.fillYourInformation)(_dataPage.default.fn, _dataPage.default.ln, _dataPage.default.zc);\n(0, _functionsPage.clickContinueBtnCheckoutPage)();\n(0, _functionsPage.verifyDetailInformationAboutAddProducts)(_dataPage.default.orderOfProducts[0], _dataPage.default.orderOfProducts[1], _dataPage.default.productsPrice[0], _dataPage.default.productsPrice[1]);\ncy.getBySel(_selectorsPage.default.itemsTotalPrice).should('have.text', `Item total: $${totalItemPrice.toFixed(2)}`);\ncy.getBySel(_selectorsPage.default.tax).should('have.text', `Tax: $${expectedTax.toFixed(2)}`);\ncy.getBySel(_selectorsPage.default.totalPriceWithTax).should('have.text', `Total: $${totalPrice.toFixed(2)}`);\n(0, _functionsPage.goToFinishCheckoutPage)();",
                  "err": {},
                  "uuid": "8e1bb75d-ce27-40ef-a2b9-9329b99ec591",
                  "parentUUID": "3583e84d-ad1b-4b1c-ae35-a1714970e44b",
                  "isHook": false,
                  "skipped": false
                },
                {
                  "title": "TC 3 Checkout with incomplete Information",
                  "fullTitle": "Checkout Process Viewport: tablet TC 3 Checkout with incomplete Information",
                  "timedOut": null,
                  "duration": 1557,
                  "state": "passed",
                  "speed": "fast",
                  "pass": true,
                  "fail": false,
                  "pending": false,
                  "context": null,
                  "code": "(0, _functionsPage.addBackpackToCart)(_dataPage.default.remove);\n(0, _functionsPage.goToCart)();\n(0, _functionsPage.goToFirstCheckoutPage)();\n(0, _functionsPage.fillYourInformationAndCheckError)(fn, ln, zc, err);",
                  "err": {},
                  "uuid": "da3eb882-9226-43d2-8b94-146dbc0c7585",
                  "parentUUID": "3583e84d-ad1b-4b1c-ae35-a1714970e44b",
                  "isHook": false,
                  "skipped": false
                },
                {
                  "title": "TC 4 Checkout with incomplete Information",
                  "fullTitle": "Checkout Process Viewport: tablet TC 4 Checkout with incomplete Information",
                  "timedOut": null,
                  "duration": 1522,
                  "state": "passed",
                  "speed": "fast",
                  "pass": true,
                  "fail": false,
                  "pending": false,
                  "context": null,
                  "code": "(0, _functionsPage.addBackpackToCart)(_dataPage.default.remove);\n(0, _functionsPage.goToCart)();\n(0, _functionsPage.goToFirstCheckoutPage)();\n(0, _functionsPage.fillYourInformationAndCheckError)(fn, ln, zc, err);",
                  "err": {},
                  "uuid": "4e081430-af3c-4b55-b9bf-62c58d6af2a4",
                  "parentUUID": "3583e84d-ad1b-4b1c-ae35-a1714970e44b",
                  "isHook": false,
                  "skipped": false
                },
                {
                  "title": "TC 5 Checkout with incomplete Information",
                  "fullTitle": "Checkout Process Viewport: tablet TC 5 Checkout with incomplete Information",
                  "timedOut": null,
                  "duration": 1559,
                  "state": "passed",
                  "speed": "fast",
                  "pass": true,
                  "fail": false,
                  "pending": false,
                  "context": null,
                  "code": "(0, _functionsPage.addBackpackToCart)(_dataPage.default.remove);\n(0, _functionsPage.goToCart)();\n(0, _functionsPage.goToFirstCheckoutPage)();\n(0, _functionsPage.fillYourInformationAndCheckError)(fn, ln, zc, err);",
                  "err": {},
                  "uuid": "0afd7783-5905-47e6-a6ec-56297e2566ed",
                  "parentUUID": "3583e84d-ad1b-4b1c-ae35-a1714970e44b",
                  "isHook": false,
                  "skipped": false
                },
                {
                  "title": "TC 6 Checkout with incomplete Information",
                  "fullTitle": "Checkout Process Viewport: tablet TC 6 Checkout with incomplete Information",
                  "timedOut": null,
                  "duration": 1295,
                  "state": "passed",
                  "speed": "fast",
                  "pass": true,
                  "fail": false,
                  "pending": false,
                  "context": null,
                  "code": "(0, _functionsPage.addBackpackToCart)(_dataPage.default.remove);\n(0, _functionsPage.goToCart)();\n(0, _functionsPage.goToFirstCheckoutPage)();\n(0, _functionsPage.fillYourInformationAndCheckError)(fn, ln, zc, err);",
                  "err": {},
                  "uuid": "3c75e297-b53e-4d18-a225-08fb016f9428",
                  "parentUUID": "3583e84d-ad1b-4b1c-ae35-a1714970e44b",
                  "isHook": false,
                  "skipped": false
                },
                {
                  "title": "TC 7 Checkout with incomplete Information",
                  "fullTitle": "Checkout Process Viewport: tablet TC 7 Checkout with incomplete Information",
                  "timedOut": null,
                  "duration": 1307,
                  "state": "passed",
                  "speed": "fast",
                  "pass": true,
                  "fail": false,
                  "pending": false,
                  "context": null,
                  "code": "(0, _functionsPage.addBackpackToCart)(_dataPage.default.remove);\n(0, _functionsPage.goToCart)();\n(0, _functionsPage.goToFirstCheckoutPage)();\n(0, _functionsPage.fillYourInformationAndCheckError)(fn, ln, zc, err);",
                  "err": {},
                  "uuid": "f308e86c-15e1-4708-a615-00e8530b8cb8",
                  "parentUUID": "3583e84d-ad1b-4b1c-ae35-a1714970e44b",
                  "isHook": false,
                  "skipped": false
                },
                {
                  "title": "TC 8 Checkout with incomplete Information",
                  "fullTitle": "Checkout Process Viewport: tablet TC 8 Checkout with incomplete Information",
                  "timedOut": null,
                  "duration": 1293,
                  "state": "passed",
                  "speed": "fast",
                  "pass": true,
                  "fail": false,
                  "pending": false,
                  "context": null,
                  "code": "(0, _functionsPage.addBackpackToCart)(_dataPage.default.remove);\n(0, _functionsPage.goToCart)();\n(0, _functionsPage.goToFirstCheckoutPage)();\n(0, _functionsPage.fillYourInformationAndCheckError)(fn, ln, zc, err);",
                  "err": {},
                  "uuid": "edc13dc0-2a09-4b1f-9799-8d4a0361b8ad",
                  "parentUUID": "3583e84d-ad1b-4b1c-ae35-a1714970e44b",
                  "isHook": false,
                  "skipped": false
                },
                {
                  "title": "TC 9 Checkout with incomplete Information",
                  "fullTitle": "Checkout Process Viewport: tablet TC 9 Checkout with incomplete Information",
                  "timedOut": null,
                  "duration": 1107,
                  "state": "passed",
                  "speed": "fast",
                  "pass": true,
                  "fail": false,
                  "pending": false,
                  "context": null,
                  "code": "(0, _functionsPage.addBackpackToCart)(_dataPage.default.remove);\n(0, _functionsPage.goToCart)();\n(0, _functionsPage.goToFirstCheckoutPage)();\n(0, _functionsPage.fillYourInformationAndCheckError)(fn, ln, zc, err);",
                  "err": {},
                  "uuid": "e22e0187-9935-4411-be8d-77a41b3c7086",
                  "parentUUID": "3583e84d-ad1b-4b1c-ae35-a1714970e44b",
                  "isHook": false,
                  "skipped": false
                },
                {
                  "title": "TC 10 Cancel Checkout from the Checkout: Your Information Page",
                  "fullTitle": "Checkout Process Viewport: tablet TC 10 Cancel Checkout from the Checkout: Your Information Page",
                  "timedOut": null,
                  "duration": 1110,
                  "state": "passed",
                  "speed": "fast",
                  "pass": true,
                  "fail": false,
                  "pending": false,
                  "context": null,
                  "code": "(0, _functionsPage.addBackpackToCart)(_dataPage.default.remove);\n(0, _functionsPage.goToCart)();\n(0, _functionsPage.goToFirstCheckoutPage)();\n(0, _functionsPage.clickCancelCheckoutBtn)();\ncy.url().should('include', '/cart.html');",
                  "err": {},
                  "uuid": "019df034-61a9-4921-a7f5-0e5fff9a16d8",
                  "parentUUID": "3583e84d-ad1b-4b1c-ae35-a1714970e44b",
                  "isHook": false,
                  "skipped": false
                },
                {
                  "title": "TC 11 Cancel Checkout from the Checkout: Overview Page",
                  "fullTitle": "Checkout Process Viewport: tablet TC 11 Cancel Checkout from the Checkout: Overview Page",
                  "timedOut": null,
                  "duration": 1815,
                  "state": "passed",
                  "speed": "fast",
                  "pass": true,
                  "fail": false,
                  "pending": false,
                  "context": null,
                  "code": "(0, _functionsPage.addBackpackToCart)(_dataPage.default.remove);\n(0, _functionsPage.goToCart)();\n(0, _functionsPage.goToFirstCheckoutPage)();\n(0, _functionsPage.fillYourInformation)(_dataPage.default.fn, _dataPage.default.ln, _dataPage.default.zc);\n(0, _functionsPage.clickContinueBtnCheckoutPage)();\n(0, _functionsPage.clickCancelCheckoutBtn)();\ncy.url().should('include', '/inventory.html');",
                  "err": {},
                  "uuid": "a638ba14-935c-4d41-85b4-6e4aff313c4c",
                  "parentUUID": "3583e84d-ad1b-4b1c-ae35-a1714970e44b",
                  "isHook": false,
                  "skipped": false
                },
                {
                  "title": "TC 12 Go Back Home After Order",
                  "fullTitle": "Checkout Process Viewport: tablet TC 12 Go Back Home After Order",
                  "timedOut": null,
                  "duration": 2042,
                  "state": "passed",
                  "speed": "fast",
                  "pass": true,
                  "fail": false,
                  "pending": false,
                  "context": null,
                  "code": "(0, _functionsPage.addBackpackToCart)(_dataPage.default.remove);\n(0, _functionsPage.goToCart)();\n(0, _functionsPage.goToFirstCheckoutPage)();\n(0, _functionsPage.fillYourInformation)(_dataPage.default.fn, _dataPage.default.ln, _dataPage.default.zc);\n(0, _functionsPage.clickContinueBtnCheckoutPage)();\n(0, _functionsPage.goToFinishCheckoutPage)();\n(0, _functionsPage.goBackToHomePage)();",
                  "err": {},
                  "uuid": "e67ed664-54d4-418a-88d1-b55e5d059bfa",
                  "parentUUID": "3583e84d-ad1b-4b1c-ae35-a1714970e44b",
                  "isHook": false,
                  "skipped": false
                }
              ],
              "suites": [],
              "passes": [
                "b7251cf1-1650-4028-bfdd-ef371d88ff5f",
                "8e1bb75d-ce27-40ef-a2b9-9329b99ec591",
                "da3eb882-9226-43d2-8b94-146dbc0c7585",
                "4e081430-af3c-4b55-b9bf-62c58d6af2a4",
                "0afd7783-5905-47e6-a6ec-56297e2566ed",
                "3c75e297-b53e-4d18-a225-08fb016f9428",
                "f308e86c-15e1-4708-a615-00e8530b8cb8",
                "edc13dc0-2a09-4b1f-9799-8d4a0361b8ad",
                "e22e0187-9935-4411-be8d-77a41b3c7086",
                "019df034-61a9-4921-a7f5-0e5fff9a16d8",
                "a638ba14-935c-4d41-85b4-6e4aff313c4c",
                "e67ed664-54d4-418a-88d1-b55e5d059bfa"
              ],
              "failures": [],
              "pending": [],
              "skipped": [],
              "duration": 18432,
              "root": false,
              "rootEmpty": false,
              "_timeout": 2000
            },
            {
              "uuid": "1457fe69-6c0c-4645-b2fa-96631077ee97",
              "title": "Viewport: desktop",
              "fullFile": "",
              "file": "",
              "beforeHooks": [],
              "afterHooks": [],
              "tests": [
                {
                  "title": "TC 1 Verify Complete the Checkout Process and Place an Order",
                  "fullTitle": "Checkout Process Viewport: desktop TC 1 Verify Complete the Checkout Process and Place an Order",
                  "timedOut": null,
                  "duration": 1885,
                  "state": "passed",
                  "speed": "fast",
                  "pass": true,
                  "fail": false,
                  "pending": false,
                  "context": null,
                  "code": "(0, _functionsPage.addBackpackAndBikeToCart)(_dataPage.default.remove);\n(0, _functionsPage.goToCart)();\n(0, _functionsPage.goToFirstCheckoutPage)();\n(0, _functionsPage.fillYourInformation)(_dataPage.default.fn, _dataPage.default.ln, _dataPage.default.zc);\n(0, _functionsPage.clickContinueBtnCheckoutPage)();\n(0, _functionsPage.verifyProductDetails)();\n(0, _functionsPage.goToFinishCheckoutPage)();\n(0, _functionsPage.verifyContainsVisibility)(_dataPage.default.msgThankYouForOrder);",
                  "err": {},
                  "uuid": "4bfbac5d-6728-4890-b634-4a0e77bc196a",
                  "parentUUID": "1457fe69-6c0c-4645-b2fa-96631077ee97",
                  "isHook": false,
                  "skipped": false
                },
                {
                  "title": "TC 2 Verify Price Calculation and Tax",
                  "fullTitle": "Checkout Process Viewport: desktop TC 2 Verify Price Calculation and Tax",
                  "timedOut": null,
                  "duration": 1924,
                  "state": "passed",
                  "speed": "fast",
                  "pass": true,
                  "fail": false,
                  "pending": false,
                  "context": null,
                  "code": "(0, _functionsPage.addBackpackAndBikeToCart)(_dataPage.default.remove);\n(0, _functionsPage.goToCart)();\n(0, _functionsPage.goToFirstCheckoutPage)();\n(0, _functionsPage.fillYourInformation)(_dataPage.default.fn, _dataPage.default.ln, _dataPage.default.zc);\n(0, _functionsPage.clickContinueBtnCheckoutPage)();\n(0, _functionsPage.verifyDetailInformationAboutAddProducts)(_dataPage.default.orderOfProducts[0], _dataPage.default.orderOfProducts[1], _dataPage.default.productsPrice[0], _dataPage.default.productsPrice[1]);\ncy.getBySel(_selectorsPage.default.itemsTotalPrice).should('have.text', `Item total: $${totalItemPrice.toFixed(2)}`);\ncy.getBySel(_selectorsPage.default.tax).should('have.text', `Tax: $${expectedTax.toFixed(2)}`);\ncy.getBySel(_selectorsPage.default.totalPriceWithTax).should('have.text', `Total: $${totalPrice.toFixed(2)}`);\n(0, _functionsPage.goToFinishCheckoutPage)();",
                  "err": {},
                  "uuid": "793fe75c-8402-4cc1-b61d-1be98d09901c",
                  "parentUUID": "1457fe69-6c0c-4645-b2fa-96631077ee97",
                  "isHook": false,
                  "skipped": false
                },
                {
                  "title": "TC 3 Checkout with incomplete Information",
                  "fullTitle": "Checkout Process Viewport: desktop TC 3 Checkout with incomplete Information",
                  "timedOut": null,
                  "duration": 1527,
                  "state": "passed",
                  "speed": "fast",
                  "pass": true,
                  "fail": false,
                  "pending": false,
                  "context": null,
                  "code": "(0, _functionsPage.addBackpackToCart)(_dataPage.default.remove);\n(0, _functionsPage.goToCart)();\n(0, _functionsPage.goToFirstCheckoutPage)();\n(0, _functionsPage.fillYourInformationAndCheckError)(fn, ln, zc, err);",
                  "err": {},
                  "uuid": "c29c1e5e-a285-4cdf-a181-c8e8be0ff1bb",
                  "parentUUID": "1457fe69-6c0c-4645-b2fa-96631077ee97",
                  "isHook": false,
                  "skipped": false
                },
                {
                  "title": "TC 4 Checkout with incomplete Information",
                  "fullTitle": "Checkout Process Viewport: desktop TC 4 Checkout with incomplete Information",
                  "timedOut": null,
                  "duration": 1475,
                  "state": "passed",
                  "speed": "fast",
                  "pass": true,
                  "fail": false,
                  "pending": false,
                  "context": null,
                  "code": "(0, _functionsPage.addBackpackToCart)(_dataPage.default.remove);\n(0, _functionsPage.goToCart)();\n(0, _functionsPage.goToFirstCheckoutPage)();\n(0, _functionsPage.fillYourInformationAndCheckError)(fn, ln, zc, err);",
                  "err": {},
                  "uuid": "771e6776-88a2-454a-b0a1-6a56886e55b9",
                  "parentUUID": "1457fe69-6c0c-4645-b2fa-96631077ee97",
                  "isHook": false,
                  "skipped": false
                },
                {
                  "title": "TC 5 Checkout with incomplete Information",
                  "fullTitle": "Checkout Process Viewport: desktop TC 5 Checkout with incomplete Information",
                  "timedOut": null,
                  "duration": 1523,
                  "state": "passed",
                  "speed": "fast",
                  "pass": true,
                  "fail": false,
                  "pending": false,
                  "context": null,
                  "code": "(0, _functionsPage.addBackpackToCart)(_dataPage.default.remove);\n(0, _functionsPage.goToCart)();\n(0, _functionsPage.goToFirstCheckoutPage)();\n(0, _functionsPage.fillYourInformationAndCheckError)(fn, ln, zc, err);",
                  "err": {},
                  "uuid": "903abaf4-37f3-4c40-97ea-5637ed27b81f",
                  "parentUUID": "1457fe69-6c0c-4645-b2fa-96631077ee97",
                  "isHook": false,
                  "skipped": false
                },
                {
                  "title": "TC 6 Checkout with incomplete Information",
                  "fullTitle": "Checkout Process Viewport: desktop TC 6 Checkout with incomplete Information",
                  "timedOut": null,
                  "duration": 1295,
                  "state": "passed",
                  "speed": "fast",
                  "pass": true,
                  "fail": false,
                  "pending": false,
                  "context": null,
                  "code": "(0, _functionsPage.addBackpackToCart)(_dataPage.default.remove);\n(0, _functionsPage.goToCart)();\n(0, _functionsPage.goToFirstCheckoutPage)();\n(0, _functionsPage.fillYourInformationAndCheckError)(fn, ln, zc, err);",
                  "err": {},
                  "uuid": "bcf07b23-5937-4b8b-8b53-6ce351a343fe",
                  "parentUUID": "1457fe69-6c0c-4645-b2fa-96631077ee97",
                  "isHook": false,
                  "skipped": false
                },
                {
                  "title": "TC 7 Checkout with incomplete Information",
                  "fullTitle": "Checkout Process Viewport: desktop TC 7 Checkout with incomplete Information",
                  "timedOut": null,
                  "duration": 1342,
                  "state": "passed",
                  "speed": "fast",
                  "pass": true,
                  "fail": false,
                  "pending": false,
                  "context": null,
                  "code": "(0, _functionsPage.addBackpackToCart)(_dataPage.default.remove);\n(0, _functionsPage.goToCart)();\n(0, _functionsPage.goToFirstCheckoutPage)();\n(0, _functionsPage.fillYourInformationAndCheckError)(fn, ln, zc, err);",
                  "err": {},
                  "uuid": "ecb2ba1c-d50e-4e04-acd4-a9480eea9fe0",
                  "parentUUID": "1457fe69-6c0c-4645-b2fa-96631077ee97",
                  "isHook": false,
                  "skipped": false
                },
                {
                  "title": "TC 8 Checkout with incomplete Information",
                  "fullTitle": "Checkout Process Viewport: desktop TC 8 Checkout with incomplete Information",
                  "timedOut": null,
                  "duration": 1291,
                  "state": "passed",
                  "speed": "fast",
                  "pass": true,
                  "fail": false,
                  "pending": false,
                  "context": null,
                  "code": "(0, _functionsPage.addBackpackToCart)(_dataPage.default.remove);\n(0, _functionsPage.goToCart)();\n(0, _functionsPage.goToFirstCheckoutPage)();\n(0, _functionsPage.fillYourInformationAndCheckError)(fn, ln, zc, err);",
                  "err": {},
                  "uuid": "e2cdb1f4-cdae-46f7-996c-1e982690ea96",
                  "parentUUID": "1457fe69-6c0c-4645-b2fa-96631077ee97",
                  "isHook": false,
                  "skipped": false
                },
                {
                  "title": "TC 9 Checkout with incomplete Information",
                  "fullTitle": "Checkout Process Viewport: desktop TC 9 Checkout with incomplete Information",
                  "timedOut": null,
                  "duration": 1106,
                  "state": "passed",
                  "speed": "fast",
                  "pass": true,
                  "fail": false,
                  "pending": false,
                  "context": null,
                  "code": "(0, _functionsPage.addBackpackToCart)(_dataPage.default.remove);\n(0, _functionsPage.goToCart)();\n(0, _functionsPage.goToFirstCheckoutPage)();\n(0, _functionsPage.fillYourInformationAndCheckError)(fn, ln, zc, err);",
                  "err": {},
                  "uuid": "59dde5e5-02d2-4bda-9101-ae7a51094aaf",
                  "parentUUID": "1457fe69-6c0c-4645-b2fa-96631077ee97",
                  "isHook": false,
                  "skipped": false
                },
                {
                  "title": "TC 10 Cancel Checkout from the Checkout: Your Information Page",
                  "fullTitle": "Checkout Process Viewport: desktop TC 10 Cancel Checkout from the Checkout: Your Information Page",
                  "timedOut": null,
                  "duration": 1130,
                  "state": "passed",
                  "speed": "fast",
                  "pass": true,
                  "fail": false,
                  "pending": false,
                  "context": null,
                  "code": "(0, _functionsPage.addBackpackToCart)(_dataPage.default.remove);\n(0, _functionsPage.goToCart)();\n(0, _functionsPage.goToFirstCheckoutPage)();\n(0, _functionsPage.clickCancelCheckoutBtn)();\ncy.url().should('include', '/cart.html');",
                  "err": {},
                  "uuid": "668c73fa-2872-4561-a4cc-ec1941290fac",
                  "parentUUID": "1457fe69-6c0c-4645-b2fa-96631077ee97",
                  "isHook": false,
                  "skipped": false
                },
                {
                  "title": "TC 11 Cancel Checkout from the Checkout: Overview Page",
                  "fullTitle": "Checkout Process Viewport: desktop TC 11 Cancel Checkout from the Checkout: Overview Page",
                  "timedOut": null,
                  "duration": 1803,
                  "state": "passed",
                  "speed": "fast",
                  "pass": true,
                  "fail": false,
                  "pending": false,
                  "context": null,
                  "code": "(0, _functionsPage.addBackpackToCart)(_dataPage.default.remove);\n(0, _functionsPage.goToCart)();\n(0, _functionsPage.goToFirstCheckoutPage)();\n(0, _functionsPage.fillYourInformation)(_dataPage.default.fn, _dataPage.default.ln, _dataPage.default.zc);\n(0, _functionsPage.clickContinueBtnCheckoutPage)();\n(0, _functionsPage.clickCancelCheckoutBtn)();\ncy.url().should('include', '/inventory.html');",
                  "err": {},
                  "uuid": "ea448763-2fb3-4ba3-aad5-77db8c777a80",
                  "parentUUID": "1457fe69-6c0c-4645-b2fa-96631077ee97",
                  "isHook": false,
                  "skipped": false
                },
                {
                  "title": "TC 12 Go Back Home After Order",
                  "fullTitle": "Checkout Process Viewport: desktop TC 12 Go Back Home After Order",
                  "timedOut": null,
                  "duration": 1875,
                  "state": "passed",
                  "speed": "fast",
                  "pass": true,
                  "fail": false,
                  "pending": false,
                  "context": null,
                  "code": "(0, _functionsPage.addBackpackToCart)(_dataPage.default.remove);\n(0, _functionsPage.goToCart)();\n(0, _functionsPage.goToFirstCheckoutPage)();\n(0, _functionsPage.fillYourInformation)(_dataPage.default.fn, _dataPage.default.ln, _dataPage.default.zc);\n(0, _functionsPage.clickContinueBtnCheckoutPage)();\n(0, _functionsPage.goToFinishCheckoutPage)();\n(0, _functionsPage.goBackToHomePage)();",
                  "err": {},
                  "uuid": "d2f2e0f3-60ee-4c68-92c8-daf17fedd4bb",
                  "parentUUID": "1457fe69-6c0c-4645-b2fa-96631077ee97",
                  "isHook": false,
                  "skipped": false
                }
              ],
              "suites": [],
              "passes": [
                "4bfbac5d-6728-4890-b634-4a0e77bc196a",
                "793fe75c-8402-4cc1-b61d-1be98d09901c",
                "c29c1e5e-a285-4cdf-a181-c8e8be0ff1bb",
                "771e6776-88a2-454a-b0a1-6a56886e55b9",
                "903abaf4-37f3-4c40-97ea-5637ed27b81f",
                "bcf07b23-5937-4b8b-8b53-6ce351a343fe",
                "ecb2ba1c-d50e-4e04-acd4-a9480eea9fe0",
                "e2cdb1f4-cdae-46f7-996c-1e982690ea96",
                "59dde5e5-02d2-4bda-9101-ae7a51094aaf",
                "668c73fa-2872-4561-a4cc-ec1941290fac",
                "ea448763-2fb3-4ba3-aad5-77db8c777a80",
                "d2f2e0f3-60ee-4c68-92c8-daf17fedd4bb"
              ],
              "failures": [],
              "pending": [],
              "skipped": [],
              "duration": 18176,
              "root": false,
              "rootEmpty": false,
              "_timeout": 2000
            }
          ],
          "passes": [],
          "failures": [],
          "pending": [],
          "skipped": [],
          "duration": 0,
          "root": false,
          "rootEmpty": false,
          "_timeout": 2000
        }
      ],
      "passes": [],
      "failures": [],
      "pending": [],
      "skipped": [],
      "duration": 0,
      "root": true,
      "rootEmpty": true,
      "_timeout": 2000
    }
  ],
  "meta": {
    "mocha": {
      "version": "7.0.1"
    },
    "mochawesome": {
      "options": {
        "quiet": false,
        "reportFilename": "mochawesome",
        "saveHtml": false,
        "saveJson": true,
        "consoleReporter": "spec",
        "useInlineDiffs": false,
        "code": true
      },
      "version": "7.1.3"
    },
    "marge": {
      "options": {
        "id": "default",
        "reportDir": "cypress/results/mochawesome",
        "overwrite": false,
        "html": false,
        "json": true
      },
      "version": "6.2.0"
    }
  }
}