{
  "stats": {
    "suites": 4,
    "tests": 30,
    "passes": 30,
    "pending": 0,
    "failures": 0,
    "start": "2024-07-04T12:34:07.304Z",
    "end": "2024-07-04T12:34:32.828Z",
    "duration": 25524,
    "testsRegistered": 30,
    "passPercent": 100,
    "pendingPercent": 0,
    "other": 0,
    "hasOther": false,
    "skipped": 0,
    "hasSkipped": false
  },
  "results": [
    {
      "uuid": "4d9149e2-7fc5-4fc2-a983-652f9810193d",
      "title": "",
      "fullFile": "cypress\\e2e\\userLoginFunctionality.cy.js",
      "file": "cypress\\e2e\\userLoginFunctionality.cy.js",
      "beforeHooks": [],
      "afterHooks": [],
      "tests": [],
      "suites": [
        {
          "uuid": "f1cc60ff-889a-4574-b220-6e5cd0eea0af",
          "title": "User Login Functionality",
          "fullFile": "",
          "file": "",
          "beforeHooks": [],
          "afterHooks": [],
          "tests": [],
          "suites": [
            {
              "uuid": "d4400e80-e273-4394-bc0d-3701be7c1493",
              "title": "Viewport: mobile",
              "fullFile": "",
              "file": "",
              "beforeHooks": [],
              "afterHooks": [],
              "tests": [
                {
                  "title": "TC 1: Successful Login",
                  "fullTitle": "User Login Functionality Viewport: mobile TC 1: Successful Login",
                  "timedOut": null,
                  "duration": 1413,
                  "state": "passed",
                  "speed": "fast",
                  "pass": true,
                  "fail": false,
                  "pending": false,
                  "context": null,
                  "code": "(0, _functionsPage.login)(_dataPage.default.validUsr, _dataPage.default.validPwd);\n(0, _functionsPage.verifyContainsVisibility)(_dataPage.default.labelProducts);",
                  "err": {},
                  "uuid": "5d21ed68-5b7e-4ac2-a278-378a97ac6042",
                  "parentUUID": "d4400e80-e273-4394-bc0d-3701be7c1493",
                  "isHook": false,
                  "skipped": false
                },
                {
                  "title": "TC 2: Login with Locked Out User, Invalid User, or Empty Information and Check the Message",
                  "fullTitle": "User Login Functionality Viewport: mobile TC 2: Login with Locked Out User, Invalid User, or Empty Information and Check the Message",
                  "timedOut": null,
                  "duration": 1134,
                  "state": "passed",
                  "speed": "fast",
                  "pass": true,
                  "fail": false,
                  "pending": false,
                  "context": null,
                  "code": "(0, _functionsPage.login)(usr, pwd);\n(0, _functionsPage.verifyErrorMsg)(err);",
                  "err": {},
                  "uuid": "0019854c-dd9a-4930-a094-2867c91afd24",
                  "parentUUID": "d4400e80-e273-4394-bc0d-3701be7c1493",
                  "isHook": false,
                  "skipped": false
                },
                {
                  "title": "TC 3: Login with Locked Out User, Invalid User, or Empty Information and Check the Message",
                  "fullTitle": "User Login Functionality Viewport: mobile TC 3: Login with Locked Out User, Invalid User, or Empty Information and Check the Message",
                  "timedOut": null,
                  "duration": 787,
                  "state": "passed",
                  "speed": "fast",
                  "pass": true,
                  "fail": false,
                  "pending": false,
                  "context": null,
                  "code": "(0, _functionsPage.login)(usr, pwd);\n(0, _functionsPage.verifyErrorMsg)(err);",
                  "err": {},
                  "uuid": "0484c6cd-d4cc-40d3-8878-d2e67a709e15",
                  "parentUUID": "d4400e80-e273-4394-bc0d-3701be7c1493",
                  "isHook": false,
                  "skipped": false
                },
                {
                  "title": "TC 4: Login with Locked Out User, Invalid User, or Empty Information and Check the Message",
                  "fullTitle": "User Login Functionality Viewport: mobile TC 4: Login with Locked Out User, Invalid User, or Empty Information and Check the Message",
                  "timedOut": null,
                  "duration": 741,
                  "state": "passed",
                  "speed": "fast",
                  "pass": true,
                  "fail": false,
                  "pending": false,
                  "context": null,
                  "code": "(0, _functionsPage.login)(usr, pwd);\n(0, _functionsPage.verifyErrorMsg)(err);",
                  "err": {},
                  "uuid": "5de55d9a-85b1-44ac-94a5-07ebd1502b41",
                  "parentUUID": "d4400e80-e273-4394-bc0d-3701be7c1493",
                  "isHook": false,
                  "skipped": false
                },
                {
                  "title": "TC 5: Login with Locked Out User, Invalid User, or Empty Information and Check the Message",
                  "fullTitle": "User Login Functionality Viewport: mobile TC 5: Login with Locked Out User, Invalid User, or Empty Information and Check the Message",
                  "timedOut": null,
                  "duration": 741,
                  "state": "passed",
                  "speed": "fast",
                  "pass": true,
                  "fail": false,
                  "pending": false,
                  "context": null,
                  "code": "(0, _functionsPage.login)(usr, pwd);\n(0, _functionsPage.verifyErrorMsg)(err);",
                  "err": {},
                  "uuid": "07e83231-1b25-4068-aad6-722182299a53",
                  "parentUUID": "d4400e80-e273-4394-bc0d-3701be7c1493",
                  "isHook": false,
                  "skipped": false
                },
                {
                  "title": "TC 6: Login with Locked Out User, Invalid User, or Empty Information and Check the Message",
                  "fullTitle": "User Login Functionality Viewport: mobile TC 6: Login with Locked Out User, Invalid User, or Empty Information and Check the Message",
                  "timedOut": null,
                  "duration": 481,
                  "state": "passed",
                  "speed": "fast",
                  "pass": true,
                  "fail": false,
                  "pending": false,
                  "context": null,
                  "code": "(0, _functionsPage.login)(usr, pwd);\n(0, _functionsPage.verifyErrorMsg)(err);",
                  "err": {},
                  "uuid": "5d171abe-8b2c-49fc-97e2-fb2acbf48ad2",
                  "parentUUID": "d4400e80-e273-4394-bc0d-3701be7c1493",
                  "isHook": false,
                  "skipped": false
                },
                {
                  "title": "TC 7: Login with Locked Out User, Invalid User, or Empty Information and Check the Message",
                  "fullTitle": "User Login Functionality Viewport: mobile TC 7: Login with Locked Out User, Invalid User, or Empty Information and Check the Message",
                  "timedOut": null,
                  "duration": 506,
                  "state": "passed",
                  "speed": "fast",
                  "pass": true,
                  "fail": false,
                  "pending": false,
                  "context": null,
                  "code": "(0, _functionsPage.login)(usr, pwd);\n(0, _functionsPage.verifyErrorMsg)(err);",
                  "err": {},
                  "uuid": "5cd40a7c-367d-4fd8-a1bc-33782491ae13",
                  "parentUUID": "d4400e80-e273-4394-bc0d-3701be7c1493",
                  "isHook": false,
                  "skipped": false
                },
                {
                  "title": "TC 8: Login with Locked Out User, Invalid User, or Empty Information and Check the Message",
                  "fullTitle": "User Login Functionality Viewport: mobile TC 8: Login with Locked Out User, Invalid User, or Empty Information and Check the Message",
                  "timedOut": null,
                  "duration": 205,
                  "state": "passed",
                  "speed": "fast",
                  "pass": true,
                  "fail": false,
                  "pending": false,
                  "context": null,
                  "code": "(0, _functionsPage.login)(usr, pwd);\n(0, _functionsPage.verifyErrorMsg)(err);",
                  "err": {},
                  "uuid": "71519d3e-0d00-44f5-b0d8-df3da8453790",
                  "parentUUID": "d4400e80-e273-4394-bc0d-3701be7c1493",
                  "isHook": false,
                  "skipped": false
                },
                {
                  "title": "TC 9: Verify Correct Logout",
                  "fullTitle": "User Login Functionality Viewport: mobile TC 9: Verify Correct Logout",
                  "timedOut": null,
                  "duration": 929,
                  "state": "passed",
                  "speed": "fast",
                  "pass": true,
                  "fail": false,
                  "pending": false,
                  "context": null,
                  "code": "(0, _functionsPage.login)(_dataPage.default.validUsr, _dataPage.default.validPwd);\n(0, _functionsPage.clickMenuBtn)();\n(0, _functionsPage.logoutAndVerify)();",
                  "err": {},
                  "uuid": "ea4ec310-b191-4931-83ec-51e95f42bcac",
                  "parentUUID": "d4400e80-e273-4394-bc0d-3701be7c1493",
                  "isHook": false,
                  "skipped": false
                },
                {
                  "title": "TC 10: Check the Disabled Error Message Using the Delete Icon",
                  "fullTitle": "User Login Functionality Viewport: mobile TC 10: Check the Disabled Error Message Using the Delete Icon",
                  "timedOut": null,
                  "duration": 862,
                  "state": "passed",
                  "speed": "fast",
                  "pass": true,
                  "fail": false,
                  "pending": false,
                  "context": null,
                  "code": "(0, _functionsPage.login)(_dataPage.default.invalidUsr, _dataPage.default.validPwd);\n(0, _functionsPage.verifyErrorMsg)(_dataPage.default.msgWrongLoginData);\n(0, _functionsPage.deleteAndVerifyErrMsg)();",
                  "err": {},
                  "uuid": "53aa854a-a204-481e-bb34-76c0bfeb39bf",
                  "parentUUID": "d4400e80-e273-4394-bc0d-3701be7c1493",
                  "isHook": false,
                  "skipped": false
                }
              ],
              "suites": [],
              "passes": [
                "5d21ed68-5b7e-4ac2-a278-378a97ac6042",
                "0019854c-dd9a-4930-a094-2867c91afd24",
                "0484c6cd-d4cc-40d3-8878-d2e67a709e15",
                "5de55d9a-85b1-44ac-94a5-07ebd1502b41",
                "07e83231-1b25-4068-aad6-722182299a53",
                "5d171abe-8b2c-49fc-97e2-fb2acbf48ad2",
                "5cd40a7c-367d-4fd8-a1bc-33782491ae13",
                "71519d3e-0d00-44f5-b0d8-df3da8453790",
                "ea4ec310-b191-4931-83ec-51e95f42bcac",
                "53aa854a-a204-481e-bb34-76c0bfeb39bf"
              ],
              "failures": [],
              "pending": [],
              "skipped": [],
              "duration": 7799,
              "root": false,
              "rootEmpty": false,
              "_timeout": 2000
            },
            {
              "uuid": "599f834c-9652-4e41-8e9d-02f9d8a9dd8b",
              "title": "Viewport: tablet",
              "fullFile": "",
              "file": "",
              "beforeHooks": [],
              "afterHooks": [],
              "tests": [
                {
                  "title": "TC 1: Successful Login",
                  "fullTitle": "User Login Functionality Viewport: tablet TC 1: Successful Login",
                  "timedOut": null,
                  "duration": 786,
                  "state": "passed",
                  "speed": "fast",
                  "pass": true,
                  "fail": false,
                  "pending": false,
                  "context": null,
                  "code": "(0, _functionsPage.login)(_dataPage.default.validUsr, _dataPage.default.validPwd);\n(0, _functionsPage.verifyContainsVisibility)(_dataPage.default.labelProducts);",
                  "err": {},
                  "uuid": "876c6f34-0928-448c-ae4c-704902c45f72",
                  "parentUUID": "599f834c-9652-4e41-8e9d-02f9d8a9dd8b",
                  "isHook": false,
                  "skipped": false
                },
                {
                  "title": "TC 2: Login with Locked Out User, Invalid User, or Empty Information and Check the Message",
                  "fullTitle": "User Login Functionality Viewport: tablet TC 2: Login with Locked Out User, Invalid User, or Empty Information and Check the Message",
                  "timedOut": null,
                  "duration": 806,
                  "state": "passed",
                  "speed": "fast",
                  "pass": true,
                  "fail": false,
                  "pending": false,
                  "context": null,
                  "code": "(0, _functionsPage.login)(usr, pwd);\n(0, _functionsPage.verifyErrorMsg)(err);",
                  "err": {},
                  "uuid": "8a1e4842-0c07-4135-92d7-5ddfb3919087",
                  "parentUUID": "599f834c-9652-4e41-8e9d-02f9d8a9dd8b",
                  "isHook": false,
                  "skipped": false
                },
                {
                  "title": "TC 3: Login with Locked Out User, Invalid User, or Empty Information and Check the Message",
                  "fullTitle": "User Login Functionality Viewport: tablet TC 3: Login with Locked Out User, Invalid User, or Empty Information and Check the Message",
                  "timedOut": null,
                  "duration": 762,
                  "state": "passed",
                  "speed": "fast",
                  "pass": true,
                  "fail": false,
                  "pending": false,
                  "context": null,
                  "code": "(0, _functionsPage.login)(usr, pwd);\n(0, _functionsPage.verifyErrorMsg)(err);",
                  "err": {},
                  "uuid": "56ecc3d0-aab8-4cc5-8e33-d12d7ff4e796",
                  "parentUUID": "599f834c-9652-4e41-8e9d-02f9d8a9dd8b",
                  "isHook": false,
                  "skipped": false
                },
                {
                  "title": "TC 4: Login with Locked Out User, Invalid User, or Empty Information and Check the Message",
                  "fullTitle": "User Login Functionality Viewport: tablet TC 4: Login with Locked Out User, Invalid User, or Empty Information and Check the Message",
                  "timedOut": null,
                  "duration": 751,
                  "state": "passed",
                  "speed": "fast",
                  "pass": true,
                  "fail": false,
                  "pending": false,
                  "context": null,
                  "code": "(0, _functionsPage.login)(usr, pwd);\n(0, _functionsPage.verifyErrorMsg)(err);",
                  "err": {},
                  "uuid": "38ad5019-0984-497d-af2b-e20c6cc9618e",
                  "parentUUID": "599f834c-9652-4e41-8e9d-02f9d8a9dd8b",
                  "isHook": false,
                  "skipped": false
                },
                {
                  "title": "TC 5: Login with Locked Out User, Invalid User, or Empty Information and Check the Message",
                  "fullTitle": "User Login Functionality Viewport: tablet TC 5: Login with Locked Out User, Invalid User, or Empty Information and Check the Message",
                  "timedOut": null,
                  "duration": 706,
                  "state": "passed",
                  "speed": "fast",
                  "pass": true,
                  "fail": false,
                  "pending": false,
                  "context": null,
                  "code": "(0, _functionsPage.login)(usr, pwd);\n(0, _functionsPage.verifyErrorMsg)(err);",
                  "err": {},
                  "uuid": "276d050c-1fb2-4c41-90ef-c84edc9fa1e7",
                  "parentUUID": "599f834c-9652-4e41-8e9d-02f9d8a9dd8b",
                  "isHook": false,
                  "skipped": false
                },
                {
                  "title": "TC 6: Login with Locked Out User, Invalid User, or Empty Information and Check the Message",
                  "fullTitle": "User Login Functionality Viewport: tablet TC 6: Login with Locked Out User, Invalid User, or Empty Information and Check the Message",
                  "timedOut": null,
                  "duration": 504,
                  "state": "passed",
                  "speed": "fast",
                  "pass": true,
                  "fail": false,
                  "pending": false,
                  "context": null,
                  "code": "(0, _functionsPage.login)(usr, pwd);\n(0, _functionsPage.verifyErrorMsg)(err);",
                  "err": {},
                  "uuid": "3f1f39b4-0b88-49be-8a4f-5d1a9a8cd537",
                  "parentUUID": "599f834c-9652-4e41-8e9d-02f9d8a9dd8b",
                  "isHook": false,
                  "skipped": false
                },
                {
                  "title": "TC 7: Login with Locked Out User, Invalid User, or Empty Information and Check the Message",
                  "fullTitle": "User Login Functionality Viewport: tablet TC 7: Login with Locked Out User, Invalid User, or Empty Information and Check the Message",
                  "timedOut": null,
                  "duration": 470,
                  "state": "passed",
                  "speed": "fast",
                  "pass": true,
                  "fail": false,
                  "pending": false,
                  "context": null,
                  "code": "(0, _functionsPage.login)(usr, pwd);\n(0, _functionsPage.verifyErrorMsg)(err);",
                  "err": {},
                  "uuid": "889552ab-f95a-4e27-a3f9-dae3f2d63aba",
                  "parentUUID": "599f834c-9652-4e41-8e9d-02f9d8a9dd8b",
                  "isHook": false,
                  "skipped": false
                },
                {
                  "title": "TC 8: Login with Locked Out User, Invalid User, or Empty Information and Check the Message",
                  "fullTitle": "User Login Functionality Viewport: tablet TC 8: Login with Locked Out User, Invalid User, or Empty Information and Check the Message",
                  "timedOut": null,
                  "duration": 190,
                  "state": "passed",
                  "speed": "fast",
                  "pass": true,
                  "fail": false,
                  "pending": false,
                  "context": null,
                  "code": "(0, _functionsPage.login)(usr, pwd);\n(0, _functionsPage.verifyErrorMsg)(err);",
                  "err": {},
                  "uuid": "964e951e-1970-447e-b356-252fb030fa91",
                  "parentUUID": "599f834c-9652-4e41-8e9d-02f9d8a9dd8b",
                  "isHook": false,
                  "skipped": false
                },
                {
                  "title": "TC 9: Verify Correct Logout",
                  "fullTitle": "User Login Functionality Viewport: tablet TC 9: Verify Correct Logout",
                  "timedOut": null,
                  "duration": 915,
                  "state": "passed",
                  "speed": "fast",
                  "pass": true,
                  "fail": false,
                  "pending": false,
                  "context": null,
                  "code": "(0, _functionsPage.login)(_dataPage.default.validUsr, _dataPage.default.validPwd);\n(0, _functionsPage.clickMenuBtn)();\n(0, _functionsPage.logoutAndVerify)();",
                  "err": {},
                  "uuid": "d9f6e358-9436-4a5f-896e-73710424371f",
                  "parentUUID": "599f834c-9652-4e41-8e9d-02f9d8a9dd8b",
                  "isHook": false,
                  "skipped": false
                },
                {
                  "title": "TC 10: Check the Disabled Error Message Using the Delete Icon",
                  "fullTitle": "User Login Functionality Viewport: tablet TC 10: Check the Disabled Error Message Using the Delete Icon",
                  "timedOut": null,
                  "duration": 827,
                  "state": "passed",
                  "speed": "fast",
                  "pass": true,
                  "fail": false,
                  "pending": false,
                  "context": null,
                  "code": "(0, _functionsPage.login)(_dataPage.default.invalidUsr, _dataPage.default.validPwd);\n(0, _functionsPage.verifyErrorMsg)(_dataPage.default.msgWrongLoginData);\n(0, _functionsPage.deleteAndVerifyErrMsg)();",
                  "err": {},
                  "uuid": "423a8222-cf1c-4398-96f3-ab20a2a58ae4",
                  "parentUUID": "599f834c-9652-4e41-8e9d-02f9d8a9dd8b",
                  "isHook": false,
                  "skipped": false
                }
              ],
              "suites": [],
              "passes": [
                "876c6f34-0928-448c-ae4c-704902c45f72",
                "8a1e4842-0c07-4135-92d7-5ddfb3919087",
                "56ecc3d0-aab8-4cc5-8e33-d12d7ff4e796",
                "38ad5019-0984-497d-af2b-e20c6cc9618e",
                "276d050c-1fb2-4c41-90ef-c84edc9fa1e7",
                "3f1f39b4-0b88-49be-8a4f-5d1a9a8cd537",
                "889552ab-f95a-4e27-a3f9-dae3f2d63aba",
                "964e951e-1970-447e-b356-252fb030fa91",
                "d9f6e358-9436-4a5f-896e-73710424371f",
                "423a8222-cf1c-4398-96f3-ab20a2a58ae4"
              ],
              "failures": [],
              "pending": [],
              "skipped": [],
              "duration": 6717,
              "root": false,
              "rootEmpty": false,
              "_timeout": 2000
            },
            {
              "uuid": "6265af43-b69f-4dd0-b380-d558cc5fa839",
              "title": "Viewport: desktop",
              "fullFile": "",
              "file": "",
              "beforeHooks": [],
              "afterHooks": [],
              "tests": [
                {
                  "title": "TC 1: Successful Login",
                  "fullTitle": "User Login Functionality Viewport: desktop TC 1: Successful Login",
                  "timedOut": null,
                  "duration": 772,
                  "state": "passed",
                  "speed": "fast",
                  "pass": true,
                  "fail": false,
                  "pending": false,
                  "context": null,
                  "code": "(0, _functionsPage.login)(_dataPage.default.validUsr, _dataPage.default.validPwd);\n(0, _functionsPage.verifyContainsVisibility)(_dataPage.default.labelProducts);",
                  "err": {},
                  "uuid": "10dab9f9-5a42-4877-bf5b-130a42d44f12",
                  "parentUUID": "6265af43-b69f-4dd0-b380-d558cc5fa839",
                  "isHook": false,
                  "skipped": false
                },
                {
                  "title": "TC 2: Login with Locked Out User, Invalid User, or Empty Information and Check the Message",
                  "fullTitle": "User Login Functionality Viewport: desktop TC 2: Login with Locked Out User, Invalid User, or Empty Information and Check the Message",
                  "timedOut": null,
                  "duration": 841,
                  "state": "passed",
                  "speed": "fast",
                  "pass": true,
                  "fail": false,
                  "pending": false,
                  "context": null,
                  "code": "(0, _functionsPage.login)(usr, pwd);\n(0, _functionsPage.verifyErrorMsg)(err);",
                  "err": {},
                  "uuid": "1079075c-919c-439e-b038-3a0156640a08",
                  "parentUUID": "6265af43-b69f-4dd0-b380-d558cc5fa839",
                  "isHook": false,
                  "skipped": false
                },
                {
                  "title": "TC 3: Login with Locked Out User, Invalid User, or Empty Information and Check the Message",
                  "fullTitle": "User Login Functionality Viewport: desktop TC 3: Login with Locked Out User, Invalid User, or Empty Information and Check the Message",
                  "timedOut": null,
                  "duration": 763,
                  "state": "passed",
                  "speed": "fast",
                  "pass": true,
                  "fail": false,
                  "pending": false,
                  "context": null,
                  "code": "(0, _functionsPage.login)(usr, pwd);\n(0, _functionsPage.verifyErrorMsg)(err);",
                  "err": {},
                  "uuid": "9c663120-70ad-4e85-8c95-f93841ab14d4",
                  "parentUUID": "6265af43-b69f-4dd0-b380-d558cc5fa839",
                  "isHook": false,
                  "skipped": false
                },
                {
                  "title": "TC 4: Login with Locked Out User, Invalid User, or Empty Information and Check the Message",
                  "fullTitle": "User Login Functionality Viewport: desktop TC 4: Login with Locked Out User, Invalid User, or Empty Information and Check the Message",
                  "timedOut": null,
                  "duration": 722,
                  "state": "passed",
                  "speed": "fast",
                  "pass": true,
                  "fail": false,
                  "pending": false,
                  "context": null,
                  "code": "(0, _functionsPage.login)(usr, pwd);\n(0, _functionsPage.verifyErrorMsg)(err);",
                  "err": {},
                  "uuid": "cf80a79e-2de0-417f-b27a-72239cb329e9",
                  "parentUUID": "6265af43-b69f-4dd0-b380-d558cc5fa839",
                  "isHook": false,
                  "skipped": false
                },
                {
                  "title": "TC 5: Login with Locked Out User, Invalid User, or Empty Information and Check the Message",
                  "fullTitle": "User Login Functionality Viewport: desktop TC 5: Login with Locked Out User, Invalid User, or Empty Information and Check the Message",
                  "timedOut": null,
                  "duration": 701,
                  "state": "passed",
                  "speed": "fast",
                  "pass": true,
                  "fail": false,
                  "pending": false,
                  "context": null,
                  "code": "(0, _functionsPage.login)(usr, pwd);\n(0, _functionsPage.verifyErrorMsg)(err);",
                  "err": {},
                  "uuid": "bd9d59e2-83c9-4983-9ee3-9cd9e2b21cf0",
                  "parentUUID": "6265af43-b69f-4dd0-b380-d558cc5fa839",
                  "isHook": false,
                  "skipped": false
                },
                {
                  "title": "TC 6: Login with Locked Out User, Invalid User, or Empty Information and Check the Message",
                  "fullTitle": "User Login Functionality Viewport: desktop TC 6: Login with Locked Out User, Invalid User, or Empty Information and Check the Message",
                  "timedOut": null,
                  "duration": 463,
                  "state": "passed",
                  "speed": "fast",
                  "pass": true,
                  "fail": false,
                  "pending": false,
                  "context": null,
                  "code": "(0, _functionsPage.login)(usr, pwd);\n(0, _functionsPage.verifyErrorMsg)(err);",
                  "err": {},
                  "uuid": "ec185db9-5dcd-4048-8840-0166d8874511",
                  "parentUUID": "6265af43-b69f-4dd0-b380-d558cc5fa839",
                  "isHook": false,
                  "skipped": false
                },
                {
                  "title": "TC 7: Login with Locked Out User, Invalid User, or Empty Information and Check the Message",
                  "fullTitle": "User Login Functionality Viewport: desktop TC 7: Login with Locked Out User, Invalid User, or Empty Information and Check the Message",
                  "timedOut": null,
                  "duration": 477,
                  "state": "passed",
                  "speed": "fast",
                  "pass": true,
                  "fail": false,
                  "pending": false,
                  "context": null,
                  "code": "(0, _functionsPage.login)(usr, pwd);\n(0, _functionsPage.verifyErrorMsg)(err);",
                  "err": {},
                  "uuid": "22941de9-bddb-43c8-a05d-c1be5d4a1e4c",
                  "parentUUID": "6265af43-b69f-4dd0-b380-d558cc5fa839",
                  "isHook": false,
                  "skipped": false
                },
                {
                  "title": "TC 8: Login with Locked Out User, Invalid User, or Empty Information and Check the Message",
                  "fullTitle": "User Login Functionality Viewport: desktop TC 8: Login with Locked Out User, Invalid User, or Empty Information and Check the Message",
                  "timedOut": null,
                  "duration": 1046,
                  "state": "passed",
                  "speed": "fast",
                  "pass": true,
                  "fail": false,
                  "pending": false,
                  "context": null,
                  "code": "(0, _functionsPage.login)(usr, pwd);\n(0, _functionsPage.verifyErrorMsg)(err);",
                  "err": {},
                  "uuid": "9edb9fca-30ea-4cda-9e78-b7405b3a7096",
                  "parentUUID": "6265af43-b69f-4dd0-b380-d558cc5fa839",
                  "isHook": false,
                  "skipped": false
                },
                {
                  "title": "TC 9: Verify Correct Logout",
                  "fullTitle": "User Login Functionality Viewport: desktop TC 9: Verify Correct Logout",
                  "timedOut": null,
                  "duration": 896,
                  "state": "passed",
                  "speed": "fast",
                  "pass": true,
                  "fail": false,
                  "pending": false,
                  "context": null,
                  "code": "(0, _functionsPage.login)(_dataPage.default.validUsr, _dataPage.default.validPwd);\n(0, _functionsPage.clickMenuBtn)();\n(0, _functionsPage.logoutAndVerify)();",
                  "err": {},
                  "uuid": "5db39025-dc54-4520-88cd-211de8eb329c",
                  "parentUUID": "6265af43-b69f-4dd0-b380-d558cc5fa839",
                  "isHook": false,
                  "skipped": false
                },
                {
                  "title": "TC 10: Check the Disabled Error Message Using the Delete Icon",
                  "fullTitle": "User Login Functionality Viewport: desktop TC 10: Check the Disabled Error Message Using the Delete Icon",
                  "timedOut": null,
                  "duration": 872,
                  "state": "passed",
                  "speed": "fast",
                  "pass": true,
                  "fail": false,
                  "pending": false,
                  "context": null,
                  "code": "(0, _functionsPage.login)(_dataPage.default.invalidUsr, _dataPage.default.validPwd);\n(0, _functionsPage.verifyErrorMsg)(_dataPage.default.msgWrongLoginData);\n(0, _functionsPage.deleteAndVerifyErrMsg)();",
                  "err": {},
                  "uuid": "7f020e48-1d8a-4128-af5b-7e981d56ffb9",
                  "parentUUID": "6265af43-b69f-4dd0-b380-d558cc5fa839",
                  "isHook": false,
                  "skipped": false
                }
              ],
              "suites": [],
              "passes": [
                "10dab9f9-5a42-4877-bf5b-130a42d44f12",
                "1079075c-919c-439e-b038-3a0156640a08",
                "9c663120-70ad-4e85-8c95-f93841ab14d4",
                "cf80a79e-2de0-417f-b27a-72239cb329e9",
                "bd9d59e2-83c9-4983-9ee3-9cd9e2b21cf0",
                "ec185db9-5dcd-4048-8840-0166d8874511",
                "22941de9-bddb-43c8-a05d-c1be5d4a1e4c",
                "9edb9fca-30ea-4cda-9e78-b7405b3a7096",
                "5db39025-dc54-4520-88cd-211de8eb329c",
                "7f020e48-1d8a-4128-af5b-7e981d56ffb9"
              ],
              "failures": [],
              "pending": [],
              "skipped": [],
              "duration": 7553,
              "root": false,
              "rootEmpty": false,
              "_timeout": 2000
            }
          ],
          "passes": [],
          "failures": [],
          "pending": [],
          "skipped": [],
          "duration": 0,
          "root": false,
          "rootEmpty": false,
          "_timeout": 2000
        }
      ],
      "passes": [],
      "failures": [],
      "pending": [],
      "skipped": [],
      "duration": 0,
      "root": true,
      "rootEmpty": true,
      "_timeout": 2000
    }
  ],
  "meta": {
    "mocha": {
      "version": "7.0.1"
    },
    "mochawesome": {
      "options": {
        "quiet": false,
        "reportFilename": "mochawesome",
        "saveHtml": false,
        "saveJson": true,
        "consoleReporter": "spec",
        "useInlineDiffs": false,
        "code": true
      },
      "version": "7.1.3"
    },
    "marge": {
      "options": {
        "id": "default",
        "reportDir": "cypress/results/mochawesome",
        "overwrite": false,
        "html": false,
        "json": true
      },
      "version": "6.2.0"
    }
  }
}