{
  "stats": {
    "suites": 4,
    "tests": 27,
    "passes": 27,
    "pending": 0,
    "failures": 0,
    "start": "2024-07-04T12:30:03.282Z",
    "end": "2024-07-04T12:30:33.659Z",
    "duration": 30377,
    "testsRegistered": 27,
    "passPercent": 100,
    "pendingPercent": 0,
    "other": 0,
    "hasOther": false,
    "skipped": 0,
    "hasSkipped": false
  },
  "results": [
    {
      "uuid": "9704a877-148f-45d8-aa1d-d3c12823aafc",
      "title": "",
      "fullFile": "cypress\\e2e\\productBrowsingAndSelection.cy.js",
      "file": "cypress\\e2e\\productBrowsingAndSelection.cy.js",
      "beforeHooks": [],
      "afterHooks": [],
      "tests": [],
      "suites": [
        {
          "uuid": "ba4b697f-84a1-44a1-9875-d2c5c73a5f02",
          "title": "Product Browsing and Selection",
          "fullFile": "",
          "file": "",
          "beforeHooks": [],
          "afterHooks": [],
          "tests": [],
          "suites": [
            {
              "uuid": "c70cf277-7825-4d9f-9a19-c6aca378b30a",
              "title": "Viewport: mobile",
              "fullFile": "",
              "file": "",
              "beforeHooks": [],
              "afterHooks": [],
              "tests": [
                {
                  "title": "TC 1 Verify the Number of Products Listed and Compare with the Expected Count",
                  "fullTitle": "Product Browsing and Selection Viewport: mobile TC 1 Verify the Number of Products Listed and Compare with the Expected Count",
                  "timedOut": null,
                  "duration": 1797,
                  "state": "passed",
                  "speed": "fast",
                  "pass": true,
                  "fail": false,
                  "pending": false,
                  "context": null,
                  "code": "(0, _functionsPage.verifyProductDetails)();",
                  "err": {},
                  "uuid": "63bad2c6-89d2-4d50-8047-3e921ce2d000",
                  "parentUUID": "c70cf277-7825-4d9f-9a19-c6aca378b30a",
                  "isHook": false,
                  "skipped": false
                },
                {
                  "title": "TC 2 Verify Product List",
                  "fullTitle": "Product Browsing and Selection Viewport: mobile TC 2 Verify Product List",
                  "timedOut": null,
                  "duration": 966,
                  "state": "passed",
                  "speed": "fast",
                  "pass": true,
                  "fail": false,
                  "pending": false,
                  "context": null,
                  "code": "(0, _functionsPage.verifyProductsInfBrowsingPage)();",
                  "err": {},
                  "uuid": "cf79cfdf-44ce-461c-b524-7d0506b678dc",
                  "parentUUID": "c70cf277-7825-4d9f-9a19-c6aca378b30a",
                  "isHook": false,
                  "skipped": false
                },
                {
                  "title": "TC 3 Ensure the Products are Correctly Categorized",
                  "fullTitle": "Product Browsing and Selection Viewport: mobile TC 3 Ensure the Products are Correctly Categorized",
                  "timedOut": null,
                  "duration": 1001,
                  "state": "passed",
                  "speed": "fast",
                  "pass": true,
                  "fail": false,
                  "pending": false,
                  "context": null,
                  "code": "(0, _functionsPage.verifyProductsOrder)(_dataPage.default.orderOfProducts);",
                  "err": {},
                  "uuid": "d9921132-e3f1-4462-b066-4316a50c0ebf",
                  "parentUUID": "c70cf277-7825-4d9f-9a19-c6aca378b30a",
                  "isHook": false,
                  "skipped": false
                },
                {
                  "title": "TC 4 Validate Sorting Functionality",
                  "fullTitle": "Product Browsing and Selection Viewport: mobile TC 4 Validate Sorting Functionality",
                  "timedOut": null,
                  "duration": 914,
                  "state": "passed",
                  "speed": "fast",
                  "pass": true,
                  "fail": false,
                  "pending": false,
                  "context": null,
                  "code": "(0, _functionsPage.verifySortingOrder)(i);",
                  "err": {},
                  "uuid": "30babfb9-eac1-4cc2-9c66-079de8f59385",
                  "parentUUID": "c70cf277-7825-4d9f-9a19-c6aca378b30a",
                  "isHook": false,
                  "skipped": false
                },
                {
                  "title": "TC 5 Validate Sorting Functionality",
                  "fullTitle": "Product Browsing and Selection Viewport: mobile TC 5 Validate Sorting Functionality",
                  "timedOut": null,
                  "duration": 909,
                  "state": "passed",
                  "speed": "fast",
                  "pass": true,
                  "fail": false,
                  "pending": false,
                  "context": null,
                  "code": "(0, _functionsPage.verifySortingOrder)(i);",
                  "err": {},
                  "uuid": "2818748c-bf32-4768-aef0-d960cc7f8f5e",
                  "parentUUID": "c70cf277-7825-4d9f-9a19-c6aca378b30a",
                  "isHook": false,
                  "skipped": false
                },
                {
                  "title": "TC 6 Validate Sorting Functionality",
                  "fullTitle": "Product Browsing and Selection Viewport: mobile TC 6 Validate Sorting Functionality",
                  "timedOut": null,
                  "duration": 1143,
                  "state": "passed",
                  "speed": "fast",
                  "pass": true,
                  "fail": false,
                  "pending": false,
                  "context": null,
                  "code": "(0, _functionsPage.verifySortingOrder)(i);",
                  "err": {},
                  "uuid": "b9b4d0b9-3a61-4afc-b68a-ec83c89b90fc",
                  "parentUUID": "c70cf277-7825-4d9f-9a19-c6aca378b30a",
                  "isHook": false,
                  "skipped": false
                },
                {
                  "title": "TC 7 Validate Sorting Functionality",
                  "fullTitle": "Product Browsing and Selection Viewport: mobile TC 7 Validate Sorting Functionality",
                  "timedOut": null,
                  "duration": 921,
                  "state": "passed",
                  "speed": "fast",
                  "pass": true,
                  "fail": false,
                  "pending": false,
                  "context": null,
                  "code": "(0, _functionsPage.verifySortingOrder)(i);",
                  "err": {},
                  "uuid": "0979bcd4-3693-435f-acbb-b86c56b88526",
                  "parentUUID": "c70cf277-7825-4d9f-9a19-c6aca378b30a",
                  "isHook": false,
                  "skipped": false
                },
                {
                  "title": "TC 8 Check Product Details",
                  "fullTitle": "Product Browsing and Selection Viewport: mobile TC 8 Check Product Details",
                  "timedOut": null,
                  "duration": 1046,
                  "state": "passed",
                  "speed": "fast",
                  "pass": true,
                  "fail": false,
                  "pending": false,
                  "context": null,
                  "code": "(0, _functionsPage.goToProductDetailsPage)(0);\n(0, _functionsPage.verifyProductDetails)();\n(0, _functionsPage.verifyProductsListLength)(1);\n(0, _functionsPage.addProductToCartAndVerify)(_dataPage.default.remove, _dataPage.default.cartPageUrl);",
                  "err": {},
                  "uuid": "4bb00358-93d3-4a4d-ad58-393581681ce4",
                  "parentUUID": "c70cf277-7825-4d9f-9a19-c6aca378b30a",
                  "isHook": false,
                  "skipped": false
                },
                {
                  "title": "TC 9 Test Navigation",
                  "fullTitle": "Product Browsing and Selection Viewport: mobile TC 9 Test Navigation",
                  "timedOut": null,
                  "duration": 1253,
                  "state": "passed",
                  "speed": "fast",
                  "pass": true,
                  "fail": false,
                  "pending": false,
                  "context": null,
                  "code": "(0, _functionsPage.clickMenuBtn)();\n(0, _functionsPage.clickAllItemsSidebar)();\n(0, _functionsPage.verifyProductDetails)();\n(0, _functionsPage.verifyProductsListLength)(6);",
                  "err": {},
                  "uuid": "dbeb0e9c-43a9-44b1-bfba-f91854d07014",
                  "parentUUID": "c70cf277-7825-4d9f-9a19-c6aca378b30a",
                  "isHook": false,
                  "skipped": false
                }
              ],
              "suites": [],
              "passes": [
                "63bad2c6-89d2-4d50-8047-3e921ce2d000",
                "cf79cfdf-44ce-461c-b524-7d0506b678dc",
                "d9921132-e3f1-4462-b066-4316a50c0ebf",
                "30babfb9-eac1-4cc2-9c66-079de8f59385",
                "2818748c-bf32-4768-aef0-d960cc7f8f5e",
                "b9b4d0b9-3a61-4afc-b68a-ec83c89b90fc",
                "0979bcd4-3693-435f-acbb-b86c56b88526",
                "4bb00358-93d3-4a4d-ad58-393581681ce4",
                "dbeb0e9c-43a9-44b1-bfba-f91854d07014"
              ],
              "failures": [],
              "pending": [],
              "skipped": [],
              "duration": 9950,
              "root": false,
              "rootEmpty": false,
              "_timeout": 2000
            },
            {
              "uuid": "32e9d337-9c0d-40c5-b8eb-924aea0b8b88",
              "title": "Viewport: tablet",
              "fullFile": "",
              "file": "",
              "beforeHooks": [],
              "afterHooks": [],
              "tests": [
                {
                  "title": "TC 1 Verify the Number of Products Listed and Compare with the Expected Count",
                  "fullTitle": "Product Browsing and Selection Viewport: tablet TC 1 Verify the Number of Products Listed and Compare with the Expected Count",
                  "timedOut": null,
                  "duration": 769,
                  "state": "passed",
                  "speed": "fast",
                  "pass": true,
                  "fail": false,
                  "pending": false,
                  "context": null,
                  "code": "(0, _functionsPage.verifyProductDetails)();",
                  "err": {},
                  "uuid": "70dc0f7d-888a-4416-aa01-3b5220ab3cb0",
                  "parentUUID": "32e9d337-9c0d-40c5-b8eb-924aea0b8b88",
                  "isHook": false,
                  "skipped": false
                },
                {
                  "title": "TC 2 Verify Product List",
                  "fullTitle": "Product Browsing and Selection Viewport: tablet TC 2 Verify Product List",
                  "timedOut": null,
                  "duration": 817,
                  "state": "passed",
                  "speed": "fast",
                  "pass": true,
                  "fail": false,
                  "pending": false,
                  "context": null,
                  "code": "(0, _functionsPage.verifyProductsInfBrowsingPage)();",
                  "err": {},
                  "uuid": "63474505-446c-4cb2-a194-ba07f8029de5",
                  "parentUUID": "32e9d337-9c0d-40c5-b8eb-924aea0b8b88",
                  "isHook": false,
                  "skipped": false
                },
                {
                  "title": "TC 3 Ensure the Products are Correctly Categorized",
                  "fullTitle": "Product Browsing and Selection Viewport: tablet TC 3 Ensure the Products are Correctly Categorized",
                  "timedOut": null,
                  "duration": 816,
                  "state": "passed",
                  "speed": "fast",
                  "pass": true,
                  "fail": false,
                  "pending": false,
                  "context": null,
                  "code": "(0, _functionsPage.verifyProductsOrder)(_dataPage.default.orderOfProducts);",
                  "err": {},
                  "uuid": "cf9ee94f-3243-4405-a4a2-9369fa2e0cb0",
                  "parentUUID": "32e9d337-9c0d-40c5-b8eb-924aea0b8b88",
                  "isHook": false,
                  "skipped": false
                },
                {
                  "title": "TC 4 Validate Sorting Functionality",
                  "fullTitle": "Product Browsing and Selection Viewport: tablet TC 4 Validate Sorting Functionality",
                  "timedOut": null,
                  "duration": 902,
                  "state": "passed",
                  "speed": "fast",
                  "pass": true,
                  "fail": false,
                  "pending": false,
                  "context": null,
                  "code": "(0, _functionsPage.verifySortingOrder)(i);",
                  "err": {},
                  "uuid": "392acf69-078d-454a-986a-fda4b3f11068",
                  "parentUUID": "32e9d337-9c0d-40c5-b8eb-924aea0b8b88",
                  "isHook": false,
                  "skipped": false
                },
                {
                  "title": "TC 5 Validate Sorting Functionality",
                  "fullTitle": "Product Browsing and Selection Viewport: tablet TC 5 Validate Sorting Functionality",
                  "timedOut": null,
                  "duration": 925,
                  "state": "passed",
                  "speed": "fast",
                  "pass": true,
                  "fail": false,
                  "pending": false,
                  "context": null,
                  "code": "(0, _functionsPage.verifySortingOrder)(i);",
                  "err": {},
                  "uuid": "969351e4-9f73-472c-83aa-c2fcf2c3a29f",
                  "parentUUID": "32e9d337-9c0d-40c5-b8eb-924aea0b8b88",
                  "isHook": false,
                  "skipped": false
                },
                {
                  "title": "TC 6 Validate Sorting Functionality",
                  "fullTitle": "Product Browsing and Selection Viewport: tablet TC 6 Validate Sorting Functionality",
                  "timedOut": null,
                  "duration": 940,
                  "state": "passed",
                  "speed": "fast",
                  "pass": true,
                  "fail": false,
                  "pending": false,
                  "context": null,
                  "code": "(0, _functionsPage.verifySortingOrder)(i);",
                  "err": {},
                  "uuid": "328a901f-aa28-44d0-9a5e-34fcd9f70c83",
                  "parentUUID": "32e9d337-9c0d-40c5-b8eb-924aea0b8b88",
                  "isHook": false,
                  "skipped": false
                },
                {
                  "title": "TC 7 Validate Sorting Functionality",
                  "fullTitle": "Product Browsing and Selection Viewport: tablet TC 7 Validate Sorting Functionality",
                  "timedOut": null,
                  "duration": 911,
                  "state": "passed",
                  "speed": "fast",
                  "pass": true,
                  "fail": false,
                  "pending": false,
                  "context": null,
                  "code": "(0, _functionsPage.verifySortingOrder)(i);",
                  "err": {},
                  "uuid": "959cc4c7-4389-46a5-a032-91c8c8b674e1",
                  "parentUUID": "32e9d337-9c0d-40c5-b8eb-924aea0b8b88",
                  "isHook": false,
                  "skipped": false
                },
                {
                  "title": "TC 8 Check Product Details",
                  "fullTitle": "Product Browsing and Selection Viewport: tablet TC 8 Check Product Details",
                  "timedOut": null,
                  "duration": 1038,
                  "state": "passed",
                  "speed": "fast",
                  "pass": true,
                  "fail": false,
                  "pending": false,
                  "context": null,
                  "code": "(0, _functionsPage.goToProductDetailsPage)(0);\n(0, _functionsPage.verifyProductDetails)();\n(0, _functionsPage.verifyProductsListLength)(1);\n(0, _functionsPage.addProductToCartAndVerify)(_dataPage.default.remove, _dataPage.default.cartPageUrl);",
                  "err": {},
                  "uuid": "c7d20206-4fa3-4e5b-a0e8-17dc50da1c2d",
                  "parentUUID": "32e9d337-9c0d-40c5-b8eb-924aea0b8b88",
                  "isHook": false,
                  "skipped": false
                },
                {
                  "title": "TC 9 Test Navigation",
                  "fullTitle": "Product Browsing and Selection Viewport: tablet TC 9 Test Navigation",
                  "timedOut": null,
                  "duration": 1322,
                  "state": "passed",
                  "speed": "fast",
                  "pass": true,
                  "fail": false,
                  "pending": false,
                  "context": null,
                  "code": "(0, _functionsPage.clickMenuBtn)();\n(0, _functionsPage.clickAllItemsSidebar)();\n(0, _functionsPage.verifyProductDetails)();\n(0, _functionsPage.verifyProductsListLength)(6);",
                  "err": {},
                  "uuid": "fd73ea07-ae1e-480c-8456-67675128e4d3",
                  "parentUUID": "32e9d337-9c0d-40c5-b8eb-924aea0b8b88",
                  "isHook": false,
                  "skipped": false
                }
              ],
              "suites": [],
              "passes": [
                "70dc0f7d-888a-4416-aa01-3b5220ab3cb0",
                "63474505-446c-4cb2-a194-ba07f8029de5",
                "cf9ee94f-3243-4405-a4a2-9369fa2e0cb0",
                "392acf69-078d-454a-986a-fda4b3f11068",
                "969351e4-9f73-472c-83aa-c2fcf2c3a29f",
                "328a901f-aa28-44d0-9a5e-34fcd9f70c83",
                "959cc4c7-4389-46a5-a032-91c8c8b674e1",
                "c7d20206-4fa3-4e5b-a0e8-17dc50da1c2d",
                "fd73ea07-ae1e-480c-8456-67675128e4d3"
              ],
              "failures": [],
              "pending": [],
              "skipped": [],
              "duration": 8440,
              "root": false,
              "rootEmpty": false,
              "_timeout": 2000
            },
            {
              "uuid": "d0e33c22-67c1-4f42-8fbd-0296d13fcbe3",
              "title": "Viewport: desktop",
              "fullFile": "",
              "file": "",
              "beforeHooks": [],
              "afterHooks": [],
              "tests": [
                {
                  "title": "TC 1 Verify the Number of Products Listed and Compare with the Expected Count",
                  "fullTitle": "Product Browsing and Selection Viewport: desktop TC 1 Verify the Number of Products Listed and Compare with the Expected Count",
                  "timedOut": null,
                  "duration": 786,
                  "state": "passed",
                  "speed": "fast",
                  "pass": true,
                  "fail": false,
                  "pending": false,
                  "context": null,
                  "code": "(0, _functionsPage.verifyProductDetails)();",
                  "err": {},
                  "uuid": "d13333ce-438e-4350-b6c6-af6db8d84f4b",
                  "parentUUID": "d0e33c22-67c1-4f42-8fbd-0296d13fcbe3",
                  "isHook": false,
                  "skipped": false
                },
                {
                  "title": "TC 2 Verify Product List",
                  "fullTitle": "Product Browsing and Selection Viewport: desktop TC 2 Verify Product List",
                  "timedOut": null,
                  "duration": 846,
                  "state": "passed",
                  "speed": "fast",
                  "pass": true,
                  "fail": false,
                  "pending": false,
                  "context": null,
                  "code": "(0, _functionsPage.verifyProductsInfBrowsingPage)();",
                  "err": {},
                  "uuid": "7f473436-4446-4077-9b2c-9606d6712448",
                  "parentUUID": "d0e33c22-67c1-4f42-8fbd-0296d13fcbe3",
                  "isHook": false,
                  "skipped": false
                },
                {
                  "title": "TC 3 Ensure the Products are Correctly Categorized",
                  "fullTitle": "Product Browsing and Selection Viewport: desktop TC 3 Ensure the Products are Correctly Categorized",
                  "timedOut": null,
                  "duration": 781,
                  "state": "passed",
                  "speed": "fast",
                  "pass": true,
                  "fail": false,
                  "pending": false,
                  "context": null,
                  "code": "(0, _functionsPage.verifyProductsOrder)(_dataPage.default.orderOfProducts);",
                  "err": {},
                  "uuid": "b5a0dd2d-179a-4785-9990-f555a1879366",
                  "parentUUID": "d0e33c22-67c1-4f42-8fbd-0296d13fcbe3",
                  "isHook": false,
                  "skipped": false
                },
                {
                  "title": "TC 4 Validate Sorting Functionality",
                  "fullTitle": "Product Browsing and Selection Viewport: desktop TC 4 Validate Sorting Functionality",
                  "timedOut": null,
                  "duration": 917,
                  "state": "passed",
                  "speed": "fast",
                  "pass": true,
                  "fail": false,
                  "pending": false,
                  "context": null,
                  "code": "(0, _functionsPage.verifySortingOrder)(i);",
                  "err": {},
                  "uuid": "d9db1b4f-f915-4d01-bef2-9286371f7a66",
                  "parentUUID": "d0e33c22-67c1-4f42-8fbd-0296d13fcbe3",
                  "isHook": false,
                  "skipped": false
                },
                {
                  "title": "TC 5 Validate Sorting Functionality",
                  "fullTitle": "Product Browsing and Selection Viewport: desktop TC 5 Validate Sorting Functionality",
                  "timedOut": null,
                  "duration": 912,
                  "state": "passed",
                  "speed": "fast",
                  "pass": true,
                  "fail": false,
                  "pending": false,
                  "context": null,
                  "code": "(0, _functionsPage.verifySortingOrder)(i);",
                  "err": {},
                  "uuid": "9d786561-b4cf-40f2-98d8-b0d9ccd98501",
                  "parentUUID": "d0e33c22-67c1-4f42-8fbd-0296d13fcbe3",
                  "isHook": false,
                  "skipped": false
                },
                {
                  "title": "TC 6 Validate Sorting Functionality",
                  "fullTitle": "Product Browsing and Selection Viewport: desktop TC 6 Validate Sorting Functionality",
                  "timedOut": null,
                  "duration": 938,
                  "state": "passed",
                  "speed": "fast",
                  "pass": true,
                  "fail": false,
                  "pending": false,
                  "context": null,
                  "code": "(0, _functionsPage.verifySortingOrder)(i);",
                  "err": {},
                  "uuid": "e38b633d-ae7b-4c48-84b8-678d6f281bb1",
                  "parentUUID": "d0e33c22-67c1-4f42-8fbd-0296d13fcbe3",
                  "isHook": false,
                  "skipped": false
                },
                {
                  "title": "TC 7 Validate Sorting Functionality",
                  "fullTitle": "Product Browsing and Selection Viewport: desktop TC 7 Validate Sorting Functionality",
                  "timedOut": null,
                  "duration": 913,
                  "state": "passed",
                  "speed": "fast",
                  "pass": true,
                  "fail": false,
                  "pending": false,
                  "context": null,
                  "code": "(0, _functionsPage.verifySortingOrder)(i);",
                  "err": {},
                  "uuid": "ac4484d6-4b54-4d60-8f2a-0a27ea252602",
                  "parentUUID": "d0e33c22-67c1-4f42-8fbd-0296d13fcbe3",
                  "isHook": false,
                  "skipped": false
                },
                {
                  "title": "TC 8 Check Product Details",
                  "fullTitle": "Product Browsing and Selection Viewport: desktop TC 8 Check Product Details",
                  "timedOut": null,
                  "duration": 1014,
                  "state": "passed",
                  "speed": "fast",
                  "pass": true,
                  "fail": false,
                  "pending": false,
                  "context": null,
                  "code": "(0, _functionsPage.goToProductDetailsPage)(0);\n(0, _functionsPage.verifyProductDetails)();\n(0, _functionsPage.verifyProductsListLength)(1);\n(0, _functionsPage.addProductToCartAndVerify)(_dataPage.default.remove, _dataPage.default.cartPageUrl);",
                  "err": {},
                  "uuid": "43c48c20-55b8-492a-a3db-4adf41aaeca3",
                  "parentUUID": "d0e33c22-67c1-4f42-8fbd-0296d13fcbe3",
                  "isHook": false,
                  "skipped": false
                },
                {
                  "title": "TC 9 Test Navigation",
                  "fullTitle": "Product Browsing and Selection Viewport: desktop TC 9 Test Navigation",
                  "timedOut": null,
                  "duration": 1224,
                  "state": "passed",
                  "speed": "fast",
                  "pass": true,
                  "fail": false,
                  "pending": false,
                  "context": null,
                  "code": "(0, _functionsPage.clickMenuBtn)();\n(0, _functionsPage.clickAllItemsSidebar)();\n(0, _functionsPage.verifyProductDetails)();\n(0, _functionsPage.verifyProductsListLength)(6);",
                  "err": {},
                  "uuid": "23cc2973-10c3-40f7-99a6-23edad954ddf",
                  "parentUUID": "d0e33c22-67c1-4f42-8fbd-0296d13fcbe3",
                  "isHook": false,
                  "skipped": false
                }
              ],
              "suites": [],
              "passes": [
                "d13333ce-438e-4350-b6c6-af6db8d84f4b",
                "7f473436-4446-4077-9b2c-9606d6712448",
                "b5a0dd2d-179a-4785-9990-f555a1879366",
                "d9db1b4f-f915-4d01-bef2-9286371f7a66",
                "9d786561-b4cf-40f2-98d8-b0d9ccd98501",
                "e38b633d-ae7b-4c48-84b8-678d6f281bb1",
                "ac4484d6-4b54-4d60-8f2a-0a27ea252602",
                "43c48c20-55b8-492a-a3db-4adf41aaeca3",
                "23cc2973-10c3-40f7-99a6-23edad954ddf"
              ],
              "failures": [],
              "pending": [],
              "skipped": [],
              "duration": 8331,
              "root": false,
              "rootEmpty": false,
              "_timeout": 2000
            }
          ],
          "passes": [],
          "failures": [],
          "pending": [],
          "skipped": [],
          "duration": 0,
          "root": false,
          "rootEmpty": false,
          "_timeout": 2000
        }
      ],
      "passes": [],
      "failures": [],
      "pending": [],
      "skipped": [],
      "duration": 0,
      "root": true,
      "rootEmpty": true,
      "_timeout": 2000
    }
  ],
  "meta": {
    "mocha": {
      "version": "7.0.1"
    },
    "mochawesome": {
      "options": {
        "quiet": false,
        "reportFilename": "mochawesome",
        "saveHtml": false,
        "saveJson": true,
        "consoleReporter": "spec",
        "useInlineDiffs": false,
        "code": true
      },
      "version": "7.1.3"
    },
    "marge": {
      "options": {
        "id": "default",
        "reportDir": "cypress/results/mochawesome",
        "overwrite": false,
        "html": false,
        "json": true
      },
      "version": "6.2.0"
    }
  }
}