{
  "stats": {
    "suites": 4,
    "tests": 27,
    "passes": 27,
    "pending": 0,
    "failures": 0,
    "start": "2024-07-04T12:36:30.973Z",
    "end": "2024-07-04T12:37:02.063Z",
    "duration": 31090,
    "testsRegistered": 27,
    "passPercent": 100,
    "pendingPercent": 0,
    "other": 0,
    "hasOther": false,
    "skipped": 0,
    "hasSkipped": false
  },
  "results": [
    {
      "uuid": "00699e93-eb1d-4b25-8b46-da625e5da4d9",
      "title": "",
      "fullFile": "cypress\\e2e\\productBrowsingAndSelection.cy.js",
      "file": "cypress\\e2e\\productBrowsingAndSelection.cy.js",
      "beforeHooks": [],
      "afterHooks": [],
      "tests": [],
      "suites": [
        {
          "uuid": "b0f6fb7b-225e-473b-8452-62f4cb6cbed5",
          "title": "Product Browsing and Selection",
          "fullFile": "",
          "file": "",
          "beforeHooks": [],
          "afterHooks": [],
          "tests": [],
          "suites": [
            {
              "uuid": "b505c72f-ec22-4cf0-bf04-b78fa37f80de",
              "title": "Viewport: mobile",
              "fullFile": "",
              "file": "",
              "beforeHooks": [],
              "afterHooks": [],
              "tests": [
                {
                  "title": "TC 1 Verify the Number of Products Listed and Compare with the Expected Count",
                  "fullTitle": "Product Browsing and Selection Viewport: mobile TC 1 Verify the Number of Products Listed and Compare with the Expected Count",
                  "timedOut": null,
                  "duration": 1699,
                  "state": "passed",
                  "speed": "fast",
                  "pass": true,
                  "fail": false,
                  "pending": false,
                  "context": null,
                  "code": "(0, _functionsPage.verifyProductDetails)();",
                  "err": {},
                  "uuid": "b4216e24-b8fa-418b-ae76-e92275a7282e",
                  "parentUUID": "b505c72f-ec22-4cf0-bf04-b78fa37f80de",
                  "isHook": false,
                  "skipped": false
                },
                {
                  "title": "TC 2 Verify Product List",
                  "fullTitle": "Product Browsing and Selection Viewport: mobile TC 2 Verify Product List",
                  "timedOut": null,
                  "duration": 1069,
                  "state": "passed",
                  "speed": "fast",
                  "pass": true,
                  "fail": false,
                  "pending": false,
                  "context": null,
                  "code": "(0, _functionsPage.verifyProductsInfBrowsingPage)();",
                  "err": {},
                  "uuid": "232ca529-9322-4bd3-a5cd-7fb7b9f1af26",
                  "parentUUID": "b505c72f-ec22-4cf0-bf04-b78fa37f80de",
                  "isHook": false,
                  "skipped": false
                },
                {
                  "title": "TC 3 Ensure the Products are Correctly Categorized",
                  "fullTitle": "Product Browsing and Selection Viewport: mobile TC 3 Ensure the Products are Correctly Categorized",
                  "timedOut": null,
                  "duration": 1135,
                  "state": "passed",
                  "speed": "fast",
                  "pass": true,
                  "fail": false,
                  "pending": false,
                  "context": null,
                  "code": "(0, _functionsPage.verifyProductsOrder)(_dataPage.default.orderOfProducts);",
                  "err": {},
                  "uuid": "4187546e-9176-4046-84a0-8d7897ae4830",
                  "parentUUID": "b505c72f-ec22-4cf0-bf04-b78fa37f80de",
                  "isHook": false,
                  "skipped": false
                },
                {
                  "title": "TC 4 Validate Sorting Functionality",
                  "fullTitle": "Product Browsing and Selection Viewport: mobile TC 4 Validate Sorting Functionality",
                  "timedOut": null,
                  "duration": 895,
                  "state": "passed",
                  "speed": "fast",
                  "pass": true,
                  "fail": false,
                  "pending": false,
                  "context": null,
                  "code": "(0, _functionsPage.verifySortingOrder)(i);",
                  "err": {},
                  "uuid": "4f7586c7-ce2a-4108-9c8b-52c15fdef3a2",
                  "parentUUID": "b505c72f-ec22-4cf0-bf04-b78fa37f80de",
                  "isHook": false,
                  "skipped": false
                },
                {
                  "title": "TC 5 Validate Sorting Functionality",
                  "fullTitle": "Product Browsing and Selection Viewport: mobile TC 5 Validate Sorting Functionality",
                  "timedOut": null,
                  "duration": 953,
                  "state": "passed",
                  "speed": "fast",
                  "pass": true,
                  "fail": false,
                  "pending": false,
                  "context": null,
                  "code": "(0, _functionsPage.verifySortingOrder)(i);",
                  "err": {},
                  "uuid": "1ed32330-5631-498f-be22-e72318ecff81",
                  "parentUUID": "b505c72f-ec22-4cf0-bf04-b78fa37f80de",
                  "isHook": false,
                  "skipped": false
                },
                {
                  "title": "TC 6 Validate Sorting Functionality",
                  "fullTitle": "Product Browsing and Selection Viewport: mobile TC 6 Validate Sorting Functionality",
                  "timedOut": null,
                  "duration": 921,
                  "state": "passed",
                  "speed": "fast",
                  "pass": true,
                  "fail": false,
                  "pending": false,
                  "context": null,
                  "code": "(0, _functionsPage.verifySortingOrder)(i);",
                  "err": {},
                  "uuid": "3e2cc827-59af-46d1-a500-ddb149dfd795",
                  "parentUUID": "b505c72f-ec22-4cf0-bf04-b78fa37f80de",
                  "isHook": false,
                  "skipped": false
                },
                {
                  "title": "TC 7 Validate Sorting Functionality",
                  "fullTitle": "Product Browsing and Selection Viewport: mobile TC 7 Validate Sorting Functionality",
                  "timedOut": null,
                  "duration": 923,
                  "state": "passed",
                  "speed": "fast",
                  "pass": true,
                  "fail": false,
                  "pending": false,
                  "context": null,
                  "code": "(0, _functionsPage.verifySortingOrder)(i);",
                  "err": {},
                  "uuid": "fdd59990-4706-432b-a64e-7a5825a3ba54",
                  "parentUUID": "b505c72f-ec22-4cf0-bf04-b78fa37f80de",
                  "isHook": false,
                  "skipped": false
                },
                {
                  "title": "TC 8 Check Product Details",
                  "fullTitle": "Product Browsing and Selection Viewport: mobile TC 8 Check Product Details",
                  "timedOut": null,
                  "duration": 1135,
                  "state": "passed",
                  "speed": "fast",
                  "pass": true,
                  "fail": false,
                  "pending": false,
                  "context": null,
                  "code": "(0, _functionsPage.goToProductDetailsPage)(0);\n(0, _functionsPage.verifyProductDetails)();\n(0, _functionsPage.verifyProductsListLength)(1);\n(0, _functionsPage.addProductToCartAndVerify)(_dataPage.default.remove, _dataPage.default.cartPageUrl);",
                  "err": {},
                  "uuid": "187019b0-1aab-434a-9aca-87b6086af028",
                  "parentUUID": "b505c72f-ec22-4cf0-bf04-b78fa37f80de",
                  "isHook": false,
                  "skipped": false
                },
                {
                  "title": "TC 9 Test Navigation",
                  "fullTitle": "Product Browsing and Selection Viewport: mobile TC 9 Test Navigation",
                  "timedOut": null,
                  "duration": 1262,
                  "state": "passed",
                  "speed": "fast",
                  "pass": true,
                  "fail": false,
                  "pending": false,
                  "context": null,
                  "code": "(0, _functionsPage.clickMenuBtn)();\n(0, _functionsPage.clickAllItemsSidebar)();\n(0, _functionsPage.verifyProductDetails)();\n(0, _functionsPage.verifyProductsListLength)(6);",
                  "err": {},
                  "uuid": "8a8afaf9-74d0-4127-830a-d0b3f6707cac",
                  "parentUUID": "b505c72f-ec22-4cf0-bf04-b78fa37f80de",
                  "isHook": false,
                  "skipped": false
                }
              ],
              "suites": [],
              "passes": [
                "b4216e24-b8fa-418b-ae76-e92275a7282e",
                "232ca529-9322-4bd3-a5cd-7fb7b9f1af26",
                "4187546e-9176-4046-84a0-8d7897ae4830",
                "4f7586c7-ce2a-4108-9c8b-52c15fdef3a2",
                "1ed32330-5631-498f-be22-e72318ecff81",
                "3e2cc827-59af-46d1-a500-ddb149dfd795",
                "fdd59990-4706-432b-a64e-7a5825a3ba54",
                "187019b0-1aab-434a-9aca-87b6086af028",
                "8a8afaf9-74d0-4127-830a-d0b3f6707cac"
              ],
              "failures": [],
              "pending": [],
              "skipped": [],
              "duration": 9992,
              "root": false,
              "rootEmpty": false,
              "_timeout": 2000
            },
            {
              "uuid": "77a5a153-140a-4f28-8d40-bc704c7b245b",
              "title": "Viewport: tablet",
              "fullFile": "",
              "file": "",
              "beforeHooks": [],
              "afterHooks": [],
              "tests": [
                {
                  "title": "TC 1 Verify the Number of Products Listed and Compare with the Expected Count",
                  "fullTitle": "Product Browsing and Selection Viewport: tablet TC 1 Verify the Number of Products Listed and Compare with the Expected Count",
                  "timedOut": null,
                  "duration": 779,
                  "state": "passed",
                  "speed": "fast",
                  "pass": true,
                  "fail": false,
                  "pending": false,
                  "context": null,
                  "code": "(0, _functionsPage.verifyProductDetails)();",
                  "err": {},
                  "uuid": "f13a82d5-fbaf-4449-9f34-5632d08a5962",
                  "parentUUID": "77a5a153-140a-4f28-8d40-bc704c7b245b",
                  "isHook": false,
                  "skipped": false
                },
                {
                  "title": "TC 2 Verify Product List",
                  "fullTitle": "Product Browsing and Selection Viewport: tablet TC 2 Verify Product List",
                  "timedOut": null,
                  "duration": 897,
                  "state": "passed",
                  "speed": "fast",
                  "pass": true,
                  "fail": false,
                  "pending": false,
                  "context": null,
                  "code": "(0, _functionsPage.verifyProductsInfBrowsingPage)();",
                  "err": {},
                  "uuid": "9898eb90-71cb-4806-8573-64d47725965d",
                  "parentUUID": "77a5a153-140a-4f28-8d40-bc704c7b245b",
                  "isHook": false,
                  "skipped": false
                },
                {
                  "title": "TC 3 Ensure the Products are Correctly Categorized",
                  "fullTitle": "Product Browsing and Selection Viewport: tablet TC 3 Ensure the Products are Correctly Categorized",
                  "timedOut": null,
                  "duration": 839,
                  "state": "passed",
                  "speed": "fast",
                  "pass": true,
                  "fail": false,
                  "pending": false,
                  "context": null,
                  "code": "(0, _functionsPage.verifyProductsOrder)(_dataPage.default.orderOfProducts);",
                  "err": {},
                  "uuid": "74f455a6-1b8b-477b-be23-853674e50747",
                  "parentUUID": "77a5a153-140a-4f28-8d40-bc704c7b245b",
                  "isHook": false,
                  "skipped": false
                },
                {
                  "title": "TC 4 Validate Sorting Functionality",
                  "fullTitle": "Product Browsing and Selection Viewport: tablet TC 4 Validate Sorting Functionality",
                  "timedOut": null,
                  "duration": 948,
                  "state": "passed",
                  "speed": "fast",
                  "pass": true,
                  "fail": false,
                  "pending": false,
                  "context": null,
                  "code": "(0, _functionsPage.verifySortingOrder)(i);",
                  "err": {},
                  "uuid": "84fac2a7-631a-42ec-9289-9da6f1124276",
                  "parentUUID": "77a5a153-140a-4f28-8d40-bc704c7b245b",
                  "isHook": false,
                  "skipped": false
                },
                {
                  "title": "TC 5 Validate Sorting Functionality",
                  "fullTitle": "Product Browsing and Selection Viewport: tablet TC 5 Validate Sorting Functionality",
                  "timedOut": null,
                  "duration": 1337,
                  "state": "passed",
                  "speed": "fast",
                  "pass": true,
                  "fail": false,
                  "pending": false,
                  "context": null,
                  "code": "(0, _functionsPage.verifySortingOrder)(i);",
                  "err": {},
                  "uuid": "3fb2e9c1-cbcd-4635-90a4-66a98c88917a",
                  "parentUUID": "77a5a153-140a-4f28-8d40-bc704c7b245b",
                  "isHook": false,
                  "skipped": false
                },
                {
                  "title": "TC 6 Validate Sorting Functionality",
                  "fullTitle": "Product Browsing and Selection Viewport: tablet TC 6 Validate Sorting Functionality",
                  "timedOut": null,
                  "duration": 958,
                  "state": "passed",
                  "speed": "fast",
                  "pass": true,
                  "fail": false,
                  "pending": false,
                  "context": null,
                  "code": "(0, _functionsPage.verifySortingOrder)(i);",
                  "err": {},
                  "uuid": "4ac7cb97-3972-485f-b47c-dcfd13c5d195",
                  "parentUUID": "77a5a153-140a-4f28-8d40-bc704c7b245b",
                  "isHook": false,
                  "skipped": false
                },
                {
                  "title": "TC 7 Validate Sorting Functionality",
                  "fullTitle": "Product Browsing and Selection Viewport: tablet TC 7 Validate Sorting Functionality",
                  "timedOut": null,
                  "duration": 1245,
                  "state": "passed",
                  "speed": "fast",
                  "pass": true,
                  "fail": false,
                  "pending": false,
                  "context": null,
                  "code": "(0, _functionsPage.verifySortingOrder)(i);",
                  "err": {},
                  "uuid": "fe9c2655-9996-4f69-b266-e339aff56750",
                  "parentUUID": "77a5a153-140a-4f28-8d40-bc704c7b245b",
                  "isHook": false,
                  "skipped": false
                },
                {
                  "title": "TC 8 Check Product Details",
                  "fullTitle": "Product Browsing and Selection Viewport: tablet TC 8 Check Product Details",
                  "timedOut": null,
                  "duration": 1045,
                  "state": "passed",
                  "speed": "fast",
                  "pass": true,
                  "fail": false,
                  "pending": false,
                  "context": null,
                  "code": "(0, _functionsPage.goToProductDetailsPage)(0);\n(0, _functionsPage.verifyProductDetails)();\n(0, _functionsPage.verifyProductsListLength)(1);\n(0, _functionsPage.addProductToCartAndVerify)(_dataPage.default.remove, _dataPage.default.cartPageUrl);",
                  "err": {},
                  "uuid": "11eb34a0-03cf-4b46-8f01-702cbfe72f71",
                  "parentUUID": "77a5a153-140a-4f28-8d40-bc704c7b245b",
                  "isHook": false,
                  "skipped": false
                },
                {
                  "title": "TC 9 Test Navigation",
                  "fullTitle": "Product Browsing and Selection Viewport: tablet TC 9 Test Navigation",
                  "timedOut": null,
                  "duration": 1223,
                  "state": "passed",
                  "speed": "fast",
                  "pass": true,
                  "fail": false,
                  "pending": false,
                  "context": null,
                  "code": "(0, _functionsPage.clickMenuBtn)();\n(0, _functionsPage.clickAllItemsSidebar)();\n(0, _functionsPage.verifyProductDetails)();\n(0, _functionsPage.verifyProductsListLength)(6);",
                  "err": {},
                  "uuid": "e65eefd2-be1c-4c06-af88-655cc370ebde",
                  "parentUUID": "77a5a153-140a-4f28-8d40-bc704c7b245b",
                  "isHook": false,
                  "skipped": false
                }
              ],
              "suites": [],
              "passes": [
                "f13a82d5-fbaf-4449-9f34-5632d08a5962",
                "9898eb90-71cb-4806-8573-64d47725965d",
                "74f455a6-1b8b-477b-be23-853674e50747",
                "84fac2a7-631a-42ec-9289-9da6f1124276",
                "3fb2e9c1-cbcd-4635-90a4-66a98c88917a",
                "4ac7cb97-3972-485f-b47c-dcfd13c5d195",
                "fe9c2655-9996-4f69-b266-e339aff56750",
                "11eb34a0-03cf-4b46-8f01-702cbfe72f71",
                "e65eefd2-be1c-4c06-af88-655cc370ebde"
              ],
              "failures": [],
              "pending": [],
              "skipped": [],
              "duration": 9271,
              "root": false,
              "rootEmpty": false,
              "_timeout": 2000
            },
            {
              "uuid": "62010a51-d12e-4651-9023-86360703a0f2",
              "title": "Viewport: desktop",
              "fullFile": "",
              "file": "",
              "beforeHooks": [],
              "afterHooks": [],
              "tests": [
                {
                  "title": "TC 1 Verify the Number of Products Listed and Compare with the Expected Count",
                  "fullTitle": "Product Browsing and Selection Viewport: desktop TC 1 Verify the Number of Products Listed and Compare with the Expected Count",
                  "timedOut": null,
                  "duration": 795,
                  "state": "passed",
                  "speed": "fast",
                  "pass": true,
                  "fail": false,
                  "pending": false,
                  "context": null,
                  "code": "(0, _functionsPage.verifyProductDetails)();",
                  "err": {},
                  "uuid": "b0d2e5b8-59b5-4558-9ff9-98db54b54ca6",
                  "parentUUID": "62010a51-d12e-4651-9023-86360703a0f2",
                  "isHook": false,
                  "skipped": false
                },
                {
                  "title": "TC 2 Verify Product List",
                  "fullTitle": "Product Browsing and Selection Viewport: desktop TC 2 Verify Product List",
                  "timedOut": null,
                  "duration": 799,
                  "state": "passed",
                  "speed": "fast",
                  "pass": true,
                  "fail": false,
                  "pending": false,
                  "context": null,
                  "code": "(0, _functionsPage.verifyProductsInfBrowsingPage)();",
                  "err": {},
                  "uuid": "4bf73496-dfa6-4611-9b79-d5dbd1fe93e0",
                  "parentUUID": "62010a51-d12e-4651-9023-86360703a0f2",
                  "isHook": false,
                  "skipped": false
                },
                {
                  "title": "TC 3 Ensure the Products are Correctly Categorized",
                  "fullTitle": "Product Browsing and Selection Viewport: desktop TC 3 Ensure the Products are Correctly Categorized",
                  "timedOut": null,
                  "duration": 788,
                  "state": "passed",
                  "speed": "fast",
                  "pass": true,
                  "fail": false,
                  "pending": false,
                  "context": null,
                  "code": "(0, _functionsPage.verifyProductsOrder)(_dataPage.default.orderOfProducts);",
                  "err": {},
                  "uuid": "dfda1f9f-f557-4ce0-bc62-2ec1aceb5e10",
                  "parentUUID": "62010a51-d12e-4651-9023-86360703a0f2",
                  "isHook": false,
                  "skipped": false
                },
                {
                  "title": "TC 4 Validate Sorting Functionality",
                  "fullTitle": "Product Browsing and Selection Viewport: desktop TC 4 Validate Sorting Functionality",
                  "timedOut": null,
                  "duration": 915,
                  "state": "passed",
                  "speed": "fast",
                  "pass": true,
                  "fail": false,
                  "pending": false,
                  "context": null,
                  "code": "(0, _functionsPage.verifySortingOrder)(i);",
                  "err": {},
                  "uuid": "8dca4719-2b4f-462b-80ad-4e7ac0a064ca",
                  "parentUUID": "62010a51-d12e-4651-9023-86360703a0f2",
                  "isHook": false,
                  "skipped": false
                },
                {
                  "title": "TC 5 Validate Sorting Functionality",
                  "fullTitle": "Product Browsing and Selection Viewport: desktop TC 5 Validate Sorting Functionality",
                  "timedOut": null,
                  "duration": 940,
                  "state": "passed",
                  "speed": "fast",
                  "pass": true,
                  "fail": false,
                  "pending": false,
                  "context": null,
                  "code": "(0, _functionsPage.verifySortingOrder)(i);",
                  "err": {},
                  "uuid": "7a155514-5363-47c8-b94d-bb793b7486ce",
                  "parentUUID": "62010a51-d12e-4651-9023-86360703a0f2",
                  "isHook": false,
                  "skipped": false
                },
                {
                  "title": "TC 6 Validate Sorting Functionality",
                  "fullTitle": "Product Browsing and Selection Viewport: desktop TC 6 Validate Sorting Functionality",
                  "timedOut": null,
                  "duration": 929,
                  "state": "passed",
                  "speed": "fast",
                  "pass": true,
                  "fail": false,
                  "pending": false,
                  "context": null,
                  "code": "(0, _functionsPage.verifySortingOrder)(i);",
                  "err": {},
                  "uuid": "cb36144a-6e6c-4f3b-baf4-83815bd722c8",
                  "parentUUID": "62010a51-d12e-4651-9023-86360703a0f2",
                  "isHook": false,
                  "skipped": false
                },
                {
                  "title": "TC 7 Validate Sorting Functionality",
                  "fullTitle": "Product Browsing and Selection Viewport: desktop TC 7 Validate Sorting Functionality",
                  "timedOut": null,
                  "duration": 943,
                  "state": "passed",
                  "speed": "fast",
                  "pass": true,
                  "fail": false,
                  "pending": false,
                  "context": null,
                  "code": "(0, _functionsPage.verifySortingOrder)(i);",
                  "err": {},
                  "uuid": "f53821da-758f-4a36-94e6-a33a6a9489be",
                  "parentUUID": "62010a51-d12e-4651-9023-86360703a0f2",
                  "isHook": false,
                  "skipped": false
                },
                {
                  "title": "TC 8 Check Product Details",
                  "fullTitle": "Product Browsing and Selection Viewport: desktop TC 8 Check Product Details",
                  "timedOut": null,
                  "duration": 1079,
                  "state": "passed",
                  "speed": "fast",
                  "pass": true,
                  "fail": false,
                  "pending": false,
                  "context": null,
                  "code": "(0, _functionsPage.goToProductDetailsPage)(0);\n(0, _functionsPage.verifyProductDetails)();\n(0, _functionsPage.verifyProductsListLength)(1);\n(0, _functionsPage.addProductToCartAndVerify)(_dataPage.default.remove, _dataPage.default.cartPageUrl);",
                  "err": {},
                  "uuid": "d0216dc1-c517-4637-9064-40174ce3264a",
                  "parentUUID": "62010a51-d12e-4651-9023-86360703a0f2",
                  "isHook": false,
                  "skipped": false
                },
                {
                  "title": "TC 9 Test Navigation",
                  "fullTitle": "Product Browsing and Selection Viewport: desktop TC 9 Test Navigation",
                  "timedOut": null,
                  "duration": 1262,
                  "state": "passed",
                  "speed": "fast",
                  "pass": true,
                  "fail": false,
                  "pending": false,
                  "context": null,
                  "code": "(0, _functionsPage.clickMenuBtn)();\n(0, _functionsPage.clickAllItemsSidebar)();\n(0, _functionsPage.verifyProductDetails)();\n(0, _functionsPage.verifyProductsListLength)(6);",
                  "err": {},
                  "uuid": "877efada-bee7-45e5-8fbe-3fb68a353be8",
                  "parentUUID": "62010a51-d12e-4651-9023-86360703a0f2",
                  "isHook": false,
                  "skipped": false
                }
              ],
              "suites": [],
              "passes": [
                "b0d2e5b8-59b5-4558-9ff9-98db54b54ca6",
                "4bf73496-dfa6-4611-9b79-d5dbd1fe93e0",
                "dfda1f9f-f557-4ce0-bc62-2ec1aceb5e10",
                "8dca4719-2b4f-462b-80ad-4e7ac0a064ca",
                "7a155514-5363-47c8-b94d-bb793b7486ce",
                "cb36144a-6e6c-4f3b-baf4-83815bd722c8",
                "f53821da-758f-4a36-94e6-a33a6a9489be",
                "d0216dc1-c517-4637-9064-40174ce3264a",
                "877efada-bee7-45e5-8fbe-3fb68a353be8"
              ],
              "failures": [],
              "pending": [],
              "skipped": [],
              "duration": 8450,
              "root": false,
              "rootEmpty": false,
              "_timeout": 2000
            }
          ],
          "passes": [],
          "failures": [],
          "pending": [],
          "skipped": [],
          "duration": 0,
          "root": false,
          "rootEmpty": false,
          "_timeout": 2000
        }
      ],
      "passes": [],
      "failures": [],
      "pending": [],
      "skipped": [],
      "duration": 0,
      "root": true,
      "rootEmpty": true,
      "_timeout": 2000
    }
  ],
  "meta": {
    "mocha": {
      "version": "7.0.1"
    },
    "mochawesome": {
      "options": {
        "quiet": false,
        "reportFilename": "mochawesome",
        "saveHtml": false,
        "saveJson": true,
        "consoleReporter": "spec",
        "useInlineDiffs": false,
        "code": true
      },
      "version": "7.1.3"
    },
    "marge": {
      "options": {
        "id": "default",
        "reportDir": "cypress/results/mochawesome",
        "overwrite": false,
        "html": false,
        "json": true
      },
      "version": "6.2.0"
    }
  }
}