{
  "stats": {
    "suites": 4,
    "tests": 36,
    "passes": 36,
    "pending": 0,
    "failures": 0,
    "start": "2024-07-04T12:35:16.987Z",
    "end": "2024-07-04T12:36:26.023Z",
    "duration": 69036,
    "testsRegistered": 36,
    "passPercent": 100,
    "pendingPercent": 0,
    "other": 0,
    "hasOther": false,
    "skipped": 0,
    "hasSkipped": false
  },
  "results": [
    {
      "uuid": "77ac4392-a06c-4330-9c93-240531a59145",
      "title": "",
      "fullFile": "cypress\\e2e\\checkoutProcess.cy.js",
      "file": "cypress\\e2e\\checkoutProcess.cy.js",
      "beforeHooks": [],
      "afterHooks": [],
      "tests": [],
      "suites": [
        {
          "uuid": "b5dc1f24-13f2-40f7-81af-ea93801a7816",
          "title": "Checkout Process",
          "fullFile": "",
          "file": "",
          "beforeHooks": [],
          "afterHooks": [],
          "tests": [],
          "suites": [
            {
              "uuid": "692e2e8f-a447-4860-8654-01ad75c0bf8a",
              "title": "Viewport: mobile",
              "fullFile": "",
              "file": "",
              "beforeHooks": [],
              "afterHooks": [],
              "tests": [
                {
                  "title": "TC 1 Verify Complete the Checkout Process and Place an Order",
                  "fullTitle": "Checkout Process Viewport: mobile TC 1 Verify Complete the Checkout Process and Place an Order",
                  "timedOut": null,
                  "duration": 3025,
                  "state": "passed",
                  "speed": "fast",
                  "pass": true,
                  "fail": false,
                  "pending": false,
                  "context": null,
                  "code": "(0, _functionsPage.addBackpackAndBikeToCart)(_dataPage.default.remove);\n(0, _functionsPage.goToCart)();\n(0, _functionsPage.goToFirstCheckoutPage)();\n(0, _functionsPage.fillYourInformation)(_dataPage.default.fn, _dataPage.default.ln, _dataPage.default.zc);\n(0, _functionsPage.clickContinueBtnCheckoutPage)();\n(0, _functionsPage.verifyProductDetails)();\n(0, _functionsPage.goToFinishCheckoutPage)();\n(0, _functionsPage.verifyContainsVisibility)(_dataPage.default.msgThankYouForOrder);",
                  "err": {},
                  "uuid": "3c781e6f-603f-4723-837f-435c97dadbf3",
                  "parentUUID": "692e2e8f-a447-4860-8654-01ad75c0bf8a",
                  "isHook": false,
                  "skipped": false
                },
                {
                  "title": "TC 2 Verify Price Calculation and Tax",
                  "fullTitle": "Checkout Process Viewport: mobile TC 2 Verify Price Calculation and Tax",
                  "timedOut": null,
                  "duration": 2373,
                  "state": "passed",
                  "speed": "fast",
                  "pass": true,
                  "fail": false,
                  "pending": false,
                  "context": null,
                  "code": "(0, _functionsPage.addBackpackAndBikeToCart)(_dataPage.default.remove);\n(0, _functionsPage.goToCart)();\n(0, _functionsPage.goToFirstCheckoutPage)();\n(0, _functionsPage.fillYourInformation)(_dataPage.default.fn, _dataPage.default.ln, _dataPage.default.zc);\n(0, _functionsPage.clickContinueBtnCheckoutPage)();\n(0, _functionsPage.verifyDetailInformationAboutAddProducts)(_dataPage.default.orderOfProducts[0], _dataPage.default.orderOfProducts[1], _dataPage.default.productsPrice[0], _dataPage.default.productsPrice[1]);\ncy.getBySel(_selectorsPage.default.itemsTotalPrice).should('have.text', `Item total: $${totalItemPrice.toFixed(2)}`);\ncy.getBySel(_selectorsPage.default.tax).should('have.text', `Tax: $${expectedTax.toFixed(2)}`);\ncy.getBySel(_selectorsPage.default.totalPriceWithTax).should('have.text', `Total: $${totalPrice.toFixed(2)}`);\n(0, _functionsPage.goToFinishCheckoutPage)();",
                  "err": {},
                  "uuid": "f69ab56e-0f81-4247-ac29-b8cdd505aca9",
                  "parentUUID": "692e2e8f-a447-4860-8654-01ad75c0bf8a",
                  "isHook": false,
                  "skipped": false
                },
                {
                  "title": "TC 3 Checkout with incomplete Information",
                  "fullTitle": "Checkout Process Viewport: mobile TC 3 Checkout with incomplete Information",
                  "timedOut": null,
                  "duration": 1753,
                  "state": "passed",
                  "speed": "fast",
                  "pass": true,
                  "fail": false,
                  "pending": false,
                  "context": null,
                  "code": "(0, _functionsPage.addBackpackToCart)(_dataPage.default.remove);\n(0, _functionsPage.goToCart)();\n(0, _functionsPage.goToFirstCheckoutPage)();\n(0, _functionsPage.fillYourInformationAndCheckError)(fn, ln, zc, err);",
                  "err": {},
                  "uuid": "8cf88ccc-151b-457c-b405-6dcbef7d2b25",
                  "parentUUID": "692e2e8f-a447-4860-8654-01ad75c0bf8a",
                  "isHook": false,
                  "skipped": false
                },
                {
                  "title": "TC 4 Checkout with incomplete Information",
                  "fullTitle": "Checkout Process Viewport: mobile TC 4 Checkout with incomplete Information",
                  "timedOut": null,
                  "duration": 1625,
                  "state": "passed",
                  "speed": "fast",
                  "pass": true,
                  "fail": false,
                  "pending": false,
                  "context": null,
                  "code": "(0, _functionsPage.addBackpackToCart)(_dataPage.default.remove);\n(0, _functionsPage.goToCart)();\n(0, _functionsPage.goToFirstCheckoutPage)();\n(0, _functionsPage.fillYourInformationAndCheckError)(fn, ln, zc, err);",
                  "err": {},
                  "uuid": "4f958040-8b9b-4dda-9d8f-720c8637b68e",
                  "parentUUID": "692e2e8f-a447-4860-8654-01ad75c0bf8a",
                  "isHook": false,
                  "skipped": false
                },
                {
                  "title": "TC 5 Checkout with incomplete Information",
                  "fullTitle": "Checkout Process Viewport: mobile TC 5 Checkout with incomplete Information",
                  "timedOut": null,
                  "duration": 1685,
                  "state": "passed",
                  "speed": "fast",
                  "pass": true,
                  "fail": false,
                  "pending": false,
                  "context": null,
                  "code": "(0, _functionsPage.addBackpackToCart)(_dataPage.default.remove);\n(0, _functionsPage.goToCart)();\n(0, _functionsPage.goToFirstCheckoutPage)();\n(0, _functionsPage.fillYourInformationAndCheckError)(fn, ln, zc, err);",
                  "err": {},
                  "uuid": "e4b18e2b-b160-4a4b-94d1-a93de98d1ed4",
                  "parentUUID": "692e2e8f-a447-4860-8654-01ad75c0bf8a",
                  "isHook": false,
                  "skipped": false
                },
                {
                  "title": "TC 6 Checkout with incomplete Information",
                  "fullTitle": "Checkout Process Viewport: mobile TC 6 Checkout with incomplete Information",
                  "timedOut": null,
                  "duration": 1379,
                  "state": "passed",
                  "speed": "fast",
                  "pass": true,
                  "fail": false,
                  "pending": false,
                  "context": null,
                  "code": "(0, _functionsPage.addBackpackToCart)(_dataPage.default.remove);\n(0, _functionsPage.goToCart)();\n(0, _functionsPage.goToFirstCheckoutPage)();\n(0, _functionsPage.fillYourInformationAndCheckError)(fn, ln, zc, err);",
                  "err": {},
                  "uuid": "7bad17c3-7a00-4905-b506-9b7e75de7360",
                  "parentUUID": "692e2e8f-a447-4860-8654-01ad75c0bf8a",
                  "isHook": false,
                  "skipped": false
                },
                {
                  "title": "TC 7 Checkout with incomplete Information",
                  "fullTitle": "Checkout Process Viewport: mobile TC 7 Checkout with incomplete Information",
                  "timedOut": null,
                  "duration": 1480,
                  "state": "passed",
                  "speed": "fast",
                  "pass": true,
                  "fail": false,
                  "pending": false,
                  "context": null,
                  "code": "(0, _functionsPage.addBackpackToCart)(_dataPage.default.remove);\n(0, _functionsPage.goToCart)();\n(0, _functionsPage.goToFirstCheckoutPage)();\n(0, _functionsPage.fillYourInformationAndCheckError)(fn, ln, zc, err);",
                  "err": {},
                  "uuid": "e4eba897-35a6-4412-86cb-0ad8a1469ce2",
                  "parentUUID": "692e2e8f-a447-4860-8654-01ad75c0bf8a",
                  "isHook": false,
                  "skipped": false
                },
                {
                  "title": "TC 8 Checkout with incomplete Information",
                  "fullTitle": "Checkout Process Viewport: mobile TC 8 Checkout with incomplete Information",
                  "timedOut": null,
                  "duration": 1359,
                  "state": "passed",
                  "speed": "fast",
                  "pass": true,
                  "fail": false,
                  "pending": false,
                  "context": null,
                  "code": "(0, _functionsPage.addBackpackToCart)(_dataPage.default.remove);\n(0, _functionsPage.goToCart)();\n(0, _functionsPage.goToFirstCheckoutPage)();\n(0, _functionsPage.fillYourInformationAndCheckError)(fn, ln, zc, err);",
                  "err": {},
                  "uuid": "7ae7159b-2c30-4454-89bf-2e3beb0dff6b",
                  "parentUUID": "692e2e8f-a447-4860-8654-01ad75c0bf8a",
                  "isHook": false,
                  "skipped": false
                },
                {
                  "title": "TC 9 Checkout with incomplete Information",
                  "fullTitle": "Checkout Process Viewport: mobile TC 9 Checkout with incomplete Information",
                  "timedOut": null,
                  "duration": 1124,
                  "state": "passed",
                  "speed": "fast",
                  "pass": true,
                  "fail": false,
                  "pending": false,
                  "context": null,
                  "code": "(0, _functionsPage.addBackpackToCart)(_dataPage.default.remove);\n(0, _functionsPage.goToCart)();\n(0, _functionsPage.goToFirstCheckoutPage)();\n(0, _functionsPage.fillYourInformationAndCheckError)(fn, ln, zc, err);",
                  "err": {},
                  "uuid": "70d3c696-1e53-409f-ae6a-24c35271b338",
                  "parentUUID": "692e2e8f-a447-4860-8654-01ad75c0bf8a",
                  "isHook": false,
                  "skipped": false
                },
                {
                  "title": "TC 10 Cancel Checkout from the Checkout: Your Information Page",
                  "fullTitle": "Checkout Process Viewport: mobile TC 10 Cancel Checkout from the Checkout: Your Information Page",
                  "timedOut": null,
                  "duration": 1112,
                  "state": "passed",
                  "speed": "fast",
                  "pass": true,
                  "fail": false,
                  "pending": false,
                  "context": null,
                  "code": "(0, _functionsPage.addBackpackToCart)(_dataPage.default.remove);\n(0, _functionsPage.goToCart)();\n(0, _functionsPage.goToFirstCheckoutPage)();\n(0, _functionsPage.clickCancelCheckoutBtn)();\ncy.url().should('include', '/cart.html');",
                  "err": {},
                  "uuid": "f1c5aa0d-5a01-471a-8c62-5248c55688d9",
                  "parentUUID": "692e2e8f-a447-4860-8654-01ad75c0bf8a",
                  "isHook": false,
                  "skipped": false
                },
                {
                  "title": "TC 11 Cancel Checkout from the Checkout: Overview Page",
                  "fullTitle": "Checkout Process Viewport: mobile TC 11 Cancel Checkout from the Checkout: Overview Page",
                  "timedOut": null,
                  "duration": 5136,
                  "state": "passed",
                  "speed": "medium",
                  "pass": true,
                  "fail": false,
                  "pending": false,
                  "context": null,
                  "code": "(0, _functionsPage.addBackpackToCart)(_dataPage.default.remove);\n(0, _functionsPage.goToCart)();\n(0, _functionsPage.goToFirstCheckoutPage)();\n(0, _functionsPage.fillYourInformation)(_dataPage.default.fn, _dataPage.default.ln, _dataPage.default.zc);\n(0, _functionsPage.clickContinueBtnCheckoutPage)();\n(0, _functionsPage.clickCancelCheckoutBtn)();\ncy.url().should('include', '/inventory.html');",
                  "err": {},
                  "uuid": "9dc7dbd5-fb28-491e-a30e-d7aed1ebac7e",
                  "parentUUID": "692e2e8f-a447-4860-8654-01ad75c0bf8a",
                  "isHook": false,
                  "skipped": false
                },
                {
                  "title": "TC 12 Go Back Home After Order",
                  "fullTitle": "Checkout Process Viewport: mobile TC 12 Go Back Home After Order",
                  "timedOut": null,
                  "duration": 2522,
                  "state": "passed",
                  "speed": "fast",
                  "pass": true,
                  "fail": false,
                  "pending": false,
                  "context": null,
                  "code": "(0, _functionsPage.addBackpackToCart)(_dataPage.default.remove);\n(0, _functionsPage.goToCart)();\n(0, _functionsPage.goToFirstCheckoutPage)();\n(0, _functionsPage.fillYourInformation)(_dataPage.default.fn, _dataPage.default.ln, _dataPage.default.zc);\n(0, _functionsPage.clickContinueBtnCheckoutPage)();\n(0, _functionsPage.goToFinishCheckoutPage)();\n(0, _functionsPage.goBackToHomePage)();",
                  "err": {},
                  "uuid": "9cf7614e-437d-44aa-8744-c1cf7a6dc5c9",
                  "parentUUID": "692e2e8f-a447-4860-8654-01ad75c0bf8a",
                  "isHook": false,
                  "skipped": false
                }
              ],
              "suites": [],
              "passes": [
                "3c781e6f-603f-4723-837f-435c97dadbf3",
                "f69ab56e-0f81-4247-ac29-b8cdd505aca9",
                "8cf88ccc-151b-457c-b405-6dcbef7d2b25",
                "4f958040-8b9b-4dda-9d8f-720c8637b68e",
                "e4b18e2b-b160-4a4b-94d1-a93de98d1ed4",
                "7bad17c3-7a00-4905-b506-9b7e75de7360",
                "e4eba897-35a6-4412-86cb-0ad8a1469ce2",
                "7ae7159b-2c30-4454-89bf-2e3beb0dff6b",
                "70d3c696-1e53-409f-ae6a-24c35271b338",
                "f1c5aa0d-5a01-471a-8c62-5248c55688d9",
                "9dc7dbd5-fb28-491e-a30e-d7aed1ebac7e",
                "9cf7614e-437d-44aa-8744-c1cf7a6dc5c9"
              ],
              "failures": [],
              "pending": [],
              "skipped": [],
              "duration": 24573,
              "root": false,
              "rootEmpty": false,
              "_timeout": 2000
            },
            {
              "uuid": "f85c59c7-ff8f-42de-8c05-0f584eeab222",
              "title": "Viewport: tablet",
              "fullFile": "",
              "file": "",
              "beforeHooks": [],
              "afterHooks": [],
              "tests": [
                {
                  "title": "TC 1 Verify Complete the Checkout Process and Place an Order",
                  "fullTitle": "Checkout Process Viewport: tablet TC 1 Verify Complete the Checkout Process and Place an Order",
                  "timedOut": null,
                  "duration": 2160,
                  "state": "passed",
                  "speed": "fast",
                  "pass": true,
                  "fail": false,
                  "pending": false,
                  "context": null,
                  "code": "(0, _functionsPage.addBackpackAndBikeToCart)(_dataPage.default.remove);\n(0, _functionsPage.goToCart)();\n(0, _functionsPage.goToFirstCheckoutPage)();\n(0, _functionsPage.fillYourInformation)(_dataPage.default.fn, _dataPage.default.ln, _dataPage.default.zc);\n(0, _functionsPage.clickContinueBtnCheckoutPage)();\n(0, _functionsPage.verifyProductDetails)();\n(0, _functionsPage.goToFinishCheckoutPage)();\n(0, _functionsPage.verifyContainsVisibility)(_dataPage.default.msgThankYouForOrder);",
                  "err": {},
                  "uuid": "81d9a5e7-ed93-40f6-84ac-b8e67d244569",
                  "parentUUID": "f85c59c7-ff8f-42de-8c05-0f584eeab222",
                  "isHook": false,
                  "skipped": false
                },
                {
                  "title": "TC 2 Verify Price Calculation and Tax",
                  "fullTitle": "Checkout Process Viewport: tablet TC 2 Verify Price Calculation and Tax",
                  "timedOut": null,
                  "duration": 2140,
                  "state": "passed",
                  "speed": "fast",
                  "pass": true,
                  "fail": false,
                  "pending": false,
                  "context": null,
                  "code": "(0, _functionsPage.addBackpackAndBikeToCart)(_dataPage.default.remove);\n(0, _functionsPage.goToCart)();\n(0, _functionsPage.goToFirstCheckoutPage)();\n(0, _functionsPage.fillYourInformation)(_dataPage.default.fn, _dataPage.default.ln, _dataPage.default.zc);\n(0, _functionsPage.clickContinueBtnCheckoutPage)();\n(0, _functionsPage.verifyDetailInformationAboutAddProducts)(_dataPage.default.orderOfProducts[0], _dataPage.default.orderOfProducts[1], _dataPage.default.productsPrice[0], _dataPage.default.productsPrice[1]);\ncy.getBySel(_selectorsPage.default.itemsTotalPrice).should('have.text', `Item total: $${totalItemPrice.toFixed(2)}`);\ncy.getBySel(_selectorsPage.default.tax).should('have.text', `Tax: $${expectedTax.toFixed(2)}`);\ncy.getBySel(_selectorsPage.default.totalPriceWithTax).should('have.text', `Total: $${totalPrice.toFixed(2)}`);\n(0, _functionsPage.goToFinishCheckoutPage)();",
                  "err": {},
                  "uuid": "5f30eb7e-455d-4b43-8944-903289fb9ad6",
                  "parentUUID": "f85c59c7-ff8f-42de-8c05-0f584eeab222",
                  "isHook": false,
                  "skipped": false
                },
                {
                  "title": "TC 3 Checkout with incomplete Information",
                  "fullTitle": "Checkout Process Viewport: tablet TC 3 Checkout with incomplete Information",
                  "timedOut": null,
                  "duration": 1747,
                  "state": "passed",
                  "speed": "fast",
                  "pass": true,
                  "fail": false,
                  "pending": false,
                  "context": null,
                  "code": "(0, _functionsPage.addBackpackToCart)(_dataPage.default.remove);\n(0, _functionsPage.goToCart)();\n(0, _functionsPage.goToFirstCheckoutPage)();\n(0, _functionsPage.fillYourInformationAndCheckError)(fn, ln, zc, err);",
                  "err": {},
                  "uuid": "9fe1d441-f56c-48fc-8520-5cfd5762f494",
                  "parentUUID": "f85c59c7-ff8f-42de-8c05-0f584eeab222",
                  "isHook": false,
                  "skipped": false
                },
                {
                  "title": "TC 4 Checkout with incomplete Information",
                  "fullTitle": "Checkout Process Viewport: tablet TC 4 Checkout with incomplete Information",
                  "timedOut": null,
                  "duration": 1601,
                  "state": "passed",
                  "speed": "fast",
                  "pass": true,
                  "fail": false,
                  "pending": false,
                  "context": null,
                  "code": "(0, _functionsPage.addBackpackToCart)(_dataPage.default.remove);\n(0, _functionsPage.goToCart)();\n(0, _functionsPage.goToFirstCheckoutPage)();\n(0, _functionsPage.fillYourInformationAndCheckError)(fn, ln, zc, err);",
                  "err": {},
                  "uuid": "80b93f05-ca1f-4f2d-ab27-475668b11c8b",
                  "parentUUID": "f85c59c7-ff8f-42de-8c05-0f584eeab222",
                  "isHook": false,
                  "skipped": false
                },
                {
                  "title": "TC 5 Checkout with incomplete Information",
                  "fullTitle": "Checkout Process Viewport: tablet TC 5 Checkout with incomplete Information",
                  "timedOut": null,
                  "duration": 1721,
                  "state": "passed",
                  "speed": "fast",
                  "pass": true,
                  "fail": false,
                  "pending": false,
                  "context": null,
                  "code": "(0, _functionsPage.addBackpackToCart)(_dataPage.default.remove);\n(0, _functionsPage.goToCart)();\n(0, _functionsPage.goToFirstCheckoutPage)();\n(0, _functionsPage.fillYourInformationAndCheckError)(fn, ln, zc, err);",
                  "err": {},
                  "uuid": "b6dd6b19-4c51-4224-910b-bf51114be87e",
                  "parentUUID": "f85c59c7-ff8f-42de-8c05-0f584eeab222",
                  "isHook": false,
                  "skipped": false
                },
                {
                  "title": "TC 6 Checkout with incomplete Information",
                  "fullTitle": "Checkout Process Viewport: tablet TC 6 Checkout with incomplete Information",
                  "timedOut": null,
                  "duration": 1415,
                  "state": "passed",
                  "speed": "fast",
                  "pass": true,
                  "fail": false,
                  "pending": false,
                  "context": null,
                  "code": "(0, _functionsPage.addBackpackToCart)(_dataPage.default.remove);\n(0, _functionsPage.goToCart)();\n(0, _functionsPage.goToFirstCheckoutPage)();\n(0, _functionsPage.fillYourInformationAndCheckError)(fn, ln, zc, err);",
                  "err": {},
                  "uuid": "8662ca21-6ba7-409e-86fe-9302471fca84",
                  "parentUUID": "f85c59c7-ff8f-42de-8c05-0f584eeab222",
                  "isHook": false,
                  "skipped": false
                },
                {
                  "title": "TC 7 Checkout with incomplete Information",
                  "fullTitle": "Checkout Process Viewport: tablet TC 7 Checkout with incomplete Information",
                  "timedOut": null,
                  "duration": 1431,
                  "state": "passed",
                  "speed": "fast",
                  "pass": true,
                  "fail": false,
                  "pending": false,
                  "context": null,
                  "code": "(0, _functionsPage.addBackpackToCart)(_dataPage.default.remove);\n(0, _functionsPage.goToCart)();\n(0, _functionsPage.goToFirstCheckoutPage)();\n(0, _functionsPage.fillYourInformationAndCheckError)(fn, ln, zc, err);",
                  "err": {},
                  "uuid": "6249d797-ea17-4b66-84b8-010b6664f1bc",
                  "parentUUID": "f85c59c7-ff8f-42de-8c05-0f584eeab222",
                  "isHook": false,
                  "skipped": false
                },
                {
                  "title": "TC 8 Checkout with incomplete Information",
                  "fullTitle": "Checkout Process Viewport: tablet TC 8 Checkout with incomplete Information",
                  "timedOut": null,
                  "duration": 1344,
                  "state": "passed",
                  "speed": "fast",
                  "pass": true,
                  "fail": false,
                  "pending": false,
                  "context": null,
                  "code": "(0, _functionsPage.addBackpackToCart)(_dataPage.default.remove);\n(0, _functionsPage.goToCart)();\n(0, _functionsPage.goToFirstCheckoutPage)();\n(0, _functionsPage.fillYourInformationAndCheckError)(fn, ln, zc, err);",
                  "err": {},
                  "uuid": "ad26f53f-8249-4291-ac54-5c8c82ea1018",
                  "parentUUID": "f85c59c7-ff8f-42de-8c05-0f584eeab222",
                  "isHook": false,
                  "skipped": false
                },
                {
                  "title": "TC 9 Checkout with incomplete Information",
                  "fullTitle": "Checkout Process Viewport: tablet TC 9 Checkout with incomplete Information",
                  "timedOut": null,
                  "duration": 1147,
                  "state": "passed",
                  "speed": "fast",
                  "pass": true,
                  "fail": false,
                  "pending": false,
                  "context": null,
                  "code": "(0, _functionsPage.addBackpackToCart)(_dataPage.default.remove);\n(0, _functionsPage.goToCart)();\n(0, _functionsPage.goToFirstCheckoutPage)();\n(0, _functionsPage.fillYourInformationAndCheckError)(fn, ln, zc, err);",
                  "err": {},
                  "uuid": "d2f048b5-3be0-404a-b43c-f25976a7603f",
                  "parentUUID": "f85c59c7-ff8f-42de-8c05-0f584eeab222",
                  "isHook": false,
                  "skipped": false
                },
                {
                  "title": "TC 10 Cancel Checkout from the Checkout: Your Information Page",
                  "fullTitle": "Checkout Process Viewport: tablet TC 10 Cancel Checkout from the Checkout: Your Information Page",
                  "timedOut": null,
                  "duration": 1150,
                  "state": "passed",
                  "speed": "fast",
                  "pass": true,
                  "fail": false,
                  "pending": false,
                  "context": null,
                  "code": "(0, _functionsPage.addBackpackToCart)(_dataPage.default.remove);\n(0, _functionsPage.goToCart)();\n(0, _functionsPage.goToFirstCheckoutPage)();\n(0, _functionsPage.clickCancelCheckoutBtn)();\ncy.url().should('include', '/cart.html');",
                  "err": {},
                  "uuid": "7d67a7fa-70b5-4ea7-b5ff-1ce43960dad5",
                  "parentUUID": "f85c59c7-ff8f-42de-8c05-0f584eeab222",
                  "isHook": false,
                  "skipped": false
                },
                {
                  "title": "TC 11 Cancel Checkout from the Checkout: Overview Page",
                  "fullTitle": "Checkout Process Viewport: tablet TC 11 Cancel Checkout from the Checkout: Overview Page",
                  "timedOut": null,
                  "duration": 2111,
                  "state": "passed",
                  "speed": "fast",
                  "pass": true,
                  "fail": false,
                  "pending": false,
                  "context": null,
                  "code": "(0, _functionsPage.addBackpackToCart)(_dataPage.default.remove);\n(0, _functionsPage.goToCart)();\n(0, _functionsPage.goToFirstCheckoutPage)();\n(0, _functionsPage.fillYourInformation)(_dataPage.default.fn, _dataPage.default.ln, _dataPage.default.zc);\n(0, _functionsPage.clickContinueBtnCheckoutPage)();\n(0, _functionsPage.clickCancelCheckoutBtn)();\ncy.url().should('include', '/inventory.html');",
                  "err": {},
                  "uuid": "25ab7ffa-02a3-4f63-bb0d-e3a61b48f530",
                  "parentUUID": "f85c59c7-ff8f-42de-8c05-0f584eeab222",
                  "isHook": false,
                  "skipped": false
                },
                {
                  "title": "TC 12 Go Back Home After Order",
                  "fullTitle": "Checkout Process Viewport: tablet TC 12 Go Back Home After Order",
                  "timedOut": null,
                  "duration": 2177,
                  "state": "passed",
                  "speed": "fast",
                  "pass": true,
                  "fail": false,
                  "pending": false,
                  "context": null,
                  "code": "(0, _functionsPage.addBackpackToCart)(_dataPage.default.remove);\n(0, _functionsPage.goToCart)();\n(0, _functionsPage.goToFirstCheckoutPage)();\n(0, _functionsPage.fillYourInformation)(_dataPage.default.fn, _dataPage.default.ln, _dataPage.default.zc);\n(0, _functionsPage.clickContinueBtnCheckoutPage)();\n(0, _functionsPage.goToFinishCheckoutPage)();\n(0, _functionsPage.goBackToHomePage)();",
                  "err": {},
                  "uuid": "5f929b2f-50fc-4f3d-9707-8a3addfb34e1",
                  "parentUUID": "f85c59c7-ff8f-42de-8c05-0f584eeab222",
                  "isHook": false,
                  "skipped": false
                }
              ],
              "suites": [],
              "passes": [
                "81d9a5e7-ed93-40f6-84ac-b8e67d244569",
                "5f30eb7e-455d-4b43-8944-903289fb9ad6",
                "9fe1d441-f56c-48fc-8520-5cfd5762f494",
                "80b93f05-ca1f-4f2d-ab27-475668b11c8b",
                "b6dd6b19-4c51-4224-910b-bf51114be87e",
                "8662ca21-6ba7-409e-86fe-9302471fca84",
                "6249d797-ea17-4b66-84b8-010b6664f1bc",
                "ad26f53f-8249-4291-ac54-5c8c82ea1018",
                "d2f048b5-3be0-404a-b43c-f25976a7603f",
                "7d67a7fa-70b5-4ea7-b5ff-1ce43960dad5",
                "25ab7ffa-02a3-4f63-bb0d-e3a61b48f530",
                "5f929b2f-50fc-4f3d-9707-8a3addfb34e1"
              ],
              "failures": [],
              "pending": [],
              "skipped": [],
              "duration": 20144,
              "root": false,
              "rootEmpty": false,
              "_timeout": 2000
            },
            {
              "uuid": "21241a40-7a2c-471d-a3da-f76b2cfeaab6",
              "title": "Viewport: desktop",
              "fullFile": "",
              "file": "",
              "beforeHooks": [],
              "afterHooks": [],
              "tests": [
                {
                  "title": "TC 1 Verify Complete the Checkout Process and Place an Order",
                  "fullTitle": "Checkout Process Viewport: desktop TC 1 Verify Complete the Checkout Process and Place an Order",
                  "timedOut": null,
                  "duration": 2196,
                  "state": "passed",
                  "speed": "fast",
                  "pass": true,
                  "fail": false,
                  "pending": false,
                  "context": null,
                  "code": "(0, _functionsPage.addBackpackAndBikeToCart)(_dataPage.default.remove);\n(0, _functionsPage.goToCart)();\n(0, _functionsPage.goToFirstCheckoutPage)();\n(0, _functionsPage.fillYourInformation)(_dataPage.default.fn, _dataPage.default.ln, _dataPage.default.zc);\n(0, _functionsPage.clickContinueBtnCheckoutPage)();\n(0, _functionsPage.verifyProductDetails)();\n(0, _functionsPage.goToFinishCheckoutPage)();\n(0, _functionsPage.verifyContainsVisibility)(_dataPage.default.msgThankYouForOrder);",
                  "err": {},
                  "uuid": "e7fb4d89-7c64-42bd-9a09-563d26746950",
                  "parentUUID": "21241a40-7a2c-471d-a3da-f76b2cfeaab6",
                  "isHook": false,
                  "skipped": false
                },
                {
                  "title": "TC 2 Verify Price Calculation and Tax",
                  "fullTitle": "Checkout Process Viewport: desktop TC 2 Verify Price Calculation and Tax",
                  "timedOut": null,
                  "duration": 2114,
                  "state": "passed",
                  "speed": "fast",
                  "pass": true,
                  "fail": false,
                  "pending": false,
                  "context": null,
                  "code": "(0, _functionsPage.addBackpackAndBikeToCart)(_dataPage.default.remove);\n(0, _functionsPage.goToCart)();\n(0, _functionsPage.goToFirstCheckoutPage)();\n(0, _functionsPage.fillYourInformation)(_dataPage.default.fn, _dataPage.default.ln, _dataPage.default.zc);\n(0, _functionsPage.clickContinueBtnCheckoutPage)();\n(0, _functionsPage.verifyDetailInformationAboutAddProducts)(_dataPage.default.orderOfProducts[0], _dataPage.default.orderOfProducts[1], _dataPage.default.productsPrice[0], _dataPage.default.productsPrice[1]);\ncy.getBySel(_selectorsPage.default.itemsTotalPrice).should('have.text', `Item total: $${totalItemPrice.toFixed(2)}`);\ncy.getBySel(_selectorsPage.default.tax).should('have.text', `Tax: $${expectedTax.toFixed(2)}`);\ncy.getBySel(_selectorsPage.default.totalPriceWithTax).should('have.text', `Total: $${totalPrice.toFixed(2)}`);\n(0, _functionsPage.goToFinishCheckoutPage)();",
                  "err": {},
                  "uuid": "a2e98fe8-b3f9-4a63-9236-dbf8ba6084ec",
                  "parentUUID": "21241a40-7a2c-471d-a3da-f76b2cfeaab6",
                  "isHook": false,
                  "skipped": false
                },
                {
                  "title": "TC 3 Checkout with incomplete Information",
                  "fullTitle": "Checkout Process Viewport: desktop TC 3 Checkout with incomplete Information",
                  "timedOut": null,
                  "duration": 1694,
                  "state": "passed",
                  "speed": "fast",
                  "pass": true,
                  "fail": false,
                  "pending": false,
                  "context": null,
                  "code": "(0, _functionsPage.addBackpackToCart)(_dataPage.default.remove);\n(0, _functionsPage.goToCart)();\n(0, _functionsPage.goToFirstCheckoutPage)();\n(0, _functionsPage.fillYourInformationAndCheckError)(fn, ln, zc, err);",
                  "err": {},
                  "uuid": "2ee02ad4-2d7d-41ac-bf91-5f85536bf641",
                  "parentUUID": "21241a40-7a2c-471d-a3da-f76b2cfeaab6",
                  "isHook": false,
                  "skipped": false
                },
                {
                  "title": "TC 4 Checkout with incomplete Information",
                  "fullTitle": "Checkout Process Viewport: desktop TC 4 Checkout with incomplete Information",
                  "timedOut": null,
                  "duration": 2051,
                  "state": "passed",
                  "speed": "fast",
                  "pass": true,
                  "fail": false,
                  "pending": false,
                  "context": null,
                  "code": "(0, _functionsPage.addBackpackToCart)(_dataPage.default.remove);\n(0, _functionsPage.goToCart)();\n(0, _functionsPage.goToFirstCheckoutPage)();\n(0, _functionsPage.fillYourInformationAndCheckError)(fn, ln, zc, err);",
                  "err": {},
                  "uuid": "efbf6269-80bb-4953-8723-6f5bab75506e",
                  "parentUUID": "21241a40-7a2c-471d-a3da-f76b2cfeaab6",
                  "isHook": false,
                  "skipped": false
                },
                {
                  "title": "TC 5 Checkout with incomplete Information",
                  "fullTitle": "Checkout Process Viewport: desktop TC 5 Checkout with incomplete Information",
                  "timedOut": null,
                  "duration": 1646,
                  "state": "passed",
                  "speed": "fast",
                  "pass": true,
                  "fail": false,
                  "pending": false,
                  "context": null,
                  "code": "(0, _functionsPage.addBackpackToCart)(_dataPage.default.remove);\n(0, _functionsPage.goToCart)();\n(0, _functionsPage.goToFirstCheckoutPage)();\n(0, _functionsPage.fillYourInformationAndCheckError)(fn, ln, zc, err);",
                  "err": {},
                  "uuid": "a9ae59e8-e877-4ef8-8aec-bc4da360d712",
                  "parentUUID": "21241a40-7a2c-471d-a3da-f76b2cfeaab6",
                  "isHook": false,
                  "skipped": false
                },
                {
                  "title": "TC 6 Checkout with incomplete Information",
                  "fullTitle": "Checkout Process Viewport: desktop TC 6 Checkout with incomplete Information",
                  "timedOut": null,
                  "duration": 1371,
                  "state": "passed",
                  "speed": "fast",
                  "pass": true,
                  "fail": false,
                  "pending": false,
                  "context": null,
                  "code": "(0, _functionsPage.addBackpackToCart)(_dataPage.default.remove);\n(0, _functionsPage.goToCart)();\n(0, _functionsPage.goToFirstCheckoutPage)();\n(0, _functionsPage.fillYourInformationAndCheckError)(fn, ln, zc, err);",
                  "err": {},
                  "uuid": "59f91e6f-d8f9-43ff-b316-04829719a2c4",
                  "parentUUID": "21241a40-7a2c-471d-a3da-f76b2cfeaab6",
                  "isHook": false,
                  "skipped": false
                },
                {
                  "title": "TC 7 Checkout with incomplete Information",
                  "fullTitle": "Checkout Process Viewport: desktop TC 7 Checkout with incomplete Information",
                  "timedOut": null,
                  "duration": 1550,
                  "state": "passed",
                  "speed": "fast",
                  "pass": true,
                  "fail": false,
                  "pending": false,
                  "context": null,
                  "code": "(0, _functionsPage.addBackpackToCart)(_dataPage.default.remove);\n(0, _functionsPage.goToCart)();\n(0, _functionsPage.goToFirstCheckoutPage)();\n(0, _functionsPage.fillYourInformationAndCheckError)(fn, ln, zc, err);",
                  "err": {},
                  "uuid": "e290443c-296d-4272-834e-c255dda5e83b",
                  "parentUUID": "21241a40-7a2c-471d-a3da-f76b2cfeaab6",
                  "isHook": false,
                  "skipped": false
                },
                {
                  "title": "TC 8 Checkout with incomplete Information",
                  "fullTitle": "Checkout Process Viewport: desktop TC 8 Checkout with incomplete Information",
                  "timedOut": null,
                  "duration": 1353,
                  "state": "passed",
                  "speed": "fast",
                  "pass": true,
                  "fail": false,
                  "pending": false,
                  "context": null,
                  "code": "(0, _functionsPage.addBackpackToCart)(_dataPage.default.remove);\n(0, _functionsPage.goToCart)();\n(0, _functionsPage.goToFirstCheckoutPage)();\n(0, _functionsPage.fillYourInformationAndCheckError)(fn, ln, zc, err);",
                  "err": {},
                  "uuid": "445e4a94-536d-4d57-83ea-271dd5ffc240",
                  "parentUUID": "21241a40-7a2c-471d-a3da-f76b2cfeaab6",
                  "isHook": false,
                  "skipped": false
                },
                {
                  "title": "TC 9 Checkout with incomplete Information",
                  "fullTitle": "Checkout Process Viewport: desktop TC 9 Checkout with incomplete Information",
                  "timedOut": null,
                  "duration": 1120,
                  "state": "passed",
                  "speed": "fast",
                  "pass": true,
                  "fail": false,
                  "pending": false,
                  "context": null,
                  "code": "(0, _functionsPage.addBackpackToCart)(_dataPage.default.remove);\n(0, _functionsPage.goToCart)();\n(0, _functionsPage.goToFirstCheckoutPage)();\n(0, _functionsPage.fillYourInformationAndCheckError)(fn, ln, zc, err);",
                  "err": {},
                  "uuid": "eadbe3ec-30bf-47f9-a823-ac99e1bdde97",
                  "parentUUID": "21241a40-7a2c-471d-a3da-f76b2cfeaab6",
                  "isHook": false,
                  "skipped": false
                },
                {
                  "title": "TC 10 Cancel Checkout from the Checkout: Your Information Page",
                  "fullTitle": "Checkout Process Viewport: desktop TC 10 Cancel Checkout from the Checkout: Your Information Page",
                  "timedOut": null,
                  "duration": 1116,
                  "state": "passed",
                  "speed": "fast",
                  "pass": true,
                  "fail": false,
                  "pending": false,
                  "context": null,
                  "code": "(0, _functionsPage.addBackpackToCart)(_dataPage.default.remove);\n(0, _functionsPage.goToCart)();\n(0, _functionsPage.goToFirstCheckoutPage)();\n(0, _functionsPage.clickCancelCheckoutBtn)();\ncy.url().should('include', '/cart.html');",
                  "err": {},
                  "uuid": "f6ca384f-359e-4841-8696-112aca8a07ff",
                  "parentUUID": "21241a40-7a2c-471d-a3da-f76b2cfeaab6",
                  "isHook": false,
                  "skipped": false
                },
                {
                  "title": "TC 11 Cancel Checkout from the Checkout: Overview Page",
                  "fullTitle": "Checkout Process Viewport: desktop TC 11 Cancel Checkout from the Checkout: Overview Page",
                  "timedOut": null,
                  "duration": 2024,
                  "state": "passed",
                  "speed": "fast",
                  "pass": true,
                  "fail": false,
                  "pending": false,
                  "context": null,
                  "code": "(0, _functionsPage.addBackpackToCart)(_dataPage.default.remove);\n(0, _functionsPage.goToCart)();\n(0, _functionsPage.goToFirstCheckoutPage)();\n(0, _functionsPage.fillYourInformation)(_dataPage.default.fn, _dataPage.default.ln, _dataPage.default.zc);\n(0, _functionsPage.clickContinueBtnCheckoutPage)();\n(0, _functionsPage.clickCancelCheckoutBtn)();\ncy.url().should('include', '/inventory.html');",
                  "err": {},
                  "uuid": "3e72bc82-94a6-40e1-9eae-cfe910488959",
                  "parentUUID": "21241a40-7a2c-471d-a3da-f76b2cfeaab6",
                  "isHook": false,
                  "skipped": false
                },
                {
                  "title": "TC 12 Go Back Home After Order",
                  "fullTitle": "Checkout Process Viewport: desktop TC 12 Go Back Home After Order",
                  "timedOut": null,
                  "duration": 2126,
                  "state": "passed",
                  "speed": "fast",
                  "pass": true,
                  "fail": false,
                  "pending": false,
                  "context": null,
                  "code": "(0, _functionsPage.addBackpackToCart)(_dataPage.default.remove);\n(0, _functionsPage.goToCart)();\n(0, _functionsPage.goToFirstCheckoutPage)();\n(0, _functionsPage.fillYourInformation)(_dataPage.default.fn, _dataPage.default.ln, _dataPage.default.zc);\n(0, _functionsPage.clickContinueBtnCheckoutPage)();\n(0, _functionsPage.goToFinishCheckoutPage)();\n(0, _functionsPage.goBackToHomePage)();",
                  "err": {},
                  "uuid": "d4a0adf7-bc4c-4e1b-b1b1-0d3f02f1b48c",
                  "parentUUID": "21241a40-7a2c-471d-a3da-f76b2cfeaab6",
                  "isHook": false,
                  "skipped": false
                }
              ],
              "suites": [],
              "passes": [
                "e7fb4d89-7c64-42bd-9a09-563d26746950",
                "a2e98fe8-b3f9-4a63-9236-dbf8ba6084ec",
                "2ee02ad4-2d7d-41ac-bf91-5f85536bf641",
                "efbf6269-80bb-4953-8723-6f5bab75506e",
                "a9ae59e8-e877-4ef8-8aec-bc4da360d712",
                "59f91e6f-d8f9-43ff-b316-04829719a2c4",
                "e290443c-296d-4272-834e-c255dda5e83b",
                "445e4a94-536d-4d57-83ea-271dd5ffc240",
                "eadbe3ec-30bf-47f9-a823-ac99e1bdde97",
                "f6ca384f-359e-4841-8696-112aca8a07ff",
                "3e72bc82-94a6-40e1-9eae-cfe910488959",
                "d4a0adf7-bc4c-4e1b-b1b1-0d3f02f1b48c"
              ],
              "failures": [],
              "pending": [],
              "skipped": [],
              "duration": 20361,
              "root": false,
              "rootEmpty": false,
              "_timeout": 2000
            }
          ],
          "passes": [],
          "failures": [],
          "pending": [],
          "skipped": [],
          "duration": 0,
          "root": false,
          "rootEmpty": false,
          "_timeout": 2000
        }
      ],
      "passes": [],
      "failures": [],
      "pending": [],
      "skipped": [],
      "duration": 0,
      "root": true,
      "rootEmpty": true,
      "_timeout": 2000
    }
  ],
  "meta": {
    "mocha": {
      "version": "7.0.1"
    },
    "mochawesome": {
      "options": {
        "quiet": false,
        "reportFilename": "mochawesome",
        "saveHtml": false,
        "saveJson": true,
        "consoleReporter": "spec",
        "useInlineDiffs": false,
        "code": true
      },
      "version": "7.1.3"
    },
    "marge": {
      "options": {
        "id": "default",
        "reportDir": "cypress/results/mochawesome",
        "overwrite": false,
        "html": false,
        "json": true
      },
      "version": "6.2.0"
    }
  }
}