{
  "stats": {
    "suites": 4,
    "tests": 36,
    "passes": 36,
    "pending": 0,
    "failures": 0,
    "start": "2024-07-04T12:32:05.459Z",
    "end": "2024-07-04T12:33:08.790Z",
    "duration": 63331,
    "testsRegistered": 36,
    "passPercent": 100,
    "pendingPercent": 0,
    "other": 0,
    "hasOther": false,
    "skipped": 0,
    "hasSkipped": false
  },
  "results": [
    {
      "uuid": "21b6ea03-7368-4fe4-ad21-d737cc38b06f",
      "title": "",
      "fullFile": "cypress\\e2e\\checkoutProcess.cy.js",
      "file": "cypress\\e2e\\checkoutProcess.cy.js",
      "beforeHooks": [],
      "afterHooks": [],
      "tests": [],
      "suites": [
        {
          "uuid": "3f54c78e-ac9c-4843-b523-c775ff6ba0c9",
          "title": "Checkout Process",
          "fullFile": "",
          "file": "",
          "beforeHooks": [],
          "afterHooks": [],
          "tests": [],
          "suites": [
            {
              "uuid": "a5e96fa7-c6bd-4592-b3f4-67dc17731088",
              "title": "Viewport: mobile",
              "fullFile": "",
              "file": "",
              "beforeHooks": [],
              "afterHooks": [],
              "tests": [
                {
                  "title": "TC 1 Verify Complete the Checkout Process and Place an Order",
                  "fullTitle": "Checkout Process Viewport: mobile TC 1 Verify Complete the Checkout Process and Place an Order",
                  "timedOut": null,
                  "duration": 2639,
                  "state": "passed",
                  "speed": "fast",
                  "pass": true,
                  "fail": false,
                  "pending": false,
                  "context": null,
                  "code": "(0, _functionsPage.addBackpackAndBikeToCart)(_dataPage.default.remove);\n(0, _functionsPage.goToCart)();\n(0, _functionsPage.goToFirstCheckoutPage)();\n(0, _functionsPage.fillYourInformation)(_dataPage.default.fn, _dataPage.default.ln, _dataPage.default.zc);\n(0, _functionsPage.clickContinueBtnCheckoutPage)();\n(0, _functionsPage.verifyProductDetails)();\n(0, _functionsPage.goToFinishCheckoutPage)();\n(0, _functionsPage.verifyContainsVisibility)(_dataPage.default.msgThankYouForOrder);",
                  "err": {},
                  "uuid": "cde68f31-7dca-463c-b433-f832dd1de075",
                  "parentUUID": "a5e96fa7-c6bd-4592-b3f4-67dc17731088",
                  "isHook": false,
                  "skipped": false
                },
                {
                  "title": "TC 2 Verify Price Calculation and Tax",
                  "fullTitle": "Checkout Process Viewport: mobile TC 2 Verify Price Calculation and Tax",
                  "timedOut": null,
                  "duration": 2283,
                  "state": "passed",
                  "speed": "fast",
                  "pass": true,
                  "fail": false,
                  "pending": false,
                  "context": null,
                  "code": "(0, _functionsPage.addBackpackAndBikeToCart)(_dataPage.default.remove);\n(0, _functionsPage.goToCart)();\n(0, _functionsPage.goToFirstCheckoutPage)();\n(0, _functionsPage.fillYourInformation)(_dataPage.default.fn, _dataPage.default.ln, _dataPage.default.zc);\n(0, _functionsPage.clickContinueBtnCheckoutPage)();\n(0, _functionsPage.verifyDetailInformationAboutAddProducts)(_dataPage.default.orderOfProducts[0], _dataPage.default.orderOfProducts[1], _dataPage.default.productsPrice[0], _dataPage.default.productsPrice[1]);\ncy.getBySel(_selectorsPage.default.itemsTotalPrice).should('have.text', `Item total: $${totalItemPrice.toFixed(2)}`);\ncy.getBySel(_selectorsPage.default.tax).should('have.text', `Tax: $${expectedTax.toFixed(2)}`);\ncy.getBySel(_selectorsPage.default.totalPriceWithTax).should('have.text', `Total: $${totalPrice.toFixed(2)}`);\n(0, _functionsPage.goToFinishCheckoutPage)();",
                  "err": {},
                  "uuid": "657275a0-6429-4978-9bf6-3a60d3d5586d",
                  "parentUUID": "a5e96fa7-c6bd-4592-b3f4-67dc17731088",
                  "isHook": false,
                  "skipped": false
                },
                {
                  "title": "TC 3 Checkout with incomplete Information",
                  "fullTitle": "Checkout Process Viewport: mobile TC 3 Checkout with incomplete Information",
                  "timedOut": null,
                  "duration": 1663,
                  "state": "passed",
                  "speed": "fast",
                  "pass": true,
                  "fail": false,
                  "pending": false,
                  "context": null,
                  "code": "(0, _functionsPage.addBackpackToCart)(_dataPage.default.remove);\n(0, _functionsPage.goToCart)();\n(0, _functionsPage.goToFirstCheckoutPage)();\n(0, _functionsPage.fillYourInformationAndCheckError)(fn, ln, zc, err);",
                  "err": {},
                  "uuid": "3a8d7ebd-d9f1-4ccd-9ff6-bbf89c1fc290",
                  "parentUUID": "a5e96fa7-c6bd-4592-b3f4-67dc17731088",
                  "isHook": false,
                  "skipped": false
                },
                {
                  "title": "TC 4 Checkout with incomplete Information",
                  "fullTitle": "Checkout Process Viewport: mobile TC 4 Checkout with incomplete Information",
                  "timedOut": null,
                  "duration": 1784,
                  "state": "passed",
                  "speed": "fast",
                  "pass": true,
                  "fail": false,
                  "pending": false,
                  "context": null,
                  "code": "(0, _functionsPage.addBackpackToCart)(_dataPage.default.remove);\n(0, _functionsPage.goToCart)();\n(0, _functionsPage.goToFirstCheckoutPage)();\n(0, _functionsPage.fillYourInformationAndCheckError)(fn, ln, zc, err);",
                  "err": {},
                  "uuid": "64e5d2f7-67fb-4d43-b56a-26f1e3e2c973",
                  "parentUUID": "a5e96fa7-c6bd-4592-b3f4-67dc17731088",
                  "isHook": false,
                  "skipped": false
                },
                {
                  "title": "TC 5 Checkout with incomplete Information",
                  "fullTitle": "Checkout Process Viewport: mobile TC 5 Checkout with incomplete Information",
                  "timedOut": null,
                  "duration": 1591,
                  "state": "passed",
                  "speed": "fast",
                  "pass": true,
                  "fail": false,
                  "pending": false,
                  "context": null,
                  "code": "(0, _functionsPage.addBackpackToCart)(_dataPage.default.remove);\n(0, _functionsPage.goToCart)();\n(0, _functionsPage.goToFirstCheckoutPage)();\n(0, _functionsPage.fillYourInformationAndCheckError)(fn, ln, zc, err);",
                  "err": {},
                  "uuid": "5aed5f53-c85e-44dd-b38c-4964119d1f8a",
                  "parentUUID": "a5e96fa7-c6bd-4592-b3f4-67dc17731088",
                  "isHook": false,
                  "skipped": false
                },
                {
                  "title": "TC 6 Checkout with incomplete Information",
                  "fullTitle": "Checkout Process Viewport: mobile TC 6 Checkout with incomplete Information",
                  "timedOut": null,
                  "duration": 1433,
                  "state": "passed",
                  "speed": "fast",
                  "pass": true,
                  "fail": false,
                  "pending": false,
                  "context": null,
                  "code": "(0, _functionsPage.addBackpackToCart)(_dataPage.default.remove);\n(0, _functionsPage.goToCart)();\n(0, _functionsPage.goToFirstCheckoutPage)();\n(0, _functionsPage.fillYourInformationAndCheckError)(fn, ln, zc, err);",
                  "err": {},
                  "uuid": "8be28dd9-c41a-45bd-b3d6-27ccac3af020",
                  "parentUUID": "a5e96fa7-c6bd-4592-b3f4-67dc17731088",
                  "isHook": false,
                  "skipped": false
                },
                {
                  "title": "TC 7 Checkout with incomplete Information",
                  "fullTitle": "Checkout Process Viewport: mobile TC 7 Checkout with incomplete Information",
                  "timedOut": null,
                  "duration": 1368,
                  "state": "passed",
                  "speed": "fast",
                  "pass": true,
                  "fail": false,
                  "pending": false,
                  "context": null,
                  "code": "(0, _functionsPage.addBackpackToCart)(_dataPage.default.remove);\n(0, _functionsPage.goToCart)();\n(0, _functionsPage.goToFirstCheckoutPage)();\n(0, _functionsPage.fillYourInformationAndCheckError)(fn, ln, zc, err);",
                  "err": {},
                  "uuid": "408af550-13d0-4844-935d-29ae4aabce01",
                  "parentUUID": "a5e96fa7-c6bd-4592-b3f4-67dc17731088",
                  "isHook": false,
                  "skipped": false
                },
                {
                  "title": "TC 8 Checkout with incomplete Information",
                  "fullTitle": "Checkout Process Viewport: mobile TC 8 Checkout with incomplete Information",
                  "timedOut": null,
                  "duration": 1363,
                  "state": "passed",
                  "speed": "fast",
                  "pass": true,
                  "fail": false,
                  "pending": false,
                  "context": null,
                  "code": "(0, _functionsPage.addBackpackToCart)(_dataPage.default.remove);\n(0, _functionsPage.goToCart)();\n(0, _functionsPage.goToFirstCheckoutPage)();\n(0, _functionsPage.fillYourInformationAndCheckError)(fn, ln, zc, err);",
                  "err": {},
                  "uuid": "80745d94-6aa0-4054-bbd8-09471cab5a7d",
                  "parentUUID": "a5e96fa7-c6bd-4592-b3f4-67dc17731088",
                  "isHook": false,
                  "skipped": false
                },
                {
                  "title": "TC 9 Checkout with incomplete Information",
                  "fullTitle": "Checkout Process Viewport: mobile TC 9 Checkout with incomplete Information",
                  "timedOut": null,
                  "duration": 1171,
                  "state": "passed",
                  "speed": "fast",
                  "pass": true,
                  "fail": false,
                  "pending": false,
                  "context": null,
                  "code": "(0, _functionsPage.addBackpackToCart)(_dataPage.default.remove);\n(0, _functionsPage.goToCart)();\n(0, _functionsPage.goToFirstCheckoutPage)();\n(0, _functionsPage.fillYourInformationAndCheckError)(fn, ln, zc, err);",
                  "err": {},
                  "uuid": "f866f382-ffd8-42cb-8f44-d53217f1a313",
                  "parentUUID": "a5e96fa7-c6bd-4592-b3f4-67dc17731088",
                  "isHook": false,
                  "skipped": false
                },
                {
                  "title": "TC 10 Cancel Checkout from the Checkout: Your Information Page",
                  "fullTitle": "Checkout Process Viewport: mobile TC 10 Cancel Checkout from the Checkout: Your Information Page",
                  "timedOut": null,
                  "duration": 1166,
                  "state": "passed",
                  "speed": "fast",
                  "pass": true,
                  "fail": false,
                  "pending": false,
                  "context": null,
                  "code": "(0, _functionsPage.addBackpackToCart)(_dataPage.default.remove);\n(0, _functionsPage.goToCart)();\n(0, _functionsPage.goToFirstCheckoutPage)();\n(0, _functionsPage.clickCancelCheckoutBtn)();\ncy.url().should('include', '/cart.html');",
                  "err": {},
                  "uuid": "25d4c60a-ae7e-4602-9c78-e1f251faf8bb",
                  "parentUUID": "a5e96fa7-c6bd-4592-b3f4-67dc17731088",
                  "isHook": false,
                  "skipped": false
                },
                {
                  "title": "TC 11 Cancel Checkout from the Checkout: Overview Page",
                  "fullTitle": "Checkout Process Viewport: mobile TC 11 Cancel Checkout from the Checkout: Overview Page",
                  "timedOut": null,
                  "duration": 1907,
                  "state": "passed",
                  "speed": "fast",
                  "pass": true,
                  "fail": false,
                  "pending": false,
                  "context": null,
                  "code": "(0, _functionsPage.addBackpackToCart)(_dataPage.default.remove);\n(0, _functionsPage.goToCart)();\n(0, _functionsPage.goToFirstCheckoutPage)();\n(0, _functionsPage.fillYourInformation)(_dataPage.default.fn, _dataPage.default.ln, _dataPage.default.zc);\n(0, _functionsPage.clickContinueBtnCheckoutPage)();\n(0, _functionsPage.clickCancelCheckoutBtn)();\ncy.url().should('include', '/inventory.html');",
                  "err": {},
                  "uuid": "632399ff-678d-4c9f-b4c9-32d34e55fb5e",
                  "parentUUID": "a5e96fa7-c6bd-4592-b3f4-67dc17731088",
                  "isHook": false,
                  "skipped": false
                },
                {
                  "title": "TC 12 Go Back Home After Order",
                  "fullTitle": "Checkout Process Viewport: mobile TC 12 Go Back Home After Order",
                  "timedOut": null,
                  "duration": 2017,
                  "state": "passed",
                  "speed": "fast",
                  "pass": true,
                  "fail": false,
                  "pending": false,
                  "context": null,
                  "code": "(0, _functionsPage.addBackpackToCart)(_dataPage.default.remove);\n(0, _functionsPage.goToCart)();\n(0, _functionsPage.goToFirstCheckoutPage)();\n(0, _functionsPage.fillYourInformation)(_dataPage.default.fn, _dataPage.default.ln, _dataPage.default.zc);\n(0, _functionsPage.clickContinueBtnCheckoutPage)();\n(0, _functionsPage.goToFinishCheckoutPage)();\n(0, _functionsPage.goBackToHomePage)();",
                  "err": {},
                  "uuid": "1bb8459f-7e41-4b51-b8cb-3b4d58ba0e3f",
                  "parentUUID": "a5e96fa7-c6bd-4592-b3f4-67dc17731088",
                  "isHook": false,
                  "skipped": false
                }
              ],
              "suites": [],
              "passes": [
                "cde68f31-7dca-463c-b433-f832dd1de075",
                "657275a0-6429-4978-9bf6-3a60d3d5586d",
                "3a8d7ebd-d9f1-4ccd-9ff6-bbf89c1fc290",
                "64e5d2f7-67fb-4d43-b56a-26f1e3e2c973",
                "5aed5f53-c85e-44dd-b38c-4964119d1f8a",
                "8be28dd9-c41a-45bd-b3d6-27ccac3af020",
                "408af550-13d0-4844-935d-29ae4aabce01",
                "80745d94-6aa0-4054-bbd8-09471cab5a7d",
                "f866f382-ffd8-42cb-8f44-d53217f1a313",
                "25d4c60a-ae7e-4602-9c78-e1f251faf8bb",
                "632399ff-678d-4c9f-b4c9-32d34e55fb5e",
                "1bb8459f-7e41-4b51-b8cb-3b4d58ba0e3f"
              ],
              "failures": [],
              "pending": [],
              "skipped": [],
              "duration": 20385,
              "root": false,
              "rootEmpty": false,
              "_timeout": 2000
            },
            {
              "uuid": "273a5bb3-cfc4-46b7-8392-026816a9b7d2",
              "title": "Viewport: tablet",
              "fullFile": "",
              "file": "",
              "beforeHooks": [],
              "afterHooks": [],
              "tests": [
                {
                  "title": "TC 1 Verify Complete the Checkout Process and Place an Order",
                  "fullTitle": "Checkout Process Viewport: tablet TC 1 Verify Complete the Checkout Process and Place an Order",
                  "timedOut": null,
                  "duration": 2005,
                  "state": "passed",
                  "speed": "fast",
                  "pass": true,
                  "fail": false,
                  "pending": false,
                  "context": null,
                  "code": "(0, _functionsPage.addBackpackAndBikeToCart)(_dataPage.default.remove);\n(0, _functionsPage.goToCart)();\n(0, _functionsPage.goToFirstCheckoutPage)();\n(0, _functionsPage.fillYourInformation)(_dataPage.default.fn, _dataPage.default.ln, _dataPage.default.zc);\n(0, _functionsPage.clickContinueBtnCheckoutPage)();\n(0, _functionsPage.verifyProductDetails)();\n(0, _functionsPage.goToFinishCheckoutPage)();\n(0, _functionsPage.verifyContainsVisibility)(_dataPage.default.msgThankYouForOrder);",
                  "err": {},
                  "uuid": "6ef236d7-fdc1-47e7-967d-d2a702cc178f",
                  "parentUUID": "273a5bb3-cfc4-46b7-8392-026816a9b7d2",
                  "isHook": false,
                  "skipped": false
                },
                {
                  "title": "TC 2 Verify Price Calculation and Tax",
                  "fullTitle": "Checkout Process Viewport: tablet TC 2 Verify Price Calculation and Tax",
                  "timedOut": null,
                  "duration": 2027,
                  "state": "passed",
                  "speed": "fast",
                  "pass": true,
                  "fail": false,
                  "pending": false,
                  "context": null,
                  "code": "(0, _functionsPage.addBackpackAndBikeToCart)(_dataPage.default.remove);\n(0, _functionsPage.goToCart)();\n(0, _functionsPage.goToFirstCheckoutPage)();\n(0, _functionsPage.fillYourInformation)(_dataPage.default.fn, _dataPage.default.ln, _dataPage.default.zc);\n(0, _functionsPage.clickContinueBtnCheckoutPage)();\n(0, _functionsPage.verifyDetailInformationAboutAddProducts)(_dataPage.default.orderOfProducts[0], _dataPage.default.orderOfProducts[1], _dataPage.default.productsPrice[0], _dataPage.default.productsPrice[1]);\ncy.getBySel(_selectorsPage.default.itemsTotalPrice).should('have.text', `Item total: $${totalItemPrice.toFixed(2)}`);\ncy.getBySel(_selectorsPage.default.tax).should('have.text', `Tax: $${expectedTax.toFixed(2)}`);\ncy.getBySel(_selectorsPage.default.totalPriceWithTax).should('have.text', `Total: $${totalPrice.toFixed(2)}`);\n(0, _functionsPage.goToFinishCheckoutPage)();",
                  "err": {},
                  "uuid": "68c51343-77db-44c3-b22a-d0254bce36c7",
                  "parentUUID": "273a5bb3-cfc4-46b7-8392-026816a9b7d2",
                  "isHook": false,
                  "skipped": false
                },
                {
                  "title": "TC 3 Checkout with incomplete Information",
                  "fullTitle": "Checkout Process Viewport: tablet TC 3 Checkout with incomplete Information",
                  "timedOut": null,
                  "duration": 1695,
                  "state": "passed",
                  "speed": "fast",
                  "pass": true,
                  "fail": false,
                  "pending": false,
                  "context": null,
                  "code": "(0, _functionsPage.addBackpackToCart)(_dataPage.default.remove);\n(0, _functionsPage.goToCart)();\n(0, _functionsPage.goToFirstCheckoutPage)();\n(0, _functionsPage.fillYourInformationAndCheckError)(fn, ln, zc, err);",
                  "err": {},
                  "uuid": "ebf4ba61-e741-4425-bae6-745e59f5bb6b",
                  "parentUUID": "273a5bb3-cfc4-46b7-8392-026816a9b7d2",
                  "isHook": false,
                  "skipped": false
                },
                {
                  "title": "TC 4 Checkout with incomplete Information",
                  "fullTitle": "Checkout Process Viewport: tablet TC 4 Checkout with incomplete Information",
                  "timedOut": null,
                  "duration": 1579,
                  "state": "passed",
                  "speed": "fast",
                  "pass": true,
                  "fail": false,
                  "pending": false,
                  "context": null,
                  "code": "(0, _functionsPage.addBackpackToCart)(_dataPage.default.remove);\n(0, _functionsPage.goToCart)();\n(0, _functionsPage.goToFirstCheckoutPage)();\n(0, _functionsPage.fillYourInformationAndCheckError)(fn, ln, zc, err);",
                  "err": {},
                  "uuid": "b593ccf9-37b1-4946-8227-98d9eec9a40b",
                  "parentUUID": "273a5bb3-cfc4-46b7-8392-026816a9b7d2",
                  "isHook": false,
                  "skipped": false
                },
                {
                  "title": "TC 5 Checkout with incomplete Information",
                  "fullTitle": "Checkout Process Viewport: tablet TC 5 Checkout with incomplete Information",
                  "timedOut": null,
                  "duration": 1531,
                  "state": "passed",
                  "speed": "fast",
                  "pass": true,
                  "fail": false,
                  "pending": false,
                  "context": null,
                  "code": "(0, _functionsPage.addBackpackToCart)(_dataPage.default.remove);\n(0, _functionsPage.goToCart)();\n(0, _functionsPage.goToFirstCheckoutPage)();\n(0, _functionsPage.fillYourInformationAndCheckError)(fn, ln, zc, err);",
                  "err": {},
                  "uuid": "e340c032-7c9a-4b6a-8545-696317d1db55",
                  "parentUUID": "273a5bb3-cfc4-46b7-8392-026816a9b7d2",
                  "isHook": false,
                  "skipped": false
                },
                {
                  "title": "TC 6 Checkout with incomplete Information",
                  "fullTitle": "Checkout Process Viewport: tablet TC 6 Checkout with incomplete Information",
                  "timedOut": null,
                  "duration": 1467,
                  "state": "passed",
                  "speed": "fast",
                  "pass": true,
                  "fail": false,
                  "pending": false,
                  "context": null,
                  "code": "(0, _functionsPage.addBackpackToCart)(_dataPage.default.remove);\n(0, _functionsPage.goToCart)();\n(0, _functionsPage.goToFirstCheckoutPage)();\n(0, _functionsPage.fillYourInformationAndCheckError)(fn, ln, zc, err);",
                  "err": {},
                  "uuid": "de838451-5dc3-42c6-bbe2-9d289f01329e",
                  "parentUUID": "273a5bb3-cfc4-46b7-8392-026816a9b7d2",
                  "isHook": false,
                  "skipped": false
                },
                {
                  "title": "TC 7 Checkout with incomplete Information",
                  "fullTitle": "Checkout Process Viewport: tablet TC 7 Checkout with incomplete Information",
                  "timedOut": null,
                  "duration": 1398,
                  "state": "passed",
                  "speed": "fast",
                  "pass": true,
                  "fail": false,
                  "pending": false,
                  "context": null,
                  "code": "(0, _functionsPage.addBackpackToCart)(_dataPage.default.remove);\n(0, _functionsPage.goToCart)();\n(0, _functionsPage.goToFirstCheckoutPage)();\n(0, _functionsPage.fillYourInformationAndCheckError)(fn, ln, zc, err);",
                  "err": {},
                  "uuid": "af40c625-70db-46a6-8d6d-151b84a529a6",
                  "parentUUID": "273a5bb3-cfc4-46b7-8392-026816a9b7d2",
                  "isHook": false,
                  "skipped": false
                },
                {
                  "title": "TC 8 Checkout with incomplete Information",
                  "fullTitle": "Checkout Process Viewport: tablet TC 8 Checkout with incomplete Information",
                  "timedOut": null,
                  "duration": 1342,
                  "state": "passed",
                  "speed": "fast",
                  "pass": true,
                  "fail": false,
                  "pending": false,
                  "context": null,
                  "code": "(0, _functionsPage.addBackpackToCart)(_dataPage.default.remove);\n(0, _functionsPage.goToCart)();\n(0, _functionsPage.goToFirstCheckoutPage)();\n(0, _functionsPage.fillYourInformationAndCheckError)(fn, ln, zc, err);",
                  "err": {},
                  "uuid": "b7094489-b469-4822-88fa-4b0b2a6dc19f",
                  "parentUUID": "273a5bb3-cfc4-46b7-8392-026816a9b7d2",
                  "isHook": false,
                  "skipped": false
                },
                {
                  "title": "TC 9 Checkout with incomplete Information",
                  "fullTitle": "Checkout Process Viewport: tablet TC 9 Checkout with incomplete Information",
                  "timedOut": null,
                  "duration": 1121,
                  "state": "passed",
                  "speed": "fast",
                  "pass": true,
                  "fail": false,
                  "pending": false,
                  "context": null,
                  "code": "(0, _functionsPage.addBackpackToCart)(_dataPage.default.remove);\n(0, _functionsPage.goToCart)();\n(0, _functionsPage.goToFirstCheckoutPage)();\n(0, _functionsPage.fillYourInformationAndCheckError)(fn, ln, zc, err);",
                  "err": {},
                  "uuid": "536ad37c-0aad-4876-a19c-48b5bff345be",
                  "parentUUID": "273a5bb3-cfc4-46b7-8392-026816a9b7d2",
                  "isHook": false,
                  "skipped": false
                },
                {
                  "title": "TC 10 Cancel Checkout from the Checkout: Your Information Page",
                  "fullTitle": "Checkout Process Viewport: tablet TC 10 Cancel Checkout from the Checkout: Your Information Page",
                  "timedOut": null,
                  "duration": 1120,
                  "state": "passed",
                  "speed": "fast",
                  "pass": true,
                  "fail": false,
                  "pending": false,
                  "context": null,
                  "code": "(0, _functionsPage.addBackpackToCart)(_dataPage.default.remove);\n(0, _functionsPage.goToCart)();\n(0, _functionsPage.goToFirstCheckoutPage)();\n(0, _functionsPage.clickCancelCheckoutBtn)();\ncy.url().should('include', '/cart.html');",
                  "err": {},
                  "uuid": "337421f4-037f-49cb-a636-4a6c0820fcf2",
                  "parentUUID": "273a5bb3-cfc4-46b7-8392-026816a9b7d2",
                  "isHook": false,
                  "skipped": false
                },
                {
                  "title": "TC 11 Cancel Checkout from the Checkout: Overview Page",
                  "fullTitle": "Checkout Process Viewport: tablet TC 11 Cancel Checkout from the Checkout: Overview Page",
                  "timedOut": null,
                  "duration": 1917,
                  "state": "passed",
                  "speed": "fast",
                  "pass": true,
                  "fail": false,
                  "pending": false,
                  "context": null,
                  "code": "(0, _functionsPage.addBackpackToCart)(_dataPage.default.remove);\n(0, _functionsPage.goToCart)();\n(0, _functionsPage.goToFirstCheckoutPage)();\n(0, _functionsPage.fillYourInformation)(_dataPage.default.fn, _dataPage.default.ln, _dataPage.default.zc);\n(0, _functionsPage.clickContinueBtnCheckoutPage)();\n(0, _functionsPage.clickCancelCheckoutBtn)();\ncy.url().should('include', '/inventory.html');",
                  "err": {},
                  "uuid": "deeb8d25-45b4-465b-8720-a1ee1bd0be5a",
                  "parentUUID": "273a5bb3-cfc4-46b7-8392-026816a9b7d2",
                  "isHook": false,
                  "skipped": false
                },
                {
                  "title": "TC 12 Go Back Home After Order",
                  "fullTitle": "Checkout Process Viewport: tablet TC 12 Go Back Home After Order",
                  "timedOut": null,
                  "duration": 1986,
                  "state": "passed",
                  "speed": "fast",
                  "pass": true,
                  "fail": false,
                  "pending": false,
                  "context": null,
                  "code": "(0, _functionsPage.addBackpackToCart)(_dataPage.default.remove);\n(0, _functionsPage.goToCart)();\n(0, _functionsPage.goToFirstCheckoutPage)();\n(0, _functionsPage.fillYourInformation)(_dataPage.default.fn, _dataPage.default.ln, _dataPage.default.zc);\n(0, _functionsPage.clickContinueBtnCheckoutPage)();\n(0, _functionsPage.goToFinishCheckoutPage)();\n(0, _functionsPage.goBackToHomePage)();",
                  "err": {},
                  "uuid": "c5c94619-37c0-4953-82a1-2239dc907214",
                  "parentUUID": "273a5bb3-cfc4-46b7-8392-026816a9b7d2",
                  "isHook": false,
                  "skipped": false
                }
              ],
              "suites": [],
              "passes": [
                "6ef236d7-fdc1-47e7-967d-d2a702cc178f",
                "68c51343-77db-44c3-b22a-d0254bce36c7",
                "ebf4ba61-e741-4425-bae6-745e59f5bb6b",
                "b593ccf9-37b1-4946-8227-98d9eec9a40b",
                "e340c032-7c9a-4b6a-8545-696317d1db55",
                "de838451-5dc3-42c6-bbe2-9d289f01329e",
                "af40c625-70db-46a6-8d6d-151b84a529a6",
                "b7094489-b469-4822-88fa-4b0b2a6dc19f",
                "536ad37c-0aad-4876-a19c-48b5bff345be",
                "337421f4-037f-49cb-a636-4a6c0820fcf2",
                "deeb8d25-45b4-465b-8720-a1ee1bd0be5a",
                "c5c94619-37c0-4953-82a1-2239dc907214"
              ],
              "failures": [],
              "pending": [],
              "skipped": [],
              "duration": 19188,
              "root": false,
              "rootEmpty": false,
              "_timeout": 2000
            },
            {
              "uuid": "d7c03da1-e9e0-4656-80a8-49e707a6c753",
              "title": "Viewport: desktop",
              "fullFile": "",
              "file": "",
              "beforeHooks": [],
              "afterHooks": [],
              "tests": [
                {
                  "title": "TC 1 Verify Complete the Checkout Process and Place an Order",
                  "fullTitle": "Checkout Process Viewport: desktop TC 1 Verify Complete the Checkout Process and Place an Order",
                  "timedOut": null,
                  "duration": 2034,
                  "state": "passed",
                  "speed": "fast",
                  "pass": true,
                  "fail": false,
                  "pending": false,
                  "context": null,
                  "code": "(0, _functionsPage.addBackpackAndBikeToCart)(_dataPage.default.remove);\n(0, _functionsPage.goToCart)();\n(0, _functionsPage.goToFirstCheckoutPage)();\n(0, _functionsPage.fillYourInformation)(_dataPage.default.fn, _dataPage.default.ln, _dataPage.default.zc);\n(0, _functionsPage.clickContinueBtnCheckoutPage)();\n(0, _functionsPage.verifyProductDetails)();\n(0, _functionsPage.goToFinishCheckoutPage)();\n(0, _functionsPage.verifyContainsVisibility)(_dataPage.default.msgThankYouForOrder);",
                  "err": {},
                  "uuid": "fa091a04-9faa-4bd0-858b-348aa6281c45",
                  "parentUUID": "d7c03da1-e9e0-4656-80a8-49e707a6c753",
                  "isHook": false,
                  "skipped": false
                },
                {
                  "title": "TC 2 Verify Price Calculation and Tax",
                  "fullTitle": "Checkout Process Viewport: desktop TC 2 Verify Price Calculation and Tax",
                  "timedOut": null,
                  "duration": 1984,
                  "state": "passed",
                  "speed": "fast",
                  "pass": true,
                  "fail": false,
                  "pending": false,
                  "context": null,
                  "code": "(0, _functionsPage.addBackpackAndBikeToCart)(_dataPage.default.remove);\n(0, _functionsPage.goToCart)();\n(0, _functionsPage.goToFirstCheckoutPage)();\n(0, _functionsPage.fillYourInformation)(_dataPage.default.fn, _dataPage.default.ln, _dataPage.default.zc);\n(0, _functionsPage.clickContinueBtnCheckoutPage)();\n(0, _functionsPage.verifyDetailInformationAboutAddProducts)(_dataPage.default.orderOfProducts[0], _dataPage.default.orderOfProducts[1], _dataPage.default.productsPrice[0], _dataPage.default.productsPrice[1]);\ncy.getBySel(_selectorsPage.default.itemsTotalPrice).should('have.text', `Item total: $${totalItemPrice.toFixed(2)}`);\ncy.getBySel(_selectorsPage.default.tax).should('have.text', `Tax: $${expectedTax.toFixed(2)}`);\ncy.getBySel(_selectorsPage.default.totalPriceWithTax).should('have.text', `Total: $${totalPrice.toFixed(2)}`);\n(0, _functionsPage.goToFinishCheckoutPage)();",
                  "err": {},
                  "uuid": "4093e799-f113-46b2-b699-a626c4c65ef2",
                  "parentUUID": "d7c03da1-e9e0-4656-80a8-49e707a6c753",
                  "isHook": false,
                  "skipped": false
                },
                {
                  "title": "TC 3 Checkout with incomplete Information",
                  "fullTitle": "Checkout Process Viewport: desktop TC 3 Checkout with incomplete Information",
                  "timedOut": null,
                  "duration": 1592,
                  "state": "passed",
                  "speed": "fast",
                  "pass": true,
                  "fail": false,
                  "pending": false,
                  "context": null,
                  "code": "(0, _functionsPage.addBackpackToCart)(_dataPage.default.remove);\n(0, _functionsPage.goToCart)();\n(0, _functionsPage.goToFirstCheckoutPage)();\n(0, _functionsPage.fillYourInformationAndCheckError)(fn, ln, zc, err);",
                  "err": {},
                  "uuid": "1b1a2e02-e963-4e32-b927-ed14b4efceb3",
                  "parentUUID": "d7c03da1-e9e0-4656-80a8-49e707a6c753",
                  "isHook": false,
                  "skipped": false
                },
                {
                  "title": "TC 4 Checkout with incomplete Information",
                  "fullTitle": "Checkout Process Viewport: desktop TC 4 Checkout with incomplete Information",
                  "timedOut": null,
                  "duration": 1560,
                  "state": "passed",
                  "speed": "fast",
                  "pass": true,
                  "fail": false,
                  "pending": false,
                  "context": null,
                  "code": "(0, _functionsPage.addBackpackToCart)(_dataPage.default.remove);\n(0, _functionsPage.goToCart)();\n(0, _functionsPage.goToFirstCheckoutPage)();\n(0, _functionsPage.fillYourInformationAndCheckError)(fn, ln, zc, err);",
                  "err": {},
                  "uuid": "1c8dcd0c-96a8-4d7f-9225-aac0ba108102",
                  "parentUUID": "d7c03da1-e9e0-4656-80a8-49e707a6c753",
                  "isHook": false,
                  "skipped": false
                },
                {
                  "title": "TC 5 Checkout with incomplete Information",
                  "fullTitle": "Checkout Process Viewport: desktop TC 5 Checkout with incomplete Information",
                  "timedOut": null,
                  "duration": 1539,
                  "state": "passed",
                  "speed": "fast",
                  "pass": true,
                  "fail": false,
                  "pending": false,
                  "context": null,
                  "code": "(0, _functionsPage.addBackpackToCart)(_dataPage.default.remove);\n(0, _functionsPage.goToCart)();\n(0, _functionsPage.goToFirstCheckoutPage)();\n(0, _functionsPage.fillYourInformationAndCheckError)(fn, ln, zc, err);",
                  "err": {},
                  "uuid": "08f3a679-4eb6-4e4e-bdd0-0902edb43762",
                  "parentUUID": "d7c03da1-e9e0-4656-80a8-49e707a6c753",
                  "isHook": false,
                  "skipped": false
                },
                {
                  "title": "TC 6 Checkout with incomplete Information",
                  "fullTitle": "Checkout Process Viewport: desktop TC 6 Checkout with incomplete Information",
                  "timedOut": null,
                  "duration": 1372,
                  "state": "passed",
                  "speed": "fast",
                  "pass": true,
                  "fail": false,
                  "pending": false,
                  "context": null,
                  "code": "(0, _functionsPage.addBackpackToCart)(_dataPage.default.remove);\n(0, _functionsPage.goToCart)();\n(0, _functionsPage.goToFirstCheckoutPage)();\n(0, _functionsPage.fillYourInformationAndCheckError)(fn, ln, zc, err);",
                  "err": {},
                  "uuid": "b3ffdefa-8f25-40e1-a896-1f9c823caf66",
                  "parentUUID": "d7c03da1-e9e0-4656-80a8-49e707a6c753",
                  "isHook": false,
                  "skipped": false
                },
                {
                  "title": "TC 7 Checkout with incomplete Information",
                  "fullTitle": "Checkout Process Viewport: desktop TC 7 Checkout with incomplete Information",
                  "timedOut": null,
                  "duration": 2222,
                  "state": "passed",
                  "speed": "fast",
                  "pass": true,
                  "fail": false,
                  "pending": false,
                  "context": null,
                  "code": "(0, _functionsPage.addBackpackToCart)(_dataPage.default.remove);\n(0, _functionsPage.goToCart)();\n(0, _functionsPage.goToFirstCheckoutPage)();\n(0, _functionsPage.fillYourInformationAndCheckError)(fn, ln, zc, err);",
                  "err": {},
                  "uuid": "c8d8551c-f3c0-451b-a319-3b01252908fc",
                  "parentUUID": "d7c03da1-e9e0-4656-80a8-49e707a6c753",
                  "isHook": false,
                  "skipped": false
                },
                {
                  "title": "TC 8 Checkout with incomplete Information",
                  "fullTitle": "Checkout Process Viewport: desktop TC 8 Checkout with incomplete Information",
                  "timedOut": null,
                  "duration": 1272,
                  "state": "passed",
                  "speed": "fast",
                  "pass": true,
                  "fail": false,
                  "pending": false,
                  "context": null,
                  "code": "(0, _functionsPage.addBackpackToCart)(_dataPage.default.remove);\n(0, _functionsPage.goToCart)();\n(0, _functionsPage.goToFirstCheckoutPage)();\n(0, _functionsPage.fillYourInformationAndCheckError)(fn, ln, zc, err);",
                  "err": {},
                  "uuid": "3d23482c-86fa-4f33-8a6a-fa87192c248b",
                  "parentUUID": "d7c03da1-e9e0-4656-80a8-49e707a6c753",
                  "isHook": false,
                  "skipped": false
                },
                {
                  "title": "TC 9 Checkout with incomplete Information",
                  "fullTitle": "Checkout Process Viewport: desktop TC 9 Checkout with incomplete Information",
                  "timedOut": null,
                  "duration": 1404,
                  "state": "passed",
                  "speed": "fast",
                  "pass": true,
                  "fail": false,
                  "pending": false,
                  "context": null,
                  "code": "(0, _functionsPage.addBackpackToCart)(_dataPage.default.remove);\n(0, _functionsPage.goToCart)();\n(0, _functionsPage.goToFirstCheckoutPage)();\n(0, _functionsPage.fillYourInformationAndCheckError)(fn, ln, zc, err);",
                  "err": {},
                  "uuid": "489b6c0c-0980-451f-b6e2-6185c66f6886",
                  "parentUUID": "d7c03da1-e9e0-4656-80a8-49e707a6c753",
                  "isHook": false,
                  "skipped": false
                },
                {
                  "title": "TC 10 Cancel Checkout from the Checkout: Your Information Page",
                  "fullTitle": "Checkout Process Viewport: desktop TC 10 Cancel Checkout from the Checkout: Your Information Page",
                  "timedOut": null,
                  "duration": 1106,
                  "state": "passed",
                  "speed": "fast",
                  "pass": true,
                  "fail": false,
                  "pending": false,
                  "context": null,
                  "code": "(0, _functionsPage.addBackpackToCart)(_dataPage.default.remove);\n(0, _functionsPage.goToCart)();\n(0, _functionsPage.goToFirstCheckoutPage)();\n(0, _functionsPage.clickCancelCheckoutBtn)();\ncy.url().should('include', '/cart.html');",
                  "err": {},
                  "uuid": "aa0eab57-9e69-4ea8-a14f-9a8aa5a3f625",
                  "parentUUID": "d7c03da1-e9e0-4656-80a8-49e707a6c753",
                  "isHook": false,
                  "skipped": false
                },
                {
                  "title": "TC 11 Cancel Checkout from the Checkout: Overview Page",
                  "fullTitle": "Checkout Process Viewport: desktop TC 11 Cancel Checkout from the Checkout: Overview Page",
                  "timedOut": null,
                  "duration": 1892,
                  "state": "passed",
                  "speed": "fast",
                  "pass": true,
                  "fail": false,
                  "pending": false,
                  "context": null,
                  "code": "(0, _functionsPage.addBackpackToCart)(_dataPage.default.remove);\n(0, _functionsPage.goToCart)();\n(0, _functionsPage.goToFirstCheckoutPage)();\n(0, _functionsPage.fillYourInformation)(_dataPage.default.fn, _dataPage.default.ln, _dataPage.default.zc);\n(0, _functionsPage.clickContinueBtnCheckoutPage)();\n(0, _functionsPage.clickCancelCheckoutBtn)();\ncy.url().should('include', '/inventory.html');",
                  "err": {},
                  "uuid": "96173eab-e898-4413-846d-2bc2df6aa8e3",
                  "parentUUID": "d7c03da1-e9e0-4656-80a8-49e707a6c753",
                  "isHook": false,
                  "skipped": false
                },
                {
                  "title": "TC 12 Go Back Home After Order",
                  "fullTitle": "Checkout Process Viewport: desktop TC 12 Go Back Home After Order",
                  "timedOut": null,
                  "duration": 1929,
                  "state": "passed",
                  "speed": "fast",
                  "pass": true,
                  "fail": false,
                  "pending": false,
                  "context": null,
                  "code": "(0, _functionsPage.addBackpackToCart)(_dataPage.default.remove);\n(0, _functionsPage.goToCart)();\n(0, _functionsPage.goToFirstCheckoutPage)();\n(0, _functionsPage.fillYourInformation)(_dataPage.default.fn, _dataPage.default.ln, _dataPage.default.zc);\n(0, _functionsPage.clickContinueBtnCheckoutPage)();\n(0, _functionsPage.goToFinishCheckoutPage)();\n(0, _functionsPage.goBackToHomePage)();",
                  "err": {},
                  "uuid": "a71c9258-ac66-41ea-acc7-3a7f4a8014c8",
                  "parentUUID": "d7c03da1-e9e0-4656-80a8-49e707a6c753",
                  "isHook": false,
                  "skipped": false
                }
              ],
              "suites": [],
              "passes": [
                "fa091a04-9faa-4bd0-858b-348aa6281c45",
                "4093e799-f113-46b2-b699-a626c4c65ef2",
                "1b1a2e02-e963-4e32-b927-ed14b4efceb3",
                "1c8dcd0c-96a8-4d7f-9225-aac0ba108102",
                "08f3a679-4eb6-4e4e-bdd0-0902edb43762",
                "b3ffdefa-8f25-40e1-a896-1f9c823caf66",
                "c8d8551c-f3c0-451b-a319-3b01252908fc",
                "3d23482c-86fa-4f33-8a6a-fa87192c248b",
                "489b6c0c-0980-451f-b6e2-6185c66f6886",
                "aa0eab57-9e69-4ea8-a14f-9a8aa5a3f625",
                "96173eab-e898-4413-846d-2bc2df6aa8e3",
                "a71c9258-ac66-41ea-acc7-3a7f4a8014c8"
              ],
              "failures": [],
              "pending": [],
              "skipped": [],
              "duration": 19906,
              "root": false,
              "rootEmpty": false,
              "_timeout": 2000
            }
          ],
          "passes": [],
          "failures": [],
          "pending": [],
          "skipped": [],
          "duration": 0,
          "root": false,
          "rootEmpty": false,
          "_timeout": 2000
        }
      ],
      "passes": [],
      "failures": [],
      "pending": [],
      "skipped": [],
      "duration": 0,
      "root": true,
      "rootEmpty": true,
      "_timeout": 2000
    }
  ],
  "meta": {
    "mocha": {
      "version": "7.0.1"
    },
    "mochawesome": {
      "options": {
        "quiet": false,
        "reportFilename": "mochawesome",
        "saveHtml": false,
        "saveJson": true,
        "consoleReporter": "spec",
        "useInlineDiffs": false,
        "code": true
      },
      "version": "7.1.3"
    },
    "marge": {
      "options": {
        "id": "default",
        "reportDir": "cypress/results/mochawesome",
        "overwrite": false,
        "html": false,
        "json": true
      },
      "version": "6.2.0"
    }
  }
}