<?xml version="1.0" encoding="UTF-8"?>
<testsuites name="Mocha Tests" time="63.331" tests="36" failures="0">
  <testsuite name="Root Suite" timestamp="2024-07-04T12:32:05" tests="0" file="cypress\e2e\checkoutProcess.cy.js" time="0.000" failures="0">
  </testsuite>
  <testsuite name="Checkout Process" timestamp="2024-07-04T12:32:05" tests="0" time="0.000" failures="0">
  </testsuite>
  <testsuite name="Viewport: mobile" timestamp="2024-07-04T12:32:05" tests="12" time="23.547" failures="0">
    <testcase name="Checkout Process Viewport: mobile TC 1 Verify Complete the Checkout Process and Place an Order" time="2.639" classname="TC 1 Verify Complete the Checkout Process and Place an Order">
    </testcase>
    <testcase name="Checkout Process Viewport: mobile TC 2 Verify Price Calculation and Tax" time="2.283" classname="TC 2 Verify Price Calculation and Tax">
    </testcase>
    <testcase name="Checkout Process Viewport: mobile TC 3 Checkout with incomplete Information" time="1.663" classname="TC 3 Checkout with incomplete Information">
    </testcase>
    <testcase name="Checkout Process Viewport: mobile TC 4 Checkout with incomplete Information" time="1.784" classname="TC 4 Checkout with incomplete Information">
    </testcase>
    <testcase name="Checkout Process Viewport: mobile TC 5 Checkout with incomplete Information" time="1.591" classname="TC 5 Checkout with incomplete Information">
    </testcase>
    <testcase name="Checkout Process Viewport: mobile TC 6 Checkout with incomplete Information" time="1.433" classname="TC 6 Checkout with incomplete Information">
    </testcase>
    <testcase name="Checkout Process Viewport: mobile TC 7 Checkout with incomplete Information" time="1.368" classname="TC 7 Checkout with incomplete Information">
    </testcase>
    <testcase name="Checkout Process Viewport: mobile TC 8 Checkout with incomplete Information" time="1.363" classname="TC 8 Checkout with incomplete Information">
    </testcase>
    <testcase name="Checkout Process Viewport: mobile TC 9 Checkout with incomplete Information" time="1.171" classname="TC 9 Checkout with incomplete Information">
    </testcase>
    <testcase name="Checkout Process Viewport: mobile TC 10 Cancel Checkout from the Checkout: Your Information Page" time="1.166" classname="TC 10 Cancel Checkout from the Checkout: Your Information Page">
    </testcase>
    <testcase name="Checkout Process Viewport: mobile TC 11 Cancel Checkout from the Checkout: Overview Page" time="1.907" classname="TC 11 Cancel Checkout from the Checkout: Overview Page">
    </testcase>
    <testcase name="Checkout Process Viewport: mobile TC 12 Go Back Home After Order" time="2.017" classname="TC 12 Go Back Home After Order">
    </testcase>
  </testsuite>
  <testsuite name="Viewport: tablet" timestamp="2024-07-04T12:32:29" tests="12" time="19.537" failures="0">
    <testcase name="Checkout Process Viewport: tablet TC 1 Verify Complete the Checkout Process and Place an Order" time="2.005" classname="TC 1 Verify Complete the Checkout Process and Place an Order">
    </testcase>
    <testcase name="Checkout Process Viewport: tablet TC 2 Verify Price Calculation and Tax" time="2.027" classname="TC 2 Verify Price Calculation and Tax">
    </testcase>
    <testcase name="Checkout Process Viewport: tablet TC 3 Checkout with incomplete Information" time="1.695" classname="TC 3 Checkout with incomplete Information">
    </testcase>
    <testcase name="Checkout Process Viewport: tablet TC 4 Checkout with incomplete Information" time="1.579" classname="TC 4 Checkout with incomplete Information">
    </testcase>
    <testcase name="Checkout Process Viewport: tablet TC 5 Checkout with incomplete Information" time="1.531" classname="TC 5 Checkout with incomplete Information">
    </testcase>
    <testcase name="Checkout Process Viewport: tablet TC 6 Checkout with incomplete Information" time="1.467" classname="TC 6 Checkout with incomplete Information">
    </testcase>
    <testcase name="Checkout Process Viewport: tablet TC 7 Checkout with incomplete Information" time="1.398" classname="TC 7 Checkout with incomplete Information">
    </testcase>
    <testcase name="Checkout Process Viewport: tablet TC 8 Checkout with incomplete Information" time="1.342" classname="TC 8 Checkout with incomplete Information">
    </testcase>
    <testcase name="Checkout Process Viewport: tablet TC 9 Checkout with incomplete Information" time="1.121" classname="TC 9 Checkout with incomplete Information">
    </testcase>
    <testcase name="Checkout Process Viewport: tablet TC 10 Cancel Checkout from the Checkout: Your Information Page" time="1.120" classname="TC 10 Cancel Checkout from the Checkout: Your Information Page">
    </testcase>
    <testcase name="Checkout Process Viewport: tablet TC 11 Cancel Checkout from the Checkout: Overview Page" time="1.917" classname="TC 11 Cancel Checkout from the Checkout: Overview Page">
    </testcase>
    <testcase name="Checkout Process Viewport: tablet TC 12 Go Back Home After Order" time="1.986" classname="TC 12 Go Back Home After Order">
    </testcase>
  </testsuite>
  <testsuite name="Viewport: desktop" timestamp="2024-07-04T12:32:48" tests="12" time="20.242" failures="0">
    <testcase name="Checkout Process Viewport: desktop TC 1 Verify Complete the Checkout Process and Place an Order" time="2.034" classname="TC 1 Verify Complete the Checkout Process and Place an Order">
    </testcase>
    <testcase name="Checkout Process Viewport: desktop TC 2 Verify Price Calculation and Tax" time="1.984" classname="TC 2 Verify Price Calculation and Tax">
    </testcase>
    <testcase name="Checkout Process Viewport: desktop TC 3 Checkout with incomplete Information" time="1.592" classname="TC 3 Checkout with incomplete Information">
    </testcase>
    <testcase name="Checkout Process Viewport: desktop TC 4 Checkout with incomplete Information" time="1.560" classname="TC 4 Checkout with incomplete Information">
    </testcase>
    <testcase name="Checkout Process Viewport: desktop TC 5 Checkout with incomplete Information" time="1.539" classname="TC 5 Checkout with incomplete Information">
    </testcase>
    <testcase name="Checkout Process Viewport: desktop TC 6 Checkout with incomplete Information" time="1.372" classname="TC 6 Checkout with incomplete Information">
    </testcase>
    <testcase name="Checkout Process Viewport: desktop TC 7 Checkout with incomplete Information" time="2.222" classname="TC 7 Checkout with incomplete Information">
    </testcase>
    <testcase name="Checkout Process Viewport: desktop TC 8 Checkout with incomplete Information" time="1.272" classname="TC 8 Checkout with incomplete Information">
    </testcase>
    <testcase name="Checkout Process Viewport: desktop TC 9 Checkout with incomplete Information" time="1.404" classname="TC 9 Checkout with incomplete Information">
    </testcase>
    <testcase name="Checkout Process Viewport: desktop TC 10 Cancel Checkout from the Checkout: Your Information Page" time="1.106" classname="TC 10 Cancel Checkout from the Checkout: Your Information Page">
    </testcase>
    <testcase name="Checkout Process Viewport: desktop TC 11 Cancel Checkout from the Checkout: Overview Page" time="1.892" classname="TC 11 Cancel Checkout from the Checkout: Overview Page">
    </testcase>
    <testcase name="Checkout Process Viewport: desktop TC 12 Go Back Home After Order" time="1.929" classname="TC 12 Go Back Home After Order">
    </testcase>
  </testsuite>
</testsuites>