<?xml version="1.0" encoding="UTF-8"?>
<testsuites name="Mocha Tests" time="27.045" tests="18" failures="0">
  <testsuite name="Root Suite" timestamp="2024-07-04T12:31:33" tests="0" file="cypress\e2e\cartFunctionality.cy.js" time="0.000" failures="0">
  </testsuite>
  <testsuite name="Shopping Cart Functionality" timestamp="2024-07-04T12:31:33" tests="0" time="0.000" failures="0">
  </testsuite>
  <testsuite name="Viewport: mobile" timestamp="2024-07-04T12:31:33" tests="6" time="13.085" failures="0">
    <testcase name="Shopping Cart Functionality Viewport: mobile TC 1 Verify Adding Products to Cart" time="2.927" classname="TC 1 Verify Adding Products to Cart">
    </testcase>
    <testcase name="Shopping Cart Functionality Viewport: mobile TC 2 Verify Product Details in Cart" time="1.232" classname="TC 2 Verify Product Details in Cart">
    </testcase>
    <testcase name="Shopping Cart Functionality Viewport: mobile TC 3. Verify Removing Products from Cart" time="1.431" classname="TC 3. Verify Removing Products from Cart">
    </testcase>
    <testcase name="Shopping Cart Functionality Viewport: mobile TC 4 Verify Cart Count Badge" time="1.427" classname="TC 4 Verify Cart Count Badge">
    </testcase>
    <testcase name="Shopping Cart Functionality Viewport: mobile TC 5 Verify Checkout Process" time="1.013" classname="TC 5 Verify Checkout Process">
    </testcase>
    <testcase name="Shopping Cart Functionality Viewport: mobile TC 6 Verify Returning to the List of Products from Cart" time="0.954" classname="TC 6 Verify Returning to the List of Products from Cart">
    </testcase>
  </testsuite>
  <testsuite name="Viewport: tablet" timestamp="2024-07-04T12:31:46" tests="6" time="6.918" failures="0">
    <testcase name="Shopping Cart Functionality Viewport: tablet TC 1 Verify Adding Products to Cart" time="1.074" classname="TC 1 Verify Adding Products to Cart">
    </testcase>
    <testcase name="Shopping Cart Functionality Viewport: tablet TC 2 Verify Product Details in Cart" time="1.073" classname="TC 2 Verify Product Details in Cart">
    </testcase>
    <testcase name="Shopping Cart Functionality Viewport: tablet TC 3. Verify Removing Products from Cart" time="1.204" classname="TC 3. Verify Removing Products from Cart">
    </testcase>
    <testcase name="Shopping Cart Functionality Viewport: tablet TC 4 Verify Cart Count Badge" time="1.440" classname="TC 4 Verify Cart Count Badge">
    </testcase>
    <testcase name="Shopping Cart Functionality Viewport: tablet TC 5 Verify Checkout Process" time="1.047" classname="TC 5 Verify Checkout Process">
    </testcase>
    <testcase name="Shopping Cart Functionality Viewport: tablet TC 6 Verify Returning to the List of Products from Cart" time="0.923" classname="TC 6 Verify Returning to the List of Products from Cart">
    </testcase>
  </testsuite>
  <testsuite name="Viewport: desktop" timestamp="2024-07-04T12:31:53" tests="6" time="7.039" failures="0">
    <testcase name="Shopping Cart Functionality Viewport: desktop TC 1 Verify Adding Products to Cart" time="1.030" classname="TC 1 Verify Adding Products to Cart">
    </testcase>
    <testcase name="Shopping Cart Functionality Viewport: desktop TC 2 Verify Product Details in Cart" time="1.014" classname="TC 2 Verify Product Details in Cart">
    </testcase>
    <testcase name="Shopping Cart Functionality Viewport: desktop TC 3. Verify Removing Products from Cart" time="1.217" classname="TC 3. Verify Removing Products from Cart">
    </testcase>
    <testcase name="Shopping Cart Functionality Viewport: desktop TC 4 Verify Cart Count Badge" time="1.479" classname="TC 4 Verify Cart Count Badge">
    </testcase>
    <testcase name="Shopping Cart Functionality Viewport: desktop TC 5 Verify Checkout Process" time="1.080" classname="TC 5 Verify Checkout Process">
    </testcase>
    <testcase name="Shopping Cart Functionality Viewport: desktop TC 6 Verify Returning to the List of Products from Cart" time="1.047" classname="TC 6 Verify Returning to the List of Products from Cart">
    </testcase>
  </testsuite>
</testsuites>