<?xml version="1.0" encoding="UTF-8"?>
<testsuites name="Mocha Tests" time="33.513" tests="27" failures="0">
  <testsuite name="Root Suite" timestamp="2024-07-04T12:33:15" tests="0" file="cypress\e2e\productBrowsingAndSelection.cy.js" time="0.000" failures="0">
  </testsuite>
  <testsuite name="Product Browsing and Selection" timestamp="2024-07-04T12:33:15" tests="0" time="0.000" failures="0">
  </testsuite>
  <testsuite name="Viewport: mobile" timestamp="2024-07-04T12:33:15" tests="9" time="15.405" failures="0">
    <testcase name="Product Browsing and Selection Viewport: mobile TC 1 Verify the Number of Products Listed and Compare with the Expected Count" time="3.132" classname="TC 1 Verify the Number of Products Listed and Compare with the Expected Count">
    </testcase>
    <testcase name="Product Browsing and Selection Viewport: mobile TC 2 Verify Product List" time="1.119" classname="TC 2 Verify Product List">
    </testcase>
    <testcase name="Product Browsing and Selection Viewport: mobile TC 3 Ensure the Products are Correctly Categorized" time="0.800" classname="TC 3 Ensure the Products are Correctly Categorized">
    </testcase>
    <testcase name="Product Browsing and Selection Viewport: mobile TC 4 Validate Sorting Functionality" time="0.917" classname="TC 4 Validate Sorting Functionality">
    </testcase>
    <testcase name="Product Browsing and Selection Viewport: mobile TC 5 Validate Sorting Functionality" time="0.921" classname="TC 5 Validate Sorting Functionality">
    </testcase>
    <testcase name="Product Browsing and Selection Viewport: mobile TC 6 Validate Sorting Functionality" time="0.891" classname="TC 6 Validate Sorting Functionality">
    </testcase>
    <testcase name="Product Browsing and Selection Viewport: mobile TC 7 Validate Sorting Functionality" time="0.927" classname="TC 7 Validate Sorting Functionality">
    </testcase>
    <testcase name="Product Browsing and Selection Viewport: mobile TC 8 Check Product Details" time="1.041" classname="TC 8 Check Product Details">
    </testcase>
    <testcase name="Product Browsing and Selection Viewport: mobile TC 9 Test Navigation" time="1.436" classname="TC 9 Test Navigation">
    </testcase>
  </testsuite>
  <testsuite name="Viewport: tablet" timestamp="2024-07-04T12:33:30" tests="9" time="9.201" failures="0">
    <testcase name="Product Browsing and Selection Viewport: tablet TC 1 Verify the Number of Products Listed and Compare with the Expected Count" time="0.830" classname="TC 1 Verify the Number of Products Listed and Compare with the Expected Count">
    </testcase>
    <testcase name="Product Browsing and Selection Viewport: tablet TC 2 Verify Product List" time="0.849" classname="TC 2 Verify Product List">
    </testcase>
    <testcase name="Product Browsing and Selection Viewport: tablet TC 3 Ensure the Products are Correctly Categorized" time="0.800" classname="TC 3 Ensure the Products are Correctly Categorized">
    </testcase>
    <testcase name="Product Browsing and Selection Viewport: tablet TC 4 Validate Sorting Functionality" time="0.943" classname="TC 4 Validate Sorting Functionality">
    </testcase>
    <testcase name="Product Browsing and Selection Viewport: tablet TC 5 Validate Sorting Functionality" time="0.919" classname="TC 5 Validate Sorting Functionality">
    </testcase>
    <testcase name="Product Browsing and Selection Viewport: tablet TC 6 Validate Sorting Functionality" time="0.929" classname="TC 6 Validate Sorting Functionality">
    </testcase>
    <testcase name="Product Browsing and Selection Viewport: tablet TC 7 Validate Sorting Functionality" time="1.090" classname="TC 7 Validate Sorting Functionality">
    </testcase>
    <testcase name="Product Browsing and Selection Viewport: tablet TC 8 Check Product Details" time="1.301" classname="TC 8 Check Product Details">
    </testcase>
    <testcase name="Product Browsing and Selection Viewport: tablet TC 9 Test Navigation" time="1.281" classname="TC 9 Test Navigation">
    </testcase>
  </testsuite>
  <testsuite name="Viewport: desktop" timestamp="2024-07-04T12:33:40" tests="9" time="8.899" failures="0">
    <testcase name="Product Browsing and Selection Viewport: desktop TC 1 Verify the Number of Products Listed and Compare with the Expected Count" time="0.814" classname="TC 1 Verify the Number of Products Listed and Compare with the Expected Count">
    </testcase>
    <testcase name="Product Browsing and Selection Viewport: desktop TC 2 Verify Product List" time="0.823" classname="TC 2 Verify Product List">
    </testcase>
    <testcase name="Product Browsing and Selection Viewport: desktop TC 3 Ensure the Products are Correctly Categorized" time="0.755" classname="TC 3 Ensure the Products are Correctly Categorized">
    </testcase>
    <testcase name="Product Browsing and Selection Viewport: desktop TC 4 Validate Sorting Functionality" time="0.900" classname="TC 4 Validate Sorting Functionality">
    </testcase>
    <testcase name="Product Browsing and Selection Viewport: desktop TC 5 Validate Sorting Functionality" time="0.983" classname="TC 5 Validate Sorting Functionality">
    </testcase>
    <testcase name="Product Browsing and Selection Viewport: desktop TC 6 Validate Sorting Functionality" time="0.892" classname="TC 6 Validate Sorting Functionality">
    </testcase>
    <testcase name="Product Browsing and Selection Viewport: desktop TC 7 Validate Sorting Functionality" time="0.987" classname="TC 7 Validate Sorting Functionality">
    </testcase>
    <testcase name="Product Browsing and Selection Viewport: desktop TC 8 Check Product Details" time="1.081" classname="TC 8 Check Product Details">
    </testcase>
    <testcase name="Product Browsing and Selection Viewport: desktop TC 9 Test Navigation" time="1.406" classname="TC 9 Test Navigation">
    </testcase>
  </testsuite>
</testsuites>