<?xml version="1.0" encoding="UTF-8"?>
<testsuites name="Mocha Tests" time="31.090" tests="27" failures="0">
  <testsuite name="Root Suite" timestamp="2024-07-04T12:36:30" tests="0" file="cypress\e2e\productBrowsingAndSelection.cy.js" time="0.000" failures="0">
  </testsuite>
  <testsuite name="Product Browsing and Selection" timestamp="2024-07-04T12:36:30" tests="0" time="0.000" failures="0">
  </testsuite>
  <testsuite name="Viewport: mobile" timestamp="2024-07-04T12:36:30" tests="9" time="12.879" failures="0">
    <testcase name="Product Browsing and Selection Viewport: mobile TC 1 Verify the Number of Products Listed and Compare with the Expected Count" time="1.699" classname="TC 1 Verify the Number of Products Listed and Compare with the Expected Count">
    </testcase>
    <testcase name="Product Browsing and Selection Viewport: mobile TC 2 Verify Product List" time="1.069" classname="TC 2 Verify Product List">
    </testcase>
    <testcase name="Product Browsing and Selection Viewport: mobile TC 3 Ensure the Products are Correctly Categorized" time="1.135" classname="TC 3 Ensure the Products are Correctly Categorized">
    </testcase>
    <testcase name="Product Browsing and Selection Viewport: mobile TC 4 Validate Sorting Functionality" time="0.895" classname="TC 4 Validate Sorting Functionality">
    </testcase>
    <testcase name="Product Browsing and Selection Viewport: mobile TC 5 Validate Sorting Functionality" time="0.953" classname="TC 5 Validate Sorting Functionality">
    </testcase>
    <testcase name="Product Browsing and Selection Viewport: mobile TC 6 Validate Sorting Functionality" time="0.921" classname="TC 6 Validate Sorting Functionality">
    </testcase>
    <testcase name="Product Browsing and Selection Viewport: mobile TC 7 Validate Sorting Functionality" time="0.923" classname="TC 7 Validate Sorting Functionality">
    </testcase>
    <testcase name="Product Browsing and Selection Viewport: mobile TC 8 Check Product Details" time="1.135" classname="TC 8 Check Product Details">
    </testcase>
    <testcase name="Product Browsing and Selection Viewport: mobile TC 9 Test Navigation" time="1.262" classname="TC 9 Test Navigation">
    </testcase>
  </testsuite>
  <testsuite name="Viewport: tablet" timestamp="2024-07-04T12:36:43" tests="9" time="9.512" failures="0">
    <testcase name="Product Browsing and Selection Viewport: tablet TC 1 Verify the Number of Products Listed and Compare with the Expected Count" time="0.779" classname="TC 1 Verify the Number of Products Listed and Compare with the Expected Count">
    </testcase>
    <testcase name="Product Browsing and Selection Viewport: tablet TC 2 Verify Product List" time="0.897" classname="TC 2 Verify Product List">
    </testcase>
    <testcase name="Product Browsing and Selection Viewport: tablet TC 3 Ensure the Products are Correctly Categorized" time="0.839" classname="TC 3 Ensure the Products are Correctly Categorized">
    </testcase>
    <testcase name="Product Browsing and Selection Viewport: tablet TC 4 Validate Sorting Functionality" time="0.948" classname="TC 4 Validate Sorting Functionality">
    </testcase>
    <testcase name="Product Browsing and Selection Viewport: tablet TC 5 Validate Sorting Functionality" time="1.337" classname="TC 5 Validate Sorting Functionality">
    </testcase>
    <testcase name="Product Browsing and Selection Viewport: tablet TC 6 Validate Sorting Functionality" time="0.958" classname="TC 6 Validate Sorting Functionality">
    </testcase>
    <testcase name="Product Browsing and Selection Viewport: tablet TC 7 Validate Sorting Functionality" time="1.245" classname="TC 7 Validate Sorting Functionality">
    </testcase>
    <testcase name="Product Browsing and Selection Viewport: tablet TC 8 Check Product Details" time="1.045" classname="TC 8 Check Product Details">
    </testcase>
    <testcase name="Product Browsing and Selection Viewport: tablet TC 9 Test Navigation" time="1.223" classname="TC 9 Test Navigation">
    </testcase>
  </testsuite>
  <testsuite name="Viewport: desktop" timestamp="2024-07-04T12:36:53" tests="9" time="8.691" failures="0">
    <testcase name="Product Browsing and Selection Viewport: desktop TC 1 Verify the Number of Products Listed and Compare with the Expected Count" time="0.795" classname="TC 1 Verify the Number of Products Listed and Compare with the Expected Count">
    </testcase>
    <testcase name="Product Browsing and Selection Viewport: desktop TC 2 Verify Product List" time="0.799" classname="TC 2 Verify Product List">
    </testcase>
    <testcase name="Product Browsing and Selection Viewport: desktop TC 3 Ensure the Products are Correctly Categorized" time="0.788" classname="TC 3 Ensure the Products are Correctly Categorized">
    </testcase>
    <testcase name="Product Browsing and Selection Viewport: desktop TC 4 Validate Sorting Functionality" time="0.915" classname="TC 4 Validate Sorting Functionality">
    </testcase>
    <testcase name="Product Browsing and Selection Viewport: desktop TC 5 Validate Sorting Functionality" time="0.940" classname="TC 5 Validate Sorting Functionality">
    </testcase>
    <testcase name="Product Browsing and Selection Viewport: desktop TC 6 Validate Sorting Functionality" time="0.929" classname="TC 6 Validate Sorting Functionality">
    </testcase>
    <testcase name="Product Browsing and Selection Viewport: desktop TC 7 Validate Sorting Functionality" time="0.943" classname="TC 7 Validate Sorting Functionality">
    </testcase>
    <testcase name="Product Browsing and Selection Viewport: desktop TC 8 Check Product Details" time="1.079" classname="TC 8 Check Product Details">
    </testcase>
    <testcase name="Product Browsing and Selection Viewport: desktop TC 9 Test Navigation" time="1.262" classname="TC 9 Test Navigation">
    </testcase>
  </testsuite>
</testsuites>