<?xml version="1.0" encoding="UTF-8"?>
<testsuites name="Mocha Tests" time="25.770" tests="30" failures="0">
  <testsuite name="Root Suite" timestamp="2024-07-04T12:30:56" tests="0" file="cypress\e2e\userLoginFunctionality.cy.js" time="0.000" failures="0">
  </testsuite>
  <testsuite name="User Login Functionality" timestamp="2024-07-04T12:30:56" tests="0" time="0.000" failures="0">
  </testsuite>
  <testsuite name="Viewport: mobile" timestamp="2024-07-04T12:30:56" tests="10" time="11.327" failures="0">
    <testcase name="User Login Functionality Viewport: mobile TC 1: Successful Login" time="1.849" classname="TC 1: Successful Login">
    </testcase>
    <testcase name="User Login Functionality Viewport: mobile TC 2: Login with Locked Out User, Invalid User, or Empty Information and Check the Message" time="1.273" classname="TC 2: Login with Locked Out User, Invalid User, or Empty Information and Check the Message">
    </testcase>
    <testcase name="User Login Functionality Viewport: mobile TC 3: Login with Locked Out User, Invalid User, or Empty Information and Check the Message" time="0.781" classname="TC 3: Login with Locked Out User, Invalid User, or Empty Information and Check the Message">
    </testcase>
    <testcase name="User Login Functionality Viewport: mobile TC 4: Login with Locked Out User, Invalid User, or Empty Information and Check the Message" time="0.747" classname="TC 4: Login with Locked Out User, Invalid User, or Empty Information and Check the Message">
    </testcase>
    <testcase name="User Login Functionality Viewport: mobile TC 5: Login with Locked Out User, Invalid User, or Empty Information and Check the Message" time="0.705" classname="TC 5: Login with Locked Out User, Invalid User, or Empty Information and Check the Message">
    </testcase>
    <testcase name="User Login Functionality Viewport: mobile TC 6: Login with Locked Out User, Invalid User, or Empty Information and Check the Message" time="0.477" classname="TC 6: Login with Locked Out User, Invalid User, or Empty Information and Check the Message">
    </testcase>
    <testcase name="User Login Functionality Viewport: mobile TC 7: Login with Locked Out User, Invalid User, or Empty Information and Check the Message" time="0.510" classname="TC 7: Login with Locked Out User, Invalid User, or Empty Information and Check the Message">
    </testcase>
    <testcase name="User Login Functionality Viewport: mobile TC 8: Login with Locked Out User, Invalid User, or Empty Information and Check the Message" time="0.203" classname="TC 8: Login with Locked Out User, Invalid User, or Empty Information and Check the Message">
    </testcase>
    <testcase name="User Login Functionality Viewport: mobile TC 9: Verify Correct Logout" time="0.881" classname="TC 9: Verify Correct Logout">
    </testcase>
    <testcase name="User Login Functionality Viewport: mobile TC 10: Check the Disabled Error Message Using the Delete Icon" time="0.857" classname="TC 10: Check the Disabled Error Message Using the Delete Icon">
    </testcase>
  </testsuite>
  <testsuite name="Viewport: tablet" timestamp="2024-07-04T12:31:07" tests="10" time="7.057" failures="0">
    <testcase name="User Login Functionality Viewport: tablet TC 1: Successful Login" time="0.758" classname="TC 1: Successful Login">
    </testcase>
    <testcase name="User Login Functionality Viewport: tablet TC 2: Login with Locked Out User, Invalid User, or Empty Information and Check the Message" time="0.785" classname="TC 2: Login with Locked Out User, Invalid User, or Empty Information and Check the Message">
    </testcase>
    <testcase name="User Login Functionality Viewport: tablet TC 3: Login with Locked Out User, Invalid User, or Empty Information and Check the Message" time="0.758" classname="TC 3: Login with Locked Out User, Invalid User, or Empty Information and Check the Message">
    </testcase>
    <testcase name="User Login Functionality Viewport: tablet TC 4: Login with Locked Out User, Invalid User, or Empty Information and Check the Message" time="0.702" classname="TC 4: Login with Locked Out User, Invalid User, or Empty Information and Check the Message">
    </testcase>
    <testcase name="User Login Functionality Viewport: tablet TC 5: Login with Locked Out User, Invalid User, or Empty Information and Check the Message" time="0.708" classname="TC 5: Login with Locked Out User, Invalid User, or Empty Information and Check the Message">
    </testcase>
    <testcase name="User Login Functionality Viewport: tablet TC 6: Login with Locked Out User, Invalid User, or Empty Information and Check the Message" time="0.480" classname="TC 6: Login with Locked Out User, Invalid User, or Empty Information and Check the Message">
    </testcase>
    <testcase name="User Login Functionality Viewport: tablet TC 7: Login with Locked Out User, Invalid User, or Empty Information and Check the Message" time="0.496" classname="TC 7: Login with Locked Out User, Invalid User, or Empty Information and Check the Message">
    </testcase>
    <testcase name="User Login Functionality Viewport: tablet TC 8: Login with Locked Out User, Invalid User, or Empty Information and Check the Message" time="0.273" classname="TC 8: Login with Locked Out User, Invalid User, or Empty Information and Check the Message">
    </testcase>
    <testcase name="User Login Functionality Viewport: tablet TC 9: Verify Correct Logout" time="0.972" classname="TC 9: Verify Correct Logout">
    </testcase>
    <testcase name="User Login Functionality Viewport: tablet TC 10: Check the Disabled Error Message Using the Delete Icon" time="0.861" classname="TC 10: Check the Disabled Error Message Using the Delete Icon">
    </testcase>
  </testsuite>
  <testsuite name="Viewport: desktop" timestamp="2024-07-04T12:31:14" tests="10" time="7.379" failures="0">
    <testcase name="User Login Functionality Viewport: desktop TC 1: Successful Login" time="0.755" classname="TC 1: Successful Login">
    </testcase>
    <testcase name="User Login Functionality Viewport: desktop TC 2: Login with Locked Out User, Invalid User, or Empty Information and Check the Message" time="0.835" classname="TC 2: Login with Locked Out User, Invalid User, or Empty Information and Check the Message">
    </testcase>
    <testcase name="User Login Functionality Viewport: desktop TC 3: Login with Locked Out User, Invalid User, or Empty Information and Check the Message" time="0.766" classname="TC 3: Login with Locked Out User, Invalid User, or Empty Information and Check the Message">
    </testcase>
    <testcase name="User Login Functionality Viewport: desktop TC 4: Login with Locked Out User, Invalid User, or Empty Information and Check the Message" time="0.800" classname="TC 4: Login with Locked Out User, Invalid User, or Empty Information and Check the Message">
    </testcase>
    <testcase name="User Login Functionality Viewport: desktop TC 5: Login with Locked Out User, Invalid User, or Empty Information and Check the Message" time="0.724" classname="TC 5: Login with Locked Out User, Invalid User, or Empty Information and Check the Message">
    </testcase>
    <testcase name="User Login Functionality Viewport: desktop TC 6: Login with Locked Out User, Invalid User, or Empty Information and Check the Message" time="0.802" classname="TC 6: Login with Locked Out User, Invalid User, or Empty Information and Check the Message">
    </testcase>
    <testcase name="User Login Functionality Viewport: desktop TC 7: Login with Locked Out User, Invalid User, or Empty Information and Check the Message" time="0.490" classname="TC 7: Login with Locked Out User, Invalid User, or Empty Information and Check the Message">
    </testcase>
    <testcase name="User Login Functionality Viewport: desktop TC 8: Login with Locked Out User, Invalid User, or Empty Information and Check the Message" time="0.208" classname="TC 8: Login with Locked Out User, Invalid User, or Empty Information and Check the Message">
    </testcase>
    <testcase name="User Login Functionality Viewport: desktop TC 9: Verify Correct Logout" time="0.881" classname="TC 9: Verify Correct Logout">
    </testcase>
    <testcase name="User Login Functionality Viewport: desktop TC 10: Check the Disabled Error Message Using the Delete Icon" time="0.838" classname="TC 10: Check the Disabled Error Message Using the Delete Icon">
    </testcase>
  </testsuite>
</testsuites>