<?xml version="1.0" encoding="UTF-8"?>
<testsuites name="Mocha Tests" time="26.909" tests="18" failures="0">
  <testsuite name="Root Suite" timestamp="2024-07-04T12:28:25" tests="0" file="cypress\e2e\cartFunctionality.cy.js" time="0.000" failures="0">
  </testsuite>
  <testsuite name="Shopping Cart Functionality" timestamp="2024-07-04T12:28:25" tests="0" time="0.000" failures="0">
  </testsuite>
  <testsuite name="Viewport: mobile" timestamp="2024-07-04T12:28:25" tests="6" time="12.964" failures="0">
    <testcase name="Shopping Cart Functionality Viewport: mobile TC 1 Verify Adding Products to Cart" time="3.128" classname="TC 1 Verify Adding Products to Cart">
    </testcase>
    <testcase name="Shopping Cart Functionality Viewport: mobile TC 2 Verify Product Details in Cart" time="1.227" classname="TC 2 Verify Product Details in Cart">
    </testcase>
    <testcase name="Shopping Cart Functionality Viewport: mobile TC 3. Verify Removing Products from Cart" time="1.439" classname="TC 3. Verify Removing Products from Cart">
    </testcase>
    <testcase name="Shopping Cart Functionality Viewport: mobile TC 4 Verify Cart Count Badge" time="1.444" classname="TC 4 Verify Cart Count Badge">
    </testcase>
    <testcase name="Shopping Cart Functionality Viewport: mobile TC 5 Verify Checkout Process" time="1.003" classname="TC 5 Verify Checkout Process">
    </testcase>
    <testcase name="Shopping Cart Functionality Viewport: mobile TC 6 Verify Returning to the List of Products from Cart" time="0.965" classname="TC 6 Verify Returning to the List of Products from Cart">
    </testcase>
  </testsuite>
  <testsuite name="Viewport: tablet" timestamp="2024-07-04T12:28:38" tests="6" time="7.130" failures="0">
    <testcase name="Shopping Cart Functionality Viewport: tablet TC 1 Verify Adding Products to Cart" time="1.123" classname="TC 1 Verify Adding Products to Cart">
    </testcase>
    <testcase name="Shopping Cart Functionality Viewport: tablet TC 2 Verify Product Details in Cart" time="1.026" classname="TC 2 Verify Product Details in Cart">
    </testcase>
    <testcase name="Shopping Cart Functionality Viewport: tablet TC 3. Verify Removing Products from Cart" time="1.259" classname="TC 3. Verify Removing Products from Cart">
    </testcase>
    <testcase name="Shopping Cart Functionality Viewport: tablet TC 4 Verify Cart Count Badge" time="1.439" classname="TC 4 Verify Cart Count Badge">
    </testcase>
    <testcase name="Shopping Cart Functionality Viewport: tablet TC 5 Verify Checkout Process" time="1.026" classname="TC 5 Verify Checkout Process">
    </testcase>
    <testcase name="Shopping Cart Functionality Viewport: tablet TC 6 Verify Returning to the List of Products from Cart" time="1.102" classname="TC 6 Verify Returning to the List of Products from Cart">
    </testcase>
  </testsuite>
  <testsuite name="Viewport: desktop" timestamp="2024-07-04T12:28:45" tests="6" time="6.810" failures="0">
    <testcase name="Shopping Cart Functionality Viewport: desktop TC 1 Verify Adding Products to Cart" time="1.079" classname="TC 1 Verify Adding Products to Cart">
    </testcase>
    <testcase name="Shopping Cart Functionality Viewport: desktop TC 2 Verify Product Details in Cart" time="1.012" classname="TC 2 Verify Product Details in Cart">
    </testcase>
    <testcase name="Shopping Cart Functionality Viewport: desktop TC 3. Verify Removing Products from Cart" time="1.186" classname="TC 3. Verify Removing Products from Cart">
    </testcase>
    <testcase name="Shopping Cart Functionality Viewport: desktop TC 4 Verify Cart Count Badge" time="1.408" classname="TC 4 Verify Cart Count Badge">
    </testcase>
    <testcase name="Shopping Cart Functionality Viewport: desktop TC 5 Verify Checkout Process" time="1.028" classname="TC 5 Verify Checkout Process">
    </testcase>
    <testcase name="Shopping Cart Functionality Viewport: desktop TC 6 Verify Returning to the List of Products from Cart" time="0.939" classname="TC 6 Verify Returning to the List of Products from Cart">
    </testcase>
  </testsuite>
</testsuites>